nohup: ignoring input

=======================================================
Running SNN Atan Alpha Sweep (9 alphas, 5 seeds, f=0, GPUs distributed)
=======================================================
Distributing tasks across 2 GPUs...
Total trainings to do: 45
Running 9 trainings in parallel...

[ByzFL-SNN] [Training Start] Model: cnn_mnist_snn | Dataset: mnist
[ByzFL-SNN]   Clients: 10 honest, 0 byzantine | Algorithm: DSGD
[ByzFL-SNN]   Learning Rate: 0.05 | Steps: 500 | Device: cuda:1
[ByzFL-SNN]   Validation samples: 12000 | Test samples: 10000
[ByzFL-SNN] Initial VRAM (Alloc/Reserved): 36.2/42.0 MiB
[ByzFL-SNN]   [Step 0/500] (0.0%) | Val Acc: 0.1848 | Test Acc: 0.1854 | VRAM (Alloc/Reserved): 46.2/132.0 MiB | Time: 11.6s
[ByzFL-SNN]   [Step 50/500] (10.0%) | Val Acc: 0.8092 | Test Acc: 0.8155 | VRAM (Alloc/Reserved): 237.7/870.0 MiB | Time: 104.1s
[ByzFL-SNN]   [Step 100/500] (20.0%) | Val Acc: 0.8828 | Test Acc: 0.8935 | VRAM (Alloc/Reserved): 238.1/870.0 MiB | Time: 197.4s
[ByzFL-SNN]   [Step 150/500] (30.0%) | Val Acc: 0.9090 | Test Acc: 0.9159 | VRAM (Alloc/Reserved): 240.1/870.0 MiB | Time: 291.4s
[ByzFL-SNN]   [Step 200/500] (40.0%) | Val Acc: 0.9203 | Test Acc: 0.9282 | VRAM (Alloc/Reserved): 239.5/870.0 MiB | Time: 384.5s
[ByzFL-SNN]   [Step 250/500] (50.0%) | Val Acc: 0.9299 | Test Acc: 0.9348 | VRAM (Alloc/Reserved): 239.7/870.0 MiB | Time: 478.1s
[ByzFL-SNN]   [Step 300/500] (60.0%) | Val Acc: 0.9365 | Test Acc: 0.9411 | VRAM (Alloc/Reserved): 239.5/870.0 MiB | Time: 572.1s
[ByzFL-SNN]   [Step 350/500] (70.0%) | Val Acc: 0.9420 | Test Acc: 0.9469 | VRAM (Alloc/Reserved): 241.6/870.0 MiB | Time: 665.2s
[ByzFL-SNN]   [Step 400/500] (80.0%) | Val Acc: 0.9455 | Test Acc: 0.9511 | VRAM (Alloc/Reserved): 234.0/870.0 MiB | Time: 759.1s
[ByzFL-SNN]   [Step 450/500] (90.0%) | Val Acc: 0.9494 | Test Acc: 0.9551 | VRAM (Alloc/Reserved): 239.2/870.0 MiB | Time: 852.8s
[ByzFL-SNN] [Training Complete] Peak VRAM (Alloc/Reserved): 783.4/870.0 MiB | Total time: 934.0s

Training 0 done

[ByzFL-SNN] [Training Start] Model: cnn_mnist_snn | Dataset: mnist
[ByzFL-SNN]   Clients: 10 honest, 0 byzantine | Algorithm: DSGD
[ByzFL-SNN]   Learning Rate: 0.05 | Steps: 500 | Device: cuda:1
[ByzFL-SNN]   Validation samples: 12000 | Test samples: 10000
[ByzFL-SNN] Initial VRAM (Alloc/Reserved): 36.2/42.0 MiB
[ByzFL-SNN]   [Step 0/500] (0.0%) | Val Acc: 0.1848 | Test Acc: 0.1854 | VRAM (Alloc/Reserved): 46.2/132.0 MiB | Time: 11.8s
[ByzFL-SNN]   [Step 50/500] (10.0%) | Val Acc: 0.8237 | Test Acc: 0.8279 | VRAM (Alloc/Reserved): 239.7/870.0 MiB | Time: 103.2s
[ByzFL-SNN]   [Step 100/500] (20.0%) | Val Acc: 0.8838 | Test Acc: 0.8949 | VRAM (Alloc/Reserved): 235.2/870.0 MiB | Time: 197.7s
[ByzFL-SNN]   [Step 150/500] (30.0%) | Val Acc: 0.9077 | Test Acc: 0.9173 | VRAM (Alloc/Reserved): 236.3/870.0 MiB | Time: 291.4s
[ByzFL-SNN]   [Step 200/500] (40.0%) | Val Acc: 0.9210 | Test Acc: 0.9276 | VRAM (Alloc/Reserved): 238.5/870.0 MiB | Time: 385.5s
[ByzFL-SNN]   [Step 250/500] (50.0%) | Val Acc: 0.9293 | Test Acc: 0.9350 | VRAM (Alloc/Reserved): 240.6/870.0 MiB | Time: 478.9s
[ByzFL-SNN]   [Step 300/500] (60.0%) | Val Acc: 0.9358 | Test Acc: 0.9405 | VRAM (Alloc/Reserved): 234.6/872.0 MiB | Time: 572.8s
[ByzFL-SNN]   [Step 350/500] (70.0%) | Val Acc: 0.9423 | Test Acc: 0.9468 | VRAM (Alloc/Reserved): 239.1/872.0 MiB | Time: 665.7s
[ByzFL-SNN]   [Step 400/500] (80.0%) | Val Acc: 0.9458 | Test Acc: 0.9523 | VRAM (Alloc/Reserved): 240.9/872.0 MiB | Time: 759.6s
[ByzFL-SNN]   [Step 450/500] (90.0%) | Val Acc: 0.9499 | Test Acc: 0.9546 | VRAM (Alloc/Reserved): 237.5/872.0 MiB | Time: 853.6s
[ByzFL-SNN] [Training Complete] Peak VRAM (Alloc/Reserved): 783.4/872.0 MiB | Total time: 934.7s

Training 1 done

[ByzFL-SNN] [Training Start] Model: cnn_mnist_snn | Dataset: mnist
[ByzFL-SNN]   Clients: 10 honest, 0 byzantine | Algorithm: DSGD
[ByzFL-SNN]   Learning Rate: 0.05 | Steps: 500 | Device: cuda:1
[ByzFL-SNN]   Validation samples: 12000 | Test samples: 10000
[ByzFL-SNN] Initial VRAM (Alloc/Reserved): 36.2/42.0 MiB
[ByzFL-SNN]   [Step 0/500] (0.0%) | Val Acc: 0.1848 | Test Acc: 0.1854 | VRAM (Alloc/Reserved): 46.2/132.0 MiB | Time: 11.7s
[ByzFL-SNN]   [Step 50/500] (10.0%) | Val Acc: 0.8932 | Test Acc: 0.9019 | VRAM (Alloc/Reserved): 239.0/870.0 MiB | Time: 104.9s
[ByzFL-SNN]   [Step 100/500] (20.0%) | Val Acc: 0.9324 | Test Acc: 0.9386 | VRAM (Alloc/Reserved): 238.8/870.0 MiB | Time: 198.5s
[ByzFL-SNN]   [Step 150/500] (30.0%) | Val Acc: 0.9480 | Test Acc: 0.9542 | VRAM (Alloc/Reserved): 239.4/870.0 MiB | Time: 292.1s
[ByzFL-SNN]   [Step 200/500] (40.0%) | Val Acc: 0.9563 | Test Acc: 0.9631 | VRAM (Alloc/Reserved): 232.5/870.0 MiB | Time: 385.0s
[ByzFL-SNN]   [Step 250/500] (50.0%) | Val Acc: 0.9618 | Test Acc: 0.9690 | VRAM (Alloc/Reserved): 238.0/870.0 MiB | Time: 480.0s
[ByzFL-SNN]   [Step 300/500] (60.0%) | Val Acc: 0.9692 | Test Acc: 0.9719 | VRAM (Alloc/Reserved): 234.8/870.0 MiB | Time: 573.7s
[ByzFL-SNN]   [Step 350/500] (70.0%) | Val Acc: 0.9709 | Test Acc: 0.9751 | VRAM (Alloc/Reserved): 238.9/870.0 MiB | Time: 666.4s
[ByzFL-SNN]   [Step 400/500] (80.0%) | Val Acc: 0.9724 | Test Acc: 0.9775 | VRAM (Alloc/Reserved): 237.1/870.0 MiB | Time: 760.3s
[ByzFL-SNN]   [Step 450/500] (90.0%) | Val Acc: 0.9756 | Test Acc: 0.9778 | VRAM (Alloc/Reserved): 237.0/870.0 MiB | Time: 854.5s
[ByzFL-SNN] [Training Complete] Peak VRAM (Alloc/Reserved): 784.5/870.0 MiB | Total time: 935.7s

Training 2 done

[ByzFL-SNN] [Training Start] Model: cnn_mnist_snn | Dataset: mnist
[ByzFL-SNN]   Clients: 10 honest, 0 byzantine | Algorithm: DSGD
[ByzFL-SNN]   Learning Rate: 0.05 | Steps: 500 | Device: cuda:1
[ByzFL-SNN]   Validation samples: 12000 | Test samples: 10000
[ByzFL-SNN] Initial VRAM (Alloc/Reserved): 36.2/42.0 MiB
[ByzFL-SNN]   [Step 0/500] (0.0%) | Val Acc: 0.1848 | Test Acc: 0.1854 | VRAM (Alloc/Reserved): 46.2/132.0 MiB | Time: 11.5s
[ByzFL-SNN]   [Step 50/500] (10.0%) | Val Acc: 0.8898 | Test Acc: 0.9013 | VRAM (Alloc/Reserved): 237.1/870.0 MiB | Time: 104.7s
[ByzFL-SNN]   [Step 100/500] (20.0%) | Val Acc: 0.9327 | Test Acc: 0.9392 | VRAM (Alloc/Reserved): 238.4/870.0 MiB | Time: 198.1s
[ByzFL-SNN]   [Step 150/500] (30.0%) | Val Acc: 0.9479 | Test Acc: 0.9536 | VRAM (Alloc/Reserved): 239.7/870.0 MiB | Time: 292.3s
[ByzFL-SNN]   [Step 200/500] (40.0%) | Val Acc: 0.9569 | Test Acc: 0.9634 | VRAM (Alloc/Reserved): 240.2/870.0 MiB | Time: 385.2s
[ByzFL-SNN]   [Step 250/500] (50.0%) | Val Acc: 0.9638 | Test Acc: 0.9684 | VRAM (Alloc/Reserved): 235.4/870.0 MiB | Time: 479.2s
[ByzFL-SNN]   [Step 300/500] (60.0%) | Val Acc: 0.9657 | Test Acc: 0.9716 | VRAM (Alloc/Reserved): 236.2/870.0 MiB | Time: 573.1s
[ByzFL-SNN]   [Step 350/500] (70.0%) | Val Acc: 0.9697 | Test Acc: 0.9748 | VRAM (Alloc/Reserved): 237.1/870.0 MiB | Time: 668.0s
[ByzFL-SNN]   [Step 400/500] (80.0%) | Val Acc: 0.9727 | Test Acc: 0.9768 | VRAM (Alloc/Reserved): 239.6/870.0 MiB | Time: 761.7s
[ByzFL-SNN]   [Step 450/500] (90.0%) | Val Acc: 0.9737 | Test Acc: 0.9783 | VRAM (Alloc/Reserved): 240.8/870.0 MiB | Time: 855.4s
[ByzFL-SNN] [Training Complete] Peak VRAM (Alloc/Reserved): 782.9/870.0 MiB | Total time: 936.5s

Training 3 done

[ByzFL-SNN] [Training Start] Model: cnn_mnist_snn | Dataset: mnist
[ByzFL-SNN]   Clients: 10 honest, 0 byzantine | Algorithm: DSGD
[ByzFL-SNN]   Learning Rate: 0.05 | Steps: 500 | Device: cuda:0
[ByzFL-SNN]   Validation samples: 12000 | Test samples: 10000
[ByzFL-SNN] Initial VRAM (Alloc/Reserved): 36.2/42.0 MiB
[ByzFL-SNN]   [Step 0/500] (0.0%) | Val Acc: 0.1848 | Test Acc: 0.1854 | VRAM (Alloc/Reserved): 46.2/132.0 MiB | Time: 13.9s
[ByzFL-SNN]   [Step 50/500] (10.0%) | Val Acc: 0.8230 | Test Acc: 0.8295 | VRAM (Alloc/Reserved): 233.6/870.0 MiB | Time: 129.8s
[ByzFL-SNN]   [Step 100/500] (20.0%) | Val Acc: 0.8852 | Test Acc: 0.8945 | VRAM (Alloc/Reserved): 236.4/872.0 MiB | Time: 246.0s
[ByzFL-SNN]   [Step 150/500] (30.0%) | Val Acc: 0.9073 | Test Acc: 0.9155 | VRAM (Alloc/Reserved): 238.0/872.0 MiB | Time: 362.4s
[ByzFL-SNN]   [Step 200/500] (40.0%) | Val Acc: 0.9218 | Test Acc: 0.9288 | VRAM (Alloc/Reserved): 237.0/872.0 MiB | Time: 478.1s
[ByzFL-SNN]   [Step 250/500] (50.0%) | Val Acc: 0.9293 | Test Acc: 0.9346 | VRAM (Alloc/Reserved): 236.7/872.0 MiB | Time: 594.5s
[ByzFL-SNN]   [Step 300/500] (60.0%) | Val Acc: 0.9366 | Test Acc: 0.9410 | VRAM (Alloc/Reserved): 236.5/872.0 MiB | Time: 711.0s
[ByzFL-SNN]   [Step 350/500] (70.0%) | Val Acc: 0.9433 | Test Acc: 0.9468 | VRAM (Alloc/Reserved): 237.3/872.0 MiB | Time: 826.6s
[ByzFL-SNN]   [Step 400/500] (80.0%) | Val Acc: 0.9463 | Test Acc: 0.9508 | VRAM (Alloc/Reserved): 239.2/872.0 MiB | Time: 943.0s
[ByzFL-SNN]   [Step 450/500] (90.0%) | Val Acc: 0.9499 | Test Acc: 0.9564 | VRAM (Alloc/Reserved): 234.9/872.0 MiB | Time: 1100.7s
[ByzFL-SNN] [Training Complete] Peak VRAM (Alloc/Reserved): 782.8/872.0 MiB | Total time: 1240.9s

Training 4 done

[ByzFL-SNN] [Training Start] Model: cnn_mnist_snn | Dataset: mnist
[ByzFL-SNN]   Clients: 10 honest, 0 byzantine | Algorithm: DSGD
[ByzFL-SNN]   Learning Rate: 0.05 | Steps: 500 | Device: cuda:0
[ByzFL-SNN]   Validation samples: 12000 | Test samples: 10000
[ByzFL-SNN] Initial VRAM (Alloc/Reserved): 36.2/42.0 MiB
[ByzFL-SNN]   [Step 0/500] (0.0%) | Val Acc: 0.1848 | Test Acc: 0.1854 | VRAM (Alloc/Reserved): 46.2/132.0 MiB | Time: 14.2s
[ByzFL-SNN]   [Step 50/500] (10.0%) | Val Acc: 0.8232 | Test Acc: 0.8298 | VRAM (Alloc/Reserved): 238.6/870.0 MiB | Time: 129.3s
[ByzFL-SNN]   [Step 100/500] (20.0%) | Val Acc: 0.8828 | Test Acc: 0.8955 | VRAM (Alloc/Reserved): 240.3/870.0 MiB | Time: 245.4s
[ByzFL-SNN]   [Step 150/500] (30.0%) | Val Acc: 0.9093 | Test Acc: 0.9177 | VRAM (Alloc/Reserved): 243.4/870.0 MiB | Time: 361.8s
[ByzFL-SNN]   [Step 200/500] (40.0%) | Val Acc: 0.9203 | Test Acc: 0.9266 | VRAM (Alloc/Reserved): 234.2/870.0 MiB | Time: 477.5s
[ByzFL-SNN]   [Step 250/500] (50.0%) | Val Acc: 0.9294 | Test Acc: 0.9345 | VRAM (Alloc/Reserved): 235.6/870.0 MiB | Time: 594.0s
[ByzFL-SNN]   [Step 300/500] (60.0%) | Val Acc: 0.9378 | Test Acc: 0.9423 | VRAM (Alloc/Reserved): 237.4/870.0 MiB | Time: 710.4s
[ByzFL-SNN]   [Step 350/500] (70.0%) | Val Acc: 0.9402 | Test Acc: 0.9458 | VRAM (Alloc/Reserved): 241.5/872.0 MiB | Time: 826.0s
[ByzFL-SNN]   [Step 400/500] (80.0%) | Val Acc: 0.9463 | Test Acc: 0.9512 | VRAM (Alloc/Reserved): 238.0/872.0 MiB | Time: 942.5s
[ByzFL-SNN]   [Step 450/500] (90.0%) | Val Acc: 0.9502 | Test Acc: 0.9563 | VRAM (Alloc/Reserved): 237.8/872.0 MiB | Time: 1100.3s
[ByzFL-SNN] [Training Complete] Peak VRAM (Alloc/Reserved): 782.5/872.0 MiB | Total time: 1240.6s

Training 5 done

[ByzFL-SNN] [Training Start] Model: cnn_mnist_snn | Dataset: mnist
[ByzFL-SNN]   Clients: 10 honest, 0 byzantine | Algorithm: DSGD
[ByzFL-SNN]   Learning Rate: 0.05 | Steps: 500 | Device: cuda:0
[ByzFL-SNN]   Validation samples: 12000 | Test samples: 10000
[ByzFL-SNN] Initial VRAM (Alloc/Reserved): 36.2/42.0 MiB
[ByzFL-SNN]   [Step 0/500] (0.0%) | Val Acc: 0.1848 | Test Acc: 0.1854 | VRAM (Alloc/Reserved): 46.2/132.0 MiB | Time: 14.2s
[ByzFL-SNN]   [Step 50/500] (10.0%) | Val Acc: 0.8199 | Test Acc: 0.8240 | VRAM (Alloc/Reserved): 239.5/872.0 MiB | Time: 129.1s
[ByzFL-SNN]   [Step 100/500] (20.0%) | Val Acc: 0.8806 | Test Acc: 0.8932 | VRAM (Alloc/Reserved): 239.4/872.0 MiB | Time: 245.5s
[ByzFL-SNN]   [Step 150/500] (30.0%) | Val Acc: 0.9087 | Test Acc: 0.9184 | VRAM (Alloc/Reserved): 238.0/872.0 MiB | Time: 361.8s
[ByzFL-SNN]   [Step 200/500] (40.0%) | Val Acc: 0.9210 | Test Acc: 0.9282 | VRAM (Alloc/Reserved): 239.5/872.0 MiB | Time: 477.5s
[ByzFL-SNN]   [Step 250/500] (50.0%) | Val Acc: 0.9292 | Test Acc: 0.9347 | VRAM (Alloc/Reserved): 237.7/872.0 MiB | Time: 594.0s
[ByzFL-SNN]   [Step 300/500] (60.0%) | Val Acc: 0.9367 | Test Acc: 0.9410 | VRAM (Alloc/Reserved): 238.6/872.0 MiB | Time: 710.4s
[ByzFL-SNN]   [Step 350/500] (70.0%) | Val Acc: 0.9414 | Test Acc: 0.9464 | VRAM (Alloc/Reserved): 237.8/872.0 MiB | Time: 826.1s
[ByzFL-SNN]   [Step 400/500] (80.0%) | Val Acc: 0.9457 | Test Acc: 0.9526 | VRAM (Alloc/Reserved): 238.3/872.0 MiB | Time: 942.4s
[ByzFL-SNN]   [Step 450/500] (90.0%) | Val Acc: 0.9497 | Test Acc: 0.9563 | VRAM (Alloc/Reserved): 240.9/872.0 MiB | Time: 1100.4s
[ByzFL-SNN] [Training Complete] Peak VRAM (Alloc/Reserved): 782.9/872.0 MiB | Total time: 1240.7s

Training 6 done

[ByzFL-SNN] [Training Start] Model: cnn_mnist_snn | Dataset: mnist
[ByzFL-SNN]   Clients: 10 honest, 0 byzantine | Algorithm: DSGD
[ByzFL-SNN]   Learning Rate: 0.05 | Steps: 500 | Device: cuda:0
[ByzFL-SNN]   Validation samples: 12000 | Test samples: 10000
[ByzFL-SNN] Initial VRAM (Alloc/Reserved): 36.2/42.0 MiB
[ByzFL-SNN]   [Step 0/500] (0.0%) | Val Acc: 0.1848 | Test Acc: 0.1854 | VRAM (Alloc/Reserved): 46.2/132.0 MiB | Time: 14.4s
[ByzFL-SNN]   [Step 50/500] (10.0%) | Val Acc: 0.8846 | Test Acc: 0.8932 | VRAM (Alloc/Reserved): 238.6/870.0 MiB | Time: 129.7s
[ByzFL-SNN]   [Step 100/500] (20.0%) | Val Acc: 0.9327 | Test Acc: 0.9398 | VRAM (Alloc/Reserved): 240.3/870.0 MiB | Time: 246.5s
[ByzFL-SNN]   [Step 150/500] (30.0%) | Val Acc: 0.9475 | Test Acc: 0.9535 | VRAM (Alloc/Reserved): 243.4/870.0 MiB | Time: 363.0s
[ByzFL-SNN]   [Step 200/500] (40.0%) | Val Acc: 0.9560 | Test Acc: 0.9628 | VRAM (Alloc/Reserved): 234.2/870.0 MiB | Time: 478.6s
[ByzFL-SNN]   [Step 250/500] (50.0%) | Val Acc: 0.9633 | Test Acc: 0.9685 | VRAM (Alloc/Reserved): 235.6/870.0 MiB | Time: 595.0s
[ByzFL-SNN]   [Step 300/500] (60.0%) | Val Acc: 0.9683 | Test Acc: 0.9731 | VRAM (Alloc/Reserved): 237.4/870.0 MiB | Time: 711.6s
[ByzFL-SNN]   [Step 350/500] (70.0%) | Val Acc: 0.9708 | Test Acc: 0.9760 | VRAM (Alloc/Reserved): 241.5/872.0 MiB | Time: 827.2s
[ByzFL-SNN]   [Step 400/500] (80.0%) | Val Acc: 0.9727 | Test Acc: 0.9774 | VRAM (Alloc/Reserved): 238.0/872.0 MiB | Time: 943.7s
[ByzFL-SNN]   [Step 450/500] (90.0%) | Val Acc: 0.9741 | Test Acc: 0.9790 | VRAM (Alloc/Reserved): 237.8/872.0 MiB | Time: 1102.7s
[ByzFL-SNN] [Training Complete] Peak VRAM (Alloc/Reserved): 782.5/872.0 MiB | Total time: 1242.9s

Training 7 done

[ByzFL-SNN] [Training Start] Model: cnn_mnist_snn | Dataset: mnist
[ByzFL-SNN]   Clients: 10 honest, 0 byzantine | Algorithm: DSGD
[ByzFL-SNN]   Learning Rate: 0.05 | Steps: 500 | Device: cuda:0
[ByzFL-SNN]   Validation samples: 12000 | Test samples: 10000
[ByzFL-SNN] Initial VRAM (Alloc/Reserved): 36.2/42.0 MiB
[ByzFL-SNN]   [Step 0/500] (0.0%) | Val Acc: 0.1848 | Test Acc: 0.1854 | VRAM (Alloc/Reserved): 46.2/132.0 MiB | Time: 14.4s
[ByzFL-SNN]   [Step 50/500] (10.0%) | Val Acc: 0.8922 | Test Acc: 0.9018 | VRAM (Alloc/Reserved): 238.6/870.0 MiB | Time: 129.4s
[ByzFL-SNN]   [Step 100/500] (20.0%) | Val Acc: 0.9341 | Test Acc: 0.9402 | VRAM (Alloc/Reserved): 240.3/870.0 MiB | Time: 246.2s
[ByzFL-SNN]   [Step 150/500] (30.0%) | Val Acc: 0.9474 | Test Acc: 0.9525 | VRAM (Alloc/Reserved): 243.4/870.0 MiB | Time: 362.9s
[ByzFL-SNN]   [Step 200/500] (40.0%) | Val Acc: 0.9563 | Test Acc: 0.9623 | VRAM (Alloc/Reserved): 234.2/870.0 MiB | Time: 478.5s
[ByzFL-SNN]   [Step 250/500] (50.0%) | Val Acc: 0.9637 | Test Acc: 0.9678 | VRAM (Alloc/Reserved): 235.6/870.0 MiB | Time: 595.0s
[ByzFL-SNN]   [Step 300/500] (60.0%) | Val Acc: 0.9655 | Test Acc: 0.9727 | VRAM (Alloc/Reserved): 237.4/870.0 MiB | Time: 711.9s
[ByzFL-SNN]   [Step 350/500] (70.0%) | Val Acc: 0.9694 | Test Acc: 0.9744 | VRAM (Alloc/Reserved): 241.5/872.0 MiB | Time: 827.4s
[ByzFL-SNN]   [Step 400/500] (80.0%) | Val Acc: 0.9727 | Test Acc: 0.9771 | VRAM (Alloc/Reserved): 238.0/872.0 MiB | Time: 944.0s
[ByzFL-SNN]   [Step 450/500] (90.0%) | Val Acc: 0.9749 | Test Acc: 0.9779 | VRAM (Alloc/Reserved): 237.8/872.0 MiB | Time: 1103.2s
[ByzFL-SNN] [Training Complete] Peak VRAM (Alloc/Reserved): 782.5/872.0 MiB | Total time: 1243.4s

Training 8 done

[ByzFL-SNN] [Training Start] Model: cnn_mnist_snn | Dataset: mnist
[ByzFL-SNN]   Clients: 10 honest, 0 byzantine | Algorithm: DSGD
[ByzFL-SNN]   Learning Rate: 0.05 | Steps: 500 | Device: cuda:1
[ByzFL-SNN]   Validation samples: 12000 | Test samples: 10000
[ByzFL-SNN] Initial VRAM (Alloc/Reserved): 36.2/42.0 MiB
[ByzFL-SNN]   [Step 0/500] (0.0%) | Val Acc: 0.1848 | Test Acc: 0.1854 | VRAM (Alloc/Reserved): 46.2/132.0 MiB | Time: 8.8s
[ByzFL-SNN]   [Step 50/500] (10.0%) | Val Acc: 0.8891 | Test Acc: 0.8981 | VRAM (Alloc/Reserved): 238.6/870.0 MiB | Time: 68.8s
[ByzFL-SNN]   [Step 100/500] (20.0%) | Val Acc: 0.9344 | Test Acc: 0.9394 | VRAM (Alloc/Reserved): 240.3/870.0 MiB | Time: 126.8s
[ByzFL-SNN]   [Step 150/500] (30.0%) | Val Acc: 0.9489 | Test Acc: 0.9537 | VRAM (Alloc/Reserved): 243.4/870.0 MiB | Time: 183.8s
[ByzFL-SNN]   [Step 200/500] (40.0%) | Val Acc: 0.9570 | Test Acc: 0.9636 | VRAM (Alloc/Reserved): 234.2/870.0 MiB | Time: 239.8s
[ByzFL-SNN]   [Step 250/500] (50.0%) | Val Acc: 0.9633 | Test Acc: 0.9696 | VRAM (Alloc/Reserved): 235.6/870.0 MiB | Time: 296.8s
[ByzFL-SNN]   [Step 300/500] (60.0%) | Val Acc: 0.9687 | Test Acc: 0.9735 | VRAM (Alloc/Reserved): 237.4/870.0 MiB | Time: 392.6s
[ByzFL-SNN]   [Step 350/500] (70.0%) | Val Acc: 0.9709 | Test Acc: 0.9750 | VRAM (Alloc/Reserved): 241.5/872.0 MiB | Time: 508.9s
[ByzFL-SNN]   [Step 400/500] (80.0%) | Val Acc: 0.9725 | Test Acc: 0.9766 | VRAM (Alloc/Reserved): 238.0/872.0 MiB | Time: 626.3s
[ByzFL-SNN]   [Step 450/500] (90.0%) | Val Acc: 0.9752 | Test Acc: 0.9795 | VRAM (Alloc/Reserved): 237.8/872.0 MiB | Time: 742.7s
[ByzFL-SNN] [Training Complete] Peak VRAM (Alloc/Reserved): 782.5/872.0 MiB | Total time: 842.4s

Training 9 done

[ByzFL-SNN] [Training Start] Model: cnn_mnist_snn | Dataset: mnist
[ByzFL-SNN]   Clients: 10 honest, 0 byzantine | Algorithm: DSGD
[ByzFL-SNN]   Learning Rate: 0.05 | Steps: 500 | Device: cuda:1
[ByzFL-SNN]   Validation samples: 12000 | Test samples: 10000
[ByzFL-SNN] Initial VRAM (Alloc/Reserved): 36.2/42.0 MiB
[ByzFL-SNN]   [Step 0/500] (0.0%) | Val Acc: 0.1848 | Test Acc: 0.1854 | VRAM (Alloc/Reserved): 46.2/132.0 MiB | Time: 8.1s
[ByzFL-SNN]   [Step 50/500] (10.0%) | Val Acc: 0.9213 | Test Acc: 0.9259 | VRAM (Alloc/Reserved): 238.6/870.0 MiB | Time: 61.9s
[ByzFL-SNN]   [Step 100/500] (20.0%) | Val Acc: 0.9546 | Test Acc: 0.9590 | VRAM (Alloc/Reserved): 240.3/870.0 MiB | Time: 121.6s
[ByzFL-SNN]   [Step 150/500] (30.0%) | Val Acc: 0.9656 | Test Acc: 0.9693 | VRAM (Alloc/Reserved): 243.4/870.0 MiB | Time: 180.6s
[ByzFL-SNN]   [Step 200/500] (40.0%) | Val Acc: 0.9703 | Test Acc: 0.9751 | VRAM (Alloc/Reserved): 234.2/870.0 MiB | Time: 237.5s
[ByzFL-SNN]   [Step 250/500] (50.0%) | Val Acc: 0.9754 | Test Acc: 0.9780 | VRAM (Alloc/Reserved): 235.6/870.0 MiB | Time: 296.7s
[ByzFL-SNN]   [Step 300/500] (60.0%) | Val Acc: 0.9779 | Test Acc: 0.9808 | VRAM (Alloc/Reserved): 237.4/870.0 MiB | Time: 392.8s
[ByzFL-SNN]   [Step 350/500] (70.0%) | Val Acc: 0.9798 | Test Acc: 0.9832 | VRAM (Alloc/Reserved): 241.5/872.0 MiB | Time: 508.6s
[ByzFL-SNN]   [Step 400/500] (80.0%) | Val Acc: 0.9814 | Test Acc: 0.9835 | VRAM (Alloc/Reserved): 238.0/872.0 MiB | Time: 625.7s
[ByzFL-SNN]   [Step 450/500] (90.0%) | Val Acc: 0.9822 | Test Acc: 0.9855 | VRAM (Alloc/Reserved): 237.8/872.0 MiB | Time: 742.7s
[ByzFL-SNN] [Training Complete] Peak VRAM (Alloc/Reserved): 782.5/872.0 MiB | Total time: 842.1s

Training 10 done

[ByzFL-SNN] [Training Start] Model: cnn_mnist_snn | Dataset: mnist
[ByzFL-SNN]   Clients: 10 honest, 0 byzantine | Algorithm: DSGD
[ByzFL-SNN]   Learning Rate: 0.05 | Steps: 500 | Device: cuda:0
[ByzFL-SNN]   Validation samples: 12000 | Test samples: 10000
[ByzFL-SNN] Initial VRAM (Alloc/Reserved): 36.2/42.0 MiB
[ByzFL-SNN]   [Step 0/500] (0.0%) | Val Acc: 0.1848 | Test Acc: 0.1854 | VRAM (Alloc/Reserved): 46.2/132.0 MiB | Time: 23.1s
[ByzFL-SNN]   [Step 50/500] (10.0%) | Val Acc: 0.9283 | Test Acc: 0.9335 | VRAM (Alloc/Reserved): 238.6/870.0 MiB | Time: 186.9s
[ByzFL-SNN]   [Step 100/500] (20.0%) | Val Acc: 0.9545 | Test Acc: 0.9599 | VRAM (Alloc/Reserved): 240.3/870.0 MiB | Time: 327.2s
[ByzFL-SNN]   [Step 150/500] (30.0%) | Val Acc: 0.9658 | Test Acc: 0.9699 | VRAM (Alloc/Reserved): 243.4/870.0 MiB | Time: 420.6s
[ByzFL-SNN]   [Step 200/500] (40.0%) | Val Acc: 0.9713 | Test Acc: 0.9746 | VRAM (Alloc/Reserved): 234.2/870.0 MiB | Time: 512.8s
[ByzFL-SNN]   [Step 250/500] (50.0%) | Val Acc: 0.9750 | Test Acc: 0.9787 | VRAM (Alloc/Reserved): 235.6/870.0 MiB | Time: 605.9s
[ByzFL-SNN]   [Step 300/500] (60.0%) | Val Acc: 0.9781 | Test Acc: 0.9816 | VRAM (Alloc/Reserved): 237.4/870.0 MiB | Time: 698.4s
[ByzFL-SNN]   [Step 350/500] (70.0%) | Val Acc: 0.9793 | Test Acc: 0.9825 | VRAM (Alloc/Reserved): 241.5/872.0 MiB | Time: 790.6s
[ByzFL-SNN]   [Step 400/500] (80.0%) | Val Acc: 0.9799 | Test Acc: 0.9835 | VRAM (Alloc/Reserved): 238.0/872.0 MiB | Time: 889.1s
[ByzFL-SNN]   [Step 450/500] (90.0%) | Val Acc: 0.9828 | Test Acc: 0.9844 | VRAM (Alloc/Reserved): 237.8/872.0 MiB | Time: 1004.9s
[ByzFL-SNN] [Training Complete] Peak VRAM (Alloc/Reserved): 782.5/872.0 MiB | Total time: 1105.5s

Training 11 done

[ByzFL-SNN] [Training Start] Model: cnn_mnist_snn | Dataset: mnist
[ByzFL-SNN]   Clients: 10 honest, 0 byzantine | Algorithm: DSGD
[ByzFL-SNN]   Learning Rate: 0.05 | Steps: 500 | Device: cuda:0
[ByzFL-SNN]   Validation samples: 12000 | Test samples: 10000
[ByzFL-SNN] Initial VRAM (Alloc/Reserved): 36.2/42.0 MiB
[ByzFL-SNN]   [Step 0/500] (0.0%) | Val Acc: 0.1848 | Test Acc: 0.1854 | VRAM (Alloc/Reserved): 46.2/132.0 MiB | Time: 23.0s
[ByzFL-SNN]   [Step 50/500] (10.0%) | Val Acc: 0.9197 | Test Acc: 0.9279 | VRAM (Alloc/Reserved): 238.7/870.0 MiB | Time: 186.7s
[ByzFL-SNN]   [Step 100/500] (20.0%) | Val Acc: 0.9547 | Test Acc: 0.9578 | VRAM (Alloc/Reserved): 238.0/870.0 MiB | Time: 328.8s
[ByzFL-SNN]   [Step 150/500] (30.0%) | Val Acc: 0.9663 | Test Acc: 0.9691 | VRAM (Alloc/Reserved): 238.0/870.0 MiB | Time: 421.9s
[ByzFL-SNN]   [Step 200/500] (40.0%) | Val Acc: 0.9720 | Test Acc: 0.9758 | VRAM (Alloc/Reserved): 240.9/870.0 MiB | Time: 515.7s
[ByzFL-SNN]   [Step 250/500] (50.0%) | Val Acc: 0.9771 | Test Acc: 0.9781 | VRAM (Alloc/Reserved): 236.9/870.0 MiB | Time: 608.6s
[ByzFL-SNN]   [Step 300/500] (60.0%) | Val Acc: 0.9781 | Test Acc: 0.9822 | VRAM (Alloc/Reserved): 239.5/870.0 MiB | Time: 702.6s
[ByzFL-SNN]   [Step 350/500] (70.0%) | Val Acc: 0.9809 | Test Acc: 0.9806 | VRAM (Alloc/Reserved): 241.9/870.0 MiB | Time: 794.8s
[ByzFL-SNN]   [Step 400/500] (80.0%) | Val Acc: 0.9817 | Test Acc: 0.9824 | VRAM (Alloc/Reserved): 242.2/870.0 MiB | Time: 894.9s
[ByzFL-SNN]   [Step 450/500] (90.0%) | Val Acc: 0.9831 | Test Acc: 0.9850 | VRAM (Alloc/Reserved): 238.6/870.0 MiB | Time: 1011.0s
[ByzFL-SNN] [Training Complete] Peak VRAM (Alloc/Reserved): 783.7/870.0 MiB | Total time: 1109.9s

Training 12 done

[ByzFL-SNN] [Training Start] Model: cnn_mnist_snn | Dataset: mnist
[ByzFL-SNN]   Clients: 10 honest, 0 byzantine | Algorithm: DSGD
[ByzFL-SNN]   Learning Rate: 0.05 | Steps: 500 | Device: cuda:0
[ByzFL-SNN]   Validation samples: 12000 | Test samples: 10000
[ByzFL-SNN] Initial VRAM (Alloc/Reserved): 36.2/42.0 MiB
[ByzFL-SNN]   [Step 0/500] (0.0%) | Val Acc: 0.1848 | Test Acc: 0.1854 | VRAM (Alloc/Reserved): 46.2/132.0 MiB | Time: 12.1s
[ByzFL-SNN]   [Step 50/500] (10.0%) | Val Acc: 0.9212 | Test Acc: 0.9254 | VRAM (Alloc/Reserved): 238.6/870.0 MiB | Time: 105.6s
[ByzFL-SNN]   [Step 100/500] (20.0%) | Val Acc: 0.9541 | Test Acc: 0.9604 | VRAM (Alloc/Reserved): 240.3/870.0 MiB | Time: 198.3s
[ByzFL-SNN]   [Step 150/500] (30.0%) | Val Acc: 0.9656 | Test Acc: 0.9717 | VRAM (Alloc/Reserved): 243.4/870.0 MiB | Time: 291.3s
[ByzFL-SNN]   [Step 200/500] (40.0%) | Val Acc: 0.9723 | Test Acc: 0.9773 | VRAM (Alloc/Reserved): 234.2/870.0 MiB | Time: 385.0s
[ByzFL-SNN]   [Step 250/500] (50.0%) | Val Acc: 0.9747 | Test Acc: 0.9798 | VRAM (Alloc/Reserved): 235.6/870.0 MiB | Time: 477.9s
[ByzFL-SNN]   [Step 300/500] (60.0%) | Val Acc: 0.9776 | Test Acc: 0.9802 | VRAM (Alloc/Reserved): 237.4/870.0 MiB | Time: 576.1s
[ByzFL-SNN]   [Step 350/500] (70.0%) | Val Acc: 0.9790 | Test Acc: 0.9831 | VRAM (Alloc/Reserved): 241.5/872.0 MiB | Time: 691.8s
[ByzFL-SNN]   [Step 400/500] (80.0%) | Val Acc: 0.9806 | Test Acc: 0.9836 | VRAM (Alloc/Reserved): 238.0/872.0 MiB | Time: 808.0s
[ByzFL-SNN]   [Step 450/500] (90.0%) | Val Acc: 0.9823 | Test Acc: 0.9844 | VRAM (Alloc/Reserved): 237.8/872.0 MiB | Time: 899.4s
[ByzFL-SNN] [Training Complete] Peak VRAM (Alloc/Reserved): 782.5/872.0 MiB | Total time: 978.5s

Training 13 done

[ByzFL-SNN] [Training Start] Model: cnn_mnist_snn | Dataset: mnist
[ByzFL-SNN]   Clients: 10 honest, 0 byzantine | Algorithm: DSGD
[ByzFL-SNN]   Learning Rate: 0.05 | Steps: 500 | Device: cuda:0
[ByzFL-SNN]   Validation samples: 12000 | Test samples: 10000
[ByzFL-SNN] Initial VRAM (Alloc/Reserved): 36.2/42.0 MiB
[ByzFL-SNN]   [Step 0/500] (0.0%) | Val Acc: 0.1848 | Test Acc: 0.1854 | VRAM (Alloc/Reserved): 46.2/132.0 MiB | Time: 12.1s
[ByzFL-SNN]   [Step 50/500] (10.0%) | Val Acc: 0.9320 | Test Acc: 0.9357 | VRAM (Alloc/Reserved): 239.7/870.0 MiB | Time: 108.2s
[ByzFL-SNN]   [Step 100/500] (20.0%) | Val Acc: 0.9608 | Test Acc: 0.9647 | VRAM (Alloc/Reserved): 235.2/870.0 MiB | Time: 203.4s
[ByzFL-SNN]   [Step 150/500] (30.0%) | Val Acc: 0.9705 | Test Acc: 0.9733 | VRAM (Alloc/Reserved): 236.3/870.0 MiB | Time: 298.7s
[ByzFL-SNN]   [Step 200/500] (40.0%) | Val Acc: 0.9745 | Test Acc: 0.9779 | VRAM (Alloc/Reserved): 238.5/870.0 MiB | Time: 394.1s
[ByzFL-SNN]   [Step 250/500] (50.0%) | Val Acc: 0.9773 | Test Acc: 0.9809 | VRAM (Alloc/Reserved): 240.6/872.0 MiB | Time: 490.7s
[ByzFL-SNN]   [Step 300/500] (60.0%) | Val Acc: 0.9796 | Test Acc: 0.9831 | VRAM (Alloc/Reserved): 234.6/872.0 MiB | Time: 594.8s
[ByzFL-SNN]   [Step 350/500] (70.0%) | Val Acc: 0.9808 | Test Acc: 0.9840 | VRAM (Alloc/Reserved): 239.1/872.0 MiB | Time: 711.0s
[ByzFL-SNN]   [Step 400/500] (80.0%) | Val Acc: 0.9818 | Test Acc: 0.9844 | VRAM (Alloc/Reserved): 240.9/872.0 MiB | Time: 822.7s
[ByzFL-SNN]   [Step 450/500] (90.0%) | Val Acc: 0.9838 | Test Acc: 0.9857 | VRAM (Alloc/Reserved): 237.5/872.0 MiB | Time: 915.1s
[ByzFL-SNN] [Training Complete] Peak VRAM (Alloc/Reserved): 783.4/872.0 MiB | Total time: 995.3s

Training 14 done

[ByzFL-SNN] [Training Start] Model: cnn_mnist_snn | Dataset: mnist
[ByzFL-SNN]   Clients: 10 honest, 0 byzantine | Algorithm: DSGD
[ByzFL-SNN]   Learning Rate: 0.05 | Steps: 500 | Device: cuda:1
[ByzFL-SNN]   Validation samples: 12000 | Test samples: 10000
[ByzFL-SNN] Initial VRAM (Alloc/Reserved): 36.2/42.0 MiB
[ByzFL-SNN]   [Step 0/500] (0.0%) | Val Acc: 0.1848 | Test Acc: 0.1854 | VRAM (Alloc/Reserved): 46.2/132.0 MiB | Time: 14.5s
[ByzFL-SNN]   [Step 50/500] (10.0%) | Val Acc: 0.9277 | Test Acc: 0.9328 | VRAM (Alloc/Reserved): 238.6/870.0 MiB | Time: 130.7s
[ByzFL-SNN]   [Step 100/500] (20.0%) | Val Acc: 0.9543 | Test Acc: 0.9597 | VRAM (Alloc/Reserved): 240.3/870.0 MiB | Time: 247.0s
[ByzFL-SNN]   [Step 150/500] (30.0%) | Val Acc: 0.9657 | Test Acc: 0.9709 | VRAM (Alloc/Reserved): 243.4/870.0 MiB | Time: 363.0s
[ByzFL-SNN]   [Step 200/500] (40.0%) | Val Acc: 0.9718 | Test Acc: 0.9759 | VRAM (Alloc/Reserved): 234.2/870.0 MiB | Time: 478.5s
[ByzFL-SNN]   [Step 250/500] (50.0%) | Val Acc: 0.9753 | Test Acc: 0.9783 | VRAM (Alloc/Reserved): 235.6/870.0 MiB | Time: 581.9s
[ByzFL-SNN]   [Step 300/500] (60.0%) | Val Acc: 0.9797 | Test Acc: 0.9814 | VRAM (Alloc/Reserved): 237.4/870.0 MiB | Time: 675.1s
[ByzFL-SNN]   [Step 350/500] (70.0%) | Val Acc: 0.9793 | Test Acc: 0.9803 | VRAM (Alloc/Reserved): 241.5/872.0 MiB | Time: 769.0s
[ByzFL-SNN]   [Step 400/500] (80.0%) | Val Acc: 0.9799 | Test Acc: 0.9834 | VRAM (Alloc/Reserved): 238.0/872.0 MiB | Time: 874.1s
[ByzFL-SNN]   [Step 450/500] (90.0%) | Val Acc: 0.9827 | Test Acc: 0.9838 | VRAM (Alloc/Reserved): 237.8/872.0 MiB | Time: 991.4s
[ByzFL-SNN] [Training Complete] Peak VRAM (Alloc/Reserved): 782.5/872.0 MiB | Total time: 1106.5s

Training 15 done

[ByzFL-SNN] [Training Start] Model: cnn_mnist_snn | Dataset: mnist
[ByzFL-SNN]   Clients: 10 honest, 0 byzantine | Algorithm: DSGD
[ByzFL-SNN]   Learning Rate: 0.05 | Steps: 500 | Device: cuda:1
[ByzFL-SNN]   Validation samples: 12000 | Test samples: 10000
[ByzFL-SNN] Initial VRAM (Alloc/Reserved): 36.2/42.0 MiB
[ByzFL-SNN]   [Step 0/500] (0.0%) | Val Acc: 0.1848 | Test Acc: 0.1854 | VRAM (Alloc/Reserved): 46.2/132.0 MiB | Time: 14.9s
[ByzFL-SNN]   [Step 50/500] (10.0%) | Val Acc: 0.9295 | Test Acc: 0.9352 | VRAM (Alloc/Reserved): 238.0/870.0 MiB | Time: 131.5s
[ByzFL-SNN]   [Step 100/500] (20.0%) | Val Acc: 0.9609 | Test Acc: 0.9647 | VRAM (Alloc/Reserved): 240.3/870.0 MiB | Time: 248.0s
[ByzFL-SNN]   [Step 150/500] (30.0%) | Val Acc: 0.9699 | Test Acc: 0.9741 | VRAM (Alloc/Reserved): 239.6/870.0 MiB | Time: 365.3s
[ByzFL-SNN]   [Step 200/500] (40.0%) | Val Acc: 0.9749 | Test Acc: 0.9779 | VRAM (Alloc/Reserved): 240.5/870.0 MiB | Time: 482.1s
[ByzFL-SNN]   [Step 250/500] (50.0%) | Val Acc: 0.9776 | Test Acc: 0.9800 | VRAM (Alloc/Reserved): 237.0/870.0 MiB | Time: 584.7s
[ByzFL-SNN]   [Step 300/500] (60.0%) | Val Acc: 0.9798 | Test Acc: 0.9826 | VRAM (Alloc/Reserved): 236.3/872.0 MiB | Time: 677.7s
[ByzFL-SNN]   [Step 350/500] (70.0%) | Val Acc: 0.9808 | Test Acc: 0.9834 | VRAM (Alloc/Reserved): 238.4/872.0 MiB | Time: 770.2s
[ByzFL-SNN]   [Step 400/500] (80.0%) | Val Acc: 0.9807 | Test Acc: 0.9842 | VRAM (Alloc/Reserved): 236.1/872.0 MiB | Time: 875.3s
[ByzFL-SNN]   [Step 450/500] (90.0%) | Val Acc: 0.9823 | Test Acc: 0.9852 | VRAM (Alloc/Reserved): 238.6/872.0 MiB | Time: 991.8s
[ByzFL-SNN] [Training Complete] Peak VRAM (Alloc/Reserved): 782.5/872.0 MiB | Total time: 1106.5s

Training 16 done

[ByzFL-SNN] [Training Start] Model: cnn_mnist_snn | Dataset: mnist
[ByzFL-SNN]   Clients: 10 honest, 0 byzantine | Algorithm: DSGD
[ByzFL-SNN]   Learning Rate: 0.05 | Steps: 500 | Device: cuda:1
[ByzFL-SNN]   Validation samples: 12000 | Test samples: 10000
[ByzFL-SNN] Initial VRAM (Alloc/Reserved): 36.2/42.0 MiB
[ByzFL-SNN]   [Step 0/500] (0.0%) | Val Acc: 0.1848 | Test Acc: 0.1854 | VRAM (Alloc/Reserved): 46.2/132.0 MiB | Time: 15.7s
[ByzFL-SNN]   [Step 50/500] (10.0%) | Val Acc: 0.9363 | Test Acc: 0.9404 | VRAM (Alloc/Reserved): 238.6/870.0 MiB | Time: 134.4s
[ByzFL-SNN]   [Step 100/500] (20.0%) | Val Acc: 0.9592 | Test Acc: 0.9646 | VRAM (Alloc/Reserved): 240.3/870.0 MiB | Time: 251.2s
[ByzFL-SNN]   [Step 150/500] (30.0%) | Val Acc: 0.9693 | Test Acc: 0.9727 | VRAM (Alloc/Reserved): 243.4/870.0 MiB | Time: 367.9s
[ByzFL-SNN]   [Step 200/500] (40.0%) | Val Acc: 0.9751 | Test Acc: 0.9789 | VRAM (Alloc/Reserved): 234.2/870.0 MiB | Time: 484.5s
[ByzFL-SNN]   [Step 250/500] (50.0%) | Val Acc: 0.9779 | Test Acc: 0.9812 | VRAM (Alloc/Reserved): 235.6/870.0 MiB | Time: 587.3s
[ByzFL-SNN]   [Step 300/500] (60.0%) | Val Acc: 0.9800 | Test Acc: 0.9832 | VRAM (Alloc/Reserved): 237.4/870.0 MiB | Time: 680.2s
[ByzFL-SNN]   [Step 350/500] (70.0%) | Val Acc: 0.9806 | Test Acc: 0.9845 | VRAM (Alloc/Reserved): 241.5/872.0 MiB | Time: 772.6s
[ByzFL-SNN]   [Step 400/500] (80.0%) | Val Acc: 0.9826 | Test Acc: 0.9856 | VRAM (Alloc/Reserved): 238.0/872.0 MiB | Time: 878.7s
[ByzFL-SNN]   [Step 450/500] (90.0%) | Val Acc: 0.9842 | Test Acc: 0.9854 | VRAM (Alloc/Reserved): 237.8/872.0 MiB | Time: 995.0s
[ByzFL-SNN] [Training Complete] Peak VRAM (Alloc/Reserved): 782.5/872.0 MiB | Total time: 1110.5s

Training 17 done

[ByzFL-SNN] [Training Start] Model: cnn_mnist_snn | Dataset: mnist
[ByzFL-SNN]   Clients: 10 honest, 0 byzantine | Algorithm: DSGD
[ByzFL-SNN]   Learning Rate: 0.05 | Steps: 500 | Device: cuda:1
[ByzFL-SNN]   Validation samples: 12000 | Test samples: 10000
[ByzFL-SNN] Initial VRAM (Alloc/Reserved): 36.2/42.0 MiB
[ByzFL-SNN]   [Step 0/500] (0.0%) | Val Acc: 0.1848 | Test Acc: 0.1854 | VRAM (Alloc/Reserved): 46.2/132.0 MiB | Time: 13.5s
[ByzFL-SNN]   [Step 50/500] (10.0%) | Val Acc: 0.9286 | Test Acc: 0.9341 | VRAM (Alloc/Reserved): 239.1/870.0 MiB | Time: 109.5s
[ByzFL-SNN]   [Step 100/500] (20.0%) | Val Acc: 0.9600 | Test Acc: 0.9635 | VRAM (Alloc/Reserved): 237.8/870.0 MiB | Time: 203.8s
[ByzFL-SNN]   [Step 150/500] (30.0%) | Val Acc: 0.9700 | Test Acc: 0.9760 | VRAM (Alloc/Reserved): 236.9/870.0 MiB | Time: 303.2s
[ByzFL-SNN]   [Step 200/500] (40.0%) | Val Acc: 0.9754 | Test Acc: 0.9797 | VRAM (Alloc/Reserved): 237.8/870.0 MiB | Time: 419.1s
[ByzFL-SNN]   [Step 250/500] (50.0%) | Val Acc: 0.9782 | Test Acc: 0.9824 | VRAM (Alloc/Reserved): 236.2/870.0 MiB | Time: 548.4s
[ByzFL-SNN]   [Step 300/500] (60.0%) | Val Acc: 0.9796 | Test Acc: 0.9837 | VRAM (Alloc/Reserved): 238.0/870.0 MiB | Time: 651.1s
[ByzFL-SNN]   [Step 350/500] (70.0%) | Val Acc: 0.9803 | Test Acc: 0.9832 | VRAM (Alloc/Reserved): 235.0/870.0 MiB | Time: 744.3s
[ByzFL-SNN]   [Step 400/500] (80.0%) | Val Acc: 0.9830 | Test Acc: 0.9857 | VRAM (Alloc/Reserved): 234.2/872.0 MiB | Time: 837.2s
[ByzFL-SNN]   [Step 450/500] (90.0%) | Val Acc: 0.9838 | Test Acc: 0.9859 | VRAM (Alloc/Reserved): 237.2/872.0 MiB | Time: 932.5s
[ByzFL-SNN] [Training Complete] Peak VRAM (Alloc/Reserved): 785.0/872.0 MiB | Total time: 1012.9s

Training 18 done

[ByzFL-SNN] [Training Start] Model: cnn_mnist_snn | Dataset: mnist
[ByzFL-SNN]   Clients: 10 honest, 0 byzantine | Algorithm: DSGD
[ByzFL-SNN]   Learning Rate: 0.05 | Steps: 500 | Device: cuda:0
[ByzFL-SNN]   Validation samples: 12000 | Test samples: 10000
[ByzFL-SNN] Initial VRAM (Alloc/Reserved): 36.2/42.0 MiB
[ByzFL-SNN]   [Step 0/500] (0.0%) | Val Acc: 0.1848 | Test Acc: 0.1854 | VRAM (Alloc/Reserved): 46.2/132.0 MiB | Time: 16.6s
[ByzFL-SNN]   [Step 50/500] (10.0%) | Val Acc: 0.9258 | Test Acc: 0.9297 | VRAM (Alloc/Reserved): 238.6/870.0 MiB | Time: 133.7s
[ByzFL-SNN]   [Step 100/500] (20.0%) | Val Acc: 0.9576 | Test Acc: 0.9627 | VRAM (Alloc/Reserved): 240.3/870.0 MiB | Time: 250.8s
[ByzFL-SNN]   [Step 150/500] (30.0%) | Val Acc: 0.9694 | Test Acc: 0.9748 | VRAM (Alloc/Reserved): 243.4/870.0 MiB | Time: 346.4s
[ByzFL-SNN]   [Step 200/500] (40.0%) | Val Acc: 0.9747 | Test Acc: 0.9762 | VRAM (Alloc/Reserved): 234.2/870.0 MiB | Time: 438.7s
[ByzFL-SNN]   [Step 250/500] (50.0%) | Val Acc: 0.9782 | Test Acc: 0.9797 | VRAM (Alloc/Reserved): 235.6/870.0 MiB | Time: 515.8s
[ByzFL-SNN]   [Step 300/500] (60.0%) | Val Acc: 0.9801 | Test Acc: 0.9829 | VRAM (Alloc/Reserved): 237.4/870.0 MiB | Time: 588.5s
[ByzFL-SNN]   [Step 350/500] (70.0%) | Val Acc: 0.9810 | Test Acc: 0.9829 | VRAM (Alloc/Reserved): 241.5/872.0 MiB | Time: 704.1s
[ByzFL-SNN]   [Step 400/500] (80.0%) | Val Acc: 0.9818 | Test Acc: 0.9853 | VRAM (Alloc/Reserved): 238.0/872.0 MiB | Time: 821.0s
[ByzFL-SNN]   [Step 450/500] (90.0%) | Val Acc: 0.9833 | Test Acc: 0.9856 | VRAM (Alloc/Reserved): 237.8/872.0 MiB | Time: 938.0s
[ByzFL-SNN] [Training Complete] Peak VRAM (Alloc/Reserved): 782.5/872.0 MiB | Total time: 1041.4s

Training 19 done

[ByzFL-SNN] [Training Start] Model: cnn_mnist_snn | Dataset: mnist
[ByzFL-SNN]   Clients: 10 honest, 0 byzantine | Algorithm: DSGD
[ByzFL-SNN]   Learning Rate: 0.05 | Steps: 500 | Device: cuda:1
[ByzFL-SNN]   Validation samples: 12000 | Test samples: 10000
[ByzFL-SNN] Initial VRAM (Alloc/Reserved): 36.2/42.0 MiB
[ByzFL-SNN]   [Step 0/500] (0.0%) | Val Acc: 0.1848 | Test Acc: 0.1854 | VRAM (Alloc/Reserved): 46.2/132.0 MiB | Time: 16.9s
[ByzFL-SNN]   [Step 50/500] (10.0%) | Val Acc: 0.8614 | Test Acc: 0.8647 | VRAM (Alloc/Reserved): 238.6/870.0 MiB | Time: 133.9s
[ByzFL-SNN]   [Step 100/500] (20.0%) | Val Acc: 0.9564 | Test Acc: 0.9604 | VRAM (Alloc/Reserved): 240.3/870.0 MiB | Time: 260.8s
[ByzFL-SNN]   [Step 150/500] (30.0%) | Val Acc: 0.9698 | Test Acc: 0.9731 | VRAM (Alloc/Reserved): 243.4/870.0 MiB | Time: 369.7s
[ByzFL-SNN]   [Step 200/500] (40.0%) | Val Acc: 0.9732 | Test Acc: 0.9766 | VRAM (Alloc/Reserved): 234.2/870.0 MiB | Time: 464.4s
[ByzFL-SNN]   [Step 250/500] (50.0%) | Val Acc: 0.9780 | Test Acc: 0.9809 | VRAM (Alloc/Reserved): 235.6/870.0 MiB | Time: 557.4s
[ByzFL-SNN]   [Step 300/500] (60.0%) | Val Acc: 0.9807 | Test Acc: 0.9841 | VRAM (Alloc/Reserved): 237.4/870.0 MiB | Time: 650.7s
[ByzFL-SNN]   [Step 350/500] (70.0%) | Val Acc: 0.9798 | Test Acc: 0.9821 | VRAM (Alloc/Reserved): 241.5/872.0 MiB | Time: 744.6s
[ByzFL-SNN]   [Step 400/500] (80.0%) | Val Acc: 0.9829 | Test Acc: 0.9850 | VRAM (Alloc/Reserved): 238.0/872.0 MiB | Time: 836.0s
[ByzFL-SNN]   [Step 450/500] (90.0%) | Val Acc: 0.9848 | Test Acc: 0.9856 | VRAM (Alloc/Reserved): 237.8/872.0 MiB | Time: 928.6s
[ByzFL-SNN] [Training Complete] Peak VRAM (Alloc/Reserved): 782.5/872.0 MiB | Total time: 1009.2s

Training 20 done

[ByzFL-SNN] [Training Start] Model: cnn_mnist_snn | Dataset: mnist
[ByzFL-SNN]   Clients: 10 honest, 0 byzantine | Algorithm: DSGD
[ByzFL-SNN]   Learning Rate: 0.05 | Steps: 500 | Device: cuda:0
[ByzFL-SNN]   Validation samples: 12000 | Test samples: 10000
[ByzFL-SNN] Initial VRAM (Alloc/Reserved): 36.2/42.0 MiB
[ByzFL-SNN]   [Step 0/500] (0.0%) | Val Acc: 0.1848 | Test Acc: 0.1854 | VRAM (Alloc/Reserved): 46.2/132.0 MiB | Time: 13.0s
[ByzFL-SNN]   [Step 50/500] (10.0%) | Val Acc: 0.8549 | Test Acc: 0.8587 | VRAM (Alloc/Reserved): 238.6/870.0 MiB | Time: 108.8s
[ByzFL-SNN]   [Step 100/500] (20.0%) | Val Acc: 0.9607 | Test Acc: 0.9624 | VRAM (Alloc/Reserved): 240.3/870.0 MiB | Time: 200.4s
[ByzFL-SNN]   [Step 150/500] (30.0%) | Val Acc: 0.9715 | Test Acc: 0.9751 | VRAM (Alloc/Reserved): 243.4/870.0 MiB | Time: 274.8s
[ByzFL-SNN]   [Step 200/500] (40.0%) | Val Acc: 0.9742 | Test Acc: 0.9787 | VRAM (Alloc/Reserved): 234.2/870.0 MiB | Time: 362.1s
[ByzFL-SNN]   [Step 250/500] (50.0%) | Val Acc: 0.9791 | Test Acc: 0.9814 | VRAM (Alloc/Reserved): 235.6/870.0 MiB | Time: 477.6s
[ByzFL-SNN]   [Step 300/500] (60.0%) | Val Acc: 0.9798 | Test Acc: 0.9833 | VRAM (Alloc/Reserved): 237.4/870.0 MiB | Time: 593.2s
[ByzFL-SNN]   [Step 350/500] (70.0%) | Val Acc: 0.9807 | Test Acc: 0.9839 | VRAM (Alloc/Reserved): 241.5/872.0 MiB | Time: 709.7s
[ByzFL-SNN]   [Step 400/500] (80.0%) | Val Acc: 0.9830 | Test Acc: 0.9845 | VRAM (Alloc/Reserved): 238.0/872.0 MiB | Time: 824.4s
[ByzFL-SNN]   [Step 450/500] (90.0%) | Val Acc: 0.9838 | Test Acc: 0.9844 | VRAM (Alloc/Reserved): 237.8/872.0 MiB | Time: 941.0s
[ByzFL-SNN] [Training Complete] Peak VRAM (Alloc/Reserved): 782.5/872.0 MiB | Total time: 1041.5s

Training 21 done

[ByzFL-SNN] [Training Start] Model: cnn_mnist_snn | Dataset: mnist
[ByzFL-SNN]   Clients: 10 honest, 0 byzantine | Algorithm: DSGD
[ByzFL-SNN]   Learning Rate: 0.05 | Steps: 500 | Device: cuda:1
[ByzFL-SNN]   Validation samples: 12000 | Test samples: 10000
[ByzFL-SNN] Initial VRAM (Alloc/Reserved): 36.2/42.0 MiB
[ByzFL-SNN]   [Step 0/500] (0.0%) | Val Acc: 0.1848 | Test Acc: 0.1854 | VRAM (Alloc/Reserved): 46.2/132.0 MiB | Time: 20.2s
[ByzFL-SNN]   [Step 50/500] (10.0%) | Val Acc: 0.8936 | Test Acc: 0.8943 | VRAM (Alloc/Reserved): 238.0/870.0 MiB | Time: 142.7s
[ByzFL-SNN]   [Step 100/500] (20.0%) | Val Acc: 0.9610 | Test Acc: 0.9682 | VRAM (Alloc/Reserved): 240.3/870.0 MiB | Time: 236.1s
[ByzFL-SNN]   [Step 150/500] (30.0%) | Val Acc: 0.9708 | Test Acc: 0.9755 | VRAM (Alloc/Reserved): 239.6/870.0 MiB | Time: 331.2s
[ByzFL-SNN]   [Step 200/500] (40.0%) | Val Acc: 0.9757 | Test Acc: 0.9786 | VRAM (Alloc/Reserved): 240.5/870.0 MiB | Time: 423.7s
[ByzFL-SNN]   [Step 250/500] (50.0%) | Val Acc: 0.9796 | Test Acc: 0.9812 | VRAM (Alloc/Reserved): 237.0/870.0 MiB | Time: 518.1s
[ByzFL-SNN]   [Step 300/500] (60.0%) | Val Acc: 0.9807 | Test Acc: 0.9840 | VRAM (Alloc/Reserved): 236.3/872.0 MiB | Time: 610.3s
[ByzFL-SNN]   [Step 350/500] (70.0%) | Val Acc: 0.9822 | Test Acc: 0.9851 | VRAM (Alloc/Reserved): 238.4/872.0 MiB | Time: 706.1s
[ByzFL-SNN]   [Step 400/500] (80.0%) | Val Acc: 0.9831 | Test Acc: 0.9866 | VRAM (Alloc/Reserved): 236.1/872.0 MiB | Time: 800.7s
[ByzFL-SNN]   [Step 450/500] (90.0%) | Val Acc: 0.9840 | Test Acc: 0.9855 | VRAM (Alloc/Reserved): 238.6/872.0 MiB | Time: 893.5s
[ByzFL-SNN] [Training Complete] Peak VRAM (Alloc/Reserved): 782.5/872.0 MiB | Total time: 974.5s

Training 22 done

[ByzFL-SNN] [Training Start] Model: cnn_mnist_snn | Dataset: mnist
[ByzFL-SNN]   Clients: 10 honest, 0 byzantine | Algorithm: DSGD
[ByzFL-SNN]   Learning Rate: 0.05 | Steps: 500 | Device: cuda:1
[ByzFL-SNN]   Validation samples: 12000 | Test samples: 10000
[ByzFL-SNN] Initial VRAM (Alloc/Reserved): 36.2/42.0 MiB
[ByzFL-SNN]   [Step 0/500] (0.0%) | Val Acc: 0.1848 | Test Acc: 0.1854 | VRAM (Alloc/Reserved): 46.2/132.0 MiB | Time: 13.6s
[ByzFL-SNN]   [Step 50/500] (10.0%) | Val Acc: 0.9204 | Test Acc: 0.9266 | VRAM (Alloc/Reserved): 238.6/870.0 MiB | Time: 108.5s
[ByzFL-SNN]   [Step 100/500] (20.0%) | Val Acc: 0.9634 | Test Acc: 0.9667 | VRAM (Alloc/Reserved): 240.3/870.0 MiB | Time: 201.9s
[ByzFL-SNN]   [Step 150/500] (30.0%) | Val Acc: 0.9696 | Test Acc: 0.9756 | VRAM (Alloc/Reserved): 243.4/870.0 MiB | Time: 297.2s
[ByzFL-SNN]   [Step 200/500] (40.0%) | Val Acc: 0.9751 | Test Acc: 0.9794 | VRAM (Alloc/Reserved): 234.2/870.0 MiB | Time: 389.4s
[ByzFL-SNN]   [Step 250/500] (50.0%) | Val Acc: 0.9782 | Test Acc: 0.9816 | VRAM (Alloc/Reserved): 235.6/870.0 MiB | Time: 480.7s
[ByzFL-SNN]   [Step 300/500] (60.0%) | Val Acc: 0.9782 | Test Acc: 0.9825 | VRAM (Alloc/Reserved): 237.4/870.0 MiB | Time: 573.2s
[ByzFL-SNN]   [Step 350/500] (70.0%) | Val Acc: 0.9821 | Test Acc: 0.9829 | VRAM (Alloc/Reserved): 241.5/872.0 MiB | Time: 666.4s
[ByzFL-SNN]   [Step 400/500] (80.0%) | Val Acc: 0.9828 | Test Acc: 0.9845 | VRAM (Alloc/Reserved): 238.0/872.0 MiB | Time: 757.4s
[ByzFL-SNN]   [Step 450/500] (90.0%) | Val Acc: 0.9838 | Test Acc: 0.9858 | VRAM (Alloc/Reserved): 237.8/872.0 MiB | Time: 850.5s
[ByzFL-SNN] [Training Complete] Peak VRAM (Alloc/Reserved): 782.5/872.0 MiB | Total time: 929.7s

Training 23 done

[ByzFL-SNN] [Training Start] Model: cnn_mnist_snn | Dataset: mnist
[ByzFL-SNN]   Clients: 10 honest, 0 byzantine | Algorithm: DSGD
[ByzFL-SNN]   Learning Rate: 0.05 | Steps: 500 | Device: cuda:0
[ByzFL-SNN]   Validation samples: 12000 | Test samples: 10000
[ByzFL-SNN] Initial VRAM (Alloc/Reserved): 36.2/42.0 MiB
[ByzFL-SNN]   [Step 0/500] (0.0%) | Val Acc: 0.1848 | Test Acc: 0.1854 | VRAM (Alloc/Reserved): 46.2/132.0 MiB | Time: 12.9s
[ByzFL-SNN]   [Step 50/500] (10.0%) | Val Acc: 0.8611 | Test Acc: 0.8641 | VRAM (Alloc/Reserved): 238.6/870.0 MiB | Time: 89.1s
[ByzFL-SNN]   [Step 100/500] (20.0%) | Val Acc: 0.9590 | Test Acc: 0.9629 | VRAM (Alloc/Reserved): 240.3/870.0 MiB | Time: 174.7s
[ByzFL-SNN]   [Step 150/500] (30.0%) | Val Acc: 0.9708 | Test Acc: 0.9756 | VRAM (Alloc/Reserved): 243.4/870.0 MiB | Time: 291.1s
[ByzFL-SNN]   [Step 200/500] (40.0%) | Val Acc: 0.9764 | Test Acc: 0.9794 | VRAM (Alloc/Reserved): 234.2/870.0 MiB | Time: 406.9s
[ByzFL-SNN]   [Step 250/500] (50.0%) | Val Acc: 0.9780 | Test Acc: 0.9814 | VRAM (Alloc/Reserved): 235.6/870.0 MiB | Time: 524.7s
[ByzFL-SNN]   [Step 300/500] (60.0%) | Val Acc: 0.9798 | Test Acc: 0.9829 | VRAM (Alloc/Reserved): 237.4/870.0 MiB | Time: 639.5s
[ByzFL-SNN]   [Step 350/500] (70.0%) | Val Acc: 0.9821 | Test Acc: 0.9837 | VRAM (Alloc/Reserved): 241.5/872.0 MiB | Time: 754.4s
[ByzFL-SNN]   [Step 400/500] (80.0%) | Val Acc: 0.9827 | Test Acc: 0.9850 | VRAM (Alloc/Reserved): 238.0/872.0 MiB | Time: 870.5s
[ByzFL-SNN]   [Step 450/500] (90.0%) | Val Acc: 0.9839 | Test Acc: 0.9861 | VRAM (Alloc/Reserved): 237.8/872.0 MiB | Time: 990.3s
[ByzFL-SNN] [Training Complete] Peak VRAM (Alloc/Reserved): 782.5/872.0 MiB | Total time: 1102.2s

Training 24 done

[ByzFL-SNN] [Training Start] Model: cnn_mnist_snn | Dataset: mnist
[ByzFL-SNN]   Clients: 10 honest, 0 byzantine | Algorithm: DSGD
[ByzFL-SNN]   Learning Rate: 0.05 | Steps: 500 | Device: cuda:0
[ByzFL-SNN]   Validation samples: 12000 | Test samples: 10000
[ByzFL-SNN] Initial VRAM (Alloc/Reserved): 36.2/42.0 MiB
[ByzFL-SNN]   [Step 0/500] (0.0%) | Val Acc: 0.1848 | Test Acc: 0.1854 | VRAM (Alloc/Reserved): 46.2/132.0 MiB | Time: 14.5s
[ByzFL-SNN]   [Step 50/500] (10.0%) | Val Acc: 0.9302 | Test Acc: 0.9341 | VRAM (Alloc/Reserved): 238.6/870.0 MiB | Time: 132.2s
[ByzFL-SNN]   [Step 100/500] (20.0%) | Val Acc: 0.9612 | Test Acc: 0.9645 | VRAM (Alloc/Reserved): 240.3/870.0 MiB | Time: 247.8s
[ByzFL-SNN]   [Step 150/500] (30.0%) | Val Acc: 0.9717 | Test Acc: 0.9766 | VRAM (Alloc/Reserved): 243.4/870.0 MiB | Time: 365.3s
[ByzFL-SNN]   [Step 200/500] (40.0%) | Val Acc: 0.9770 | Test Acc: 0.9813 | VRAM (Alloc/Reserved): 234.2/870.0 MiB | Time: 483.4s
[ByzFL-SNN]   [Step 250/500] (50.0%) | Val Acc: 0.9788 | Test Acc: 0.9823 | VRAM (Alloc/Reserved): 235.6/870.0 MiB | Time: 600.0s
[ByzFL-SNN]   [Step 300/500] (60.0%) | Val Acc: 0.9821 | Test Acc: 0.9836 | VRAM (Alloc/Reserved): 237.4/870.0 MiB | Time: 716.6s
[ByzFL-SNN]   [Step 350/500] (70.0%) | Val Acc: 0.9832 | Test Acc: 0.9852 | VRAM (Alloc/Reserved): 241.5/872.0 MiB | Time: 831.5s
[ByzFL-SNN]   [Step 400/500] (80.0%) | Val Acc: 0.9812 | Test Acc: 0.9827 | VRAM (Alloc/Reserved): 238.0/872.0 MiB | Time: 962.5s
[ByzFL-SNN]   [Step 450/500] (90.0%) | Val Acc: 0.9841 | Test Acc: 0.9850 | VRAM (Alloc/Reserved): 237.8/872.0 MiB | Time: 1083.1s
[ByzFL-SNN] [Training Complete] Peak VRAM (Alloc/Reserved): 782.5/872.0 MiB | Total time: 1183.5s

Training 25 done

[ByzFL-SNN] [Training Start] Model: cnn_mnist_snn | Dataset: mnist
[ByzFL-SNN]   Clients: 10 honest, 0 byzantine | Algorithm: DSGD
[ByzFL-SNN]   Learning Rate: 0.05 | Steps: 500 | Device: cuda:0
[ByzFL-SNN]   Validation samples: 12000 | Test samples: 10000
[ByzFL-SNN] Initial VRAM (Alloc/Reserved): 36.2/42.0 MiB
[ByzFL-SNN]   [Step 0/500] (0.0%) | Val Acc: 0.1848 | Test Acc: 0.1854 | VRAM (Alloc/Reserved): 46.2/132.0 MiB | Time: 16.3s
[ByzFL-SNN]   [Step 50/500] (10.0%) | Val Acc: 0.8607 | Test Acc: 0.8635 | VRAM (Alloc/Reserved): 238.6/870.0 MiB | Time: 133.4s
[ByzFL-SNN]   [Step 100/500] (20.0%) | Val Acc: 0.8781 | Test Acc: 0.8829 | VRAM (Alloc/Reserved): 240.3/870.0 MiB | Time: 251.4s
[ByzFL-SNN]   [Step 150/500] (30.0%) | Val Acc: 0.9661 | Test Acc: 0.9725 | VRAM (Alloc/Reserved): 243.4/870.0 MiB | Time: 369.6s
[ByzFL-SNN]   [Step 200/500] (40.0%) | Val Acc: 0.9736 | Test Acc: 0.9763 | VRAM (Alloc/Reserved): 234.2/870.0 MiB | Time: 487.3s
[ByzFL-SNN]   [Step 250/500] (50.0%) | Val Acc: 0.9784 | Test Acc: 0.9791 | VRAM (Alloc/Reserved): 235.6/870.0 MiB | Time: 604.3s
[ByzFL-SNN]   [Step 300/500] (60.0%) | Val Acc: 0.9794 | Test Acc: 0.9829 | VRAM (Alloc/Reserved): 237.4/870.0 MiB | Time: 721.3s
[ByzFL-SNN]   [Step 350/500] (70.0%) | Val Acc: 0.9832 | Test Acc: 0.9844 | VRAM (Alloc/Reserved): 241.5/872.0 MiB | Time: 838.5s
[ByzFL-SNN]   [Step 400/500] (80.0%) | Val Acc: 0.9835 | Test Acc: 0.9836 | VRAM (Alloc/Reserved): 238.0/872.0 MiB | Time: 970.6s
[ByzFL-SNN]   [Step 450/500] (90.0%) | Val Acc: 0.9842 | Test Acc: 0.9845 | VRAM (Alloc/Reserved): 237.8/872.0 MiB | Time: 1088.5s
[ByzFL-SNN] [Training Complete] Peak VRAM (Alloc/Reserved): 782.5/872.0 MiB | Total time: 1187.8s

Training 26 done

[ByzFL-SNN] [Training Start] Model: cnn_mnist_snn | Dataset: mnist
[ByzFL-SNN]   Clients: 10 honest, 0 byzantine | Algorithm: DSGD
[ByzFL-SNN]   Learning Rate: 0.05 | Steps: 500 | Device: cuda:1
[ByzFL-SNN]   Validation samples: 12000 | Test samples: 10000
[ByzFL-SNN] Initial VRAM (Alloc/Reserved): 36.2/42.0 MiB
[ByzFL-SNN]   [Step 0/500] (0.0%) | Val Acc: 0.1848 | Test Acc: 0.1854 | VRAM (Alloc/Reserved): 46.2/132.0 MiB | Time: 13.6s
[ByzFL-SNN]   [Step 50/500] (10.0%) | Val Acc: 0.8598 | Test Acc: 0.8646 | VRAM (Alloc/Reserved): 237.9/870.0 MiB | Time: 108.7s
[ByzFL-SNN]   [Step 100/500] (20.0%) | Val Acc: 0.9623 | Test Acc: 0.9665 | VRAM (Alloc/Reserved): 232.0/870.0 MiB | Time: 202.1s
[ByzFL-SNN]   [Step 150/500] (30.0%) | Val Acc: 0.9722 | Test Acc: 0.9749 | VRAM (Alloc/Reserved): 240.8/870.0 MiB | Time: 292.9s
[ByzFL-SNN]   [Step 200/500] (40.0%) | Val Acc: 0.9742 | Test Acc: 0.9787 | VRAM (Alloc/Reserved): 236.1/870.0 MiB | Time: 384.7s
[ByzFL-SNN]   [Step 250/500] (50.0%) | Val Acc: 0.9781 | Test Acc: 0.9814 | VRAM (Alloc/Reserved): 234.9/870.0 MiB | Time: 474.1s
[ByzFL-SNN]   [Step 300/500] (60.0%) | Val Acc: 0.9798 | Test Acc: 0.9814 | VRAM (Alloc/Reserved): 238.1/870.0 MiB | Time: 553.9s
[ByzFL-SNN]   [Step 350/500] (70.0%) | Val Acc: 0.9813 | Test Acc: 0.9846 | VRAM (Alloc/Reserved): 239.2/870.0 MiB | Time: 646.0s
[ByzFL-SNN]   [Step 400/500] (80.0%) | Val Acc: 0.9834 | Test Acc: 0.9865 | VRAM (Alloc/Reserved): 236.0/870.0 MiB | Time: 741.2s
[ByzFL-SNN]   [Step 450/500] (90.0%) | Val Acc: 0.9848 | Test Acc: 0.9861 | VRAM (Alloc/Reserved): 236.5/870.0 MiB | Time: 852.3s
[ByzFL-SNN] [Training Complete] Peak VRAM (Alloc/Reserved): 787.7/870.0 MiB | Total time: 951.3s

Training 27 done

[ByzFL-SNN] [Training Start] Model: cnn_mnist_snn | Dataset: mnist
[ByzFL-SNN]   Clients: 10 honest, 0 byzantine | Algorithm: DSGD
[ByzFL-SNN]   Learning Rate: 0.05 | Steps: 500 | Device: cuda:0
[ByzFL-SNN]   Validation samples: 12000 | Test samples: 10000
[ByzFL-SNN] Initial VRAM (Alloc/Reserved): 36.2/42.0 MiB
[ByzFL-SNN]   [Step 0/500] (0.0%) | Val Acc: 0.1848 | Test Acc: 0.1854 | VRAM (Alloc/Reserved): 46.2/132.0 MiB | Time: 16.1s
[ByzFL-SNN]   [Step 50/500] (10.0%) | Val Acc: 0.8597 | Test Acc: 0.8639 | VRAM (Alloc/Reserved): 238.6/870.0 MiB | Time: 133.7s
[ByzFL-SNN]   [Step 100/500] (20.0%) | Val Acc: 0.8787 | Test Acc: 0.8816 | VRAM (Alloc/Reserved): 240.3/870.0 MiB | Time: 250.0s
[ByzFL-SNN]   [Step 150/500] (30.0%) | Val Acc: 0.8863 | Test Acc: 0.8885 | VRAM (Alloc/Reserved): 243.4/870.0 MiB | Time: 367.7s
[ByzFL-SNN]   [Step 200/500] (40.0%) | Val Acc: 0.9692 | Test Acc: 0.9720 | VRAM (Alloc/Reserved): 234.2/870.0 MiB | Time: 498.6s
[ByzFL-SNN]   [Step 250/500] (50.0%) | Val Acc: 0.9771 | Test Acc: 0.9811 | VRAM (Alloc/Reserved): 235.6/870.0 MiB | Time: 617.3s
[ByzFL-SNN]   [Step 300/500] (60.0%) | Val Acc: 0.9812 | Test Acc: 0.9838 | VRAM (Alloc/Reserved): 237.4/870.0 MiB | Time: 731.4s
[ByzFL-SNN]   [Step 350/500] (70.0%) | Val Acc: 0.9822 | Test Acc: 0.9846 | VRAM (Alloc/Reserved): 241.5/872.0 MiB | Time: 825.5s
[ByzFL-SNN]   [Step 400/500] (80.0%) | Val Acc: 0.9826 | Test Acc: 0.9853 | VRAM (Alloc/Reserved): 238.0/872.0 MiB | Time: 919.3s
[ByzFL-SNN]   [Step 450/500] (90.0%) | Val Acc: 0.9828 | Test Acc: 0.9845 | VRAM (Alloc/Reserved): 237.8/872.0 MiB | Time: 1030.5s
[ByzFL-SNN] [Training Complete] Peak VRAM (Alloc/Reserved): 782.5/872.0 MiB | Total time: 1130.5s

Training 28 done

[ByzFL-SNN] [Training Start] Model: cnn_mnist_snn | Dataset: mnist
[ByzFL-SNN]   Clients: 10 honest, 0 byzantine | Algorithm: DSGD
[ByzFL-SNN]   Learning Rate: 0.05 | Steps: 500 | Device: cuda:1
[ByzFL-SNN]   Validation samples: 12000 | Test samples: 10000
[ByzFL-SNN] Initial VRAM (Alloc/Reserved): 36.2/42.0 MiB
[ByzFL-SNN]   [Step 0/500] (0.0%) | Val Acc: 0.1848 | Test Acc: 0.1854 | VRAM (Alloc/Reserved): 46.2/132.0 MiB | Time: 13.6s
[ByzFL-SNN]   [Step 50/500] (10.0%) | Val Acc: 0.8604 | Test Acc: 0.8641 | VRAM (Alloc/Reserved): 239.3/872.0 MiB | Time: 110.2s
[ByzFL-SNN]   [Step 100/500] (20.0%) | Val Acc: 0.9627 | Test Acc: 0.9690 | VRAM (Alloc/Reserved): 238.1/872.0 MiB | Time: 202.3s
[ByzFL-SNN]   [Step 150/500] (30.0%) | Val Acc: 0.9721 | Test Acc: 0.9777 | VRAM (Alloc/Reserved): 241.8/872.0 MiB | Time: 279.7s
[ByzFL-SNN]   [Step 200/500] (40.0%) | Val Acc: 0.9754 | Test Acc: 0.9802 | VRAM (Alloc/Reserved): 239.5/872.0 MiB | Time: 372.5s
[ByzFL-SNN]   [Step 250/500] (50.0%) | Val Acc: 0.9790 | Test Acc: 0.9835 | VRAM (Alloc/Reserved): 235.7/872.0 MiB | Time: 466.6s
[ByzFL-SNN]   [Step 300/500] (60.0%) | Val Acc: 0.9796 | Test Acc: 0.9827 | VRAM (Alloc/Reserved): 233.4/872.0 MiB | Time: 575.3s
[ByzFL-SNN]   [Step 350/500] (70.0%) | Val Acc: 0.9824 | Test Acc: 0.9836 | VRAM (Alloc/Reserved): 240.2/872.0 MiB | Time: 691.8s
[ByzFL-SNN]   [Step 400/500] (80.0%) | Val Acc: 0.9831 | Test Acc: 0.9853 | VRAM (Alloc/Reserved): 238.0/872.0 MiB | Time: 791.0s
[ByzFL-SNN]   [Step 450/500] (90.0%) | Val Acc: 0.9834 | Test Acc: 0.9861 | VRAM (Alloc/Reserved): 240.1/872.0 MiB | Time: 885.6s
[ByzFL-SNN] [Training Complete] Peak VRAM (Alloc/Reserved): 782.9/872.0 MiB | Total time: 977.0s

Training 29 done

[ByzFL-SNN] [Training Start] Model: cnn_mnist_snn | Dataset: mnist
[ByzFL-SNN]   Clients: 10 honest, 0 byzantine | Algorithm: DSGD
[ByzFL-SNN]   Learning Rate: 0.05 | Steps: 500 | Device: cuda:1
[ByzFL-SNN]   Validation samples: 12000 | Test samples: 10000
[ByzFL-SNN] Initial VRAM (Alloc/Reserved): 36.2/42.0 MiB
[ByzFL-SNN]   [Step 0/500] (0.0%) | Val Acc: 0.1848 | Test Acc: 0.1854 | VRAM (Alloc/Reserved): 46.2/132.0 MiB | Time: 13.6s
[ByzFL-SNN]   [Step 50/500] (10.0%) | Val Acc: 0.8616 | Test Acc: 0.8643 | VRAM (Alloc/Reserved): 240.1/870.0 MiB | Time: 100.4s
[ByzFL-SNN]   [Step 100/500] (20.0%) | Val Acc: 0.8802 | Test Acc: 0.8820 | VRAM (Alloc/Reserved): 240.9/870.0 MiB | Time: 191.2s
[ByzFL-SNN]   [Step 150/500] (30.0%) | Val Acc: 0.8881 | Test Acc: 0.8893 | VRAM (Alloc/Reserved): 239.3/870.0 MiB | Time: 282.8s
[ByzFL-SNN]   [Step 200/500] (40.0%) | Val Acc: 0.9727 | Test Acc: 0.9756 | VRAM (Alloc/Reserved): 237.4/870.0 MiB | Time: 384.9s
[ByzFL-SNN]   [Step 250/500] (50.0%) | Val Acc: 0.9763 | Test Acc: 0.9791 | VRAM (Alloc/Reserved): 238.7/870.0 MiB | Time: 501.0s
[ByzFL-SNN]   [Step 300/500] (60.0%) | Val Acc: 0.9808 | Test Acc: 0.9810 | VRAM (Alloc/Reserved): 236.7/870.0 MiB | Time: 601.9s
[ByzFL-SNN]   [Step 350/500] (70.0%) | Val Acc: 0.9811 | Test Acc: 0.9832 | VRAM (Alloc/Reserved): 240.8/870.0 MiB | Time: 694.6s
[ByzFL-SNN]   [Step 400/500] (80.0%) | Val Acc: 0.9828 | Test Acc: 0.9852 | VRAM (Alloc/Reserved): 235.3/870.0 MiB | Time: 796.1s
[ByzFL-SNN]   [Step 450/500] (90.0%) | Val Acc: 0.9830 | Test Acc: 0.9847 | VRAM (Alloc/Reserved): 238.3/870.0 MiB | Time: 896.8s
[ByzFL-SNN] [Training Complete] Peak VRAM (Alloc/Reserved): 784.3/870.0 MiB | Total time: 977.0s

Training 30 done

[ByzFL-SNN] [Training Start] Model: cnn_mnist_snn | Dataset: mnist
[ByzFL-SNN]   Clients: 10 honest, 0 byzantine | Algorithm: DSGD
[ByzFL-SNN]   Learning Rate: 0.05 | Steps: 500 | Device: cuda:0
[ByzFL-SNN]   Validation samples: 12000 | Test samples: 10000
[ByzFL-SNN] Initial VRAM (Alloc/Reserved): 36.2/42.0 MiB
[ByzFL-SNN]   [Step 0/500] (0.0%) | Val Acc: 0.1848 | Test Acc: 0.1854 | VRAM (Alloc/Reserved): 46.2/132.0 MiB | Time: 16.7s
[ByzFL-SNN]   [Step 50/500] (10.0%) | Val Acc: 0.8552 | Test Acc: 0.8633 | VRAM (Alloc/Reserved): 238.6/870.0 MiB | Time: 145.9s
[ByzFL-SNN]   [Step 100/500] (20.0%) | Val Acc: 0.9608 | Test Acc: 0.9658 | VRAM (Alloc/Reserved): 240.3/870.0 MiB | Time: 270.8s
[ByzFL-SNN]   [Step 150/500] (30.0%) | Val Acc: 0.9703 | Test Acc: 0.9741 | VRAM (Alloc/Reserved): 243.4/870.0 MiB | Time: 387.9s
[ByzFL-SNN]   [Step 200/500] (40.0%) | Val Acc: 0.9752 | Test Acc: 0.9797 | VRAM (Alloc/Reserved): 234.2/870.0 MiB | Time: 493.8s
[ByzFL-SNN]   [Step 250/500] (50.0%) | Val Acc: 0.9782 | Test Acc: 0.9828 | VRAM (Alloc/Reserved): 235.6/870.0 MiB | Time: 587.1s
[ByzFL-SNN]   [Step 300/500] (60.0%) | Val Acc: 0.9782 | Test Acc: 0.9833 | VRAM (Alloc/Reserved): 237.4/870.0 MiB | Time: 681.3s
[ByzFL-SNN]   [Step 350/500] (70.0%) | Val Acc: 0.9818 | Test Acc: 0.9840 | VRAM (Alloc/Reserved): 241.5/872.0 MiB | Time: 797.0s
[ByzFL-SNN]   [Step 400/500] (80.0%) | Val Acc: 0.9822 | Test Acc: 0.9849 | VRAM (Alloc/Reserved): 238.0/872.0 MiB | Time: 906.5s
[ByzFL-SNN]   [Step 450/500] (90.0%) | Val Acc: 0.9842 | Test Acc: 0.9875 | VRAM (Alloc/Reserved): 237.8/872.0 MiB | Time: 1007.6s
[ByzFL-SNN] [Training Complete] Peak VRAM (Alloc/Reserved): 782.5/872.0 MiB | Total time: 1106.9s

Training 31 done

[ByzFL-SNN] [Training Start] Model: cnn_mnist_snn | Dataset: mnist
[ByzFL-SNN]   Clients: 10 honest, 0 byzantine | Algorithm: DSGD
[ByzFL-SNN]   Learning Rate: 0.05 | Steps: 500 | Device: cuda:1
[ByzFL-SNN]   Validation samples: 12000 | Test samples: 10000
[ByzFL-SNN] Initial VRAM (Alloc/Reserved): 36.2/42.0 MiB
[ByzFL-SNN]   [Step 0/500] (0.0%) | Val Acc: 0.1848 | Test Acc: 0.1854 | VRAM (Alloc/Reserved): 46.2/132.0 MiB | Time: 13.0s
[ByzFL-SNN]   [Step 50/500] (10.0%) | Val Acc: 0.8591 | Test Acc: 0.8631 | VRAM (Alloc/Reserved): 238.6/870.0 MiB | Time: 108.6s
[ByzFL-SNN]   [Step 100/500] (20.0%) | Val Acc: 0.8785 | Test Acc: 0.8810 | VRAM (Alloc/Reserved): 240.3/870.0 MiB | Time: 202.1s
[ByzFL-SNN]   [Step 150/500] (30.0%) | Val Acc: 0.8880 | Test Acc: 0.8901 | VRAM (Alloc/Reserved): 243.4/870.0 MiB | Time: 314.0s
[ByzFL-SNN]   [Step 200/500] (40.0%) | Val Acc: 0.9735 | Test Acc: 0.9766 | VRAM (Alloc/Reserved): 234.2/870.0 MiB | Time: 429.0s
[ByzFL-SNN]   [Step 250/500] (50.0%) | Val Acc: 0.9786 | Test Acc: 0.9830 | VRAM (Alloc/Reserved): 235.6/870.0 MiB | Time: 522.8s
[ByzFL-SNN]   [Step 300/500] (60.0%) | Val Acc: 0.9811 | Test Acc: 0.9830 | VRAM (Alloc/Reserved): 237.4/870.0 MiB | Time: 615.6s
[ByzFL-SNN]   [Step 350/500] (70.0%) | Val Acc: 0.9822 | Test Acc: 0.9833 | VRAM (Alloc/Reserved): 241.5/872.0 MiB | Time: 722.4s
[ByzFL-SNN]   [Step 400/500] (80.0%) | Val Acc: 0.9824 | Test Acc: 0.9845 | VRAM (Alloc/Reserved): 238.0/872.0 MiB | Time: 815.1s
[ByzFL-SNN]   [Step 450/500] (90.0%) | Val Acc: 0.9842 | Test Acc: 0.9844 | VRAM (Alloc/Reserved): 237.8/872.0 MiB | Time: 907.0s
[ByzFL-SNN] [Training Complete] Peak VRAM (Alloc/Reserved): 782.5/872.0 MiB | Total time: 985.7s

Training 32 done

[ByzFL-SNN] [Training Start] Model: cnn_mnist_snn | Dataset: mnist
[ByzFL-SNN]   Clients: 10 honest, 0 byzantine | Algorithm: DSGD
[ByzFL-SNN]   Learning Rate: 0.05 | Steps: 500 | Device: cuda:0
[ByzFL-SNN]   Validation samples: 12000 | Test samples: 10000
[ByzFL-SNN] Initial VRAM (Alloc/Reserved): 36.2/42.0 MiB
[ByzFL-SNN]   [Step 0/500] (0.0%) | Val Acc: 0.1848 | Test Acc: 0.1854 | VRAM (Alloc/Reserved): 46.2/132.0 MiB | Time: 19.5s
[ByzFL-SNN]   [Step 50/500] (10.0%) | Val Acc: 0.8591 | Test Acc: 0.8622 | VRAM (Alloc/Reserved): 238.6/870.0 MiB | Time: 139.6s
[ByzFL-SNN]   [Step 100/500] (20.0%) | Val Acc: 0.8784 | Test Acc: 0.8816 | VRAM (Alloc/Reserved): 240.3/870.0 MiB | Time: 254.8s
[ByzFL-SNN]   [Step 150/500] (30.0%) | Val Acc: 0.9646 | Test Acc: 0.9679 | VRAM (Alloc/Reserved): 243.4/870.0 MiB | Time: 349.0s
[ByzFL-SNN]   [Step 200/500] (40.0%) | Val Acc: 0.9738 | Test Acc: 0.9772 | VRAM (Alloc/Reserved): 234.2/870.0 MiB | Time: 441.7s
[ByzFL-SNN]   [Step 250/500] (50.0%) | Val Acc: 0.9784 | Test Acc: 0.9817 | VRAM (Alloc/Reserved): 235.6/870.0 MiB | Time: 551.4s
[ByzFL-SNN]   [Step 300/500] (60.0%) | Val Acc: 0.9798 | Test Acc: 0.9804 | VRAM (Alloc/Reserved): 237.4/870.0 MiB | Time: 668.0s
[ByzFL-SNN]   [Step 350/500] (70.0%) | Val Acc: 0.9803 | Test Acc: 0.9831 | VRAM (Alloc/Reserved): 241.5/872.0 MiB | Time: 764.5s
[ByzFL-SNN]   [Step 400/500] (80.0%) | Val Acc: 0.9821 | Test Acc: 0.9846 | VRAM (Alloc/Reserved): 238.0/872.0 MiB | Time: 881.6s
[ByzFL-SNN]   [Step 450/500] (90.0%) | Val Acc: 0.9842 | Test Acc: 0.9857 | VRAM (Alloc/Reserved): 237.8/872.0 MiB | Time: 995.8s
[ByzFL-SNN] [Training Complete] Peak VRAM (Alloc/Reserved): 782.5/872.0 MiB | Total time: 1095.7s

Training 33 done

[ByzFL-SNN] [Training Start] Model: cnn_mnist_snn | Dataset: mnist
[ByzFL-SNN]   Clients: 10 honest, 0 byzantine | Algorithm: DSGD
[ByzFL-SNN]   Learning Rate: 0.05 | Steps: 500 | Device: cuda:1
[ByzFL-SNN]   Validation samples: 12000 | Test samples: 10000
[ByzFL-SNN] Initial VRAM (Alloc/Reserved): 36.2/42.0 MiB
[ByzFL-SNN]   [Step 0/500] (0.0%) | Val Acc: 0.1848 | Test Acc: 0.1854 | VRAM (Alloc/Reserved): 46.2/132.0 MiB | Time: 16.8s
[ByzFL-SNN]   [Step 50/500] (10.0%) | Val Acc: 0.8567 | Test Acc: 0.8637 | VRAM (Alloc/Reserved): 239.7/870.0 MiB | Time: 135.0s
[ByzFL-SNN]   [Step 100/500] (20.0%) | Val Acc: 0.9597 | Test Acc: 0.9620 | VRAM (Alloc/Reserved): 235.4/870.0 MiB | Time: 242.7s
[ByzFL-SNN]   [Step 150/500] (30.0%) | Val Acc: 0.9693 | Test Acc: 0.9739 | VRAM (Alloc/Reserved): 238.0/870.0 MiB | Time: 336.1s
[ByzFL-SNN]   [Step 200/500] (40.0%) | Val Acc: 0.9755 | Test Acc: 0.9797 | VRAM (Alloc/Reserved): 240.0/870.0 MiB | Time: 431.6s
[ByzFL-SNN]   [Step 250/500] (50.0%) | Val Acc: 0.9776 | Test Acc: 0.9813 | VRAM (Alloc/Reserved): 243.1/870.0 MiB | Time: 537.6s
[ByzFL-SNN]   [Step 300/500] (60.0%) | Val Acc: 0.9798 | Test Acc: 0.9828 | VRAM (Alloc/Reserved): 238.4/870.0 MiB | Time: 633.3s
[ByzFL-SNN]   [Step 350/500] (70.0%) | Val Acc: 0.9808 | Test Acc: 0.9840 | VRAM (Alloc/Reserved): 235.8/870.0 MiB | Time: 725.4s
[ByzFL-SNN]   [Step 400/500] (80.0%) | Val Acc: 0.9832 | Test Acc: 0.9859 | VRAM (Alloc/Reserved): 236.5/870.0 MiB | Time: 816.7s
[ByzFL-SNN]   [Step 450/500] (90.0%) | Val Acc: 0.9850 | Test Acc: 0.9867 | VRAM (Alloc/Reserved): 238.5/870.0 MiB | Time: 911.4s
[ByzFL-SNN] [Training Complete] Peak VRAM (Alloc/Reserved): 782.8/870.0 MiB | Total time: 992.6s

Training 34 done

[ByzFL-SNN] [Training Start] Model: cnn_mnist_snn | Dataset: mnist
[ByzFL-SNN]   Clients: 10 honest, 0 byzantine | Algorithm: DSGD
[ByzFL-SNN]   Learning Rate: 0.05 | Steps: 500 | Device: cuda:0
[ByzFL-SNN]   Validation samples: 12000 | Test samples: 10000
[ByzFL-SNN] Initial VRAM (Alloc/Reserved): 36.2/42.0 MiB
[ByzFL-SNN]   [Step 0/500] (0.0%) | Val Acc: 0.1848 | Test Acc: 0.1854 | VRAM (Alloc/Reserved): 46.2/132.0 MiB | Time: 13.3s
[ByzFL-SNN]   [Step 50/500] (10.0%) | Val Acc: 0.9303 | Test Acc: 0.9385 | VRAM (Alloc/Reserved): 235.5/870.0 MiB | Time: 108.3s
[ByzFL-SNN]   [Step 100/500] (20.0%) | Val Acc: 0.9618 | Test Acc: 0.9667 | VRAM (Alloc/Reserved): 238.2/870.0 MiB | Time: 203.2s
[ByzFL-SNN]   [Step 150/500] (30.0%) | Val Acc: 0.9718 | Test Acc: 0.9760 | VRAM (Alloc/Reserved): 237.2/870.0 MiB | Time: 315.8s
[ByzFL-SNN]   [Step 200/500] (40.0%) | Val Acc: 0.9762 | Test Acc: 0.9800 | VRAM (Alloc/Reserved): 238.9/870.0 MiB | Time: 430.3s
[ByzFL-SNN]   [Step 250/500] (50.0%) | Val Acc: 0.9788 | Test Acc: 0.9816 | VRAM (Alloc/Reserved): 235.4/870.0 MiB | Time: 527.8s
[ByzFL-SNN]   [Step 300/500] (60.0%) | Val Acc: 0.9803 | Test Acc: 0.9830 | VRAM (Alloc/Reserved): 240.9/870.0 MiB | Time: 644.8s
[ByzFL-SNN]   [Step 350/500] (70.0%) | Val Acc: 0.9809 | Test Acc: 0.9812 | VRAM (Alloc/Reserved): 238.9/870.0 MiB | Time: 758.6s
[ByzFL-SNN]   [Step 400/500] (80.0%) | Val Acc: 0.9830 | Test Acc: 0.9861 | VRAM (Alloc/Reserved): 239.3/870.0 MiB | Time: 873.2s
[ByzFL-SNN]   [Step 450/500] (90.0%) | Val Acc: 0.9842 | Test Acc: 0.9845 | VRAM (Alloc/Reserved): 240.0/870.0 MiB | Time: 990.5s
[ByzFL-SNN] [Training Complete] Peak VRAM (Alloc/Reserved): 784.5/872.0 MiB | Total time: 1091.2s

Training 35 done

[ByzFL-SNN] [Training Start] Model: cnn_mnist_snn | Dataset: mnist
[ByzFL-SNN]   Clients: 10 honest, 0 byzantine | Algorithm: DSGD
[ByzFL-SNN]   Learning Rate: 0.05 | Steps: 500 | Device: cuda:0
[ByzFL-SNN]   Validation samples: 12000 | Test samples: 10000
[ByzFL-SNN] Initial VRAM (Alloc/Reserved): 36.2/42.0 MiB
[ByzFL-SNN]   [Step 0/500] (0.0%) | Val Acc: 0.1848 | Test Acc: 0.1854 | VRAM (Alloc/Reserved): 46.2/132.0 MiB | Time: 16.6s
[ByzFL-SNN]   [Step 50/500] (10.0%) | Val Acc: 0.8630 | Test Acc: 0.8655 | VRAM (Alloc/Reserved): 232.6/870.0 MiB | Time: 133.8s
[ByzFL-SNN]   [Step 100/500] (20.0%) | Val Acc: 0.8813 | Test Acc: 0.8826 | VRAM (Alloc/Reserved): 237.0/870.0 MiB | Time: 242.4s
[ByzFL-SNN]   [Step 150/500] (30.0%) | Val Acc: 0.8876 | Test Acc: 0.8889 | VRAM (Alloc/Reserved): 238.4/870.0 MiB | Time: 345.7s
[ByzFL-SNN]   [Step 200/500] (40.0%) | Val Acc: 0.8907 | Test Acc: 0.8918 | VRAM (Alloc/Reserved): 236.2/870.0 MiB | Time: 459.9s
[ByzFL-SNN]   [Step 250/500] (50.0%) | Val Acc: 0.9731 | Test Acc: 0.9764 | VRAM (Alloc/Reserved): 241.2/870.0 MiB | Time: 576.7s
[ByzFL-SNN]   [Step 300/500] (60.0%) | Val Acc: 0.9791 | Test Acc: 0.9797 | VRAM (Alloc/Reserved): 239.0/870.0 MiB | Time: 692.0s
[ByzFL-SNN]   [Step 350/500] (70.0%) | Val Acc: 0.9810 | Test Acc: 0.9838 | VRAM (Alloc/Reserved): 237.9/870.0 MiB | Time: 807.6s
[ByzFL-SNN]   [Step 400/500] (80.0%) | Val Acc: 0.9828 | Test Acc: 0.9845 | VRAM (Alloc/Reserved): 238.6/870.0 MiB | Time: 922.2s
[ByzFL-SNN]   [Step 450/500] (90.0%) | Val Acc: 0.9832 | Test Acc: 0.9845 | VRAM (Alloc/Reserved): 239.9/870.0 MiB | Time: 1039.5s
[ByzFL-SNN] [Training Complete] Peak VRAM (Alloc/Reserved): 785.3/872.0 MiB | Total time: 1140.4s

Training 36 done

[ByzFL-SNN] [Training Start] Model: cnn_mnist_snn | Dataset: mnist
[ByzFL-SNN]   Clients: 10 honest, 0 byzantine | Algorithm: DSGD
[ByzFL-SNN]   Learning Rate: 0.05 | Steps: 500 | Device: cuda:1
[ByzFL-SNN]   Validation samples: 12000 | Test samples: 10000
[ByzFL-SNN] Initial VRAM (Alloc/Reserved): 36.2/42.0 MiB
[ByzFL-SNN]   [Step 0/500] (0.0%) | Val Acc: 0.1848 | Test Acc: 0.1854 | VRAM (Alloc/Reserved): 46.2/132.0 MiB | Time: 16.5s
[ByzFL-SNN]   [Step 50/500] (10.0%) | Val Acc: 0.8531 | Test Acc: 0.8579 | VRAM (Alloc/Reserved): 238.6/870.0 MiB | Time: 121.9s
[ByzFL-SNN]   [Step 100/500] (20.0%) | Val Acc: 0.8792 | Test Acc: 0.8822 | VRAM (Alloc/Reserved): 240.3/870.0 MiB | Time: 214.7s
[ByzFL-SNN]   [Step 150/500] (30.0%) | Val Acc: 0.8878 | Test Acc: 0.8890 | VRAM (Alloc/Reserved): 243.4/870.0 MiB | Time: 307.2s
[ByzFL-SNN]   [Step 200/500] (40.0%) | Val Acc: 0.9723 | Test Acc: 0.9737 | VRAM (Alloc/Reserved): 234.2/870.0 MiB | Time: 398.6s
[ByzFL-SNN]   [Step 250/500] (50.0%) | Val Acc: 0.9775 | Test Acc: 0.9800 | VRAM (Alloc/Reserved): 235.6/870.0 MiB | Time: 493.3s
[ByzFL-SNN]   [Step 300/500] (60.0%) | Val Acc: 0.9803 | Test Acc: 0.9818 | VRAM (Alloc/Reserved): 237.4/870.0 MiB | Time: 589.0s
[ByzFL-SNN]   [Step 350/500] (70.0%) | Val Acc: 0.9818 | Test Acc: 0.9836 | VRAM (Alloc/Reserved): 241.5/872.0 MiB | Time: 682.7s
[ByzFL-SNN]   [Step 400/500] (80.0%) | Val Acc: 0.9838 | Test Acc: 0.9847 | VRAM (Alloc/Reserved): 238.0/872.0 MiB | Time: 777.2s
[ByzFL-SNN]   [Step 450/500] (90.0%) | Val Acc: 0.9846 | Test Acc: 0.9857 | VRAM (Alloc/Reserved): 237.8/872.0 MiB | Time: 872.2s
[ByzFL-SNN] [Training Complete] Peak VRAM (Alloc/Reserved): 782.5/872.0 MiB | Total time: 952.4s

Training 37 done

[ByzFL-SNN] [Training Start] Model: cnn_mnist_snn | Dataset: mnist
[ByzFL-SNN]   Clients: 10 honest, 0 byzantine | Algorithm: DSGD
[ByzFL-SNN]   Learning Rate: 0.05 | Steps: 500 | Device: cuda:1
[ByzFL-SNN]   Validation samples: 12000 | Test samples: 10000
[ByzFL-SNN] Initial VRAM (Alloc/Reserved): 36.2/42.0 MiB
[ByzFL-SNN]   [Step 0/500] (0.0%) | Val Acc: 0.1848 | Test Acc: 0.1854 | VRAM (Alloc/Reserved): 46.2/132.0 MiB | Time: 13.3s
[ByzFL-SNN]   [Step 50/500] (10.0%) | Val Acc: 0.8575 | Test Acc: 0.8622 | VRAM (Alloc/Reserved): 238.6/870.0 MiB | Time: 108.7s
[ByzFL-SNN]   [Step 100/500] (20.0%) | Val Acc: 0.8791 | Test Acc: 0.8839 | VRAM (Alloc/Reserved): 240.3/870.0 MiB | Time: 200.9s
[ByzFL-SNN]   [Step 150/500] (30.0%) | Val Acc: 0.9661 | Test Acc: 0.9695 | VRAM (Alloc/Reserved): 243.4/870.0 MiB | Time: 293.3s
[ByzFL-SNN]   [Step 200/500] (40.0%) | Val Acc: 0.9733 | Test Acc: 0.9781 | VRAM (Alloc/Reserved): 234.2/870.0 MiB | Time: 383.4s
[ByzFL-SNN]   [Step 250/500] (50.0%) | Val Acc: 0.9778 | Test Acc: 0.9800 | VRAM (Alloc/Reserved): 235.6/870.0 MiB | Time: 481.1s
[ByzFL-SNN]   [Step 300/500] (60.0%) | Val Acc: 0.9813 | Test Acc: 0.9823 | VRAM (Alloc/Reserved): 237.4/870.0 MiB | Time: 574.0s
[ByzFL-SNN]   [Step 350/500] (70.0%) | Val Acc: 0.9817 | Test Acc: 0.9829 | VRAM (Alloc/Reserved): 241.5/872.0 MiB | Time: 667.2s
[ByzFL-SNN]   [Step 400/500] (80.0%) | Val Acc: 0.9828 | Test Acc: 0.9835 | VRAM (Alloc/Reserved): 238.0/872.0 MiB | Time: 752.7s
[ByzFL-SNN]   [Step 450/500] (90.0%) | Val Acc: 0.9836 | Test Acc: 0.9857 | VRAM (Alloc/Reserved): 237.8/872.0 MiB | Time: 824.2s
[ByzFL-SNN] [Training Complete] Peak VRAM (Alloc/Reserved): 782.5/872.0 MiB | Total time: 885.2s

Training 38 done

[ByzFL-SNN] [Training Start] Model: cnn_mnist_snn | Dataset: mnist
[ByzFL-SNN]   Clients: 10 honest, 0 byzantine | Algorithm: DSGD
[ByzFL-SNN]   Learning Rate: 0.05 | Steps: 500 | Device: cuda:0
[ByzFL-SNN]   Validation samples: 12000 | Test samples: 10000
[ByzFL-SNN] Initial VRAM (Alloc/Reserved): 36.2/42.0 MiB
[ByzFL-SNN]   [Step 0/500] (0.0%) | Val Acc: 0.1848 | Test Acc: 0.1854 | VRAM (Alloc/Reserved): 46.2/132.0 MiB | Time: 16.4s
[ByzFL-SNN]   [Step 50/500] (10.0%) | Val Acc: 0.8599 | Test Acc: 0.8618 | VRAM (Alloc/Reserved): 232.6/870.0 MiB | Time: 134.3s
[ByzFL-SNN]   [Step 100/500] (20.0%) | Val Acc: 0.8798 | Test Acc: 0.8817 | VRAM (Alloc/Reserved): 237.0/870.0 MiB | Time: 249.3s
[ByzFL-SNN]   [Step 150/500] (30.0%) | Val Acc: 0.8874 | Test Acc: 0.8874 | VRAM (Alloc/Reserved): 238.4/870.0 MiB | Time: 364.3s
[ByzFL-SNN]   [Step 200/500] (40.0%) | Val Acc: 0.8920 | Test Acc: 0.8930 | VRAM (Alloc/Reserved): 236.2/870.0 MiB | Time: 480.2s
[ByzFL-SNN]   [Step 250/500] (50.0%) | Val Acc: 0.8932 | Test Acc: 0.8937 | VRAM (Alloc/Reserved): 241.2/870.0 MiB | Time: 600.1s
[ByzFL-SNN]   [Step 300/500] (60.0%) | Val Acc: 0.9760 | Test Acc: 0.9783 | VRAM (Alloc/Reserved): 239.0/870.0 MiB | Time: 714.9s
[ByzFL-SNN]   [Step 350/500] (70.0%) | Val Acc: 0.9814 | Test Acc: 0.9830 | VRAM (Alloc/Reserved): 237.9/870.0 MiB | Time: 831.2s
[ByzFL-SNN]   [Step 400/500] (80.0%) | Val Acc: 0.9814 | Test Acc: 0.9839 | VRAM (Alloc/Reserved): 238.6/870.0 MiB | Time: 931.9s
[ByzFL-SNN]   [Step 450/500] (90.0%) | Val Acc: 0.9832 | Test Acc: 0.9859 | VRAM (Alloc/Reserved): 239.9/870.0 MiB | Time: 1026.4s
[ByzFL-SNN] [Training Complete] Peak VRAM (Alloc/Reserved): 785.3/872.0 MiB | Total time: 1107.1s

Training 39 done

[ByzFL-SNN] [Training Start] Model: cnn_mnist_snn | Dataset: mnist
[ByzFL-SNN]   Clients: 10 honest, 0 byzantine | Algorithm: DSGD
[ByzFL-SNN]   Learning Rate: 0.05 | Steps: 500 | Device: cuda:1
[ByzFL-SNN]   Validation samples: 12000 | Test samples: 10000
[ByzFL-SNN] Initial VRAM (Alloc/Reserved): 36.2/42.0 MiB
[ByzFL-SNN]   [Step 0/500] (0.0%) | Val Acc: 0.1848 | Test Acc: 0.1854 | VRAM (Alloc/Reserved): 46.2/132.0 MiB | Time: 13.7s
[ByzFL-SNN]   [Step 50/500] (10.0%) | Val Acc: 0.8595 | Test Acc: 0.8645 | VRAM (Alloc/Reserved): 239.2/870.0 MiB | Time: 107.0s
[ByzFL-SNN]   [Step 100/500] (20.0%) | Val Acc: 0.8805 | Test Acc: 0.8837 | VRAM (Alloc/Reserved): 238.2/870.0 MiB | Time: 199.1s
[ByzFL-SNN]   [Step 150/500] (30.0%) | Val Acc: 0.8879 | Test Acc: 0.8891 | VRAM (Alloc/Reserved): 234.7/870.0 MiB | Time: 290.1s
[ByzFL-SNN]   [Step 200/500] (40.0%) | Val Acc: 0.8909 | Test Acc: 0.8933 | VRAM (Alloc/Reserved): 236.1/872.0 MiB | Time: 385.3s
[ByzFL-SNN]   [Step 250/500] (50.0%) | Val Acc: 0.8948 | Test Acc: 0.8950 | VRAM (Alloc/Reserved): 239.0/872.0 MiB | Time: 479.9s
[ByzFL-SNN]   [Step 300/500] (60.0%) | Val Acc: 0.8965 | Test Acc: 0.8960 | VRAM (Alloc/Reserved): 240.6/872.0 MiB | Time: 573.6s
[ByzFL-SNN]   [Step 350/500] (70.0%) | Val Acc: 0.9780 | Test Acc: 0.9800 | VRAM (Alloc/Reserved): 239.9/872.0 MiB | Time: 651.4s
[ByzFL-SNN]   [Step 400/500] (80.0%) | Val Acc: 0.9824 | Test Acc: 0.9841 | VRAM (Alloc/Reserved): 236.9/872.0 MiB | Time: 722.8s
[ByzFL-SNN]   [Step 450/500] (90.0%) | Val Acc: 0.9842 | Test Acc: 0.9852 | VRAM (Alloc/Reserved): 237.5/872.0 MiB | Time: 789.3s
[ByzFL-SNN] [Training Complete] Peak VRAM (Alloc/Reserved): 784.5/872.0 MiB | Total time: 836.2s

Training 40 done

[ByzFL-SNN] [Training Start] Model: cnn_mnist_snn | Dataset: mnist
[ByzFL-SNN]   Clients: 10 honest, 0 byzantine | Algorithm: DSGD
[ByzFL-SNN]   Learning Rate: 0.05 | Steps: 500 | Device: cuda:0
[ByzFL-SNN]   Validation samples: 12000 | Test samples: 10000
[ByzFL-SNN] Initial VRAM (Alloc/Reserved): 36.2/42.0 MiB
[ByzFL-SNN]   [Step 0/500] (0.0%) | Val Acc: 0.1848 | Test Acc: 0.1854 | VRAM (Alloc/Reserved): 46.2/132.0 MiB | Time: 16.7s
[ByzFL-SNN]   [Step 50/500] (10.0%) | Val Acc: 0.8528 | Test Acc: 0.8590 | VRAM (Alloc/Reserved): 232.6/870.0 MiB | Time: 134.6s
[ByzFL-SNN]   [Step 100/500] (20.0%) | Val Acc: 0.8783 | Test Acc: 0.8831 | VRAM (Alloc/Reserved): 237.0/870.0 MiB | Time: 248.6s
[ByzFL-SNN]   [Step 150/500] (30.0%) | Val Acc: 0.8860 | Test Acc: 0.8869 | VRAM (Alloc/Reserved): 238.4/870.0 MiB | Time: 366.5s
[ByzFL-SNN]   [Step 200/500] (40.0%) | Val Acc: 0.8913 | Test Acc: 0.8919 | VRAM (Alloc/Reserved): 236.2/870.0 MiB | Time: 481.6s
[ByzFL-SNN]   [Step 250/500] (50.0%) | Val Acc: 0.9727 | Test Acc: 0.9746 | VRAM (Alloc/Reserved): 241.2/870.0 MiB | Time: 599.1s
[ByzFL-SNN]   [Step 300/500] (60.0%) | Val Acc: 0.9783 | Test Acc: 0.9807 | VRAM (Alloc/Reserved): 239.0/870.0 MiB | Time: 714.2s
[ByzFL-SNN]   [Step 350/500] (70.0%) | Val Acc: 0.9795 | Test Acc: 0.9833 | VRAM (Alloc/Reserved): 237.9/870.0 MiB | Time: 808.3s
[ByzFL-SNN]   [Step 400/500] (80.0%) | Val Acc: 0.9813 | Test Acc: 0.9846 | VRAM (Alloc/Reserved): 238.6/870.0 MiB | Time: 904.4s
[ByzFL-SNN]   [Step 450/500] (90.0%) | Val Acc: 0.9816 | Test Acc: 0.9834 | VRAM (Alloc/Reserved): 239.9/870.0 MiB | Time: 989.7s
[ByzFL-SNN] [Training Complete] Peak VRAM (Alloc/Reserved): 785.3/872.0 MiB | Total time: 1055.1s

Training 41 done

[ByzFL-SNN] [Training Start] Model: cnn_mnist_snn | Dataset: mnist
[ByzFL-SNN]   Clients: 10 honest, 0 byzantine | Algorithm: DSGD
[ByzFL-SNN]   Learning Rate: 0.05 | Steps: 500 | Device: cuda:0
[ByzFL-SNN]   Validation samples: 12000 | Test samples: 10000
[ByzFL-SNN] Initial VRAM (Alloc/Reserved): 36.2/42.0 MiB
[ByzFL-SNN]   [Step 0/500] (0.0%) | Val Acc: 0.1848 | Test Acc: 0.1854 | VRAM (Alloc/Reserved): 46.2/132.0 MiB | Time: 16.1s
[ByzFL-SNN]   [Step 50/500] (10.0%) | Val Acc: 0.8570 | Test Acc: 0.8615 | VRAM (Alloc/Reserved): 232.6/870.0 MiB | Time: 132.3s
[ByzFL-SNN]   [Step 100/500] (20.0%) | Val Acc: 0.8763 | Test Acc: 0.8805 | VRAM (Alloc/Reserved): 237.0/870.0 MiB | Time: 250.2s
[ByzFL-SNN]   [Step 150/500] (30.0%) | Val Acc: 0.8872 | Test Acc: 0.8891 | VRAM (Alloc/Reserved): 238.4/870.0 MiB | Time: 365.2s
[ByzFL-SNN]   [Step 200/500] (40.0%) | Val Acc: 0.8920 | Test Acc: 0.8925 | VRAM (Alloc/Reserved): 236.2/870.0 MiB | Time: 480.2s
[ByzFL-SNN]   [Step 250/500] (50.0%) | Val Acc: 0.8922 | Test Acc: 0.8937 | VRAM (Alloc/Reserved): 241.2/870.0 MiB | Time: 582.5s
[ByzFL-SNN]   [Step 300/500] (60.0%) | Val Acc: 0.8938 | Test Acc: 0.8944 | VRAM (Alloc/Reserved): 239.0/870.0 MiB | Time: 676.0s
[ByzFL-SNN]   [Step 350/500] (70.0%) | Val Acc: 0.8960 | Test Acc: 0.8961 | VRAM (Alloc/Reserved): 237.9/870.0 MiB | Time: 769.0s
[ByzFL-SNN]   [Step 400/500] (80.0%) | Val Acc: 0.8955 | Test Acc: 0.8973 | VRAM (Alloc/Reserved): 238.6/870.0 MiB | Time: 846.1s
[ByzFL-SNN]   [Step 450/500] (90.0%) | Val Acc: 0.9765 | Test Acc: 0.9774 | VRAM (Alloc/Reserved): 239.9/870.0 MiB | Time: 910.0s
[ByzFL-SNN] [Training Complete] Peak VRAM (Alloc/Reserved): 785.3/872.0 MiB | Total time: 966.2s

Training 42 done

[ByzFL-SNN] [Training Start] Model: cnn_mnist_snn | Dataset: mnist
[ByzFL-SNN]   Clients: 10 honest, 0 byzantine | Algorithm: DSGD
[ByzFL-SNN]   Learning Rate: 0.05 | Steps: 500 | Device: cuda:1
[ByzFL-SNN]   Validation samples: 12000 | Test samples: 10000
[ByzFL-SNN] Initial VRAM (Alloc/Reserved): 36.2/42.0 MiB
[ByzFL-SNN]   [Step 0/500] (0.0%) | Val Acc: 0.1848 | Test Acc: 0.1854 | VRAM (Alloc/Reserved): 46.2/132.0 MiB | Time: 13.6s
[ByzFL-SNN]   [Step 50/500] (10.0%) | Val Acc: 0.8568 | Test Acc: 0.8622 | VRAM (Alloc/Reserved): 232.6/870.0 MiB | Time: 112.0s
[ByzFL-SNN]   [Step 100/500] (20.0%) | Val Acc: 0.8789 | Test Acc: 0.8815 | VRAM (Alloc/Reserved): 237.0/870.0 MiB | Time: 207.4s
[ByzFL-SNN]   [Step 150/500] (30.0%) | Val Acc: 0.8864 | Test Acc: 0.8892 | VRAM (Alloc/Reserved): 238.4/870.0 MiB | Time: 300.6s
[ByzFL-SNN]   [Step 200/500] (40.0%) | Val Acc: 0.8913 | Test Acc: 0.8927 | VRAM (Alloc/Reserved): 236.2/870.0 MiB | Time: 388.1s
[ByzFL-SNN]   [Step 250/500] (50.0%) | Val Acc: 0.9758 | Test Acc: 0.9774 | VRAM (Alloc/Reserved): 241.2/870.0 MiB | Time: 459.9s
[ByzFL-SNN]   [Step 300/500] (60.0%) | Val Acc: 0.9772 | Test Acc: 0.9808 | VRAM (Alloc/Reserved): 239.0/870.0 MiB | Time: 533.5s
[ByzFL-SNN]   [Step 350/500] (70.0%) | Val Acc: 0.9802 | Test Acc: 0.9831 | VRAM (Alloc/Reserved): 237.9/870.0 MiB | Time: 595.7s
[ByzFL-SNN]   [Step 400/500] (80.0%) | Val Acc: 0.9804 | Test Acc: 0.9838 | VRAM (Alloc/Reserved): 238.6/870.0 MiB | Time: 653.5s
[ByzFL-SNN]   [Step 450/500] (90.0%) | Val Acc: 0.9827 | Test Acc: 0.9853 | VRAM (Alloc/Reserved): 239.9/870.0 MiB | Time: 757.2s
[ByzFL-SNN] [Training Complete] Peak VRAM (Alloc/Reserved): 785.3/872.0 MiB | Total time: 898.7s

Training 43 done

[ByzFL-SNN] [Training Start] Model: cnn_mnist_snn | Dataset: mnist
[ByzFL-SNN]   Clients: 10 honest, 0 byzantine | Algorithm: DSGD
[ByzFL-SNN]   Learning Rate: 0.05 | Steps: 500 | Device: cuda:0
[ByzFL-SNN]   Validation samples: 12000 | Test samples: 10000
[ByzFL-SNN] Initial VRAM (Alloc/Reserved): 36.2/42.0 MiB
[ByzFL-SNN]   [Step 0/500] (0.0%) | Val Acc: 0.1848 | Test Acc: 0.1854 | VRAM (Alloc/Reserved): 46.2/132.0 MiB | Time: 17.0s
[ByzFL-SNN]   [Step 50/500] (10.0%) | Val Acc: 0.8537 | Test Acc: 0.8564 | VRAM (Alloc/Reserved): 238.6/870.0 MiB | Time: 135.7s
[ByzFL-SNN]   [Step 100/500] (20.0%) | Val Acc: 0.8792 | Test Acc: 0.8830 | VRAM (Alloc/Reserved): 240.3/870.0 MiB | Time: 253.5s
[ByzFL-SNN]   [Step 150/500] (30.0%) | Val Acc: 0.8859 | Test Acc: 0.8904 | VRAM (Alloc/Reserved): 243.4/870.0 MiB | Time: 350.4s
[ByzFL-SNN]   [Step 200/500] (40.0%) | Val Acc: 0.9735 | Test Acc: 0.9756 | VRAM (Alloc/Reserved): 234.2/870.0 MiB | Time: 444.5s
[ByzFL-SNN]   [Step 250/500] (50.0%) | Val Acc: 0.9769 | Test Acc: 0.9808 | VRAM (Alloc/Reserved): 235.6/870.0 MiB | Time: 533.1s
[ByzFL-SNN]   [Step 300/500] (60.0%) | Val Acc: 0.9795 | Test Acc: 0.9819 | VRAM (Alloc/Reserved): 237.4/870.0 MiB | Time: 609.0s
[ByzFL-SNN]   [Step 350/500] (70.0%) | Val Acc: 0.9818 | Test Acc: 0.9837 | VRAM (Alloc/Reserved): 241.5/872.0 MiB | Time: 667.7s
[ByzFL-SNN]   [Step 400/500] (80.0%) | Val Acc: 0.9838 | Test Acc: 0.9849 | VRAM (Alloc/Reserved): 238.0/872.0 MiB | Time: 733.2s
[ByzFL-SNN]   [Step 450/500] (90.0%) | Val Acc: 0.9838 | Test Acc: 0.9857 | VRAM (Alloc/Reserved): 237.8/872.0 MiB | Time: 780.3s
[ByzFL-SNN] [Training Complete] Peak VRAM (Alloc/Reserved): 782.5/872.0 MiB | Total time: 828.0s

Training 44 done
All trainings finished.
Warning: Best hyperparameter selection skipped or failed: ./results/snn/atan_alpha_sweep/mnist_cnn_mnist_snn_n_10_f_0_d_0_gamma_similarity_niid_1.0_Average__SignFlipping_lr_0.05_mom_0.9_wd_0.0001_ts_25_enc_constant_beta_0.95_learn_threshold_False_surrogate_gradient_atan_threshold_1.0/val_accuracy_tr_seed_42_dd_seed_42.txt not found.

Generating baseline convergence plots for Atan Alpha Sweep...
Scanning results directory: ./results/snn/atan_alpha_sweep
Detected varying parameter for plotting: 'alpha'
--> Saved convergence plot: ./plots/snn/atan_alpha_sweep/baseline_alpha_convergence.png
--> Saved final accuracy summary: ./plots/snn/atan_alpha_sweep/final_accuracy_vs_alpha.png
