nohup: ignoring input

=======================================================
Running CNN CIFAR-10 Baseline Sweep (6000 steps, f=0)
=======================================================
Total trainings to do: 1
Running 1 trainings in parallel...
Files already downloaded and verified
Files already downloaded and verified
Files already downloaded and verified

[ByzFL-SNN] [Training Start] Model: cnn_cifar | Dataset: cifar10
[ByzFL-SNN]   Clients: 10 honest, 0 byzantine | Algorithm: DSGD
[ByzFL-SNN]   Learning Rate: 0.05 | Steps: 6000 | Device: cuda
[ByzFL-SNN]   Validation samples: 10000 | Test samples: 10000
[ByzFL-SNN] Initial VRAM (Alloc/Reserved): 186.2/230.0 MiB
[ByzFL-SNN]   [Step 0/6000] (0.0%) | Val Acc: 0.0790 | Test Acc: 0.0819 | VRAM (Alloc/Reserved): 194.4/284.0 MiB | Time: 3.2s
[ByzFL-SNN]   [Step 200/6000] (3.3%) | Val Acc: 0.3101 | Test Acc: 0.3091 | VRAM (Alloc/Reserved): 300.7/538.0 MiB | Time: 83.8s
[ByzFL-SNN]   [Step 400/6000] (6.7%) | Val Acc: 0.4181 | Test Acc: 0.4142 | VRAM (Alloc/Reserved): 300.5/538.0 MiB | Time: 152.6s
[ByzFL-SNN]   [Step 600/6000] (10.0%) | Val Acc: 0.4947 | Test Acc: 0.4988 | VRAM (Alloc/Reserved): 302.4/538.0 MiB | Time: 220.1s
[ByzFL-SNN]   [Step 800/6000] (13.3%) | Val Acc: 0.5526 | Test Acc: 0.5465 | VRAM (Alloc/Reserved): 304.0/538.0 MiB | Time: 287.1s
[ByzFL-SNN]   [Step 1000/6000] (16.7%) | Val Acc: 0.5741 | Test Acc: 0.5688 | VRAM (Alloc/Reserved): 301.7/538.0 MiB | Time: 354.6s
[ByzFL-SNN]   [Step 1200/6000] (20.0%) | Val Acc: 0.6354 | Test Acc: 0.6318 | VRAM (Alloc/Reserved): 301.6/538.0 MiB | Time: 421.6s
[ByzFL-SNN]   [Step 1400/6000] (23.3%) | Val Acc: 0.6552 | Test Acc: 0.6516 | VRAM (Alloc/Reserved): 303.0/538.0 MiB | Time: 487.7s
[ByzFL-SNN]   [Step 1600/6000] (26.7%) | Val Acc: 0.6826 | Test Acc: 0.6886 | VRAM (Alloc/Reserved): 301.4/538.0 MiB | Time: 554.6s
[ByzFL-SNN]   [Step 1800/6000] (30.0%) | Val Acc: 0.7006 | Test Acc: 0.6984 | VRAM (Alloc/Reserved): 301.3/538.0 MiB | Time: 621.8s
[ByzFL-SNN]   [Step 2000/6000] (33.3%) | Val Acc: 0.7128 | Test Acc: 0.7093 | VRAM (Alloc/Reserved): 301.9/538.0 MiB | Time: 689.0s
[ByzFL-SNN]   [Step 2200/6000] (36.7%) | Val Acc: 0.7347 | Test Acc: 0.7323 | VRAM (Alloc/Reserved): 302.0/538.0 MiB | Time: 756.0s
[ByzFL-SNN]   [Step 2400/6000] (40.0%) | Val Acc: 0.7230 | Test Acc: 0.7209 | VRAM (Alloc/Reserved): 304.0/538.0 MiB | Time: 822.6s
[ByzFL-SNN]   [Step 2600/6000] (43.3%) | Val Acc: 0.7529 | Test Acc: 0.7498 | VRAM (Alloc/Reserved): 301.8/538.0 MiB | Time: 889.5s
[ByzFL-SNN]   [Step 2800/6000] (46.7%) | Val Acc: 0.7643 | Test Acc: 0.7648 | VRAM (Alloc/Reserved): 303.2/540.0 MiB | Time: 956.4s
[ByzFL-SNN]   [Step 3000/6000] (50.0%) | Val Acc: 0.7677 | Test Acc: 0.7705 | VRAM (Alloc/Reserved): 301.3/540.0 MiB | Time: 1023.2s
[ByzFL-SNN]   [Step 3200/6000] (53.3%) | Val Acc: 0.7826 | Test Acc: 0.7847 | VRAM (Alloc/Reserved): 301.2/540.0 MiB | Time: 1089.8s
[ByzFL-SNN]   [Step 3400/6000] (56.7%) | Val Acc: 0.7762 | Test Acc: 0.7768 | VRAM (Alloc/Reserved): 300.4/540.0 MiB | Time: 1157.2s
[ByzFL-SNN]   [Step 3600/6000] (60.0%) | Val Acc: 0.7841 | Test Acc: 0.7831 | VRAM (Alloc/Reserved): 300.9/540.0 MiB | Time: 1223.9s
[ByzFL-SNN]   [Step 3800/6000] (63.3%) | Val Acc: 0.7977 | Test Acc: 0.7943 | VRAM (Alloc/Reserved): 303.5/540.0 MiB | Time: 1290.9s
[ByzFL-SNN]   [Step 4000/6000] (66.7%) | Val Acc: 0.7968 | Test Acc: 0.7929 | VRAM (Alloc/Reserved): 302.7/540.0 MiB | Time: 1357.6s
[ByzFL-SNN]   [Step 4200/6000] (70.0%) | Val Acc: 0.7973 | Test Acc: 0.7934 | VRAM (Alloc/Reserved): 300.2/540.0 MiB | Time: 1424.4s
[ByzFL-SNN]   [Step 4400/6000] (73.3%) | Val Acc: 0.8011 | Test Acc: 0.8026 | VRAM (Alloc/Reserved): 301.7/540.0 MiB | Time: 1492.1s
[ByzFL-SNN]   [Step 4600/6000] (76.7%) | Val Acc: 0.8028 | Test Acc: 0.8021 | VRAM (Alloc/Reserved): 301.5/540.0 MiB | Time: 1559.6s
[ByzFL-SNN]   [Step 4800/6000] (80.0%) | Val Acc: 0.7974 | Test Acc: 0.7999 | VRAM (Alloc/Reserved): 302.9/540.0 MiB | Time: 1626.9s
[ByzFL-SNN]   [Step 5000/6000] (83.3%) | Val Acc: 0.7988 | Test Acc: 0.7946 | VRAM (Alloc/Reserved): 301.1/540.0 MiB | Time: 1694.4s
[ByzFL-SNN]   [Step 5200/6000] (86.7%) | Val Acc: 0.8117 | Test Acc: 0.8098 | VRAM (Alloc/Reserved): 300.5/540.0 MiB | Time: 1761.6s
[ByzFL-SNN]   [Step 5400/6000] (90.0%) | Val Acc: 0.8137 | Test Acc: 0.8061 | VRAM (Alloc/Reserved): 301.5/540.0 MiB | Time: 1828.8s
[ByzFL-SNN]   [Step 5600/6000] (93.3%) | Val Acc: 0.8101 | Test Acc: 0.8065 | VRAM (Alloc/Reserved): 303.5/540.0 MiB | Time: 1895.8s
[ByzFL-SNN]   [Step 5800/6000] (96.7%) | Val Acc: 0.8135 | Test Acc: 0.8086 | VRAM (Alloc/Reserved): 301.3/540.0 MiB | Time: 1963.2s
[ByzFL-SNN] [Training Complete] Peak VRAM (Alloc/Reserved): 403.4/540.0 MiB | Total time: 2027.8s

Training 0 done
All trainings finished.
Done

Generating heatmaps for CNN CIFAR-10 Baseline...
--> CNN plots successfully saved in: ./plots/cnn/cifar_baseline
