This is pdfTeX, Version 3.141592653-2.6-1.40.29 (MiKTeX 26.5) (preloaded format=pdflatex 2026.6.22)  26 JUN 2026 11:41
entering extended mode
 restricted \write18 enabled.
 file:line:error style messages enabled.
 %&-line parsing enabled.
**c:/Users/7430/Desktop/SummerIntheLab/ByzFL_SNN/comparison_plots_cnn_vs_snn_direct_f10.tex
(c:/Users/7430/Desktop/SummerIntheLab/ByzFL_SNN/comparison_plots_cnn_vs_snn_direct_f10.tex
LaTeX2e <2026-06-01>
L3 programming layer <2026-05-26>
(C:\Users\7430\AppData\Local\Programs\MiKTeX\tex/latex/base\article.cls
Document Class: article 2025/01/22 v1.4n Standard LaTeX document class
(C:\Users\7430\AppData\Local\Programs\MiKTeX\tex/latex/base\size10.clo
File: size10.clo 2025/01/22 v1.4n Standard LaTeX file (size option)
)
\c@part=\count276
\c@section=\count277
\c@subsection=\count278
\c@subsubsection=\count279
\c@paragraph=\count280
\c@subparagraph=\count281
\c@figure=\count282
\c@table=\count283
\abovecaptionskip=\skip49
\belowcaptionskip=\skip50
\bibindent=\dimen150
) (C:\Users\7430\AppData\Local\Programs\MiKTeX\tex/latex/graphics\graphicx.sty
Package: graphicx 2026-05-17 v1.2e Enhanced LaTeX Graphics (DPC,SPQR)
 (C:\Users\7430\AppData\Local\Programs\MiKTeX\tex/latex/graphics\keyval.sty
Package: keyval 2026-05-17 v1.15 key=value parser (DPC)
\KV@toks@=\toks17
) (C:\Users\7430\AppData\Local\Programs\MiKTeX\tex/latex/graphics\graphics.sty
Package: graphics 2026-05-17 v1.4h Standard LaTeX Graphics (DPC,SPQR)
 (C:\Users\7430\AppData\Local\Programs\MiKTeX\tex/latex/graphics\trig.sty
Package: trig 2023/12/02 v1.11 sin cos tan (DPC)
) (C:\Users\7430\AppData\Local\Programs\MiKTeX\tex/latex/graphics-cfg\graphics.cfg
File: graphics.cfg 2016/06/04 v1.11 sample graphics configuration
)
Package graphics Info: Driver file: pdftex.def on input line 106.
 (C:\Users\7430\AppData\Local\Programs\MiKTeX\tex/latex/graphics-def\pdftex.def
File: pdftex.def 2025/09/29 v1.2d Graphics/color driver for pdftex
))
\Gin@req@height=\dimen151
\Gin@req@width=\dimen152
) (C:\Users\7430\AppData\Local\Programs\MiKTeX\tex/latex/caption\subcaption.sty
Package: subcaption 2023/07/28 v1.6b Sub-captions (AR)
 (C:\Users\7430\AppData\Local\Programs\MiKTeX\tex/latex/caption\caption.sty
Package: caption 2023/08/05 v3.6o Customizing captions (AR)
 (C:\Users\7430\AppData\Local\Programs\MiKTeX\tex/latex/caption\caption3.sty
Package: caption3 2023/07/31 v2.4d caption3 kernel (AR)
\caption@tempdima=\dimen153
\captionmargin=\dimen154
\caption@leftmargin=\dimen155
\caption@rightmargin=\dimen156
\caption@width=\dimen157
\caption@indent=\dimen158
\caption@parindent=\dimen159
\caption@hangindent=\dimen160
Package caption Info: Standard document class detected.
)
\c@caption@flags=\count284
\c@continuedfloat=\count285
)
Package caption Info: New subtype `subfigure' on input line 238.
\c@subfigure=\count286
Package caption Info: New subtype `subtable' on input line 238.
\c@subtable=\count287
) (C:\Users\7430\AppData\Local\Programs\MiKTeX\tex/latex/geometry\geometry.sty
Package: geometry 2026/03/07 v6.0 Page Geometry
 (C:\Users\7430\AppData\Local\Programs\MiKTeX\tex/generic/iftex\ifvtex.sty
Package: ifvtex 2019/10/25 v1.7 ifvtex legacy package. Use iftex instead.
 (C:\Users\7430\AppData\Local\Programs\MiKTeX\tex/generic/iftex\iftex.sty
Package: iftex 2024/12/12 v1.0g TeX engine tests
))
\Gm@cnth=\count288
\Gm@cntv=\count289
\c@Gm@tempcnt=\count290
\Gm@bindingoffset=\dimen161
\Gm@wd@mp=\dimen162
\Gm@odd@mp=\dimen163
\Gm@even@mp=\dimen164
\Gm@layoutwidth=\dimen165
\Gm@layoutheight=\dimen166
\Gm@layouthoffset=\dimen167
\Gm@layoutvoffset=\dimen168
\Gm@dimlist=\toks18
 (C:\Users\7430\AppData\Local\Programs\MiKTeX\tex/latex/geometry\geometry.cfg)) (C:\Users\7430\AppData\Local\Programs\MiKTeX\tex/latex/hyperref\hyperref.sty
Package: hyperref 2026-04-24 v7.01q Hypertext links for LaTeX
 (C:\Users\7430\AppData\Local\Programs\MiKTeX\tex/latex/kvsetkeys\kvsetkeys.sty
Package: kvsetkeys 2022-10-05 v1.19 Key value parser (HO)
) (C:\Users\7430\AppData\Local\Programs\MiKTeX\tex/generic/kvdefinekeys\kvdefinekeys.sty
Package: kvdefinekeys 2019-12-19 v1.6 Define keys (HO)
) (C:\Users\7430\AppData\Local\Programs\MiKTeX\tex/generic/pdfescape\pdfescape.sty
Package: pdfescape 2019/12/09 v1.15 Implements pdfTeX's escape features (HO)
 (C:\Users\7430\AppData\Local\Programs\MiKTeX\tex/generic/ltxcmds\ltxcmds.sty
Package: ltxcmds 2023-12-04 v1.26 LaTeX kernel commands for general use (HO)
) (C:\Users\7430\AppData\Local\Programs\MiKTeX\tex/generic/pdftexcmds\pdftexcmds.sty
Package: pdftexcmds 2020-06-27 v0.33 Utility functions of pdfTeX for LuaTeX (HO)
 (C:\Users\7430\AppData\Local\Programs\MiKTeX\tex/generic/infwarerr\infwarerr.sty
Package: infwarerr 2019/12/03 v1.5 Providing info/warning/error messages (HO)
)
Package pdftexcmds Info: \pdf@primitive is available.
Package pdftexcmds Info: \pdf@ifprimitive is available.
Package pdftexcmds Info: \pdfdraftmode found.
)) (C:\Users\7430\AppData\Local\Programs\MiKTeX\tex/latex/hycolor\hycolor.sty
Package: hycolor 2020-01-27 v1.10 Color options for hyperref/bookmark (HO)
) (C:\Users\7430\AppData\Local\Programs\MiKTeX\tex/latex/hyperref\nameref.sty
Package: nameref 2026-01-29 v2.58 Cross-referencing by name of section
 (C:\Users\7430\AppData\Local\Programs\MiKTeX\tex/latex/refcount\refcount.sty
Package: refcount 2019/12/15 v3.6 Data extraction from label references (HO)
) (C:\Users\7430\AppData\Local\Programs\MiKTeX\tex/generic/gettitlestring\gettitlestring.sty
Package: gettitlestring 2019/12/15 v1.6 Cleanup title references (HO)
 (C:\Users\7430\AppData\Local\Programs\MiKTeX\tex/latex/kvoptions\kvoptions.sty
Package: kvoptions 2022-06-15 v3.15 Key value format for package options (HO)
))
\c@section@level=\count291
) (C:\Users\7430\AppData\Local\Programs\MiKTeX\tex/latex/etoolbox\etoolbox.sty
Package: etoolbox 2025/10/02 v2.5m e-TeX tools for LaTeX (JAW)
\etb@tempcnta=\count292
) (C:\Users\7430\AppData\Local\Programs\MiKTeX\tex/generic/stringenc\stringenc.sty
Package: stringenc 2019/11/29 v1.12 Convert strings between diff. encodings (HO)
)
\@linkdim=\dimen169
\Hy@linkcounter=\count293
\Hy@pagecounter=\count294
 (C:\Users\7430\AppData\Local\Programs\MiKTeX\tex/latex/hyperref\pd1enc.def
File: pd1enc.def 2026-04-24 v7.01q Hyperref: PDFDocEncoding definition (HO)
Now handling font encoding PD1 ...
... no UTF-8 mapping file for font encoding PD1
) (C:\Users\7430\AppData\Local\Programs\MiKTeX\tex/generic/intcalc\intcalc.sty
Package: intcalc 2019/12/15 v1.3 Expandable calculations with integers (HO)
)
\Hy@SavedSpaceFactor=\count295
 (C:\Users\7430\AppData\Local\Programs\MiKTeX\tex/latex/hyperref\puenc.def
File: puenc.def 2026-04-24 v7.01q Hyperref: PDF Unicode definition (HO)
Now handling font encoding PU ...
... no UTF-8 mapping file for font encoding PU
)
Package hyperref Info: Hyper figures OFF on input line 4199.
Package hyperref Info: Link nesting OFF on input line 4204.
Package hyperref Info: Hyper index ON on input line 4207.
Package hyperref Info: Plain pages OFF on input line 4214.
Package hyperref Info: Backreferencing OFF on input line 4219.
Package hyperref Info: Implicit mode ON; LaTeX internals redefined.
Package hyperref Info: Bookmarks ON on input line 4466.
\c@Hy@tempcnt=\count296
 (C:\Users\7430\AppData\Local\Programs\MiKTeX\tex/latex/url\url.sty
\Urlmuskip=\muskip17
Package: url 2013/09/16  ver 3.4  Verb mode for urls, etc.
)
LaTeX Info: Redefining \url on input line 4805.
\XeTeXLinkMargin=\dimen170
 (C:\Users\7430\AppData\Local\Programs\MiKTeX\tex/generic/bitset\bitset.sty
Package: bitset 2019/12/09 v1.3 Handle bit-vector datatype (HO)
 (C:\Users\7430\AppData\Local\Programs\MiKTeX\tex/generic/bigintcalc\bigintcalc.sty
Package: bigintcalc 2019/12/15 v1.5 Expandable calculations on big integers (HO)
))
\Fld@menulength=\count297
\Field@Width=\dimen171
\Fld@charsize=\dimen172
Package hyperref Info: Hyper figures OFF on input line 6091.
Package hyperref Info: Link nesting OFF on input line 6096.
Package hyperref Info: Hyper index ON on input line 6099.
Package hyperref Info: backreferencing OFF on input line 6106.
Package hyperref Info: Link coloring OFF on input line 6111.
Package hyperref Info: Link coloring with OCG OFF on input line 6116.
Package hyperref Info: PDF/A mode OFF on input line 6121.
\Hy@abspage=\count298
\c@Item=\count299
\c@Hfootnote=\count300
)
Package hyperref Info: Driver (autodetected): hpdftex.
 (C:\Users\7430\AppData\Local\Programs\MiKTeX\tex/latex/hyperref\hpdftex.def
File: hpdftex.def 2026-04-24 v7.01q Hyperref driver for pdfTeX
\Fld@listcount=\count301
\c@bookmark@seq@number=\count302
 (C:\Users\7430\AppData\Local\Programs\MiKTeX\tex/latex/rerunfilecheck\rerunfilecheck.sty
Package: rerunfilecheck 2025-06-21 v1.11 Rerun checks for auxiliary files (HO)
 (C:\Users\7430\AppData\Local\Programs\MiKTeX\tex/generic/uniquecounter\uniquecounter.sty
Package: uniquecounter 2019/12/15 v1.4 Provide unlimited unique counter (HO)
)
Package uniquecounter Info: New unique counter `rerunfilecheck' on input line 284.
)
\Hy@SectionHShift=\skip51
) (C:\Users\7430\AppData\Local\Programs\MiKTeX\tex/latex/grffile\grffile.sty
Package: grffile 2019/11/11 v2.1 Extended file name support for graphics (legacy)
Package grffile Info: This package is an empty stub for compatibility on input line 40.
)
Package hyperref Info: Option `colorlinks' set `true' on input line 18.
 (C:\Users\7430\AppData\Local\Programs\MiKTeX\tex/latex/l3backend\l3backend-pdftex.def
File: l3backend-pdftex.def 2026-02-18 L3 backend support: PDF output (pdfTeX)
\l__color_backend_stack_int=\count303
) (comparison_plots_cnn_vs_snn_direct_f10.aux)
\openout1 = `comparison_plots_cnn_vs_snn_direct_f10.aux'.

LaTeX Font Info:    Checking defaults for OML/cmm/m/it on input line 24.
LaTeX Font Info:    ... okay on input line 24.
LaTeX Font Info:    Checking defaults for OMS/cmsy/m/n on input line 24.
LaTeX Font Info:    ... okay on input line 24.
LaTeX Font Info:    Checking defaults for OT1/cmr/m/n on input line 24.
LaTeX Font Info:    ... okay on input line 24.
LaTeX Font Info:    Checking defaults for T1/cmr/m/n on input line 24.
LaTeX Font Info:    ... okay on input line 24.
LaTeX Font Info:    Checking defaults for TS1/cmr/m/n on input line 24.
LaTeX Font Info:    ... okay on input line 24.
LaTeX Font Info:    Checking defaults for OMX/cmex/m/n on input line 24.
LaTeX Font Info:    ... okay on input line 24.
LaTeX Font Info:    Checking defaults for U/cmr/m/n on input line 24.
LaTeX Font Info:    ... okay on input line 24.
LaTeX Font Info:    Checking defaults for PD1/pdf/m/n on input line 24.
LaTeX Font Info:    ... okay on input line 24.
LaTeX Font Info:    Checking defaults for PU/pdf/m/n on input line 24.
LaTeX Font Info:    ... okay on input line 24.
 (C:\Users\7430\AppData\Local\Programs\MiKTeX\tex/context/base/mkii\supp-pdf.mkii
[Loading MPS to PDF converter (version 2006.09.02).]
\scratchcounter=\count304
\scratchdimen=\dimen173
\scratchbox=\box53
\nofMPsegments=\count305
\nofMParguments=\count306
\everyMPshowfont=\toks19
\MPscratchCnt=\count307
\MPscratchDim=\dimen174
\MPnumerator=\count308
\makeMPintoPDFobject=\count309
\everyMPtoPDFconversion=\toks20
) (C:\Users\7430\AppData\Local\Programs\MiKTeX\tex/latex/epstopdf-pkg\epstopdf-base.sty
Package: epstopdf-base 2020-01-24 v2.11 Base part for package epstopdf
Package epstopdf-base Info: Redefining graphics rule for `.eps' on input line 485.
 (C:\Users\7430\AppData\Local\Programs\MiKTeX\tex/latex/00miktex\epstopdf-sys.cfg
File: epstopdf-sys.cfg 2021/03/18 v2.0 Configuration of epstopdf for MiKTeX
))
Package caption Info: Begin \AtBeginDocument code.
Package caption Info: hyperref package is loaded.
Package caption Info: End \AtBeginDocument code.

*geometry* driver: auto-detecting
*geometry* detected driver: pdftex
*geometry* verbose mode - [ preamble ] result:
* driver: pdftex
* paper: a4paper
* layout: <same size as paper>
* layoutoffset:(h,v)=(0.0pt,0.0pt)
* modes: 
* h-part:(L,W,R)=(57.81621pt, 481.87546pt, 57.81621pt)
* v-part:(T,H,B)=(57.81621pt, 729.41443pt, 57.81621pt)
* \paperwidth=597.50787pt
* \paperheight=845.04684pt
* \textwidth=481.87546pt
* \textheight=729.41443pt
* \oddsidemargin=-14.45378pt
* \evensidemargin=-14.45378pt
* \topmargin=-51.45378pt
* \headheight=12.0pt
* \headsep=25.0pt
* \topskip=10.0pt
* \footskip=30.0pt
* \marginparwidth=65.0pt
* \marginparsep=11.0pt
* \columnsep=10.0pt
* \skip\footins=9.0pt plus 4.0pt minus 2.0pt
* \hoffset=0.0pt
* \voffset=0.0pt
* \mag=1000
* \@twocolumnfalse
* \@twosidefalse
* \@mparswitchfalse
* \@reversemarginfalse
* (1in=72.27pt=25.4mm, 1cm=28.453pt)

(C:\Users\7430\AppData\Local\Programs\MiKTeX\tex/latex/graphics\color.sty
Package: color 2026-05-17 v1.3f Standard LaTeX Color (DPC)
 (C:\Users\7430\AppData\Local\Programs\MiKTeX\tex/latex/graphics-cfg\color.cfg
File: color.cfg 2016/01/02 v1.6 sample color configuration
)
Package color Info: Driver file: pdftex.def on input line 149.
 (C:\Users\7430\AppData\Local\Programs\MiKTeX\tex/latex/graphics\mathcolor.ltx))
Package hyperref Info: Link coloring ON on input line 24.
 (comparison_plots_cnn_vs_snn_direct_f10.out) (comparison_plots_cnn_vs_snn_direct_f10.out)
\@outlinefile=\write3
\openout3 = `comparison_plots_cnn_vs_snn_direct_f10.out'.

LaTeX Font Info:    External font `cmex10' loaded for size
(Font)              <17.28> on input line 27.
LaTeX Font Info:    External font `cmex10' loaded for size
(Font)              <12> on input line 27.
 (comparison_plots_cnn_vs_snn_direct_f10.toc
LaTeX Font Info:    External font `cmex10' loaded for size
(Font)              <7> on input line 3.
LaTeX Font Info:    External font `cmex10' loaded for size
(Font)              <5> on input line 3.
)
\tf@toc=\write4
\openout4 = `comparison_plots_cnn_vs_snn_direct_f10.toc'.

 [1

{C:/Users/7430/AppData/Local/MiKTeX/fonts/map/pdftex/pdftex.map}]
Overfull \hbox (32.38246pt too wide) in paragraph at lines 35--36
[]\OT1/cmr/bx/n/10 SNN Di-rect\OT1/cmr/m/n/10 : Spik-ing Neu-ral Net-work with Di-rect en-cod-ing on MNIST (`plots[]cnn[]vs[]snn[]direct[]f10/snn[]direct`) 
 []

[2]
<plots_cnn_vs_snn_direct_f10/cnn/best_test_mnist_convnet_cnn_gamma_similarity_niid_NNM_ARC_nb_honest_clients_16_tolerated_f_equal_real.pdf, id=148, 462.52798pt x 346.89601pt>
File: plots_cnn_vs_snn_direct_f10/cnn/best_test_mnist_convnet_cnn_gamma_similarity_niid_NNM_ARC_nb_honest_clients_16_tolerated_f_equal_real.pdf Graphic file (type pdf)
<use plots_cnn_vs_snn_direct_f10/cnn/best_test_mnist_convnet_cnn_gamma_similarity_niid_NNM_ARC_nb_honest_clients_16_tolerated_f_equal_real.pdf>
Package pdftex.def Info: plots_cnn_vs_snn_direct_f10/cnn/best_test_mnist_convnet_cnn_gamma_similarity_niid_NNM_ARC_nb_honest_clients_16_tolerated_f_equal_real.pdf  used on input line 51.
(pdftex.def)             Requested size: 236.12161pt x 177.09459pt.
<plots_cnn_vs_snn_direct_f10/snn_direct/best_test_mnist_convnet_snn_gamma_similarity_niid_NNM_ARC_nb_honest_clients_16_tolerated_f_equal_real.pdf, id=149, 462.52798pt x 346.89601pt>
File: plots_cnn_vs_snn_direct_f10/snn_direct/best_test_mnist_convnet_snn_gamma_similarity_niid_NNM_ARC_nb_honest_clients_16_tolerated_f_equal_real.pdf Graphic file (type pdf)
<use plots_cnn_vs_snn_direct_f10/snn_direct/best_test_mnist_convnet_snn_gamma_similarity_niid_NNM_ARC_nb_honest_clients_16_tolerated_f_equal_real.pdf>
Package pdftex.def Info: plots_cnn_vs_snn_direct_f10/snn_direct/best_test_mnist_convnet_snn_gamma_similarity_niid_NNM_ARC_nb_honest_clients_16_tolerated_f_equal_real.pdf  used on input line 57.
(pdftex.def)             Requested size: 236.12161pt x 177.09459pt.
 [3 <./plots_cnn_vs_snn_direct_f10/cnn/best_test_mnist_convnet_cnn_gamma_similarity_niid_NNM_ARC_nb_honest_clients_16_tolerated_f_equal_real.pdf> <./plots_cnn_vs_snn_direct_f10/snn_direct/best_test_mnist_convnet_snn_gamma_similarity_niid_NNM_ARC_nb_honest_clients_16_tolerated_f_equal_real.pdf>]
<plots_cnn_vs_snn_direct_f10/cnn/test_mnist_convnet_cnn_gamma_similarity_niid_NNM_ARC_CenteredClipping_nb_honest_clients_16_tolerated_f_equal_real.pdf, id=237, 462.52798pt x 346.89601pt>
File: plots_cnn_vs_snn_direct_f10/cnn/test_mnist_convnet_cnn_gamma_similarity_niid_NNM_ARC_CenteredClipping_nb_honest_clients_16_tolerated_f_equal_real.pdf Graphic file (type pdf)
<use plots_cnn_vs_snn_direct_f10/cnn/test_mnist_convnet_cnn_gamma_similarity_niid_NNM_ARC_CenteredClipping_nb_honest_clients_16_tolerated_f_equal_real.pdf>
Package pdftex.def Info: plots_cnn_vs_snn_direct_f10/cnn/test_mnist_convnet_cnn_gamma_similarity_niid_NNM_ARC_CenteredClipping_nb_honest_clients_16_tolerated_f_equal_real.pdf  used on input line 71.
(pdftex.def)             Requested size: 236.12161pt x 177.09459pt.
<plots_cnn_vs_snn_direct_f10/snn_direct/test_mnist_convnet_snn_gamma_similarity_niid_NNM_ARC_CenteredClipping_nb_honest_clients_16_tolerated_f_equal_real.pdf, id=238, 462.52798pt x 346.89601pt>
File: plots_cnn_vs_snn_direct_f10/snn_direct/test_mnist_convnet_snn_gamma_similarity_niid_NNM_ARC_CenteredClipping_nb_honest_clients_16_tolerated_f_equal_real.pdf Graphic file (type pdf)
<use plots_cnn_vs_snn_direct_f10/snn_direct/test_mnist_convnet_snn_gamma_similarity_niid_NNM_ARC_CenteredClipping_nb_honest_clients_16_tolerated_f_equal_real.pdf>
Package pdftex.def Info: plots_cnn_vs_snn_direct_f10/snn_direct/test_mnist_convnet_snn_gamma_similarity_niid_NNM_ARC_CenteredClipping_nb_honest_clients_16_tolerated_f_equal_real.pdf  used on input line 77.
(pdftex.def)             Requested size: 236.12161pt x 177.09459pt.
<plots_cnn_vs_snn_direct_f10/cnn/test_mnist_convnet_cnn_gamma_similarity_niid_NNM_ARC_GeometricMedian_nb_honest_clients_16_tolerated_f_equal_real.pdf, id=239, 462.52798pt x 346.89601pt>
File: plots_cnn_vs_snn_direct_f10/cnn/test_mnist_convnet_cnn_gamma_similarity_niid_NNM_ARC_GeometricMedian_nb_honest_clients_16_tolerated_f_equal_real.pdf Graphic file (type pdf)
<use plots_cnn_vs_snn_direct_f10/cnn/test_mnist_convnet_cnn_gamma_similarity_niid_NNM_ARC_GeometricMedian_nb_honest_clients_16_tolerated_f_equal_real.pdf>
Package pdftex.def Info: plots_cnn_vs_snn_direct_f10/cnn/test_mnist_convnet_cnn_gamma_similarity_niid_NNM_ARC_GeometricMedian_nb_honest_clients_16_tolerated_f_equal_real.pdf  used on input line 89.
(pdftex.def)             Requested size: 236.12161pt x 177.09459pt.
<plots_cnn_vs_snn_direct_f10/snn_direct/test_mnist_convnet_snn_gamma_similarity_niid_NNM_ARC_GeometricMedian_nb_honest_clients_16_tolerated_f_equal_real.pdf, id=240, 462.52798pt x 346.89601pt>
File: plots_cnn_vs_snn_direct_f10/snn_direct/test_mnist_convnet_snn_gamma_similarity_niid_NNM_ARC_GeometricMedian_nb_honest_clients_16_tolerated_f_equal_real.pdf Graphic file (type pdf)
<use plots_cnn_vs_snn_direct_f10/snn_direct/test_mnist_convnet_snn_gamma_similarity_niid_NNM_ARC_GeometricMedian_nb_honest_clients_16_tolerated_f_equal_real.pdf>
Package pdftex.def Info: plots_cnn_vs_snn_direct_f10/snn_direct/test_mnist_convnet_snn_gamma_similarity_niid_NNM_ARC_GeometricMedian_nb_honest_clients_16_tolerated_f_equal_real.pdf  used on input line 95.
(pdftex.def)             Requested size: 236.12161pt x 177.09459pt.
 [4

 <./plots_cnn_vs_snn_direct_f10/cnn/test_mnist_convnet_cnn_gamma_similarity_niid_NNM_ARC_CenteredClipping_nb_honest_clients_16_tolerated_f_equal_real.pdf> <./plots_cnn_vs_snn_direct_f10/snn_direct/test_mnist_convnet_snn_gamma_similarity_niid_NNM_ARC_CenteredClipping_nb_honest_clients_16_tolerated_f_equal_real.pdf> <./plots_cnn_vs_snn_direct_f10/cnn/test_mnist_convnet_cnn_gamma_similarity_niid_NNM_ARC_GeometricMedian_nb_honest_clients_16_tolerated_f_equal_real.pdf> <./plots_cnn_vs_snn_direct_f10/snn_direct/test_mnist_convnet_snn_gamma_similarity_niid_NNM_ARC_GeometricMedian_nb_honest_clients_16_tolerated_f_equal_real.pdf>]
<plots_cnn_vs_snn_direct_f10/cnn/test_mnist_convnet_cnn_gamma_similarity_niid_NNM_ARC_MultiKrum_nb_honest_clients_16_tolerated_f_equal_real.pdf, id=409, 462.52798pt x 346.89601pt>
File: plots_cnn_vs_snn_direct_f10/cnn/test_mnist_convnet_cnn_gamma_similarity_niid_NNM_ARC_MultiKrum_nb_honest_clients_16_tolerated_f_equal_real.pdf Graphic file (type pdf)
<use plots_cnn_vs_snn_direct_f10/cnn/test_mnist_convnet_cnn_gamma_similarity_niid_NNM_ARC_MultiKrum_nb_honest_clients_16_tolerated_f_equal_real.pdf>
Package pdftex.def Info: plots_cnn_vs_snn_direct_f10/cnn/test_mnist_convnet_cnn_gamma_similarity_niid_NNM_ARC_MultiKrum_nb_honest_clients_16_tolerated_f_equal_real.pdf  used on input line 109.
(pdftex.def)             Requested size: 236.12161pt x 177.09459pt.
<plots_cnn_vs_snn_direct_f10/snn_direct/test_mnist_convnet_snn_gamma_similarity_niid_NNM_ARC_MultiKrum_nb_honest_clients_16_tolerated_f_equal_real.pdf, id=410, 462.52798pt x 346.89601pt>
File: plots_cnn_vs_snn_direct_f10/snn_direct/test_mnist_convnet_snn_gamma_similarity_niid_NNM_ARC_MultiKrum_nb_honest_clients_16_tolerated_f_equal_real.pdf Graphic file (type pdf)
<use plots_cnn_vs_snn_direct_f10/snn_direct/test_mnist_convnet_snn_gamma_similarity_niid_NNM_ARC_MultiKrum_nb_honest_clients_16_tolerated_f_equal_real.pdf>
Package pdftex.def Info: plots_cnn_vs_snn_direct_f10/snn_direct/test_mnist_convnet_snn_gamma_similarity_niid_NNM_ARC_MultiKrum_nb_honest_clients_16_tolerated_f_equal_real.pdf  used on input line 115.
(pdftex.def)             Requested size: 236.12161pt x 177.09459pt.
<plots_cnn_vs_snn_direct_f10/cnn/test_mnist_convnet_cnn_gamma_similarity_niid_NNM_ARC_TrMean_nb_honest_clients_16_tolerated_f_equal_real.pdf, id=411, 462.52798pt x 346.89601pt>
File: plots_cnn_vs_snn_direct_f10/cnn/test_mnist_convnet_cnn_gamma_similarity_niid_NNM_ARC_TrMean_nb_honest_clients_16_tolerated_f_equal_real.pdf Graphic file (type pdf)
<use plots_cnn_vs_snn_direct_f10/cnn/test_mnist_convnet_cnn_gamma_similarity_niid_NNM_ARC_TrMean_nb_honest_clients_16_tolerated_f_equal_real.pdf>
Package pdftex.def Info: plots_cnn_vs_snn_direct_f10/cnn/test_mnist_convnet_cnn_gamma_similarity_niid_NNM_ARC_TrMean_nb_honest_clients_16_tolerated_f_equal_real.pdf  used on input line 127.
(pdftex.def)             Requested size: 236.12161pt x 177.09459pt.
<plots_cnn_vs_snn_direct_f10/snn_direct/test_mnist_convnet_snn_gamma_similarity_niid_NNM_ARC_TrMean_nb_honest_clients_16_tolerated_f_equal_real.pdf, id=412, 462.52798pt x 346.89601pt>
File: plots_cnn_vs_snn_direct_f10/snn_direct/test_mnist_convnet_snn_gamma_similarity_niid_NNM_ARC_TrMean_nb_honest_clients_16_tolerated_f_equal_real.pdf Graphic file (type pdf)
<use plots_cnn_vs_snn_direct_f10/snn_direct/test_mnist_convnet_snn_gamma_similarity_niid_NNM_ARC_TrMean_nb_honest_clients_16_tolerated_f_equal_real.pdf>
Package pdftex.def Info: plots_cnn_vs_snn_direct_f10/snn_direct/test_mnist_convnet_snn_gamma_similarity_niid_NNM_ARC_TrMean_nb_honest_clients_16_tolerated_f_equal_real.pdf  used on input line 133.
(pdftex.def)             Requested size: 236.12161pt x 177.09459pt.
 [5

 <./plots_cnn_vs_snn_direct_f10/cnn/test_mnist_convnet_cnn_gamma_similarity_niid_NNM_ARC_MultiKrum_nb_honest_clients_16_tolerated_f_equal_real.pdf> <./plots_cnn_vs_snn_direct_f10/snn_direct/test_mnist_convnet_snn_gamma_similarity_niid_NNM_ARC_MultiKrum_nb_honest_clients_16_tolerated_f_equal_real.pdf> <./plots_cnn_vs_snn_direct_f10/cnn/test_mnist_convnet_cnn_gamma_similarity_niid_NNM_ARC_TrMean_nb_honest_clients_16_tolerated_f_equal_real.pdf> <./plots_cnn_vs_snn_direct_f10/snn_direct/test_mnist_convnet_snn_gamma_similarity_niid_NNM_ARC_TrMean_nb_honest_clients_16_tolerated_f_equal_real.pdf>]
<plots_cnn_vs_snn_direct_f10/cnn/best_test_Optimal_ALittleIsEnough_mnist_convnet_cnn_gamma_similarity_niid_NNM_ARC_nb_honest_clients_16_tolerated_f_equal_real.pdf, id=581, 462.52798pt x 346.89601pt>
File: plots_cnn_vs_snn_direct_f10/cnn/best_test_Optimal_ALittleIsEnough_mnist_convnet_cnn_gamma_similarity_niid_NNM_ARC_nb_honest_clients_16_tolerated_f_equal_real.pdf Graphic file (type pdf)
<use plots_cnn_vs_snn_direct_f10/cnn/best_test_Optimal_ALittleIsEnough_mnist_convnet_cnn_gamma_similarity_niid_NNM_ARC_nb_honest_clients_16_tolerated_f_equal_real.pdf>
Package pdftex.def Info: plots_cnn_vs_snn_direct_f10/cnn/best_test_Optimal_ALittleIsEnough_mnist_convnet_cnn_gamma_similarity_niid_NNM_ARC_nb_honest_clients_16_tolerated_f_equal_real.pdf  used on input line 151.
(pdftex.def)             Requested size: 236.12161pt x 177.09459pt.
<plots_cnn_vs_snn_direct_f10/snn_direct/best_test_Optimal_ALittleIsEnough_mnist_convnet_snn_gamma_similarity_niid_NNM_ARC_nb_honest_clients_16_tolerated_f_equal_real.pdf, id=582, 462.52798pt x 346.89601pt>
File: plots_cnn_vs_snn_direct_f10/snn_direct/best_test_Optimal_ALittleIsEnough_mnist_convnet_snn_gamma_similarity_niid_NNM_ARC_nb_honest_clients_16_tolerated_f_equal_real.pdf Graphic file (type pdf)
<use plots_cnn_vs_snn_direct_f10/snn_direct/best_test_Optimal_ALittleIsEnough_mnist_convnet_snn_gamma_similarity_niid_NNM_ARC_nb_honest_clients_16_tolerated_f_equal_real.pdf>
Package pdftex.def Info: plots_cnn_vs_snn_direct_f10/snn_direct/best_test_Optimal_ALittleIsEnough_mnist_convnet_snn_gamma_similarity_niid_NNM_ARC_nb_honest_clients_16_tolerated_f_equal_real.pdf  used on input line 157.
(pdftex.def)             Requested size: 236.12161pt x 177.09459pt.
 [6

 <./plots_cnn_vs_snn_direct_f10/cnn/best_test_Optimal_ALittleIsEnough_mnist_convnet_cnn_gamma_similarity_niid_NNM_ARC_nb_honest_clients_16_tolerated_f_equal_real.pdf> <./plots_cnn_vs_snn_direct_f10/snn_direct/best_test_Optimal_ALittleIsEnough_mnist_convnet_snn_gamma_similarity_niid_NNM_ARC_nb_honest_clients_16_tolerated_f_equal_real.pdf>]
<plots_cnn_vs_snn_direct_f10/cnn/test_Optimal_ALittleIsEnough_mnist_convnet_cnn_gamma_similarity_niid_NNM_ARC_CenteredClipping_nb_honest_clients_16_tolerated_f_equal_real.pdf, id=686, 462.52798pt x 346.89601pt>
File: plots_cnn_vs_snn_direct_f10/cnn/test_Optimal_ALittleIsEnough_mnist_convnet_cnn_gamma_similarity_niid_NNM_ARC_CenteredClipping_nb_honest_clients_16_tolerated_f_equal_real.pdf Graphic file (type pdf)
<use plots_cnn_vs_snn_direct_f10/cnn/test_Optimal_ALittleIsEnough_mnist_convnet_cnn_gamma_similarity_niid_NNM_ARC_CenteredClipping_nb_honest_clients_16_tolerated_f_equal_real.pdf>
Package pdftex.def Info: plots_cnn_vs_snn_direct_f10/cnn/test_Optimal_ALittleIsEnough_mnist_convnet_cnn_gamma_similarity_niid_NNM_ARC_CenteredClipping_nb_honest_clients_16_tolerated_f_equal_real.pdf  used on input line 171.
(pdftex.def)             Requested size: 236.12161pt x 177.09459pt.
<plots_cnn_vs_snn_direct_f10/snn_direct/test_Optimal_ALittleIsEnough_mnist_convnet_snn_gamma_similarity_niid_NNM_ARC_CenteredClipping_nb_honest_clients_16_tolerated_f_equal_real.pdf, id=687, 462.52798pt x 346.89601pt>
File: plots_cnn_vs_snn_direct_f10/snn_direct/test_Optimal_ALittleIsEnough_mnist_convnet_snn_gamma_similarity_niid_NNM_ARC_CenteredClipping_nb_honest_clients_16_tolerated_f_equal_real.pdf Graphic file (type pdf)
<use plots_cnn_vs_snn_direct_f10/snn_direct/test_Optimal_ALittleIsEnough_mnist_convnet_snn_gamma_similarity_niid_NNM_ARC_CenteredClipping_nb_honest_clients_16_tolerated_f_equal_real.pdf>
Package pdftex.def Info: plots_cnn_vs_snn_direct_f10/snn_direct/test_Optimal_ALittleIsEnough_mnist_convnet_snn_gamma_similarity_niid_NNM_ARC_CenteredClipping_nb_honest_clients_16_tolerated_f_equal_real.pdf  used on input line 177.
(pdftex.def)             Requested size: 236.12161pt x 177.09459pt.
<plots_cnn_vs_snn_direct_f10/cnn/test_Optimal_ALittleIsEnough_mnist_convnet_cnn_gamma_similarity_niid_NNM_ARC_GeometricMedian_nb_honest_clients_16_tolerated_f_equal_real.pdf, id=688, 462.52798pt x 346.89601pt>
File: plots_cnn_vs_snn_direct_f10/cnn/test_Optimal_ALittleIsEnough_mnist_convnet_cnn_gamma_similarity_niid_NNM_ARC_GeometricMedian_nb_honest_clients_16_tolerated_f_equal_real.pdf Graphic file (type pdf)
<use plots_cnn_vs_snn_direct_f10/cnn/test_Optimal_ALittleIsEnough_mnist_convnet_cnn_gamma_similarity_niid_NNM_ARC_GeometricMedian_nb_honest_clients_16_tolerated_f_equal_real.pdf>
Package pdftex.def Info: plots_cnn_vs_snn_direct_f10/cnn/test_Optimal_ALittleIsEnough_mnist_convnet_cnn_gamma_similarity_niid_NNM_ARC_GeometricMedian_nb_honest_clients_16_tolerated_f_equal_real.pdf  used on input line 189.
(pdftex.def)             Requested size: 236.12161pt x 177.09459pt.
<plots_cnn_vs_snn_direct_f10/snn_direct/test_Optimal_ALittleIsEnough_mnist_convnet_snn_gamma_similarity_niid_NNM_ARC_GeometricMedian_nb_honest_clients_16_tolerated_f_equal_real.pdf, id=689, 462.52798pt x 346.89601pt>
File: plots_cnn_vs_snn_direct_f10/snn_direct/test_Optimal_ALittleIsEnough_mnist_convnet_snn_gamma_similarity_niid_NNM_ARC_GeometricMedian_nb_honest_clients_16_tolerated_f_equal_real.pdf Graphic file (type pdf)
<use plots_cnn_vs_snn_direct_f10/snn_direct/test_Optimal_ALittleIsEnough_mnist_convnet_snn_gamma_similarity_niid_NNM_ARC_GeometricMedian_nb_honest_clients_16_tolerated_f_equal_real.pdf>
Package pdftex.def Info: plots_cnn_vs_snn_direct_f10/snn_direct/test_Optimal_ALittleIsEnough_mnist_convnet_snn_gamma_similarity_niid_NNM_ARC_GeometricMedian_nb_honest_clients_16_tolerated_f_equal_real.pdf  used on input line 195.
(pdftex.def)             Requested size: 236.12161pt x 177.09459pt.
 [7

 <./plots_cnn_vs_snn_direct_f10/cnn/test_Optimal_ALittleIsEnough_mnist_convnet_cnn_gamma_similarity_niid_NNM_ARC_CenteredClipping_nb_honest_clients_16_tolerated_f_equal_real.pdf> <./plots_cnn_vs_snn_direct_f10/snn_direct/test_Optimal_ALittleIsEnough_mnist_convnet_snn_gamma_similarity_niid_NNM_ARC_CenteredClipping_nb_honest_clients_16_tolerated_f_equal_real.pdf> <./plots_cnn_vs_snn_direct_f10/cnn/test_Optimal_ALittleIsEnough_mnist_convnet_cnn_gamma_similarity_niid_NNM_ARC_GeometricMedian_nb_honest_clients_16_tolerated_f_equal_real.pdf> <./plots_cnn_vs_snn_direct_f10/snn_direct/test_Optimal_ALittleIsEnough_mnist_convnet_snn_gamma_similarity_niid_NNM_ARC_GeometricMedian_nb_honest_clients_16_tolerated_f_equal_real.pdf>]
<plots_cnn_vs_snn_direct_f10/cnn/test_Optimal_ALittleIsEnough_mnist_convnet_cnn_gamma_similarity_niid_NNM_ARC_MultiKrum_nb_honest_clients_16_tolerated_f_equal_real.pdf, id=894, 462.52798pt x 346.89601pt>
File: plots_cnn_vs_snn_direct_f10/cnn/test_Optimal_ALittleIsEnough_mnist_convnet_cnn_gamma_similarity_niid_NNM_ARC_MultiKrum_nb_honest_clients_16_tolerated_f_equal_real.pdf Graphic file (type pdf)
<use plots_cnn_vs_snn_direct_f10/cnn/test_Optimal_ALittleIsEnough_mnist_convnet_cnn_gamma_similarity_niid_NNM_ARC_MultiKrum_nb_honest_clients_16_tolerated_f_equal_real.pdf>
Package pdftex.def Info: plots_cnn_vs_snn_direct_f10/cnn/test_Optimal_ALittleIsEnough_mnist_convnet_cnn_gamma_similarity_niid_NNM_ARC_MultiKrum_nb_honest_clients_16_tolerated_f_equal_real.pdf  used on input line 209.
(pdftex.def)             Requested size: 236.12161pt x 177.09459pt.
<plots_cnn_vs_snn_direct_f10/snn_direct/test_Optimal_ALittleIsEnough_mnist_convnet_snn_gamma_similarity_niid_NNM_ARC_MultiKrum_nb_honest_clients_16_tolerated_f_equal_real.pdf, id=895, 462.52798pt x 346.89601pt>
File: plots_cnn_vs_snn_direct_f10/snn_direct/test_Optimal_ALittleIsEnough_mnist_convnet_snn_gamma_similarity_niid_NNM_ARC_MultiKrum_nb_honest_clients_16_tolerated_f_equal_real.pdf Graphic file (type pdf)
<use plots_cnn_vs_snn_direct_f10/snn_direct/test_Optimal_ALittleIsEnough_mnist_convnet_snn_gamma_similarity_niid_NNM_ARC_MultiKrum_nb_honest_clients_16_tolerated_f_equal_real.pdf>
Package pdftex.def Info: plots_cnn_vs_snn_direct_f10/snn_direct/test_Optimal_ALittleIsEnough_mnist_convnet_snn_gamma_similarity_niid_NNM_ARC_MultiKrum_nb_honest_clients_16_tolerated_f_equal_real.pdf  used on input line 215.
(pdftex.def)             Requested size: 236.12161pt x 177.09459pt.
<plots_cnn_vs_snn_direct_f10/cnn/test_Optimal_ALittleIsEnough_mnist_convnet_cnn_gamma_similarity_niid_NNM_ARC_TrMean_nb_honest_clients_16_tolerated_f_equal_real.pdf, id=896, 462.52798pt x 346.89601pt>
File: plots_cnn_vs_snn_direct_f10/cnn/test_Optimal_ALittleIsEnough_mnist_convnet_cnn_gamma_similarity_niid_NNM_ARC_TrMean_nb_honest_clients_16_tolerated_f_equal_real.pdf Graphic file (type pdf)
<use plots_cnn_vs_snn_direct_f10/cnn/test_Optimal_ALittleIsEnough_mnist_convnet_cnn_gamma_similarity_niid_NNM_ARC_TrMean_nb_honest_clients_16_tolerated_f_equal_real.pdf>
Package pdftex.def Info: plots_cnn_vs_snn_direct_f10/cnn/test_Optimal_ALittleIsEnough_mnist_convnet_cnn_gamma_similarity_niid_NNM_ARC_TrMean_nb_honest_clients_16_tolerated_f_equal_real.pdf  used on input line 227.
(pdftex.def)             Requested size: 236.12161pt x 177.09459pt.
<plots_cnn_vs_snn_direct_f10/snn_direct/test_Optimal_ALittleIsEnough_mnist_convnet_snn_gamma_similarity_niid_NNM_ARC_TrMean_nb_honest_clients_16_tolerated_f_equal_real.pdf, id=897, 462.52798pt x 346.89601pt>
File: plots_cnn_vs_snn_direct_f10/snn_direct/test_Optimal_ALittleIsEnough_mnist_convnet_snn_gamma_similarity_niid_NNM_ARC_TrMean_nb_honest_clients_16_tolerated_f_equal_real.pdf Graphic file (type pdf)
<use plots_cnn_vs_snn_direct_f10/snn_direct/test_Optimal_ALittleIsEnough_mnist_convnet_snn_gamma_similarity_niid_NNM_ARC_TrMean_nb_honest_clients_16_tolerated_f_equal_real.pdf>
Package pdftex.def Info: plots_cnn_vs_snn_direct_f10/snn_direct/test_Optimal_ALittleIsEnough_mnist_convnet_snn_gamma_similarity_niid_NNM_ARC_TrMean_nb_honest_clients_16_tolerated_f_equal_real.pdf  used on input line 233.
(pdftex.def)             Requested size: 236.12161pt x 177.09459pt.
 [8

 <./plots_cnn_vs_snn_direct_f10/cnn/test_Optimal_ALittleIsEnough_mnist_convnet_cnn_gamma_similarity_niid_NNM_ARC_MultiKrum_nb_honest_clients_16_tolerated_f_equal_real.pdf> <./plots_cnn_vs_snn_direct_f10/snn_direct/test_Optimal_ALittleIsEnough_mnist_convnet_snn_gamma_similarity_niid_NNM_ARC_MultiKrum_nb_honest_clients_16_tolerated_f_equal_real.pdf> <./plots_cnn_vs_snn_direct_f10/cnn/test_Optimal_ALittleIsEnough_mnist_convnet_cnn_gamma_similarity_niid_NNM_ARC_TrMean_nb_honest_clients_16_tolerated_f_equal_real.pdf> <./plots_cnn_vs_snn_direct_f10/snn_direct/test_Optimal_ALittleIsEnough_mnist_convnet_snn_gamma_similarity_niid_NNM_ARC_TrMean_nb_honest_clients_16_tolerated_f_equal_real.pdf>]
<plots_cnn_vs_snn_direct_f10/cnn/best_test_Optimal_InnerProductManipulation_mnist_convnet_cnn_gamma_similarity_niid_NNM_ARC_nb_honest_clients_16_tolerated_f_equal_real.pdf, id=1100, 462.52798pt x 346.89601pt>
File: plots_cnn_vs_snn_direct_f10/cnn/best_test_Optimal_InnerProductManipulation_mnist_convnet_cnn_gamma_similarity_niid_NNM_ARC_nb_honest_clients_16_tolerated_f_equal_real.pdf Graphic file (type pdf)
<use plots_cnn_vs_snn_direct_f10/cnn/best_test_Optimal_InnerProductManipulation_mnist_convnet_cnn_gamma_similarity_niid_NNM_ARC_nb_honest_clients_16_tolerated_f_equal_real.pdf>
Package pdftex.def Info: plots_cnn_vs_snn_direct_f10/cnn/best_test_Optimal_InnerProductManipulation_mnist_convnet_cnn_gamma_similarity_niid_NNM_ARC_nb_honest_clients_16_tolerated_f_equal_real.pdf  used on input line 251.
(pdftex.def)             Requested size: 236.12161pt x 177.09459pt.
<plots_cnn_vs_snn_direct_f10/snn_direct/best_test_Optimal_InnerProductManipulation_mnist_convnet_snn_gamma_similarity_niid_NNM_ARC_nb_honest_clients_16_tolerated_f_equal_real.pdf, id=1101, 462.52798pt x 346.89601pt>
File: plots_cnn_vs_snn_direct_f10/snn_direct/best_test_Optimal_InnerProductManipulation_mnist_convnet_snn_gamma_similarity_niid_NNM_ARC_nb_honest_clients_16_tolerated_f_equal_real.pdf Graphic file (type pdf)
<use plots_cnn_vs_snn_direct_f10/snn_direct/best_test_Optimal_InnerProductManipulation_mnist_convnet_snn_gamma_similarity_niid_NNM_ARC_nb_honest_clients_16_tolerated_f_equal_real.pdf>
Package pdftex.def Info: plots_cnn_vs_snn_direct_f10/snn_direct/best_test_Optimal_InnerProductManipulation_mnist_convnet_snn_gamma_similarity_niid_NNM_ARC_nb_honest_clients_16_tolerated_f_equal_real.pdf  used on input line 257.
(pdftex.def)             Requested size: 236.12161pt x 177.09459pt.
 [9

 <./plots_cnn_vs_snn_direct_f10/cnn/best_test_Optimal_InnerProductManipulation_mnist_convnet_cnn_gamma_similarity_niid_NNM_ARC_nb_honest_clients_16_tolerated_f_equal_real.pdf> <./plots_cnn_vs_snn_direct_f10/snn_direct/best_test_Optimal_InnerProductManipulation_mnist_convnet_snn_gamma_similarity_niid_NNM_ARC_nb_honest_clients_16_tolerated_f_equal_real.pdf>]
<plots_cnn_vs_snn_direct_f10/cnn/test_Optimal_InnerProductManipulation_mnist_convnet_cnn_gamma_similarity_niid_NNM_ARC_CenteredClipping_nb_honest_clients_16_tolerated_f_equal_real.pdf, id=1209, 462.52798pt x 346.89601pt>
File: plots_cnn_vs_snn_direct_f10/cnn/test_Optimal_InnerProductManipulation_mnist_convnet_cnn_gamma_similarity_niid_NNM_ARC_CenteredClipping_nb_honest_clients_16_tolerated_f_equal_real.pdf Graphic file (type pdf)
<use plots_cnn_vs_snn_direct_f10/cnn/test_Optimal_InnerProductManipulation_mnist_convnet_cnn_gamma_similarity_niid_NNM_ARC_CenteredClipping_nb_honest_clients_16_tolerated_f_equal_real.pdf>
Package pdftex.def Info: plots_cnn_vs_snn_direct_f10/cnn/test_Optimal_InnerProductManipulation_mnist_convnet_cnn_gamma_similarity_niid_NNM_ARC_CenteredClipping_nb_honest_clients_16_tolerated_f_equal_real.pdf  used on input line 271.
(pdftex.def)             Requested size: 236.12161pt x 177.09459pt.
<plots_cnn_vs_snn_direct_f10/snn_direct/test_Optimal_InnerProductManipulation_mnist_convnet_snn_gamma_similarity_niid_NNM_ARC_CenteredClipping_nb_honest_clients_16_tolerated_f_equal_real.pdf, id=1210, 462.52798pt x 346.89601pt>
File: plots_cnn_vs_snn_direct_f10/snn_direct/test_Optimal_InnerProductManipulation_mnist_convnet_snn_gamma_similarity_niid_NNM_ARC_CenteredClipping_nb_honest_clients_16_tolerated_f_equal_real.pdf Graphic file (type pdf)
<use plots_cnn_vs_snn_direct_f10/snn_direct/test_Optimal_InnerProductManipulation_mnist_convnet_snn_gamma_similarity_niid_NNM_ARC_CenteredClipping_nb_honest_clients_16_tolerated_f_equal_real.pdf>
Package pdftex.def Info: plots_cnn_vs_snn_direct_f10/snn_direct/test_Optimal_InnerProductManipulation_mnist_convnet_snn_gamma_similarity_niid_NNM_ARC_CenteredClipping_nb_honest_clients_16_tolerated_f_equal_real.pdf  used on input line 277.
(pdftex.def)             Requested size: 236.12161pt x 177.09459pt.
<plots_cnn_vs_snn_direct_f10/cnn/test_Optimal_InnerProductManipulation_mnist_convnet_cnn_gamma_similarity_niid_NNM_ARC_GeometricMedian_nb_honest_clients_16_tolerated_f_equal_real.pdf, id=1211, 462.52798pt x 346.89601pt>
File: plots_cnn_vs_snn_direct_f10/cnn/test_Optimal_InnerProductManipulation_mnist_convnet_cnn_gamma_similarity_niid_NNM_ARC_GeometricMedian_nb_honest_clients_16_tolerated_f_equal_real.pdf Graphic file (type pdf)
<use plots_cnn_vs_snn_direct_f10/cnn/test_Optimal_InnerProductManipulation_mnist_convnet_cnn_gamma_similarity_niid_NNM_ARC_GeometricMedian_nb_honest_clients_16_tolerated_f_equal_real.pdf>
Package pdftex.def Info: plots_cnn_vs_snn_direct_f10/cnn/test_Optimal_InnerProductManipulation_mnist_convnet_cnn_gamma_similarity_niid_NNM_ARC_GeometricMedian_nb_honest_clients_16_tolerated_f_equal_real.pdf  used on input line 289.
(pdftex.def)             Requested size: 236.12161pt x 177.09459pt.
<plots_cnn_vs_snn_direct_f10/snn_direct/test_Optimal_InnerProductManipulation_mnist_convnet_snn_gamma_similarity_niid_NNM_ARC_GeometricMedian_nb_honest_clients_16_tolerated_f_equal_real.pdf, id=1212, 462.52798pt x 346.89601pt>
File: plots_cnn_vs_snn_direct_f10/snn_direct/test_Optimal_InnerProductManipulation_mnist_convnet_snn_gamma_similarity_niid_NNM_ARC_GeometricMedian_nb_honest_clients_16_tolerated_f_equal_real.pdf Graphic file (type pdf)
<use plots_cnn_vs_snn_direct_f10/snn_direct/test_Optimal_InnerProductManipulation_mnist_convnet_snn_gamma_similarity_niid_NNM_ARC_GeometricMedian_nb_honest_clients_16_tolerated_f_equal_real.pdf>
Package pdftex.def Info: plots_cnn_vs_snn_direct_f10/snn_direct/test_Optimal_InnerProductManipulation_mnist_convnet_snn_gamma_similarity_niid_NNM_ARC_GeometricMedian_nb_honest_clients_16_tolerated_f_equal_real.pdf  used on input line 295.
(pdftex.def)             Requested size: 236.12161pt x 177.09459pt.
 [10

 <./plots_cnn_vs_snn_direct_f10/cnn/test_Optimal_InnerProductManipulation_mnist_convnet_cnn_gamma_similarity_niid_NNM_ARC_CenteredClipping_nb_honest_clients_16_tolerated_f_equal_real.pdf> <./plots_cnn_vs_snn_direct_f10/snn_direct/test_Optimal_InnerProductManipulation_mnist_convnet_snn_gamma_similarity_niid_NNM_ARC_CenteredClipping_nb_honest_clients_16_tolerated_f_equal_real.pdf> <./plots_cnn_vs_snn_direct_f10/cnn/test_Optimal_InnerProductManipulation_mnist_convnet_cnn_gamma_similarity_niid_NNM_ARC_GeometricMedian_nb_honest_clients_16_tolerated_f_equal_real.pdf> <./plots_cnn_vs_snn_direct_f10/snn_direct/test_Optimal_InnerProductManipulation_mnist_convnet_snn_gamma_similarity_niid_NNM_ARC_GeometricMedian_nb_honest_clients_16_tolerated_f_equal_real.pdf>]
<plots_cnn_vs_snn_direct_f10/cnn/test_Optimal_InnerProductManipulation_mnist_convnet_cnn_gamma_similarity_niid_NNM_ARC_MultiKrum_nb_honest_clients_16_tolerated_f_equal_real.pdf, id=1422, 462.52798pt x 346.89601pt>
File: plots_cnn_vs_snn_direct_f10/cnn/test_Optimal_InnerProductManipulation_mnist_convnet_cnn_gamma_similarity_niid_NNM_ARC_MultiKrum_nb_honest_clients_16_tolerated_f_equal_real.pdf Graphic file (type pdf)
<use plots_cnn_vs_snn_direct_f10/cnn/test_Optimal_InnerProductManipulation_mnist_convnet_cnn_gamma_similarity_niid_NNM_ARC_MultiKrum_nb_honest_clients_16_tolerated_f_equal_real.pdf>
Package pdftex.def Info: plots_cnn_vs_snn_direct_f10/cnn/test_Optimal_InnerProductManipulation_mnist_convnet_cnn_gamma_similarity_niid_NNM_ARC_MultiKrum_nb_honest_clients_16_tolerated_f_equal_real.pdf  used on input line 309.
(pdftex.def)             Requested size: 236.12161pt x 177.09459pt.
<plots_cnn_vs_snn_direct_f10/snn_direct/test_Optimal_InnerProductManipulation_mnist_convnet_snn_gamma_similarity_niid_NNM_ARC_MultiKrum_nb_honest_clients_16_tolerated_f_equal_real.pdf, id=1423, 462.52798pt x 346.89601pt>
File: plots_cnn_vs_snn_direct_f10/snn_direct/test_Optimal_InnerProductManipulation_mnist_convnet_snn_gamma_similarity_niid_NNM_ARC_MultiKrum_nb_honest_clients_16_tolerated_f_equal_real.pdf Graphic file (type pdf)
<use plots_cnn_vs_snn_direct_f10/snn_direct/test_Optimal_InnerProductManipulation_mnist_convnet_snn_gamma_similarity_niid_NNM_ARC_MultiKrum_nb_honest_clients_16_tolerated_f_equal_real.pdf>
Package pdftex.def Info: plots_cnn_vs_snn_direct_f10/snn_direct/test_Optimal_InnerProductManipulation_mnist_convnet_snn_gamma_similarity_niid_NNM_ARC_MultiKrum_nb_honest_clients_16_tolerated_f_equal_real.pdf  used on input line 315.
(pdftex.def)             Requested size: 236.12161pt x 177.09459pt.
<plots_cnn_vs_snn_direct_f10/cnn/test_Optimal_InnerProductManipulation_mnist_convnet_cnn_gamma_similarity_niid_NNM_ARC_TrMean_nb_honest_clients_16_tolerated_f_equal_real.pdf, id=1424, 462.52798pt x 346.89601pt>
File: plots_cnn_vs_snn_direct_f10/cnn/test_Optimal_InnerProductManipulation_mnist_convnet_cnn_gamma_similarity_niid_NNM_ARC_TrMean_nb_honest_clients_16_tolerated_f_equal_real.pdf Graphic file (type pdf)
<use plots_cnn_vs_snn_direct_f10/cnn/test_Optimal_InnerProductManipulation_mnist_convnet_cnn_gamma_similarity_niid_NNM_ARC_TrMean_nb_honest_clients_16_tolerated_f_equal_real.pdf>
Package pdftex.def Info: plots_cnn_vs_snn_direct_f10/cnn/test_Optimal_InnerProductManipulation_mnist_convnet_cnn_gamma_similarity_niid_NNM_ARC_TrMean_nb_honest_clients_16_tolerated_f_equal_real.pdf  used on input line 327.
(pdftex.def)             Requested size: 236.12161pt x 177.09459pt.
<plots_cnn_vs_snn_direct_f10/snn_direct/test_Optimal_InnerProductManipulation_mnist_convnet_snn_gamma_similarity_niid_NNM_ARC_TrMean_nb_honest_clients_16_tolerated_f_equal_real.pdf, id=1425, 462.52798pt x 346.89601pt>
File: plots_cnn_vs_snn_direct_f10/snn_direct/test_Optimal_InnerProductManipulation_mnist_convnet_snn_gamma_similarity_niid_NNM_ARC_TrMean_nb_honest_clients_16_tolerated_f_equal_real.pdf Graphic file (type pdf)
<use plots_cnn_vs_snn_direct_f10/snn_direct/test_Optimal_InnerProductManipulation_mnist_convnet_snn_gamma_similarity_niid_NNM_ARC_TrMean_nb_honest_clients_16_tolerated_f_equal_real.pdf>
Package pdftex.def Info: plots_cnn_vs_snn_direct_f10/snn_direct/test_Optimal_InnerProductManipulation_mnist_convnet_snn_gamma_similarity_niid_NNM_ARC_TrMean_nb_honest_clients_16_tolerated_f_equal_real.pdf  used on input line 333.
(pdftex.def)             Requested size: 236.12161pt x 177.09459pt.
 [11

 <./plots_cnn_vs_snn_direct_f10/cnn/test_Optimal_InnerProductManipulation_mnist_convnet_cnn_gamma_similarity_niid_NNM_ARC_MultiKrum_nb_honest_clients_16_tolerated_f_equal_real.pdf> <./plots_cnn_vs_snn_direct_f10/snn_direct/test_Optimal_InnerProductManipulation_mnist_convnet_snn_gamma_similarity_niid_NNM_ARC_MultiKrum_nb_honest_clients_16_tolerated_f_equal_real.pdf> <./plots_cnn_vs_snn_direct_f10/cnn/test_Optimal_InnerProductManipulation_mnist_convnet_cnn_gamma_similarity_niid_NNM_ARC_TrMean_nb_honest_clients_16_tolerated_f_equal_real.pdf> <./plots_cnn_vs_snn_direct_f10/snn_direct/test_Optimal_InnerProductManipulation_mnist_convnet_snn_gamma_similarity_niid_NNM_ARC_TrMean_nb_honest_clients_16_tolerated_f_equal_real.pdf>]
<plots_cnn_vs_snn_direct_f10/cnn/best_test_SignFlipping_mnist_convnet_cnn_gamma_similarity_niid_NNM_ARC_nb_honest_clients_16_tolerated_f_equal_real.pdf, id=1634, 462.52798pt x 346.89601pt>
File: plots_cnn_vs_snn_direct_f10/cnn/best_test_SignFlipping_mnist_convnet_cnn_gamma_similarity_niid_NNM_ARC_nb_honest_clients_16_tolerated_f_equal_real.pdf Graphic file (type pdf)
<use plots_cnn_vs_snn_direct_f10/cnn/best_test_SignFlipping_mnist_convnet_cnn_gamma_similarity_niid_NNM_ARC_nb_honest_clients_16_tolerated_f_equal_real.pdf>
Package pdftex.def Info: plots_cnn_vs_snn_direct_f10/cnn/best_test_SignFlipping_mnist_convnet_cnn_gamma_similarity_niid_NNM_ARC_nb_honest_clients_16_tolerated_f_equal_real.pdf  used on input line 351.
(pdftex.def)             Requested size: 236.12161pt x 177.09459pt.
<plots_cnn_vs_snn_direct_f10/snn_direct/best_test_SignFlipping_mnist_convnet_snn_gamma_similarity_niid_NNM_ARC_nb_honest_clients_16_tolerated_f_equal_real.pdf, id=1635, 462.52798pt x 346.89601pt>
File: plots_cnn_vs_snn_direct_f10/snn_direct/best_test_SignFlipping_mnist_convnet_snn_gamma_similarity_niid_NNM_ARC_nb_honest_clients_16_tolerated_f_equal_real.pdf Graphic file (type pdf)
<use plots_cnn_vs_snn_direct_f10/snn_direct/best_test_SignFlipping_mnist_convnet_snn_gamma_similarity_niid_NNM_ARC_nb_honest_clients_16_tolerated_f_equal_real.pdf>
Package pdftex.def Info: plots_cnn_vs_snn_direct_f10/snn_direct/best_test_SignFlipping_mnist_convnet_snn_gamma_similarity_niid_NNM_ARC_nb_honest_clients_16_tolerated_f_equal_real.pdf  used on input line 357.
(pdftex.def)             Requested size: 236.12161pt x 177.09459pt.
 [12

 <./plots_cnn_vs_snn_direct_f10/cnn/best_test_SignFlipping_mnist_convnet_cnn_gamma_similarity_niid_NNM_ARC_nb_honest_clients_16_tolerated_f_equal_real.pdf> <./plots_cnn_vs_snn_direct_f10/snn_direct/best_test_SignFlipping_mnist_convnet_snn_gamma_similarity_niid_NNM_ARC_nb_honest_clients_16_tolerated_f_equal_real.pdf>]
<plots_cnn_vs_snn_direct_f10/cnn/test_SignFlipping_mnist_convnet_cnn_gamma_similarity_niid_NNM_ARC_CenteredClipping_nb_honest_clients_16_tolerated_f_equal_real.pdf, id=1735, 462.52798pt x 346.89601pt>
File: plots_cnn_vs_snn_direct_f10/cnn/test_SignFlipping_mnist_convnet_cnn_gamma_similarity_niid_NNM_ARC_CenteredClipping_nb_honest_clients_16_tolerated_f_equal_real.pdf Graphic file (type pdf)
<use plots_cnn_vs_snn_direct_f10/cnn/test_SignFlipping_mnist_convnet_cnn_gamma_similarity_niid_NNM_ARC_CenteredClipping_nb_honest_clients_16_tolerated_f_equal_real.pdf>
Package pdftex.def Info: plots_cnn_vs_snn_direct_f10/cnn/test_SignFlipping_mnist_convnet_cnn_gamma_similarity_niid_NNM_ARC_CenteredClipping_nb_honest_clients_16_tolerated_f_equal_real.pdf  used on input line 371.
(pdftex.def)             Requested size: 236.12161pt x 177.09459pt.
<plots_cnn_vs_snn_direct_f10/snn_direct/test_SignFlipping_mnist_convnet_snn_gamma_similarity_niid_NNM_ARC_CenteredClipping_nb_honest_clients_16_tolerated_f_equal_real.pdf, id=1736, 462.52798pt x 346.89601pt>
File: plots_cnn_vs_snn_direct_f10/snn_direct/test_SignFlipping_mnist_convnet_snn_gamma_similarity_niid_NNM_ARC_CenteredClipping_nb_honest_clients_16_tolerated_f_equal_real.pdf Graphic file (type pdf)
<use plots_cnn_vs_snn_direct_f10/snn_direct/test_SignFlipping_mnist_convnet_snn_gamma_similarity_niid_NNM_ARC_CenteredClipping_nb_honest_clients_16_tolerated_f_equal_real.pdf>
Package pdftex.def Info: plots_cnn_vs_snn_direct_f10/snn_direct/test_SignFlipping_mnist_convnet_snn_gamma_similarity_niid_NNM_ARC_CenteredClipping_nb_honest_clients_16_tolerated_f_equal_real.pdf  used on input line 377.
(pdftex.def)             Requested size: 236.12161pt x 177.09459pt.
<plots_cnn_vs_snn_direct_f10/cnn/test_SignFlipping_mnist_convnet_cnn_gamma_similarity_niid_NNM_ARC_GeometricMedian_nb_honest_clients_16_tolerated_f_equal_real.pdf, id=1737, 462.52798pt x 346.89601pt>
File: plots_cnn_vs_snn_direct_f10/cnn/test_SignFlipping_mnist_convnet_cnn_gamma_similarity_niid_NNM_ARC_GeometricMedian_nb_honest_clients_16_tolerated_f_equal_real.pdf Graphic file (type pdf)
<use plots_cnn_vs_snn_direct_f10/cnn/test_SignFlipping_mnist_convnet_cnn_gamma_similarity_niid_NNM_ARC_GeometricMedian_nb_honest_clients_16_tolerated_f_equal_real.pdf>
Package pdftex.def Info: plots_cnn_vs_snn_direct_f10/cnn/test_SignFlipping_mnist_convnet_cnn_gamma_similarity_niid_NNM_ARC_GeometricMedian_nb_honest_clients_16_tolerated_f_equal_real.pdf  used on input line 389.
(pdftex.def)             Requested size: 236.12161pt x 177.09459pt.
<plots_cnn_vs_snn_direct_f10/snn_direct/test_SignFlipping_mnist_convnet_snn_gamma_similarity_niid_NNM_ARC_GeometricMedian_nb_honest_clients_16_tolerated_f_equal_real.pdf, id=1738, 462.52798pt x 346.89601pt>
File: plots_cnn_vs_snn_direct_f10/snn_direct/test_SignFlipping_mnist_convnet_snn_gamma_similarity_niid_NNM_ARC_GeometricMedian_nb_honest_clients_16_tolerated_f_equal_real.pdf Graphic file (type pdf)
<use plots_cnn_vs_snn_direct_f10/snn_direct/test_SignFlipping_mnist_convnet_snn_gamma_similarity_niid_NNM_ARC_GeometricMedian_nb_honest_clients_16_tolerated_f_equal_real.pdf>
Package pdftex.def Info: plots_cnn_vs_snn_direct_f10/snn_direct/test_SignFlipping_mnist_convnet_snn_gamma_similarity_niid_NNM_ARC_GeometricMedian_nb_honest_clients_16_tolerated_f_equal_real.pdf  used on input line 395.
(pdftex.def)             Requested size: 236.12161pt x 177.09459pt.
 [13

 <./plots_cnn_vs_snn_direct_f10/cnn/test_SignFlipping_mnist_convnet_cnn_gamma_similarity_niid_NNM_ARC_CenteredClipping_nb_honest_clients_16_tolerated_f_equal_real.pdf> <./plots_cnn_vs_snn_direct_f10/snn_direct/test_SignFlipping_mnist_convnet_snn_gamma_similarity_niid_NNM_ARC_CenteredClipping_nb_honest_clients_16_tolerated_f_equal_real.pdf> <./plots_cnn_vs_snn_direct_f10/cnn/test_SignFlipping_mnist_convnet_cnn_gamma_similarity_niid_NNM_ARC_GeometricMedian_nb_honest_clients_16_tolerated_f_equal_real.pdf> <./plots_cnn_vs_snn_direct_f10/snn_direct/test_SignFlipping_mnist_convnet_snn_gamma_similarity_niid_NNM_ARC_GeometricMedian_nb_honest_clients_16_tolerated_f_equal_real.pdf>]
<plots_cnn_vs_snn_direct_f10/cnn/test_SignFlipping_mnist_convnet_cnn_gamma_similarity_niid_NNM_ARC_MultiKrum_nb_honest_clients_16_tolerated_f_equal_real.pdf, id=1932, 462.52798pt x 346.89601pt>
File: plots_cnn_vs_snn_direct_f10/cnn/test_SignFlipping_mnist_convnet_cnn_gamma_similarity_niid_NNM_ARC_MultiKrum_nb_honest_clients_16_tolerated_f_equal_real.pdf Graphic file (type pdf)
<use plots_cnn_vs_snn_direct_f10/cnn/test_SignFlipping_mnist_convnet_cnn_gamma_similarity_niid_NNM_ARC_MultiKrum_nb_honest_clients_16_tolerated_f_equal_real.pdf>
Package pdftex.def Info: plots_cnn_vs_snn_direct_f10/cnn/test_SignFlipping_mnist_convnet_cnn_gamma_similarity_niid_NNM_ARC_MultiKrum_nb_honest_clients_16_tolerated_f_equal_real.pdf  used on input line 409.
(pdftex.def)             Requested size: 236.12161pt x 177.09459pt.
<plots_cnn_vs_snn_direct_f10/snn_direct/test_SignFlipping_mnist_convnet_snn_gamma_similarity_niid_NNM_ARC_MultiKrum_nb_honest_clients_16_tolerated_f_equal_real.pdf, id=1933, 462.52798pt x 346.89601pt>
File: plots_cnn_vs_snn_direct_f10/snn_direct/test_SignFlipping_mnist_convnet_snn_gamma_similarity_niid_NNM_ARC_MultiKrum_nb_honest_clients_16_tolerated_f_equal_real.pdf Graphic file (type pdf)
<use plots_cnn_vs_snn_direct_f10/snn_direct/test_SignFlipping_mnist_convnet_snn_gamma_similarity_niid_NNM_ARC_MultiKrum_nb_honest_clients_16_tolerated_f_equal_real.pdf>
Package pdftex.def Info: plots_cnn_vs_snn_direct_f10/snn_direct/test_SignFlipping_mnist_convnet_snn_gamma_similarity_niid_NNM_ARC_MultiKrum_nb_honest_clients_16_tolerated_f_equal_real.pdf  used on input line 415.
(pdftex.def)             Requested size: 236.12161pt x 177.09459pt.
<plots_cnn_vs_snn_direct_f10/cnn/test_SignFlipping_mnist_convnet_cnn_gamma_similarity_niid_NNM_ARC_TrMean_nb_honest_clients_16_tolerated_f_equal_real.pdf, id=1934, 462.52798pt x 346.89601pt>
File: plots_cnn_vs_snn_direct_f10/cnn/test_SignFlipping_mnist_convnet_cnn_gamma_similarity_niid_NNM_ARC_TrMean_nb_honest_clients_16_tolerated_f_equal_real.pdf Graphic file (type pdf)
<use plots_cnn_vs_snn_direct_f10/cnn/test_SignFlipping_mnist_convnet_cnn_gamma_similarity_niid_NNM_ARC_TrMean_nb_honest_clients_16_tolerated_f_equal_real.pdf>
Package pdftex.def Info: plots_cnn_vs_snn_direct_f10/cnn/test_SignFlipping_mnist_convnet_cnn_gamma_similarity_niid_NNM_ARC_TrMean_nb_honest_clients_16_tolerated_f_equal_real.pdf  used on input line 427.
(pdftex.def)             Requested size: 236.12161pt x 177.09459pt.
<plots_cnn_vs_snn_direct_f10/snn_direct/test_SignFlipping_mnist_convnet_snn_gamma_similarity_niid_NNM_ARC_TrMean_nb_honest_clients_16_tolerated_f_equal_real.pdf, id=1935, 462.52798pt x 346.89601pt>
File: plots_cnn_vs_snn_direct_f10/snn_direct/test_SignFlipping_mnist_convnet_snn_gamma_similarity_niid_NNM_ARC_TrMean_nb_honest_clients_16_tolerated_f_equal_real.pdf Graphic file (type pdf)
<use plots_cnn_vs_snn_direct_f10/snn_direct/test_SignFlipping_mnist_convnet_snn_gamma_similarity_niid_NNM_ARC_TrMean_nb_honest_clients_16_tolerated_f_equal_real.pdf>
Package pdftex.def Info: plots_cnn_vs_snn_direct_f10/snn_direct/test_SignFlipping_mnist_convnet_snn_gamma_similarity_niid_NNM_ARC_TrMean_nb_honest_clients_16_tolerated_f_equal_real.pdf  used on input line 433.
(pdftex.def)             Requested size: 236.12161pt x 177.09459pt.
 [14

 <./plots_cnn_vs_snn_direct_f10/cnn/test_SignFlipping_mnist_convnet_cnn_gamma_similarity_niid_NNM_ARC_MultiKrum_nb_honest_clients_16_tolerated_f_equal_real.pdf> <./plots_cnn_vs_snn_direct_f10/snn_direct/test_SignFlipping_mnist_convnet_snn_gamma_similarity_niid_NNM_ARC_MultiKrum_nb_honest_clients_16_tolerated_f_equal_real.pdf> <./plots_cnn_vs_snn_direct_f10/cnn/test_SignFlipping_mnist_convnet_cnn_gamma_similarity_niid_NNM_ARC_TrMean_nb_honest_clients_16_tolerated_f_equal_real.pdf> <./plots_cnn_vs_snn_direct_f10/snn_direct/test_SignFlipping_mnist_convnet_snn_gamma_similarity_niid_NNM_ARC_TrMean_nb_honest_clients_16_tolerated_f_equal_real.pdf>] (comparison_plots_cnn_vs_snn_direct_f10.aux)
 ***********
LaTeX2e <2026-06-01>
L3 programming layer <2026-05-26>
 ***********
Package rerunfilecheck Info: File `comparison_plots_cnn_vs_snn_direct_f10.out' has not changed.
(rerunfilecheck)             Checksum: D5764A85189997D667528213A5C733B7;3972.
 ) 
Here is how much of TeX's memory you used:
 10825 strings out of 467509
 221438 string characters out of 5409266
 599895 words of memory out of 5000000
 39912 multiletter control sequences out of 15000+600000
 631067 words of font info for 51 fonts, out of 8000000 for 9000
 1141 hyphenation exceptions out of 8191
 74i,8n,79p,530b,541s stack positions out of 10000i,1000n,20000p,200000b,200000s
<C:/Users/7430/AppData/Local/Programs/MiKTeX/fonts/type1/public/amsfonts/cm/cmbx10.pfb><C:/Users/7430/AppData/Local/Programs/MiKTeX/fonts/type1/public/amsfonts/cm/cmbx12.pfb><C:/Users/7430/AppData/Local/Programs/MiKTeX/fonts/type1/public/amsfonts/cm/cmmi10.pfb><C:/Users/7430/AppData/Local/Programs/MiKTeX/fonts/type1/public/amsfonts/cm/cmmi12.pfb><C:/Users/7430/AppData/Local/Programs/MiKTeX/fonts/type1/public/amsfonts/cm/cmr10.pfb><C:/Users/7430/AppData/Local/Programs/MiKTeX/fonts/type1/public/amsfonts/cm/cmr12.pfb><C:/Users/7430/AppData/Local/Programs/MiKTeX/fonts/type1/public/amsfonts/cm/cmr17.pfb><C:/Users/7430/AppData/Local/Programs/MiKTeX/fonts/type1/public/amsfonts/cm/cmr9.pfb><C:/Users/7430/AppData/Local/Programs/MiKTeX/fonts/type1/public/amsfonts/cm/cmsy10.pfb>
Output written on comparison_plots_cnn_vs_snn_direct_f10.pdf (14 pages, 912227 bytes).
PDF statistics:
 2183 PDF objects out of 2487 (max. 8388607)
 63 named destinations out of 1000 (max. 500000)
 401 words of extra memory for PDF output out of 10000 (max. 10000000)

