nohup: ignoring input
==========================================================
STARTING OVERNIGHT SNN BENCHMARK RUNS
==========================================================

---> Running benchmark for: snn_nmnist.json
Total trainings to do: 1
Running 1 trainings in parallel...

[ByzFL-SNN] [Training Start] Model: nmnist_snn | Dataset: nmnist
[ByzFL-SNN]   Clients: 16 honest, 0 byzantine | Algorithm: DSGD
[ByzFL-SNN]   Learning Rate: 0.02 | Steps: 500 | Device: cuda
[ByzFL-SNN]   Validation samples: 12000 | Test samples: 10000
[ByzFL-SNN]   [Step 0/500] (0.0%) | Val Acc: 0.0964 | Test Acc: 0.0980 | Time: 239.1s
[ByzFL-SNN]   [Step 10/500] (2.0%) | Val Acc: 0.0964 | Test Acc: 0.0980 | Time: 718.4s
[ByzFL-SNN]   [Step 20/500] (4.0%) | Val Acc: 0.0991 | Test Acc: 0.1032 | Time: 1185.8s
[ByzFL-SNN]   [Step 30/500] (6.0%) | Val Acc: 0.0964 | Test Acc: 0.0980 | Time: 1648.6s
[ByzFL-SNN]   [Step 40/500] (8.0%) | Val Acc: 0.0964 | Test Acc: 0.0980 | Time: 2122.4s
[ByzFL-SNN]   [Step 50/500] (10.0%) | Val Acc: 0.1133 | Test Acc: 0.1135 | Time: 2596.1s
[ByzFL-SNN]   [Step 60/500] (12.0%) | Val Acc: 0.0964 | Test Acc: 0.0980 | Time: 3071.2s
[ByzFL-SNN]   [Step 70/500] (14.0%) | Val Acc: 0.1133 | Test Acc: 0.1135 | Time: 3538.0s
[ByzFL-SNN]   [Step 80/500] (16.0%) | Val Acc: 0.0964 | Test Acc: 0.0980 | Time: 3990.4s
[ByzFL-SNN]   [Step 90/500] (18.0%) | Val Acc: 0.0964 | Test Acc: 0.0980 | Time: 4458.9s
[ByzFL-SNN]   [Step 100/500] (20.0%) | Val Acc: 0.0964 | Test Acc: 0.0980 | Time: 4924.2s
[ByzFL-SNN]   [Step 110/500] (22.0%) | Val Acc: 0.0964 | Test Acc: 0.0980 | Time: 5387.4s
[ByzFL-SNN]   [Step 120/500] (24.0%) | Val Acc: 0.0964 | Test Acc: 0.0980 | Time: 5840.3s
[ByzFL-SNN]   [Step 130/500] (26.0%) | Val Acc: 0.0964 | Test Acc: 0.0980 | Time: 6310.1s
[ByzFL-SNN]   [Step 140/500] (28.0%) | Val Acc: 0.0964 | Test Acc: 0.0980 | Time: 6779.7s
[ByzFL-SNN]   [Step 150/500] (30.0%) | Val Acc: 0.0964 | Test Acc: 0.0980 | Time: 7232.6s
[ByzFL-SNN]   [Step 160/500] (32.0%) | Val Acc: 0.0964 | Test Acc: 0.0980 | Time: 7702.9s
[ByzFL-SNN]   [Step 170/500] (34.0%) | Val Acc: 0.0977 | Test Acc: 0.0989 | Time: 8166.6s
[ByzFL-SNN]   [Step 180/500] (36.0%) | Val Acc: 0.0964 | Test Acc: 0.0980 | Time: 8636.7s
[ByzFL-SNN]   [Step 190/500] (38.0%) | Val Acc: 0.0964 | Test Acc: 0.0979 | Time: 9101.8s
[ByzFL-SNN]   [Step 200/500] (40.0%) | Val Acc: 0.3069 | Test Acc: 0.2913 | Time: 9556.0s
[ByzFL-SNN]   [Step 210/500] (42.0%) | Val Acc: 0.5384 | Test Acc: 0.5442 | Time: 10030.2s
[ByzFL-SNN]   [Step 220/500] (44.0%) | Val Acc: 0.6392 | Test Acc: 0.6583 | Time: 10484.7s
[ByzFL-SNN]   [Step 230/500] (46.0%) | Val Acc: 0.7312 | Test Acc: 0.7564 | Time: 10947.6s
[ByzFL-SNN]   [Step 240/500] (48.0%) | Val Acc: 0.8140 | Test Acc: 0.8314 | Time: 11402.4s
[ByzFL-SNN]   [Step 250/500] (50.0%) | Val Acc: 0.8635 | Test Acc: 0.8726 | Time: 11868.1s
[ByzFL-SNN]   [Step 260/500] (52.0%) | Val Acc: 0.8949 | Test Acc: 0.9008 | Time: 12333.6s
[ByzFL-SNN]   [Step 270/500] (54.0%) | Val Acc: 0.9100 | Test Acc: 0.9140 | Time: 12789.8s
[ByzFL-SNN]   [Step 280/500] (56.0%) | Val Acc: 0.9228 | Test Acc: 0.9254 | Time: 13260.9s
[ByzFL-SNN]   [Step 290/500] (58.0%) | Val Acc: 0.9305 | Test Acc: 0.9357 | Time: 13724.0s
[ByzFL-SNN]   [Step 300/500] (60.0%) | Val Acc: 0.9334 | Test Acc: 0.9391 | Time: 14195.8s
[ByzFL-SNN]   [Step 310/500] (62.0%) | Val Acc: 0.9396 | Test Acc: 0.9423 | Time: 14661.2s
[ByzFL-SNN]   [Step 320/500] (64.0%) | Val Acc: 0.9415 | Test Acc: 0.9458 | Time: 15132.2s
[ByzFL-SNN]   [Step 330/500] (66.0%) | Val Acc: 0.9443 | Test Acc: 0.9447 | Time: 15595.0s
[ByzFL-SNN]   [Step 340/500] (68.0%) | Val Acc: 0.9483 | Test Acc: 0.9523 | Time: 16045.6s
[ByzFL-SNN]   [Step 350/500] (70.0%) | Val Acc: 0.9523 | Test Acc: 0.9523 | Time: 16524.6s
[ByzFL-SNN]   [Step 360/500] (72.0%) | Val Acc: 0.9513 | Test Acc: 0.9552 | Time: 16982.0s
[ByzFL-SNN]   [Step 370/500] (74.0%) | Val Acc: 0.9564 | Test Acc: 0.9573 | Time: 17444.0s
[ByzFL-SNN]   [Step 380/500] (76.0%) | Val Acc: 0.9567 | Test Acc: 0.9589 | Time: 17909.8s
[ByzFL-SNN]   [Step 390/500] (78.0%) | Val Acc: 0.9582 | Test Acc: 0.9579 | Time: 18363.4s
[ByzFL-SNN]   [Step 400/500] (80.0%) | Val Acc: 0.9601 | Test Acc: 0.9605 | Time: 18830.4s
[ByzFL-SNN]   [Step 410/500] (82.0%) | Val Acc: 0.9608 | Test Acc: 0.9603 | Time: 19282.2s
[ByzFL-SNN]   [Step 420/500] (84.0%) | Val Acc: 0.9635 | Test Acc: 0.9619 | Time: 19754.6s
[ByzFL-SNN]   [Step 430/500] (86.0%) | Val Acc: 0.9652 | Test Acc: 0.9620 | Time: 20218.8s
[ByzFL-SNN]   [Step 440/500] (88.0%) | Val Acc: 0.9631 | Test Acc: 0.9618 | Time: 20674.9s
[ByzFL-SNN]   [Step 450/500] (90.0%) | Val Acc: 0.9658 | Test Acc: 0.9642 | Time: 21146.2s
[ByzFL-SNN]   [Step 460/500] (92.0%) | Val Acc: 0.9675 | Test Acc: 0.9652 | Time: 21626.6s
[ByzFL-SNN]   [Step 470/500] (94.0%) | Val Acc: 0.9676 | Test Acc: 0.9664 | Time: 22095.1s
[ByzFL-SNN]   [Step 480/500] (96.0%) | Val Acc: 0.9663 | Test Acc: 0.9660 | Time: 22546.2s
[ByzFL-SNN]   [Step 490/500] (98.0%) | Val Acc: 0.9685 | Test Acc: 0.9675 | Time: 23012.0s
[ByzFL-SNN] [Training Complete] Total time: 23239.6s

Training 0 done
All trainings finished.
Selecting Best Hyperparameters...
Done
---> Successfully completed: snn_nmnist.json

---> Running benchmark for: snn_nmnist_1.json
Total trainings to do: 1
Running 1 trainings in parallel...

[ByzFL-SNN] [Training Start] Model: nmnist_snn | Dataset: nmnist
[ByzFL-SNN]   Clients: 1 honest, 0 byzantine | Algorithm: DSGD
[ByzFL-SNN]   Learning Rate: 0.02 | Steps: 300 | Device: cuda
[ByzFL-SNN]   Validation samples: 12000 | Test samples: 10000
[ByzFL-SNN]   [Step 0/300] (0.0%) | Val Acc: 0.0583 | Test Acc: 0.0580 | Time: 243.2s
[ByzFL-SNN]   [Step 10/300] (3.3%) | Val Acc: 0.1093 | Test Acc: 0.1127 | Time: 506.8s
[ByzFL-SNN]   [Step 20/300] (6.7%) | Val Acc: 0.1133 | Test Acc: 0.1135 | Time: 766.2s
[ByzFL-SNN]   [Step 30/300] (10.0%) | Val Acc: 0.1270 | Test Acc: 0.1298 | Time: 1018.4s
[ByzFL-SNN]   [Step 40/300] (13.3%) | Val Acc: 0.1043 | Test Acc: 0.1010 | Time: 1278.6s
[ByzFL-SNN]   [Step 50/300] (16.7%) | Val Acc: 0.0964 | Test Acc: 0.0981 | Time: 1532.5s
[ByzFL-SNN]   [Step 60/300] (20.0%) | Val Acc: 0.1392 | Test Acc: 0.1412 | Time: 1785.1s
[ByzFL-SNN]   [Step 70/300] (23.3%) | Val Acc: 0.1404 | Test Acc: 0.1374 | Time: 2035.5s
[ByzFL-SNN]   [Step 80/300] (26.7%) | Val Acc: 0.1565 | Test Acc: 0.1619 | Time: 2287.1s
[ByzFL-SNN]   [Step 90/300] (30.0%) | Val Acc: 0.0964 | Test Acc: 0.0980 | Time: 2538.9s
[ByzFL-SNN]   [Step 100/300] (33.3%) | Val Acc: 0.1133 | Test Acc: 0.1135 | Time: 2790.1s
[ByzFL-SNN]   [Step 110/300] (36.7%) | Val Acc: 0.0940 | Test Acc: 0.0954 | Time: 3041.3s
[ByzFL-SNN]   [Step 120/300] (40.0%) | Val Acc: 0.0996 | Test Acc: 0.1044 | Time: 3291.4s
[ByzFL-SNN]   [Step 130/300] (43.3%) | Val Acc: 0.3834 | Test Acc: 0.3911 | Time: 3541.9s
[ByzFL-SNN]   [Step 140/300] (46.7%) | Val Acc: 0.5238 | Test Acc: 0.5358 | Time: 3792.9s
[ByzFL-SNN]   [Step 150/300] (50.0%) | Val Acc: 0.6517 | Test Acc: 0.6677 | Time: 4046.9s
[ByzFL-SNN]   [Step 160/300] (53.3%) | Val Acc: 0.7446 | Test Acc: 0.7664 | Time: 4299.7s
[ByzFL-SNN]   [Step 170/300] (56.7%) | Val Acc: 0.7977 | Test Acc: 0.8039 | Time: 4561.7s
[ByzFL-SNN]   [Step 180/300] (60.0%) | Val Acc: 0.8097 | Test Acc: 0.8230 | Time: 4818.5s
[ByzFL-SNN]   [Step 190/300] (63.3%) | Val Acc: 0.8323 | Test Acc: 0.8392 | Time: 5068.9s
[ByzFL-SNN]   [Step 200/300] (66.7%) | Val Acc: 0.8331 | Test Acc: 0.8429 | Time: 5323.5s
[ByzFL-SNN]   [Step 210/300] (70.0%) | Val Acc: 0.8660 | Test Acc: 0.8759 | Time: 5573.3s
[ByzFL-SNN]   [Step 220/300] (73.3%) | Val Acc: 0.8778 | Test Acc: 0.8868 | Time: 5824.7s
[ByzFL-SNN]   [Step 230/300] (76.7%) | Val Acc: 0.8917 | Test Acc: 0.8970 | Time: 6075.0s
[ByzFL-SNN]   [Step 240/300] (80.0%) | Val Acc: 0.8928 | Test Acc: 0.9004 | Time: 6329.1s
[ByzFL-SNN]   [Step 250/300] (83.3%) | Val Acc: 0.9093 | Test Acc: 0.9171 | Time: 6579.1s
[ByzFL-SNN]   [Step 260/300] (86.7%) | Val Acc: 0.9046 | Test Acc: 0.9155 | Time: 6830.7s
[ByzFL-SNN]   [Step 270/300] (90.0%) | Val Acc: 0.9187 | Test Acc: 0.9223 | Time: 7086.3s
[ByzFL-SNN]   [Step 280/300] (93.3%) | Val Acc: 0.9216 | Test Acc: 0.9276 | Time: 7336.5s
[ByzFL-SNN]   [Step 290/300] (96.7%) | Val Acc: 0.9231 | Test Acc: 0.9288 | Time: 7589.9s
[ByzFL-SNN] [Training Complete] Total time: 7604.2s

Training 0 done
All trainings finished.
Selecting Best Hyperparameters...
Done
---> Successfully completed: snn_nmnist_1.json

==========================================================
GENERATING ACCURACY PLOTS
==========================================================
Saved individual plot: run_mnist_latency_clients_5.png
Traceback (most recent call last):
  File "/localhome/bendouro/ByzFL_snn/byzfl/run_overnight1.py", line 240, in <module>
    main()
  File "/localhome/bendouro/ByzFL_snn/byzfl/run_overnight1.py", line 236, in main
    generate_plots(runs_data)
  File "/localhome/bendouro/ByzFL_snn/byzfl/run_overnight1.py", line 134, in generate_plots
    ax.plot(steps, run['val_accuracies'], label="Validation Accuracy", color="#3b82f6", linewidth=2.5, marker="o")
  File "/localhome/bendouro/ByzFL_snn/byzfl/venv/lib/python3.12/site-packages/matplotlib/axes/_axes.py", line 1724, in plot
    lines = [*self._get_lines(self, *args, data=data, **kwargs)]
            ^^^^^^^^^^^^^^^^^^^^^^^^^^^^^^^^^^^^^^^^^^^^^^^^^^^^
  File "/localhome/bendouro/ByzFL_snn/byzfl/venv/lib/python3.12/site-packages/matplotlib/axes/_base.py", line 303, in __call__
    yield from self._plot_args(
               ^^^^^^^^^^^^^^^^
  File "/localhome/bendouro/ByzFL_snn/byzfl/venv/lib/python3.12/site-packages/matplotlib/axes/_base.py", line 499, in _plot_args
    raise ValueError(f"x and y must have same first dimension, but "
ValueError: x and y must have same first dimension, but have shapes (29,) and (30,)
