nohup: ignoring input
Starting reproduction runs for NNM+ARC configurations...
Distributing tasks across 2 GPUs...
Total trainings to do: 10
Running 4 trainings in parallel...

[ByzFL-SNN] [Training Start] Model: cnn_mnist | Dataset: mnist
[ByzFL-SNN]   Clients: 10 honest, 1 byzantine | Algorithm: DSGD
[ByzFL-SNN]   Learning Rate: 0.1 | Steps: 800 | Device: cuda:0
[ByzFL-SNN]   Validation samples: 12000 | Test samples: 10000
[ByzFL-SNN] Initial VRAM (Alloc/Reserved): 36.1/42.0 MiB
[ByzFL-SNN]   [Step 0/800] (0.0%) | Val Acc: 0.1541 | Test Acc: 0.1596 | VRAM (Alloc/Reserved): 44.3/64.0 MiB | Time: 3.1s
[ByzFL-SNN]   [Step 50/800] (6.2%) | Val Acc: 0.7918 | Test Acc: 0.8023 | VRAM (Alloc/Reserved): 72.9/346.0 MiB | Time: 19.8s
[ByzFL-SNN]   [Step 100/800] (12.5%) | Val Acc: 0.8079 | Test Acc: 0.8120 | VRAM (Alloc/Reserved): 72.9/348.0 MiB | Time: 36.1s
[ByzFL-SNN]   [Step 150/800] (18.8%) | Val Acc: 0.8566 | Test Acc: 0.8576 | VRAM (Alloc/Reserved): 72.9/348.0 MiB | Time: 51.7s
[ByzFL-SNN]   [Step 200/800] (25.0%) | Val Acc: 0.8669 | Test Acc: 0.8660 | VRAM (Alloc/Reserved): 72.9/348.0 MiB | Time: 67.1s
[ByzFL-SNN]   [Step 250/800] (31.2%) | Val Acc: 0.8640 | Test Acc: 0.8601 | VRAM (Alloc/Reserved): 72.9/348.0 MiB | Time: 82.5s
[ByzFL-SNN]   [Step 300/800] (37.5%) | Val Acc: 0.9209 | Test Acc: 0.9254 | VRAM (Alloc/Reserved): 72.9/348.0 MiB | Time: 98.3s
[ByzFL-SNN]   [Step 350/800] (43.8%) | Val Acc: 0.8771 | Test Acc: 0.8754 | VRAM (Alloc/Reserved): 72.9/348.0 MiB | Time: 114.3s
[ByzFL-SNN]   [Step 400/800] (50.0%) | Val Acc: 0.8796 | Test Acc: 0.8775 | VRAM (Alloc/Reserved): 72.9/348.0 MiB | Time: 130.2s
[ByzFL-SNN]   [Step 450/800] (56.2%) | Val Acc: 0.8795 | Test Acc: 0.8783 | VRAM (Alloc/Reserved): 72.9/348.0 MiB | Time: 146.5s
[ByzFL-SNN]   [Step 500/800] (62.5%) | Val Acc: 0.8829 | Test Acc: 0.8818 | VRAM (Alloc/Reserved): 72.9/348.0 MiB | Time: 162.6s
[ByzFL-SNN]   [Step 550/800] (68.8%) | Val Acc: 0.8848 | Test Acc: 0.8826 | VRAM (Alloc/Reserved): 72.9/348.0 MiB | Time: 178.3s
[ByzFL-SNN]   [Step 600/800] (75.0%) | Val Acc: 0.8852 | Test Acc: 0.8832 | VRAM (Alloc/Reserved): 72.9/348.0 MiB | Time: 194.5s
[ByzFL-SNN]   [Step 650/800] (81.2%) | Val Acc: 0.8858 | Test Acc: 0.8828 | VRAM (Alloc/Reserved): 72.9/348.0 MiB | Time: 211.5s
[ByzFL-SNN]   [Step 700/800] (87.5%) | Val Acc: 0.8878 | Test Acc: 0.8852 | VRAM (Alloc/Reserved): 72.9/348.0 MiB | Time: 228.5s
[ByzFL-SNN]   [Step 750/800] (93.8%) | Val Acc: 0.8870 | Test Acc: 0.8851 | VRAM (Alloc/Reserved): 72.9/348.0 MiB | Time: 246.0s
[ByzFL-SNN] [Training Complete] Peak VRAM (Alloc/Reserved): 313.3/348.0 MiB | Total time: 260.8s

Training 0 done

[ByzFL-SNN] [Training Start] Model: cnn_mnist | Dataset: mnist
[ByzFL-SNN]   Clients: 10 honest, 2 byzantine | Algorithm: DSGD
[ByzFL-SNN]   Learning Rate: 0.1 | Steps: 800 | Device: cuda:0
[ByzFL-SNN]   Validation samples: 12000 | Test samples: 10000
[ByzFL-SNN] Initial VRAM (Alloc/Reserved): 36.1/42.0 MiB
[ByzFL-SNN]   [Step 0/800] (0.0%) | Val Acc: 0.1541 | Test Acc: 0.1596 | VRAM (Alloc/Reserved): 44.3/64.0 MiB | Time: 3.0s
[ByzFL-SNN]   [Step 50/800] (6.2%) | Val Acc: 0.6914 | Test Acc: 0.6918 | VRAM (Alloc/Reserved): 74.1/362.0 MiB | Time: 20.5s
[ByzFL-SNN]   [Step 100/800] (12.5%) | Val Acc: 0.7097 | Test Acc: 0.7172 | VRAM (Alloc/Reserved): 74.1/364.0 MiB | Time: 37.5s
[ByzFL-SNN]   [Step 150/800] (18.8%) | Val Acc: 0.7370 | Test Acc: 0.7355 | VRAM (Alloc/Reserved): 74.1/364.0 MiB | Time: 53.8s
[ByzFL-SNN]   [Step 200/800] (25.0%) | Val Acc: 0.8163 | Test Acc: 0.8169 | VRAM (Alloc/Reserved): 74.1/364.0 MiB | Time: 69.6s
[ByzFL-SNN]   [Step 250/800] (31.2%) | Val Acc: 0.8310 | Test Acc: 0.8418 | VRAM (Alloc/Reserved): 74.1/364.0 MiB | Time: 86.1s
[ByzFL-SNN]   [Step 300/800] (37.5%) | Val Acc: 0.7708 | Test Acc: 0.7632 | VRAM (Alloc/Reserved): 74.1/364.0 MiB | Time: 103.1s
[ByzFL-SNN]   [Step 350/800] (43.8%) | Val Acc: 0.8488 | Test Acc: 0.8433 | VRAM (Alloc/Reserved): 74.1/364.0 MiB | Time: 119.7s
[ByzFL-SNN]   [Step 400/800] (50.0%) | Val Acc: 0.8214 | Test Acc: 0.8221 | VRAM (Alloc/Reserved): 74.1/364.0 MiB | Time: 136.6s
[ByzFL-SNN]   [Step 450/800] (56.2%) | Val Acc: 0.8269 | Test Acc: 0.8333 | VRAM (Alloc/Reserved): 74.1/364.0 MiB | Time: 154.8s
[ByzFL-SNN]   [Step 500/800] (62.5%) | Val Acc: 0.7558 | Test Acc: 0.7565 | VRAM (Alloc/Reserved): 74.1/364.0 MiB | Time: 172.5s
[ByzFL-SNN]   [Step 550/800] (68.8%) | Val Acc: 0.8343 | Test Acc: 0.8307 | VRAM (Alloc/Reserved): 74.1/364.0 MiB | Time: 190.5s
[ByzFL-SNN]   [Step 600/800] (75.0%) | Val Acc: 0.8358 | Test Acc: 0.8439 | VRAM (Alloc/Reserved): 74.1/364.0 MiB | Time: 208.1s
[ByzFL-SNN]   [Step 650/800] (81.2%) | Val Acc: 0.7784 | Test Acc: 0.7830 | VRAM (Alloc/Reserved): 74.1/364.0 MiB | Time: 225.7s
[ByzFL-SNN]   [Step 700/800] (87.5%) | Val Acc: 0.8400 | Test Acc: 0.8486 | VRAM (Alloc/Reserved): 74.1/364.0 MiB | Time: 243.7s
[ByzFL-SNN]   [Step 750/800] (93.8%) | Val Acc: 0.8143 | Test Acc: 0.8137 | VRAM (Alloc/Reserved): 74.1/364.0 MiB | Time: 262.2s
[ByzFL-SNN] [Training Complete] Peak VRAM (Alloc/Reserved): 336.6/364.0 MiB | Total time: 271.7s

Training 1 done

[ByzFL-SNN] [Training Start] Model: cnn_mnist | Dataset: mnist
[ByzFL-SNN]   Clients: 10 honest, 3 byzantine | Algorithm: DSGD
[ByzFL-SNN]   Learning Rate: 0.1 | Steps: 800 | Device: cuda:0
[ByzFL-SNN]   Validation samples: 12000 | Test samples: 10000
[ByzFL-SNN] Initial VRAM (Alloc/Reserved): 36.1/42.0 MiB
[ByzFL-SNN]   [Step 0/800] (0.0%) | Val Acc: 0.1541 | Test Acc: 0.1596 | VRAM (Alloc/Reserved): 44.3/64.0 MiB | Time: 3.2s
[ByzFL-SNN]   [Step 50/800] (6.2%) | Val Acc: 0.6046 | Test Acc: 0.6106 | VRAM (Alloc/Reserved): 74.1/384.0 MiB | Time: 17.2s
[ByzFL-SNN]   [Step 100/800] (12.5%) | Val Acc: 0.4602 | Test Acc: 0.4562 | VRAM (Alloc/Reserved): 74.1/386.0 MiB | Time: 29.4s
[ByzFL-SNN]   [Step 150/800] (18.8%) | Val Acc: 0.6598 | Test Acc: 0.6542 | VRAM (Alloc/Reserved): 74.1/386.0 MiB | Time: 41.8s
[ByzFL-SNN]   [Step 200/800] (25.0%) | Val Acc: 0.7276 | Test Acc: 0.7284 | VRAM (Alloc/Reserved): 74.1/386.0 MiB | Time: 54.3s
[ByzFL-SNN]   [Step 250/800] (31.2%) | Val Acc: 0.7163 | Test Acc: 0.7210 | VRAM (Alloc/Reserved): 74.1/386.0 MiB | Time: 66.8s
[ByzFL-SNN]   [Step 300/800] (37.5%) | Val Acc: 0.6723 | Test Acc: 0.6705 | VRAM (Alloc/Reserved): 74.1/386.0 MiB | Time: 79.4s
[ByzFL-SNN]   [Step 350/800] (43.8%) | Val Acc: 0.6969 | Test Acc: 0.6980 | VRAM (Alloc/Reserved): 74.1/386.0 MiB | Time: 91.7s
[ByzFL-SNN]   [Step 400/800] (50.0%) | Val Acc: 0.7173 | Test Acc: 0.7166 | VRAM (Alloc/Reserved): 74.1/386.0 MiB | Time: 104.3s
[ByzFL-SNN]   [Step 450/800] (56.2%) | Val Acc: 0.7598 | Test Acc: 0.7791 | VRAM (Alloc/Reserved): 74.1/386.0 MiB | Time: 116.6s
[ByzFL-SNN]   [Step 500/800] (62.5%) | Val Acc: 0.8558 | Test Acc: 0.8544 | VRAM (Alloc/Reserved): 74.1/386.0 MiB | Time: 129.0s
[ByzFL-SNN]   [Step 550/800] (68.8%) | Val Acc: 0.7991 | Test Acc: 0.8101 | VRAM (Alloc/Reserved): 74.1/386.0 MiB | Time: 142.2s
[ByzFL-SNN]   [Step 600/800] (75.0%) | Val Acc: 0.7058 | Test Acc: 0.7083 | VRAM (Alloc/Reserved): 74.1/386.0 MiB | Time: 155.2s
[ByzFL-SNN]   [Step 650/800] (81.2%) | Val Acc: 0.6473 | Test Acc: 0.6559 | VRAM (Alloc/Reserved): 74.1/386.0 MiB | Time: 168.8s
[ByzFL-SNN]   [Step 700/800] (87.5%) | Val Acc: 0.7631 | Test Acc: 0.7757 | VRAM (Alloc/Reserved): 74.1/386.0 MiB | Time: 181.1s
[ByzFL-SNN]   [Step 750/800] (93.8%) | Val Acc: 0.7575 | Test Acc: 0.7630 | VRAM (Alloc/Reserved): 74.1/386.0 MiB | Time: 193.9s
[ByzFL-SNN] [Training Complete] Peak VRAM (Alloc/Reserved): 358.0/386.0 MiB | Total time: 203.7s

Training 2 done

[ByzFL-SNN] [Training Start] Model: cnn_mnist | Dataset: mnist
[ByzFL-SNN]   Clients: 10 honest, 4 byzantine | Algorithm: DSGD
[ByzFL-SNN]   Learning Rate: 0.1 | Steps: 800 | Device: cuda:0
[ByzFL-SNN]   Validation samples: 12000 | Test samples: 10000
[ByzFL-SNN] Initial VRAM (Alloc/Reserved): 36.1/42.0 MiB
[ByzFL-SNN]   [Step 0/800] (0.0%) | Val Acc: 0.1541 | Test Acc: 0.1596 | VRAM (Alloc/Reserved): 44.3/64.0 MiB | Time: 3.1s
[ByzFL-SNN]   [Step 50/800] (6.2%) | Val Acc: 0.2557 | Test Acc: 0.2673 | VRAM (Alloc/Reserved): 74.1/404.0 MiB | Time: 15.9s
[ByzFL-SNN]   [Step 100/800] (12.5%) | Val Acc: 0.5129 | Test Acc: 0.5242 | VRAM (Alloc/Reserved): 74.1/406.0 MiB | Time: 28.5s
[ByzFL-SNN]   [Step 150/800] (18.8%) | Val Acc: 0.1565 | Test Acc: 0.1592 | VRAM (Alloc/Reserved): 74.1/406.0 MiB | Time: 41.3s
[ByzFL-SNN]   [Step 200/800] (25.0%) | Val Acc: 0.1010 | Test Acc: 0.1028 | VRAM (Alloc/Reserved): 74.1/406.0 MiB | Time: 53.8s
[ByzFL-SNN]   [Step 250/800] (31.2%) | Val Acc: 0.1499 | Test Acc: 0.1538 | VRAM (Alloc/Reserved): 74.1/406.0 MiB | Time: 66.6s
[ByzFL-SNN]   [Step 300/800] (37.5%) | Val Acc: 0.0993 | Test Acc: 0.0984 | VRAM (Alloc/Reserved): 74.1/406.0 MiB | Time: 79.3s
[ByzFL-SNN]   [Step 350/800] (43.8%) | Val Acc: 0.3243 | Test Acc: 0.3299 | VRAM (Alloc/Reserved): 74.1/406.0 MiB | Time: 91.9s
[ByzFL-SNN]   [Step 400/800] (50.0%) | Val Acc: 0.1037 | Test Acc: 0.1033 | VRAM (Alloc/Reserved): 74.1/406.0 MiB | Time: 104.7s
[ByzFL-SNN]   [Step 450/800] (56.2%) | Val Acc: 0.0988 | Test Acc: 0.0981 | VRAM (Alloc/Reserved): 74.1/406.0 MiB | Time: 117.4s
[ByzFL-SNN]   [Step 500/800] (62.5%) | Val Acc: 0.1044 | Test Acc: 0.1006 | VRAM (Alloc/Reserved): 74.1/406.0 MiB | Time: 130.2s
[ByzFL-SNN]   [Step 550/800] (68.8%) | Val Acc: 0.1161 | Test Acc: 0.1213 | VRAM (Alloc/Reserved): 74.1/406.0 MiB | Time: 143.2s
[ByzFL-SNN]   [Step 600/800] (75.0%) | Val Acc: 0.1661 | Test Acc: 0.1700 | VRAM (Alloc/Reserved): 74.1/406.0 MiB | Time: 156.7s
[ByzFL-SNN]   [Step 650/800] (81.2%) | Val Acc: 0.1653 | Test Acc: 0.1663 | VRAM (Alloc/Reserved): 74.1/406.0 MiB | Time: 169.5s
[ByzFL-SNN]   [Step 700/800] (87.5%) | Val Acc: 0.1254 | Test Acc: 0.1274 | VRAM (Alloc/Reserved): 74.1/406.0 MiB | Time: 182.7s
[ByzFL-SNN]   [Step 750/800] (93.8%) | Val Acc: 0.1107 | Test Acc: 0.1173 | VRAM (Alloc/Reserved): 74.1/406.0 MiB | Time: 196.0s
[ByzFL-SNN] [Training Complete] Peak VRAM (Alloc/Reserved): 380.1/406.0 MiB | Total time: 206.0s

Training 3 done

[ByzFL-SNN] [Training Start] Model: cnn_mnist | Dataset: mnist
[ByzFL-SNN]   Clients: 10 honest, 1 byzantine | Algorithm: DSGD
[ByzFL-SNN]   Learning Rate: 0.1 | Steps: 800 | Device: cuda:1
[ByzFL-SNN]   Validation samples: 12000 | Test samples: 10000
[ByzFL-SNN] Initial VRAM (Alloc/Reserved): 36.1/42.0 MiB
[ByzFL-SNN]   [Step 0/800] (0.0%) | Val Acc: 0.1541 | Test Acc: 0.1596 | VRAM (Alloc/Reserved): 44.3/64.0 MiB | Time: 3.7s
[ByzFL-SNN]   [Step 50/800] (6.2%) | Val Acc: 0.7927 | Test Acc: 0.8022 | VRAM (Alloc/Reserved): 72.9/346.0 MiB | Time: 70.0s
[ByzFL-SNN]   [Step 100/800] (12.5%) | Val Acc: 0.8286 | Test Acc: 0.8381 | VRAM (Alloc/Reserved): 72.9/348.0 MiB | Time: 135.8s
[ByzFL-SNN]   [Step 150/800] (18.8%) | Val Acc: 0.8500 | Test Acc: 0.8583 | VRAM (Alloc/Reserved): 72.9/348.0 MiB | Time: 198.2s
[ByzFL-SNN]   [Step 200/800] (25.0%) | Val Acc: 0.8601 | Test Acc: 0.8654 | VRAM (Alloc/Reserved): 72.9/348.0 MiB | Time: 265.6s
[ByzFL-SNN]   [Step 250/800] (31.2%) | Val Acc: 0.8273 | Test Acc: 0.8269 | VRAM (Alloc/Reserved): 72.9/348.0 MiB | Time: 335.2s
[ByzFL-SNN]   [Step 300/800] (37.5%) | Val Acc: 0.8631 | Test Acc: 0.8614 | VRAM (Alloc/Reserved): 72.9/348.0 MiB | Time: 407.6s
[ByzFL-SNN]   [Step 350/800] (43.8%) | Val Acc: 0.8677 | Test Acc: 0.8666 | VRAM (Alloc/Reserved): 72.9/348.0 MiB | Time: 476.5s
[ByzFL-SNN]   [Step 400/800] (50.0%) | Val Acc: 0.8745 | Test Acc: 0.8731 | VRAM (Alloc/Reserved): 72.9/348.0 MiB | Time: 549.0s
[ByzFL-SNN]   [Step 450/800] (56.2%) | Val Acc: 0.8718 | Test Acc: 0.8729 | VRAM (Alloc/Reserved): 72.9/348.0 MiB | Time: 618.9s
[ByzFL-SNN]   [Step 500/800] (62.5%) | Val Acc: 0.8799 | Test Acc: 0.8797 | VRAM (Alloc/Reserved): 72.9/348.0 MiB | Time: 691.5s
[ByzFL-SNN]   [Step 550/800] (68.8%) | Val Acc: 0.8819 | Test Acc: 0.8805 | VRAM (Alloc/Reserved): 72.9/348.0 MiB | Time: 772.5s
[ByzFL-SNN]   [Step 600/800] (75.0%) | Val Acc: 0.8249 | Test Acc: 0.8218 | VRAM (Alloc/Reserved): 72.9/348.0 MiB | Time: 854.7s
[ByzFL-SNN]   [Step 650/800] (81.2%) | Val Acc: 0.8779 | Test Acc: 0.8761 | VRAM (Alloc/Reserved): 72.9/348.0 MiB | Time: 938.1s
[ByzFL-SNN]   [Step 700/800] (87.5%) | Val Acc: 0.8831 | Test Acc: 0.8832 | VRAM (Alloc/Reserved): 72.9/348.0 MiB | Time: 1020.8s
[ByzFL-SNN]   [Step 750/800] (93.8%) | Val Acc: 0.8838 | Test Acc: 0.8830 | VRAM (Alloc/Reserved): 72.9/348.0 MiB | Time: 1099.4s
[ByzFL-SNN] [Training Complete] Peak VRAM (Alloc/Reserved): 312.9/348.0 MiB | Total time: 1173.2s

Training 4 done

[ByzFL-SNN] [Training Start] Model: cnn_mnist | Dataset: mnist
[ByzFL-SNN]   Clients: 10 honest, 2 byzantine | Algorithm: DSGD
[ByzFL-SNN]   Learning Rate: 0.1 | Steps: 800 | Device: cuda:1
[ByzFL-SNN]   Validation samples: 12000 | Test samples: 10000
[ByzFL-SNN] Initial VRAM (Alloc/Reserved): 36.1/42.0 MiB
[ByzFL-SNN]   [Step 0/800] (0.0%) | Val Acc: 0.1541 | Test Acc: 0.1596 | VRAM (Alloc/Reserved): 44.3/64.0 MiB | Time: 3.7s
[ByzFL-SNN]   [Step 50/800] (6.2%) | Val Acc: 0.6695 | Test Acc: 0.6757 | VRAM (Alloc/Reserved): 73.9/362.0 MiB | Time: 80.3s
[ByzFL-SNN]   [Step 100/800] (12.5%) | Val Acc: 0.7399 | Test Acc: 0.7418 | VRAM (Alloc/Reserved): 74.0/364.0 MiB | Time: 154.9s
[ByzFL-SNN]   [Step 150/800] (18.8%) | Val Acc: 0.6870 | Test Acc: 0.6845 | VRAM (Alloc/Reserved): 73.6/364.0 MiB | Time: 231.2s
[ByzFL-SNN]   [Step 200/800] (25.0%) | Val Acc: 0.8194 | Test Acc: 0.8275 | VRAM (Alloc/Reserved): 73.9/364.0 MiB | Time: 308.8s
[ByzFL-SNN]   [Step 250/800] (31.2%) | Val Acc: 0.7772 | Test Acc: 0.7796 | VRAM (Alloc/Reserved): 74.0/364.0 MiB | Time: 394.4s
[ByzFL-SNN]   [Step 300/800] (37.5%) | Val Acc: 0.8340 | Test Acc: 0.8304 | VRAM (Alloc/Reserved): 73.6/364.0 MiB | Time: 477.6s
[ByzFL-SNN]   [Step 350/800] (43.8%) | Val Acc: 0.8240 | Test Acc: 0.8196 | VRAM (Alloc/Reserved): 73.9/364.0 MiB | Time: 567.4s
[ByzFL-SNN]   [Step 400/800] (50.0%) | Val Acc: 0.8543 | Test Acc: 0.8583 | VRAM (Alloc/Reserved): 74.0/364.0 MiB | Time: 650.7s
[ByzFL-SNN]   [Step 450/800] (56.2%) | Val Acc: 0.7816 | Test Acc: 0.7827 | VRAM (Alloc/Reserved): 73.6/364.0 MiB | Time: 742.5s
[ByzFL-SNN]   [Step 500/800] (62.5%) | Val Acc: 0.8445 | Test Acc: 0.8574 | VRAM (Alloc/Reserved): 73.9/364.0 MiB | Time: 833.1s
[ByzFL-SNN]   [Step 550/800] (68.8%) | Val Acc: 0.7864 | Test Acc: 0.7949 | VRAM (Alloc/Reserved): 74.0/364.0 MiB | Time: 928.3s
[ByzFL-SNN]   [Step 600/800] (75.0%) | Val Acc: 0.8533 | Test Acc: 0.8545 | VRAM (Alloc/Reserved): 73.6/364.0 MiB | Time: 1021.4s
[ByzFL-SNN]   [Step 650/800] (81.2%) | Val Acc: 0.8661 | Test Acc: 0.8682 | VRAM (Alloc/Reserved): 73.9/364.0 MiB | Time: 1113.4s
[ByzFL-SNN]   [Step 700/800] (87.5%) | Val Acc: 0.8333 | Test Acc: 0.8363 | VRAM (Alloc/Reserved): 74.0/364.0 MiB | Time: 1197.0s
[ByzFL-SNN]   [Step 750/800] (93.8%) | Val Acc: 0.8330 | Test Acc: 0.8373 | VRAM (Alloc/Reserved): 73.6/364.0 MiB | Time: 1277.9s
[ByzFL-SNN] [Training Complete] Peak VRAM (Alloc/Reserved): 336.8/364.0 MiB | Total time: 1355.8s

Training 5 done

[ByzFL-SNN] [Training Start] Model: cnn_mnist | Dataset: mnist
[ByzFL-SNN]   Clients: 10 honest, 5 byzantine | Algorithm: DSGD
[ByzFL-SNN]   Learning Rate: 0.1 | Steps: 800 | Device: cuda:0
[ByzFL-SNN]   Validation samples: 12000 | Test samples: 10000
[ByzFL-SNN] Initial VRAM (Alloc/Reserved): 36.1/42.0 MiB
[ByzFL-SNN]   [Step 0/800] (0.0%) | Val Acc: 0.1541 | Test Acc: 0.1596 | VRAM (Alloc/Reserved): 44.3/64.0 MiB | Time: 3.0s
[ByzFL-SNN]   [Step 50/800] (6.2%) | Val Acc: 0.1762 | Test Acc: 0.1819 | VRAM (Alloc/Reserved): 74.1/424.0 MiB | Time: 16.0s
[ByzFL-SNN]   [Step 100/800] (12.5%) | Val Acc: 0.1234 | Test Acc: 0.1302 | VRAM (Alloc/Reserved): 74.1/426.0 MiB | Time: 28.8s
[ByzFL-SNN]   [Step 150/800] (18.8%) | Val Acc: 0.1664 | Test Acc: 0.1755 | VRAM (Alloc/Reserved): 74.1/426.0 MiB | Time: 41.5s
[ByzFL-SNN]   [Step 200/800] (25.0%) | Val Acc: 0.1569 | Test Acc: 0.1609 | VRAM (Alloc/Reserved): 74.1/426.0 MiB | Time: 54.4s
[ByzFL-SNN]   [Step 250/800] (31.2%) | Val Acc: 0.1671 | Test Acc: 0.1684 | VRAM (Alloc/Reserved): 74.1/426.0 MiB | Time: 67.3s
[ByzFL-SNN]   [Step 300/800] (37.5%) | Val Acc: 0.1176 | Test Acc: 0.1252 | VRAM (Alloc/Reserved): 74.1/426.0 MiB | Time: 80.6s
[ByzFL-SNN]   [Step 350/800] (43.8%) | Val Acc: 0.1489 | Test Acc: 0.1441 | VRAM (Alloc/Reserved): 74.1/426.0 MiB | Time: 93.7s
[ByzFL-SNN]   [Step 400/800] (50.0%) | Val Acc: 0.1096 | Test Acc: 0.1127 | VRAM (Alloc/Reserved): 74.1/426.0 MiB | Time: 106.5s
[ByzFL-SNN]   [Step 450/800] (56.2%) | Val Acc: 0.1073 | Test Acc: 0.1086 | VRAM (Alloc/Reserved): 74.1/426.0 MiB | Time: 119.5s
[ByzFL-SNN]   [Step 500/800] (62.5%) | Val Acc: 0.1086 | Test Acc: 0.1089 | VRAM (Alloc/Reserved): 74.1/426.0 MiB | Time: 132.6s
[ByzFL-SNN]   [Step 550/800] (68.8%) | Val Acc: 0.1943 | Test Acc: 0.2079 | VRAM (Alloc/Reserved): 74.1/426.0 MiB | Time: 145.7s
[ByzFL-SNN]   [Step 600/800] (75.0%) | Val Acc: 0.1263 | Test Acc: 0.1266 | VRAM (Alloc/Reserved): 74.1/426.0 MiB | Time: 159.1s
[ByzFL-SNN]   [Step 650/800] (81.2%) | Val Acc: 0.1448 | Test Acc: 0.1517 | VRAM (Alloc/Reserved): 74.1/426.0 MiB | Time: 172.5s
[ByzFL-SNN]   [Step 700/800] (87.5%) | Val Acc: 0.1804 | Test Acc: 0.1901 | VRAM (Alloc/Reserved): 74.1/426.0 MiB | Time: 186.1s
[ByzFL-SNN]   [Step 750/800] (93.8%) | Val Acc: 0.2155 | Test Acc: 0.2245 | VRAM (Alloc/Reserved): 74.1/426.0 MiB | Time: 199.4s
[ByzFL-SNN] [Training Complete] Peak VRAM (Alloc/Reserved): 399.5/426.0 MiB | Total time: 210.2s

Training 6 done

[ByzFL-SNN] [Training Start] Model: cnn_mnist | Dataset: mnist
[ByzFL-SNN]   Clients: 10 honest, 3 byzantine | Algorithm: DSGD
[ByzFL-SNN]   Learning Rate: 0.1 | Steps: 800 | Device: cuda:1
[ByzFL-SNN]   Validation samples: 12000 | Test samples: 10000
[ByzFL-SNN] Initial VRAM (Alloc/Reserved): 36.1/42.0 MiB
[ByzFL-SNN]   [Step 0/800] (0.0%) | Val Acc: 0.1541 | Test Acc: 0.1596 | VRAM (Alloc/Reserved): 44.3/64.0 MiB | Time: 3.8s
[ByzFL-SNN]   [Step 50/800] (6.2%) | Val Acc: 0.5767 | Test Acc: 0.5853 | VRAM (Alloc/Reserved): 73.9/384.0 MiB | Time: 98.0s
[ByzFL-SNN]   [Step 100/800] (12.5%) | Val Acc: 0.4983 | Test Acc: 0.5019 | VRAM (Alloc/Reserved): 74.0/386.0 MiB | Time: 188.3s
[ByzFL-SNN]   [Step 150/800] (18.8%) | Val Acc: 0.6101 | Test Acc: 0.6172 | VRAM (Alloc/Reserved): 73.6/386.0 MiB | Time: 280.6s
[ByzFL-SNN]   [Step 200/800] (25.0%) | Val Acc: 0.5444 | Test Acc: 0.5649 | VRAM (Alloc/Reserved): 73.9/386.0 MiB | Time: 375.7s
[ByzFL-SNN]   [Step 250/800] (31.2%) | Val Acc: 0.8030 | Test Acc: 0.8138 | VRAM (Alloc/Reserved): 74.0/386.0 MiB | Time: 477.5s
[ByzFL-SNN]   [Step 300/800] (37.5%) | Val Acc: 0.8217 | Test Acc: 0.8250 | VRAM (Alloc/Reserved): 73.6/386.0 MiB | Time: 583.9s
[ByzFL-SNN]   [Step 350/800] (43.8%) | Val Acc: 0.7087 | Test Acc: 0.7058 | VRAM (Alloc/Reserved): 73.9/386.0 MiB | Time: 685.6s
[ByzFL-SNN]   [Step 400/800] (50.0%) | Val Acc: 0.6626 | Test Acc: 0.6564 | VRAM (Alloc/Reserved): 74.0/386.0 MiB | Time: 785.0s
[ByzFL-SNN]   [Step 450/800] (56.2%) | Val Acc: 0.7411 | Test Acc: 0.7414 | VRAM (Alloc/Reserved): 73.6/386.0 MiB | Time: 888.9s
[ByzFL-SNN]   [Step 500/800] (62.5%) | Val Acc: 0.7549 | Test Acc: 0.7601 | VRAM (Alloc/Reserved): 73.9/386.0 MiB | Time: 979.2s
[ByzFL-SNN]   [Step 550/800] (68.8%) | Val Acc: 0.7123 | Test Acc: 0.7161 | VRAM (Alloc/Reserved): 74.0/386.0 MiB | Time: 1067.6s
[ByzFL-SNN]   [Step 600/800] (75.0%) | Val Acc: 0.7558 | Test Acc: 0.7602 | VRAM (Alloc/Reserved): 73.6/386.0 MiB | Time: 1155.0s
[ByzFL-SNN]   [Step 650/800] (81.2%) | Val Acc: 0.7331 | Test Acc: 0.7437 | VRAM (Alloc/Reserved): 73.9/386.0 MiB | Time: 1243.9s
[ByzFL-SNN]   [Step 700/800] (87.5%) | Val Acc: 0.6906 | Test Acc: 0.6938 | VRAM (Alloc/Reserved): 74.0/386.0 MiB | Time: 1335.7s
[ByzFL-SNN]   [Step 750/800] (93.8%) | Val Acc: 0.7589 | Test Acc: 0.7595 | VRAM (Alloc/Reserved): 73.6/386.0 MiB | Time: 1427.7s
[ByzFL-SNN] [Training Complete] Peak VRAM (Alloc/Reserved): 358.2/386.0 MiB | Total time: 1514.5s

Training 7 done

[ByzFL-SNN] [Training Start] Model: cnn_mnist | Dataset: mnist
[ByzFL-SNN]   Clients: 10 honest, 4 byzantine | Algorithm: DSGD
[ByzFL-SNN]   Learning Rate: 0.1 | Steps: 800 | Device: cuda:1
[ByzFL-SNN]   Validation samples: 12000 | Test samples: 10000
[ByzFL-SNN] Initial VRAM (Alloc/Reserved): 36.1/42.0 MiB
[ByzFL-SNN]   [Step 0/800] (0.0%) | Val Acc: 0.1541 | Test Acc: 0.1596 | VRAM (Alloc/Reserved): 44.3/64.0 MiB | Time: 3.8s
[ByzFL-SNN]   [Step 50/800] (6.2%) | Val Acc: 0.2316 | Test Acc: 0.2436 | VRAM (Alloc/Reserved): 73.9/404.0 MiB | Time: 108.6s
[ByzFL-SNN]   [Step 100/800] (12.5%) | Val Acc: 0.5096 | Test Acc: 0.5177 | VRAM (Alloc/Reserved): 74.0/406.0 MiB | Time: 217.4s
[ByzFL-SNN]   [Step 150/800] (18.8%) | Val Acc: 0.1893 | Test Acc: 0.2053 | VRAM (Alloc/Reserved): 73.6/406.0 MiB | Time: 332.4s
[ByzFL-SNN]   [Step 200/800] (25.0%) | Val Acc: 0.1257 | Test Acc: 0.1211 | VRAM (Alloc/Reserved): 73.9/406.0 MiB | Time: 446.2s
[ByzFL-SNN]   [Step 250/800] (31.2%) | Val Acc: 0.4522 | Test Acc: 0.4543 | VRAM (Alloc/Reserved): 74.0/406.0 MiB | Time: 554.9s
[ByzFL-SNN]   [Step 300/800] (37.5%) | Val Acc: 0.2491 | Test Acc: 0.2496 | VRAM (Alloc/Reserved): 73.6/406.0 MiB | Time: 662.6s
[ByzFL-SNN]   [Step 350/800] (43.8%) | Val Acc: 0.4938 | Test Acc: 0.5028 | VRAM (Alloc/Reserved): 73.9/406.0 MiB | Time: 765.0s
[ByzFL-SNN]   [Step 400/800] (50.0%) | Val Acc: 0.5936 | Test Acc: 0.5967 | VRAM (Alloc/Reserved): 74.0/406.0 MiB | Time: 873.4s
[ByzFL-SNN]   [Step 450/800] (56.2%) | Val Acc: 0.2641 | Test Acc: 0.2718 | VRAM (Alloc/Reserved): 73.6/406.0 MiB | Time: 982.9s
[ByzFL-SNN]   [Step 500/800] (62.5%) | Val Acc: 0.2303 | Test Acc: 0.2377 | VRAM (Alloc/Reserved): 73.9/406.0 MiB | Time: 1086.4s
[ByzFL-SNN]   [Step 550/800] (68.8%) | Val Acc: 0.3663 | Test Acc: 0.3818 | VRAM (Alloc/Reserved): 74.0/406.0 MiB | Time: 1180.8s
[ByzFL-SNN]   [Step 600/800] (75.0%) | Val Acc: 0.5183 | Test Acc: 0.5258 | VRAM (Alloc/Reserved): 73.6/406.0 MiB | Time: 1268.3s
[ByzFL-SNN]   [Step 650/800] (81.2%) | Val Acc: 0.1700 | Test Acc: 0.1766 | VRAM (Alloc/Reserved): 73.9/406.0 MiB | Time: 1359.1s
[ByzFL-SNN]   [Step 700/800] (87.5%) | Val Acc: 0.3599 | Test Acc: 0.3806 | VRAM (Alloc/Reserved): 74.0/406.0 MiB | Time: 1451.2s
[ByzFL-SNN]   [Step 750/800] (93.8%) | Val Acc: 0.2701 | Test Acc: 0.2744 | VRAM (Alloc/Reserved): 73.6/406.0 MiB | Time: 1536.5s
[ByzFL-SNN] [Training Complete] Peak VRAM (Alloc/Reserved): 380.3/406.0 MiB | Total time: 1620.5s

Training 8 done

[ByzFL-SNN] [Training Start] Model: cnn_mnist | Dataset: mnist
[ByzFL-SNN]   Clients: 10 honest, 5 byzantine | Algorithm: DSGD
[ByzFL-SNN]   Learning Rate: 0.1 | Steps: 800 | Device: cuda:1
[ByzFL-SNN]   Validation samples: 12000 | Test samples: 10000
[ByzFL-SNN] Initial VRAM (Alloc/Reserved): 36.1/42.0 MiB
[ByzFL-SNN]   [Step 0/800] (0.0%) | Val Acc: 0.1541 | Test Acc: 0.1596 | VRAM (Alloc/Reserved): 44.3/64.0 MiB | Time: 3.7s
[ByzFL-SNN]   [Step 50/800] (6.2%) | Val Acc: 0.1845 | Test Acc: 0.1920 | VRAM (Alloc/Reserved): 73.9/424.0 MiB | Time: 105.7s
[ByzFL-SNN]   [Step 100/800] (12.5%) | Val Acc: 0.2657 | Test Acc: 0.2698 | VRAM (Alloc/Reserved): 74.0/426.0 MiB | Time: 212.3s
[ByzFL-SNN]   [Step 150/800] (18.8%) | Val Acc: 0.1753 | Test Acc: 0.1865 | VRAM (Alloc/Reserved): 73.6/426.0 MiB | Time: 318.1s
[ByzFL-SNN]   [Step 200/800] (25.0%) | Val Acc: 0.2208 | Test Acc: 0.2250 | VRAM (Alloc/Reserved): 73.9/426.0 MiB | Time: 426.3s
[ByzFL-SNN]   [Step 250/800] (31.2%) | Val Acc: 0.1883 | Test Acc: 0.1969 | VRAM (Alloc/Reserved): 74.0/426.0 MiB | Time: 520.8s
[ByzFL-SNN]   [Step 300/800] (37.5%) | Val Acc: 0.1305 | Test Acc: 0.1289 | VRAM (Alloc/Reserved): 73.6/426.0 MiB | Time: 613.4s
[ByzFL-SNN]   [Step 350/800] (43.8%) | Val Acc: 0.1500 | Test Acc: 0.1537 | VRAM (Alloc/Reserved): 73.9/426.0 MiB | Time: 710.6s
[ByzFL-SNN]   [Step 400/800] (50.0%) | Val Acc: 0.1077 | Test Acc: 0.1074 | VRAM (Alloc/Reserved): 74.0/426.0 MiB | Time: 808.9s
[ByzFL-SNN]   [Step 450/800] (56.2%) | Val Acc: 0.1411 | Test Acc: 0.1451 | VRAM (Alloc/Reserved): 73.6/426.0 MiB | Time: 901.8s
[ByzFL-SNN]   [Step 500/800] (62.5%) | Val Acc: 0.1339 | Test Acc: 0.1369 | VRAM (Alloc/Reserved): 73.9/426.0 MiB | Time: 989.2s
[ByzFL-SNN]   [Step 550/800] (68.8%) | Val Acc: 0.1853 | Test Acc: 0.1967 | VRAM (Alloc/Reserved): 74.0/426.0 MiB | Time: 1063.6s
[ByzFL-SNN]   [Step 600/800] (75.0%) | Val Acc: 0.1984 | Test Acc: 0.2145 | VRAM (Alloc/Reserved): 73.6/426.0 MiB | Time: 1143.7s
[ByzFL-SNN]   [Step 650/800] (81.2%) | Val Acc: 0.2635 | Test Acc: 0.2789 | VRAM (Alloc/Reserved): 73.9/426.0 MiB | Time: 1223.6s
[ByzFL-SNN]   [Step 700/800] (87.5%) | Val Acc: 0.2075 | Test Acc: 0.2127 | VRAM (Alloc/Reserved): 74.0/426.0 MiB | Time: 1304.6s
[ByzFL-SNN]   [Step 750/800] (93.8%) | Val Acc: 0.1902 | Test Acc: 0.1868 | VRAM (Alloc/Reserved): 73.6/426.0 MiB | Time: 1384.6s
[ByzFL-SNN] [Training Complete] Peak VRAM (Alloc/Reserved): 399.7/426.0 MiB | Total time: 1459.7s

Training 9 done
All trainings finished.
Done

================================================================================
MNIST ARC SWEEP REPRODUCTION REPORT (Default ALIE, delta = 10.0)
================================================================================
Aggregator       | Pre-Agg      | f=1       | f=2       | f=3       | f=4       | f=5      
------------------------------------------------------------------------------------------
TrMean           | NNM+ARC      | N/A    (Pk:N/A   ) | N/A    (Pk:N/A   ) | N/A    (Pk:N/A   ) | N/A    (Pk:N/A   ) | N/A    (Pk:N/A   )
GeometricMedian  | NNM+ARC      | N/A    (Pk:N/A   ) | N/A    (Pk:N/A   ) | N/A    (Pk:N/A   ) | N/A    (Pk:N/A   ) | N/A    (Pk:N/A   )
