nohup: ignoring input
============================================================
Starting CNN Clipped Heatmap Sweep (GM + NNM_ARC, f=0..5, γ=0..1)
============================================================
Distributing tasks across 2 GPUs...
Total trainings to do: 1
Running 20 trainings in parallel...

[ByzFL-SNN] [Training Start] Model: cnn_mnist | Dataset: mnist
[ByzFL-SNN]   Clients: 10 honest, 1 byzantine | Algorithm: DSGD
[ByzFL-SNN]   Learning Rate: 0.15 | Steps: 500 | Device: cuda:0
[ByzFL-SNN]   Validation samples: 12000 | Test samples: 10000
[ByzFL-SNN] Initial VRAM (Alloc/Reserved): 36.1/42.0 MiB
[ByzFL-SNN]   [Step 0/500] (0.0%) | Val Acc: 0.1542 | Test Acc: 0.1595 | VRAM (Alloc/Reserved): 44.3/64.0 MiB | Time: 2.7s
[ByzFL-SNN]   [Step 50/500] (10.0%) | Val Acc: 0.8845 | Test Acc: 0.8944 | VRAM (Alloc/Reserved): 93.5/368.0 MiB | Time: 14.0s
[ByzFL-SNN]   [Step 100/500] (20.0%) | Val Acc: 0.9257 | Test Acc: 0.9325 | VRAM (Alloc/Reserved): 93.2/368.0 MiB | Time: 25.1s
[ByzFL-SNN]   [Step 150/500] (30.0%) | Val Acc: 0.9487 | Test Acc: 0.9531 | VRAM (Alloc/Reserved): 94.8/368.0 MiB | Time: 36.4s
[ByzFL-SNN]   [Step 200/500] (40.0%) | Val Acc: 0.9657 | Test Acc: 0.9699 | VRAM (Alloc/Reserved): 94.4/368.0 MiB | Time: 47.5s
[ByzFL-SNN]   [Step 250/500] (50.0%) | Val Acc: 0.9679 | Test Acc: 0.9688 | VRAM (Alloc/Reserved): 93.9/368.0 MiB | Time: 58.7s
[ByzFL-SNN]   [Step 300/500] (60.0%) | Val Acc: 0.9690 | Test Acc: 0.9714 | VRAM (Alloc/Reserved): 93.4/368.0 MiB | Time: 69.7s
[ByzFL-SNN]   [Step 350/500] (70.0%) | Val Acc: 0.9744 | Test Acc: 0.9761 | VRAM (Alloc/Reserved): 94.0/368.0 MiB | Time: 80.7s
[ByzFL-SNN]   [Step 400/500] (80.0%) | Val Acc: 0.9762 | Test Acc: 0.9787 | VRAM (Alloc/Reserved): 94.2/368.0 MiB | Time: 91.7s
[ByzFL-SNN]   [Step 450/500] (90.0%) | Val Acc: 0.9776 | Test Acc: 0.9829 | VRAM (Alloc/Reserved): 94.7/368.0 MiB | Time: 103.0s
[ByzFL-SNN] [Training Complete] Peak VRAM (Alloc/Reserved): 312.7/368.0 MiB | Total time: 111.6s

Training 0 done
All trainings finished.
Done

============================================================
Benchmark complete! Generating heatmaps...
============================================================

--> Generating heatmaps for attack: merged
    - Saved line plots
    - Saved loss heatmaps
    - Saved aggregated test heatmaps

--> Generating heatmaps for attack: SignFlipping
    - Saved line plots
    - Saved loss heatmaps
    - Saved aggregated test heatmaps

--> Generating heatmaps for attack: Optimal_InnerProductManipulation
    - Saved line plots
    - Saved loss heatmaps
    - Saved aggregated test heatmaps

--> Generating heatmaps for attack: Optimal_ALittleIsEnough_neg1
    - Saved line plots
    - Saved loss heatmaps
    - Saved aggregated test heatmaps

All plots saved in plots/cnn_clipped_heatmaps/
