nohup: ignoring input
Total trainings to do: 101
Running 10 trainings in parallel...

[ByzFL-SNN] [Training Start] Model: cnn_mnist_snn | Dataset: mnist
[ByzFL-SNN]   Aggregator: MultiKrum | Attack: Optimal_InnerProductManipulation
[ByzFL-SNN]   Distribution: gamma_similarity_niid (gamma=0.66)
[ByzFL-SNN]   Clients: 10 honest, 4 byzantine | Algorithm: DSGD
[ByzFL-SNN]   Learning Rate: 0.1 | Steps: 500 | Device: cuda
[ByzFL-SNN]   Validation samples: 12000 | Test samples: 10000

[ByzFL-SNN] [Training Start] Model: cnn_mnist_snn | Dataset: mnist
[ByzFL-SNN]   Aggregator: MultiKrum | Attack: Optimal_InnerProductManipulation
[ByzFL-SNN]   Distribution: gamma_similarity_niid (gamma=0.66)
[ByzFL-SNN]   Clients: 10 honest, 4 byzantine | Algorithm: DSGD
[ByzFL-SNN]   Learning Rate: 0.1 | Steps: 500 | Device: cuda
[ByzFL-SNN]   Validation samples: 12000 | Test samples: 10000

[ByzFL-SNN] [Training Start] Model: cnn_mnist_snn | Dataset: mnist
[ByzFL-SNN]   Aggregator: ClippedSignFilteredMedian_1 | Attack: Optimal_ALittleIsEnough
[ByzFL-SNN]   Distribution: gamma_similarity_niid (gamma=0.66)
[ByzFL-SNN]   Clients: 10 honest, 4 byzantine | Algorithm: DSGD
[ByzFL-SNN]   Learning Rate: 0.1 | Steps: 500 | Device: cuda
[ByzFL-SNN]   Validation samples: 12000 | Test samples: 10000

[ByzFL-SNN] [Training Start] Model: cnn_mnist_snn | Dataset: mnist
[ByzFL-SNN]   Aggregator: ClippedSignFilteredMedian_1 | Attack: Optimal_ALittleIsEnough
[ByzFL-SNN]   Distribution: gamma_similarity_niid (gamma=0.66)
[ByzFL-SNN]   Clients: 10 honest, 4 byzantine | Algorithm: DSGD
[ByzFL-SNN]   Learning Rate: 0.1 | Steps: 500 | Device: cuda
[ByzFL-SNN]   Validation samples: 12000 | Test samples: 10000

[ByzFL-SNN] [Training Start] Model: cnn_mnist_snn | Dataset: mnist
[ByzFL-SNN]   Aggregator: ClippedSignFilteredMedian_1 | Attack: Optimal_InnerProductManipulation
[ByzFL-SNN]   Distribution: gamma_similarity_niid (gamma=0.66)
[ByzFL-SNN]   Clients: 10 honest, 4 byzantine | Algorithm: DSGD
[ByzFL-SNN]   Learning Rate: 0.1 | Steps: 500 | Device: cuda
[ByzFL-SNN]   Validation samples: 12000 | Test samples: 10000

[ByzFL-SNN] [Training Start] Model: cnn_mnist_snn | Dataset: mnist
[ByzFL-SNN]   Aggregator: ClippedSignFilteredMedian_1 | Attack: Optimal_InnerProductManipulation
[ByzFL-SNN]   Distribution: gamma_similarity_niid (gamma=0.66)
[ByzFL-SNN]   Clients: 10 honest, 4 byzantine | Algorithm: DSGD
[ByzFL-SNN]   Learning Rate: 0.1 | Steps: 500 | Device: cuda
[ByzFL-SNN]   Validation samples: 12000 | Test samples: 10000

[ByzFL-SNN] [Training Start] Model: cnn_mnist_snn | Dataset: mnist
[ByzFL-SNN]   Aggregator: SignFilteredMedian | Attack: SignFlipping
[ByzFL-SNN]   Distribution: gamma_similarity_niid (gamma=0.33)
[ByzFL-SNN]   Clients: 10 honest, 4 byzantine | Algorithm: DSGD
[ByzFL-SNN]   Learning Rate: 0.1 | Steps: 500 | Device: cuda
[ByzFL-SNN]   Validation samples: 12000 | Test samples: 10000

[ByzFL-SNN] [Training Start] Model: cnn_mnist_snn | Dataset: mnist
[ByzFL-SNN]   Aggregator: SignFilteredMedian | Attack: Optimal_ALittleIsEnough
[ByzFL-SNN]   Distribution: gamma_similarity_niid (gamma=0.33)
[ByzFL-SNN]   Clients: 10 honest, 4 byzantine | Algorithm: DSGD
[ByzFL-SNN]   Learning Rate: 0.1 | Steps: 500 | Device: cuda
[ByzFL-SNN]   Validation samples: 12000 | Test samples: 10000

[ByzFL-SNN] [Training Start] Model: cnn_mnist_snn | Dataset: mnist
[ByzFL-SNN]   Aggregator: SignFilteredMedian | Attack: Optimal_ALittleIsEnough
[ByzFL-SNN]   Distribution: gamma_similarity_niid (gamma=0.33)
[ByzFL-SNN]   Clients: 10 honest, 4 byzantine | Algorithm: DSGD
[ByzFL-SNN]   Learning Rate: 0.1 | Steps: 500 | Device: cuda
[ByzFL-SNN]   Validation samples: 12000 | Test samples: 10000

[ByzFL-SNN] [Training Start] Model: cnn_mnist_snn | Dataset: mnist
[ByzFL-SNN]   Aggregator: SignFilteredMedian | Attack: Optimal_InnerProductManipulation
[ByzFL-SNN]   Distribution: gamma_similarity_niid (gamma=0.33)
[ByzFL-SNN]   Clients: 10 honest, 4 byzantine | Algorithm: DSGD
[ByzFL-SNN]   Learning Rate: 0.1 | Steps: 500 | Device: cuda
[ByzFL-SNN]   Validation samples: 12000 | Test samples: 10000
[ByzFL-SNN] Initial VRAM (Alloc/Reserved): 36.2/42.0 MiB
[ByzFL-SNN] Initial VRAM (Alloc/Reserved): 36.2/42.0 MiB
[ByzFL-SNN] Initial VRAM (Alloc/Reserved): 36.2/42.0 MiB
[ByzFL-SNN] Initial VRAM (Alloc/Reserved): 36.2/42.0 MiB
[ByzFL-SNN] Initial VRAM (Alloc/Reserved): 36.2/42.0 MiB
[ByzFL-SNN] Initial VRAM (Alloc/Reserved): 36.2/42.0 MiB
[ByzFL-SNN] Initial VRAM (Alloc/Reserved): 36.2/42.0 MiB
[ByzFL-SNN] Initial VRAM (Alloc/Reserved): 36.2/42.0 MiB
[ByzFL-SNN] Initial VRAM (Alloc/Reserved): 36.2/42.0 MiB
[ByzFL-SNN] Initial VRAM (Alloc/Reserved): 36.2/42.0 MiB
[ByzFL-SNN]   [Step 0/500] (0.0%) | Val Acc: 0.1278 | Test Acc: 0.1263 | VRAM (Alloc/Reserved): 46.2/132.0 MiB | Time: 11.4s
[ByzFL-SNN]   [Step 0/500] (0.0%) | Val Acc: 0.1278 | Test Acc: 0.1263 | VRAM (Alloc/Reserved): 46.2/132.0 MiB | Time: 12.7s
[ByzFL-SNN]   [Step 0/500] (0.0%) | Val Acc: 0.1278 | Test Acc: 0.1263 | VRAM (Alloc/Reserved): 46.2/132.0 MiB | Time: 12.9s
[ByzFL-SNN]   [Step 0/500] (0.0%) | Val Acc: 0.1278 | Test Acc: 0.1263 | VRAM (Alloc/Reserved): 46.2/132.0 MiB | Time: 12.9s
[ByzFL-SNN]   [Step 0/500] (0.0%) | Val Acc: 0.1278 | Test Acc: 0.1263 | VRAM (Alloc/Reserved): 46.2/132.0 MiB | Time: 12.5s
[ByzFL-SNN]   [Step 0/500] (0.0%) | Val Acc: 0.1278 | Test Acc: 0.1263 | VRAM (Alloc/Reserved): 46.2/132.0 MiB | Time: 12.7s
[ByzFL-SNN]   [Step 0/500] (0.0%) | Val Acc: 0.1278 | Test Acc: 0.1263 | VRAM (Alloc/Reserved): 46.2/132.0 MiB | Time: 12.5s
[ByzFL-SNN]   [Step 0/500] (0.0%) | Val Acc: 0.1278 | Test Acc: 0.1263 | VRAM (Alloc/Reserved): 46.2/132.0 MiB | Time: 12.6s
[ByzFL-SNN]   [Step 0/500] (0.0%) | Val Acc: 0.1278 | Test Acc: 0.1263 | VRAM (Alloc/Reserved): 46.2/132.0 MiB | Time: 12.3s
[ByzFL-SNN]   [Step 0/500] (0.0%) | Val Acc: 0.1278 | Test Acc: 0.1263 | VRAM (Alloc/Reserved): 46.2/132.0 MiB | Time: 12.3s
[ByzFL-SNN]   [Step 50/500] (10.0%) | Val Acc: 0.0990 | Test Acc: 0.0980 | VRAM (Alloc/Reserved): 252.7/658.0 MiB | Time: 207.2s
[ByzFL-SNN]   [Step 50/500] (10.0%) | Val Acc: 0.0968 | Test Acc: 0.0962 | VRAM (Alloc/Reserved): 254.5/598.0 MiB | Time: 267.6s
[ByzFL-SNN]   [Step 50/500] (10.0%) | Val Acc: 0.0972 | Test Acc: 0.0966 | VRAM (Alloc/Reserved): 256.2/598.0 MiB | Time: 266.9s

[ByzFL-SNN] [Training Start] Model: cnn_mnist_snn | Dataset: mnist
[ByzFL-SNN]   Aggregator: SignFilteredMedianNoQuorum | Attack: SignFlipping
[ByzFL-SNN]   Distribution: gamma_similarity_niid (gamma=0.33)
[ByzFL-SNN]   Clients: 10 honest, 4 byzantine | Algorithm: DSGD
[ByzFL-SNN]   Learning Rate: 0.1 | Steps: 500 | Device: cuda
[ByzFL-SNN]   Validation samples: 12000 | Test samples: 10000

[ByzFL-SNN] [Training Start] Model: cnn_mnist_snn | Dataset: mnist
[ByzFL-SNN]   Aggregator: SignFilteredMedian | Attack: Optimal_InnerProductManipulation
[ByzFL-SNN]   Distribution: gamma_similarity_niid (gamma=0.33)
[ByzFL-SNN]   Clients: 10 honest, 4 byzantine | Algorithm: DSGD
[ByzFL-SNN]   Learning Rate: 0.1 | Steps: 500 | Device: cuda
[ByzFL-SNN]   Validation samples: 12000 | Test samples: 10000

[ByzFL-SNN] [Training Start] Model: cnn_mnist_snn | Dataset: mnist
[ByzFL-SNN]   Aggregator: SignFilteredMedianNoQuorum | Attack: SignFlipping
[ByzFL-SNN]   Distribution: gamma_similarity_niid (gamma=0.33)
[ByzFL-SNN]   Clients: 10 honest, 4 byzantine | Algorithm: DSGD
[ByzFL-SNN]   Learning Rate: 0.1 | Steps: 500 | Device: cuda
[ByzFL-SNN]   Validation samples: 12000 | Test samples: 10000

[ByzFL-SNN] [Training Start] Model: cnn_mnist_snn | Dataset: mnist
[ByzFL-SNN]   Aggregator: SignFilteredMedianNoQuorum | Attack: Optimal_ALittleIsEnough
[ByzFL-SNN]   Distribution: gamma_similarity_niid (gamma=0.33)
[ByzFL-SNN]   Clients: 10 honest, 4 byzantine | Algorithm: DSGD
[ByzFL-SNN]   Learning Rate: 0.1 | Steps: 500 | Device: cuda
[ByzFL-SNN]   Validation samples: 12000 | Test samples: 10000

[ByzFL-SNN] [Training Start] Model: cnn_mnist_snn | Dataset: mnist
[ByzFL-SNN]   Aggregator: SignFilteredMedianNoQuorum | Attack: Optimal_ALittleIsEnough
[ByzFL-SNN]   Distribution: gamma_similarity_niid (gamma=0.33)
[ByzFL-SNN]   Clients: 10 honest, 4 byzantine | Algorithm: DSGD
[ByzFL-SNN]   Learning Rate: 0.1 | Steps: 500 | Device: cuda
[ByzFL-SNN]   Validation samples: 12000 | Test samples: 10000

[ByzFL-SNN] [Training Start] Model: cnn_mnist_snn | Dataset: mnist
[ByzFL-SNN]   Aggregator: SignFilteredMedianNoQuorum | Attack: Optimal_InnerProductManipulation
[ByzFL-SNN]   Distribution: gamma_similarity_niid (gamma=0.33)
[ByzFL-SNN]   Clients: 10 honest, 4 byzantine | Algorithm: DSGD
[ByzFL-SNN]   Learning Rate: 0.1 | Steps: 500 | Device: cuda
[ByzFL-SNN]   Validation samples: 12000 | Test samples: 10000

[ByzFL-SNN] [Training Start] Model: cnn_mnist_snn | Dataset: mnist
[ByzFL-SNN]   Aggregator: SignFilteredMedianNoQuorum | Attack: Optimal_InnerProductManipulation
[ByzFL-SNN]   Distribution: gamma_similarity_niid (gamma=0.33)
[ByzFL-SNN]   Clients: 10 honest, 4 byzantine | Algorithm: DSGD
[ByzFL-SNN]   Learning Rate: 0.1 | Steps: 500 | Device: cuda
[ByzFL-SNN]   Validation samples: 12000 | Test samples: 10000

[ByzFL-SNN] [Training Start] Model: cnn_mnist_snn | Dataset: mnist
[ByzFL-SNN]   Aggregator: MultiKrum | Attack: SignFlipping
[ByzFL-SNN]   Distribution: gamma_similarity_niid (gamma=0.33)
[ByzFL-SNN]   Clients: 10 honest, 4 byzantine | Algorithm: DSGD
[ByzFL-SNN]   Learning Rate: 0.1 | Steps: 500 | Device: cuda
[ByzFL-SNN]   Validation samples: 12000 | Test samples: 10000

[ByzFL-SNN] [Training Start] Model: cnn_mnist_snn | Dataset: mnist
[ByzFL-SNN]   Aggregator: MultiKrum | Attack: SignFlipping
[ByzFL-SNN]   Distribution: gamma_similarity_niid (gamma=0.33)
[ByzFL-SNN]   Clients: 10 honest, 4 byzantine | Algorithm: DSGD
[ByzFL-SNN]   Learning Rate: 0.1 | Steps: 500 | Device: cuda
[ByzFL-SNN]   Validation samples: 12000 | Test samples: 10000

[ByzFL-SNN] [Training Start] Model: cnn_mnist_snn | Dataset: mnist
[ByzFL-SNN]   Aggregator: MultiKrum | Attack: Optimal_ALittleIsEnough
[ByzFL-SNN]   Distribution: gamma_similarity_niid (gamma=0.33)
[ByzFL-SNN]   Clients: 10 honest, 4 byzantine | Algorithm: DSGD
[ByzFL-SNN]   Learning Rate: 0.1 | Steps: 500 | Device: cuda
[ByzFL-SNN]   Validation samples: 12000 | Test samples: 10000
[ByzFL-SNN] Initial VRAM (Alloc/Reserved): 36.2/42.0 MiB
[ByzFL-SNN] Initial VRAM (Alloc/Reserved): 36.2/42.0 MiB
[ByzFL-SNN] Initial VRAM (Alloc/Reserved): 36.2/42.0 MiB
[ByzFL-SNN] Initial VRAM (Alloc/Reserved): 36.2/42.0 MiB
[ByzFL-SNN] Initial VRAM (Alloc/Reserved): 36.2/42.0 MiB
[ByzFL-SNN] Initial VRAM (Alloc/Reserved): 36.2/42.0 MiB
[ByzFL-SNN] Initial VRAM (Alloc/Reserved): 36.2/42.0 MiB
[ByzFL-SNN] Initial VRAM (Alloc/Reserved): 36.2/42.0 MiB
[ByzFL-SNN] Initial VRAM (Alloc/Reserved): 36.2/42.0 MiB
[ByzFL-SNN] Initial VRAM (Alloc/Reserved): 36.2/42.0 MiB
[ByzFL-SNN]   [Step 0/500] (0.0%) | Val Acc: 0.1278 | Test Acc: 0.1263 | VRAM (Alloc/Reserved): 46.2/132.0 MiB | Time: 10.2s
[ByzFL-SNN]   [Step 0/500] (0.0%) | Val Acc: 0.1278 | Test Acc: 0.1263 | VRAM (Alloc/Reserved): 46.2/132.0 MiB | Time: 10.6s
[ByzFL-SNN]   [Step 0/500] (0.0%) | Val Acc: 0.1278 | Test Acc: 0.1263 | VRAM (Alloc/Reserved): 46.2/132.0 MiB | Time: 11.3s
[ByzFL-SNN]   [Step 0/500] (0.0%) | Val Acc: 0.1278 | Test Acc: 0.1263 | VRAM (Alloc/Reserved): 46.2/132.0 MiB | Time: 11.1s
[ByzFL-SNN]   [Step 0/500] (0.0%) | Val Acc: 0.1278 | Test Acc: 0.1263 | VRAM (Alloc/Reserved): 46.2/132.0 MiB | Time: 11.3s
[ByzFL-SNN]   [Step 0/500] (0.0%) | Val Acc: 0.1278 | Test Acc: 0.1263 | VRAM (Alloc/Reserved): 46.2/132.0 MiB | Time: 11.1s
[ByzFL-SNN]   [Step 0/500] (0.0%) | Val Acc: 0.1278 | Test Acc: 0.1263 | VRAM (Alloc/Reserved): 46.2/132.0 MiB | Time: 11.2s
[ByzFL-SNN]   [Step 0/500] (0.0%) | Val Acc: 0.1278 | Test Acc: 0.1263 | VRAM (Alloc/Reserved): 46.2/132.0 MiB | Time: 11.4s
[ByzFL-SNN]   [Step 0/500] (0.0%) | Val Acc: 0.1278 | Test Acc: 0.1263 | VRAM (Alloc/Reserved): 46.2/132.0 MiB | Time: 10.9s
[ByzFL-SNN]   [Step 0/500] (0.0%) | Val Acc: 0.1278 | Test Acc: 0.1263 | VRAM (Alloc/Reserved): 46.2/132.0 MiB | Time: 10.9s
[ByzFL-SNN]   [Step 50/500] (10.0%) | Val Acc: 0.0990 | Test Acc: 0.0980 | VRAM (Alloc/Reserved): 254.7/658.0 MiB | Time: 157.6s
[ByzFL-SNN]   [Step 50/500] (10.0%) | Val Acc: 0.0990 | Test Acc: 0.0980 | VRAM (Alloc/Reserved): 254.0/658.0 MiB | Time: 158.1s
[ByzFL-SNN]   [Step 50/500] (10.0%) | Val Acc: 0.1039 | Test Acc: 0.1011 | VRAM (Alloc/Reserved): 254.0/586.0 MiB | Time: 157.8s
[ByzFL-SNN]   [Step 50/500] (10.0%) | Val Acc: 0.1734 | Test Acc: 0.1779 | VRAM (Alloc/Reserved): 252.0/586.0 MiB | Time: 158.3s
[ByzFL-SNN]   [Step 50/500] (10.0%) | Val Acc: 0.0990 | Test Acc: 0.0980 | VRAM (Alloc/Reserved): 254.3/598.0 MiB | Time: 213.3s
[ByzFL-SNN]   [Step 50/500] (10.0%) | Val Acc: 0.0990 | Test Acc: 0.0980 | VRAM (Alloc/Reserved): 253.3/614.0 MiB | Time: 234.8s
[ByzFL-SNN]   [Step 50/500] (10.0%) | Val Acc: 0.0990 | Test Acc: 0.0980 | VRAM (Alloc/Reserved): 250.1/658.0 MiB | Time: 235.3s
[ByzFL-SNN]   [Step 50/500] (10.0%) | Val Acc: 0.0990 | Test Acc: 0.0980 | VRAM (Alloc/Reserved): 253.6/612.0 MiB | Time: 235.8s
[ByzFL-SNN]   [Step 50/500] (10.0%) | Val Acc: 0.0990 | Test Acc: 0.0980 | VRAM (Alloc/Reserved): 255.0/658.0 MiB | Time: 236.7s
[ByzFL-SNN]   [Step 50/500] (10.0%) | Val Acc: 0.0990 | Test Acc: 0.0980 | VRAM (Alloc/Reserved): 251.1/658.0 MiB | Time: 236.9s
[ByzFL-SNN]   [Step 100/500] (20.0%) | Val Acc: 0.0990 | Test Acc: 0.0980 | VRAM (Alloc/Reserved): 256.9/662.0 MiB | Time: 310.1s
[ByzFL-SNN]   [Step 100/500] (20.0%) | Val Acc: 0.0990 | Test Acc: 0.0980 | VRAM (Alloc/Reserved): 257.8/660.0 MiB | Time: 310.4s
[ByzFL-SNN]   [Step 100/500] (20.0%) | Val Acc: 0.3286 | Test Acc: 0.3355 | VRAM (Alloc/Reserved): 256.7/586.0 MiB | Time: 309.1s
[ByzFL-SNN]   [Step 100/500] (20.0%) | Val Acc: 0.2635 | Test Acc: 0.2721 | VRAM (Alloc/Reserved): 252.6/588.0 MiB | Time: 309.3s
[ByzFL-SNN]   [Step 100/500] (20.0%) | Val Acc: 0.0990 | Test Acc: 0.0980 | VRAM (Alloc/Reserved): 253.9/600.0 MiB | Time: 421.5s
[ByzFL-SNN]   [Step 150/500] (30.0%) | Val Acc: 0.3647 | Test Acc: 0.3675 | VRAM (Alloc/Reserved): 254.0/586.0 MiB | Time: 454.9s
[ByzFL-SNN]   [Step 150/500] (30.0%) | Val Acc: 0.0990 | Test Acc: 0.0980 | VRAM (Alloc/Reserved): 256.2/662.0 MiB | Time: 459.4s
[ByzFL-SNN]   [Step 150/500] (30.0%) | Val Acc: 0.0990 | Test Acc: 0.0980 | VRAM (Alloc/Reserved): 257.3/660.0 MiB | Time: 459.6s
[ByzFL-SNN]   [Step 150/500] (30.0%) | Val Acc: 0.2633 | Test Acc: 0.2756 | VRAM (Alloc/Reserved): 254.8/588.0 MiB | Time: 458.9s
[ByzFL-SNN]   [Step 100/500] (20.0%) | Val Acc: 0.0990 | Test Acc: 0.0980 | VRAM (Alloc/Reserved): 254.6/614.0 MiB | Time: 464.8s
[ByzFL-SNN]   [Step 100/500] (20.0%) | Val Acc: 0.0990 | Test Acc: 0.0980 | VRAM (Alloc/Reserved): 253.7/662.0 MiB | Time: 464.2s
[ByzFL-SNN]   [Step 100/500] (20.0%) | Val Acc: 0.0990 | Test Acc: 0.0980 | VRAM (Alloc/Reserved): 255.3/660.0 MiB | Time: 465.5s
[ByzFL-SNN]   [Step 100/500] (20.0%) | Val Acc: 0.0990 | Test Acc: 0.0980 | VRAM (Alloc/Reserved): 256.5/660.0 MiB | Time: 466.8s
[ByzFL-SNN]   [Step 100/500] (20.0%) | Val Acc: 0.0989 | Test Acc: 0.0980 | VRAM (Alloc/Reserved): 253.9/662.0 MiB | Time: 467.6s
[ByzFL-SNN]   [Step 200/500] (40.0%) | Val Acc: 0.3855 | Test Acc: 0.3867 | VRAM (Alloc/Reserved): 252.1/588.0 MiB | Time: 603.7s
[ByzFL-SNN]   [Step 200/500] (40.0%) | Val Acc: 0.0990 | Test Acc: 0.0980 | VRAM (Alloc/Reserved): 255.0/662.0 MiB | Time: 610.1s
[ByzFL-SNN]   [Step 200/500] (40.0%) | Val Acc: 0.0990 | Test Acc: 0.0980 | VRAM (Alloc/Reserved): 253.8/662.0 MiB | Time: 610.2s
[ByzFL-SNN]   [Step 200/500] (40.0%) | Val Acc: 0.3107 | Test Acc: 0.3158 | VRAM (Alloc/Reserved): 253.7/588.0 MiB | Time: 609.4s
[ByzFL-SNN]   [Step 150/500] (30.0%) | Val Acc: 0.0990 | Test Acc: 0.0980 | VRAM (Alloc/Reserved): 250.8/600.0 MiB | Time: 632.4s
[ByzFL-SNN]   [Step 150/500] (30.0%) | Val Acc: 0.0990 | Test Acc: 0.0980 | VRAM (Alloc/Reserved): 253.9/662.0 MiB | Time: 688.6s
[ByzFL-SNN]   [Step 150/500] (30.0%) | Val Acc: 0.0990 | Test Acc: 0.0980 | VRAM (Alloc/Reserved): 254.1/614.0 MiB | Time: 691.7s
[ByzFL-SNN]   [Step 150/500] (30.0%) | Val Acc: 0.0990 | Test Acc: 0.0980 | VRAM (Alloc/Reserved): 254.0/660.0 MiB | Time: 692.9s
[ByzFL-SNN]   [Step 150/500] (30.0%) | Val Acc: 0.0990 | Test Acc: 0.0980 | VRAM (Alloc/Reserved): 252.9/660.0 MiB | Time: 693.3s
[ByzFL-SNN]   [Step 150/500] (30.0%) | Val Acc: 0.0991 | Test Acc: 0.0980 | VRAM (Alloc/Reserved): 252.2/662.0 MiB | Time: 695.2s
[ByzFL-SNN]   [Step 250/500] (50.0%) | Val Acc: 0.3880 | Test Acc: 0.3886 | VRAM (Alloc/Reserved): 252.1/588.0 MiB | Time: 753.7s
[ByzFL-SNN]   [Step 250/500] (50.0%) | Val Acc: 0.0990 | Test Acc: 0.0980 | VRAM (Alloc/Reserved): 254.9/662.0 MiB | Time: 762.3s
[ByzFL-SNN]   [Step 250/500] (50.0%) | Val Acc: 0.0990 | Test Acc: 0.0980 | VRAM (Alloc/Reserved): 255.9/662.0 MiB | Time: 762.5s
[ByzFL-SNN]   [Step 250/500] (50.0%) | Val Acc: 0.3247 | Test Acc: 0.3329 | VRAM (Alloc/Reserved): 250.6/588.0 MiB | Time: 761.6s
[ByzFL-SNN]   [Step 200/500] (40.0%) | Val Acc: 0.0990 | Test Acc: 0.0980 | VRAM (Alloc/Reserved): 255.0/600.0 MiB | Time: 839.8s
[ByzFL-SNN]   [Step 300/500] (60.0%) | Val Acc: 0.4397 | Test Acc: 0.4432 | VRAM (Alloc/Reserved): 253.5/588.0 MiB | Time: 901.2s
[ByzFL-SNN]   [Step 300/500] (60.0%) | Val Acc: 0.0990 | Test Acc: 0.0980 | VRAM (Alloc/Reserved): 256.3/662.0 MiB | Time: 911.6s
[ByzFL-SNN]   [Step 300/500] (60.0%) | Val Acc: 0.0990 | Test Acc: 0.0980 | VRAM (Alloc/Reserved): 253.3/662.0 MiB | Time: 911.6s
[ByzFL-SNN]   [Step 300/500] (60.0%) | Val Acc: 0.3850 | Test Acc: 0.3905 | VRAM (Alloc/Reserved): 250.0/588.0 MiB | Time: 910.7s
[ByzFL-SNN]   [Step 200/500] (40.0%) | Val Acc: 0.0990 | Test Acc: 0.0980 | VRAM (Alloc/Reserved): 254.2/662.0 MiB | Time: 916.3s
[ByzFL-SNN]   [Step 200/500] (40.0%) | Val Acc: 0.0990 | Test Acc: 0.0980 | VRAM (Alloc/Reserved): 253.6/614.0 MiB | Time: 920.9s
[ByzFL-SNN]   [Step 200/500] (40.0%) | Val Acc: 0.0990 | Test Acc: 0.0980 | VRAM (Alloc/Reserved): 248.9/662.0 MiB | Time: 922.3s
[ByzFL-SNN]   [Step 200/500] (40.0%) | Val Acc: 0.0990 | Test Acc: 0.0980 | VRAM (Alloc/Reserved): 255.6/662.0 MiB | Time: 923.3s
[ByzFL-SNN]   [Step 200/500] (40.0%) | Val Acc: 0.0990 | Test Acc: 0.0980 | VRAM (Alloc/Reserved): 254.2/662.0 MiB | Time: 924.8s
[ByzFL-SNN]   [Step 250/500] (50.0%) | Val Acc: 0.0990 | Test Acc: 0.0980 | VRAM (Alloc/Reserved): 254.2/600.0 MiB | Time: 1047.2s
[ByzFL-SNN]   [Step 350/500] (70.0%) | Val Acc: 0.3004 | Test Acc: 0.3062 | VRAM (Alloc/Reserved): 254.0/588.0 MiB | Time: 1053.5s
[ByzFL-SNN]   [Step 350/500] (70.0%) | Val Acc: 0.0990 | Test Acc: 0.0980 | VRAM (Alloc/Reserved): 254.8/662.0 MiB | Time: 1063.0s
[ByzFL-SNN]   [Step 350/500] (70.0%) | Val Acc: 0.0990 | Test Acc: 0.0980 | VRAM (Alloc/Reserved): 253.9/662.0 MiB | Time: 1063.3s
[ByzFL-SNN]   [Step 350/500] (70.0%) | Val Acc: 0.4077 | Test Acc: 0.4208 | VRAM (Alloc/Reserved): 254.5/590.0 MiB | Time: 1061.6s
[ByzFL-SNN]   [Step 250/500] (50.0%) | Val Acc: 0.0990 | Test Acc: 0.0980 | VRAM (Alloc/Reserved): 254.1/662.0 MiB | Time: 1141.3s
[ByzFL-SNN]   [Step 250/500] (50.0%) | Val Acc: 0.0990 | Test Acc: 0.0980 | VRAM (Alloc/Reserved): 252.6/614.0 MiB | Time: 1147.0s
[ByzFL-SNN]   [Step 250/500] (50.0%) | Val Acc: 0.0990 | Test Acc: 0.0980 | VRAM (Alloc/Reserved): 254.6/662.0 MiB | Time: 1148.5s
[ByzFL-SNN]   [Step 250/500] (50.0%) | Val Acc: 0.0990 | Test Acc: 0.0980 | VRAM (Alloc/Reserved): 251.9/662.0 MiB | Time: 1149.6s
[ByzFL-SNN]   [Step 250/500] (50.0%) | Val Acc: 0.0990 | Test Acc: 0.0980 | VRAM (Alloc/Reserved): 253.0/662.0 MiB | Time: 1152.0s
[ByzFL-SNN]   [Step 400/500] (80.0%) | Val Acc: 0.3424 | Test Acc: 0.3398 | VRAM (Alloc/Reserved): 250.6/588.0 MiB | Time: 1205.2s
[ByzFL-SNN]   [Step 400/500] (80.0%) | Val Acc: 0.1963 | Test Acc: 0.2002 | VRAM (Alloc/Reserved): 253.9/590.0 MiB | Time: 1212.2s
[ByzFL-SNN]   [Step 400/500] (80.0%) | Val Acc: 0.0990 | Test Acc: 0.0980 | VRAM (Alloc/Reserved): 254.1/664.0 MiB | Time: 1214.2s
[ByzFL-SNN]   [Step 400/500] (80.0%) | Val Acc: 0.0990 | Test Acc: 0.0980 | VRAM (Alloc/Reserved): 255.2/662.0 MiB | Time: 1214.3s
[ByzFL-SNN]   [Step 300/500] (60.0%) | Val Acc: 0.0990 | Test Acc: 0.0980 | VRAM (Alloc/Reserved): 254.6/600.0 MiB | Time: 1257.2s
[ByzFL-SNN]   [Step 450/500] (90.0%) | Val Acc: 0.3953 | Test Acc: 0.3977 | VRAM (Alloc/Reserved): 255.5/588.0 MiB | Time: 1354.3s
[ByzFL-SNN]   [Step 450/500] (90.0%) | Val Acc: 0.0990 | Test Acc: 0.0980 | VRAM (Alloc/Reserved): 258.6/664.0 MiB | Time: 1362.7s
[ByzFL-SNN]   [Step 450/500] (90.0%) | Val Acc: 0.3409 | Test Acc: 0.3378 | VRAM (Alloc/Reserved): 250.6/590.0 MiB | Time: 1360.9s
[ByzFL-SNN]   [Step 450/500] (90.0%) | Val Acc: 0.0990 | Test Acc: 0.0980 | VRAM (Alloc/Reserved): 256.4/662.0 MiB | Time: 1363.0s
[ByzFL-SNN]   [Step 300/500] (60.0%) | Val Acc: 0.0990 | Test Acc: 0.0980 | VRAM (Alloc/Reserved): 251.3/662.0 MiB | Time: 1370.1s
[ByzFL-SNN]   [Step 300/500] (60.0%) | Val Acc: 0.0990 | Test Acc: 0.0980 | VRAM (Alloc/Reserved): 253.4/614.0 MiB | Time: 1377.0s
[ByzFL-SNN]   [Step 300/500] (60.0%) | Val Acc: 0.0990 | Test Acc: 0.0980 | VRAM (Alloc/Reserved): 254.6/662.0 MiB | Time: 1377.6s
[ByzFL-SNN]   [Step 300/500] (60.0%) | Val Acc: 0.0990 | Test Acc: 0.0980 | VRAM (Alloc/Reserved): 255.9/662.0 MiB | Time: 1379.5s
[ByzFL-SNN]   [Step 300/500] (60.0%) | Val Acc: 0.0989 | Test Acc: 0.0988 | VRAM (Alloc/Reserved): 254.6/662.0 MiB | Time: 1381.9s
[ByzFL-SNN]   [Step 350/500] (70.0%) | Val Acc: 0.0990 | Test Acc: 0.0980 | VRAM (Alloc/Reserved): 253.6/602.0 MiB | Time: 1464.1s
[ByzFL-SNN] [Training Complete] Peak VRAM (Alloc/Reserved): 486.9/588.0 MiB | Total time: 1499.2s

Training 0 done

[ByzFL-SNN] [Training Start] Model: cnn_mnist_snn | Dataset: mnist
[ByzFL-SNN]   Aggregator: MultiKrum | Attack: Optimal_ALittleIsEnough
[ByzFL-SNN]   Distribution: gamma_similarity_niid (gamma=0.33)
[ByzFL-SNN]   Clients: 10 honest, 4 byzantine | Algorithm: DSGD
[ByzFL-SNN]   Learning Rate: 0.1 | Steps: 500 | Device: cuda
[ByzFL-SNN]   Validation samples: 12000 | Test samples: 10000
[ByzFL-SNN] [Training Complete] Peak VRAM (Alloc/Reserved): 488.2/590.0 MiB | Total time: 1504.4s

[ByzFL-SNN] [Training Complete] Peak VRAM (Alloc/Reserved): 488.2/662.0 MiB | Total time: 1506.4s

[ByzFL-SNN] [Training Complete] Peak VRAM (Alloc/Reserved): 486.5/664.0 MiB | Total time: 1506.5s

Training 1 done
Training 2 done
Training 3 done
[ByzFL-SNN] Initial VRAM (Alloc/Reserved): 36.2/42.0 MiB

[ByzFL-SNN] [Training Start] Model: cnn_mnist_snn | Dataset: mnist
[ByzFL-SNN]   Aggregator: MultiKrum | Attack: Optimal_InnerProductManipulation
[ByzFL-SNN]   Distribution: gamma_similarity_niid (gamma=0.33)
[ByzFL-SNN]   Clients: 10 honest, 4 byzantine | Algorithm: DSGD
[ByzFL-SNN]   Learning Rate: 0.1 | Steps: 500 | Device: cuda
[ByzFL-SNN]   Validation samples: 12000 | Test samples: 10000

[ByzFL-SNN] [Training Start] Model: cnn_mnist_snn | Dataset: mnist
[ByzFL-SNN]   Aggregator: MultiKrum | Attack: Optimal_InnerProductManipulation
[ByzFL-SNN]   Distribution: gamma_similarity_niid (gamma=0.33)
[ByzFL-SNN]   Clients: 10 honest, 4 byzantine | Algorithm: DSGD
[ByzFL-SNN]   Learning Rate: 0.1 | Steps: 500 | Device: cuda
[ByzFL-SNN]   Validation samples: 12000 | Test samples: 10000

[ByzFL-SNN] [Training Start] Model: cnn_mnist_snn | Dataset: mnist
[ByzFL-SNN]   Aggregator: ClippedSignFilteredMedian_1 | Attack: SignFlipping
[ByzFL-SNN]   Distribution: gamma_similarity_niid (gamma=0.33)
[ByzFL-SNN]   Clients: 10 honest, 4 byzantine | Algorithm: DSGD
[ByzFL-SNN]   Learning Rate: 0.1 | Steps: 500 | Device: cuda
[ByzFL-SNN]   Validation samples: 12000 | Test samples: 10000
[ByzFL-SNN] Initial VRAM (Alloc/Reserved): 36.2/42.0 MiB
[ByzFL-SNN] Initial VRAM (Alloc/Reserved): 36.2/42.0 MiB
[ByzFL-SNN]   [Step 0/500] (0.0%) | Val Acc: 0.1278 | Test Acc: 0.1263 | VRAM (Alloc/Reserved): 46.2/132.0 MiB | Time: 6.9s
[ByzFL-SNN] Initial VRAM (Alloc/Reserved): 36.2/42.0 MiB
[ByzFL-SNN]   [Step 0/500] (0.0%) | Val Acc: 0.1278 | Test Acc: 0.1263 | VRAM (Alloc/Reserved): 46.2/132.0 MiB | Time: 7.5s
[ByzFL-SNN]   [Step 0/500] (0.0%) | Val Acc: 0.1278 | Test Acc: 0.1263 | VRAM (Alloc/Reserved): 46.2/132.0 MiB | Time: 7.5s
[ByzFL-SNN]   [Step 0/500] (0.0%) | Val Acc: 0.1278 | Test Acc: 0.1263 | VRAM (Alloc/Reserved): 46.2/132.0 MiB | Time: 7.8s
[ByzFL-SNN]   [Step 350/500] (70.0%) | Val Acc: 0.0990 | Test Acc: 0.0980 | VRAM (Alloc/Reserved): 257.1/662.0 MiB | Time: 1593.9s
[ByzFL-SNN]   [Step 350/500] (70.0%) | Val Acc: 0.0990 | Test Acc: 0.0980 | VRAM (Alloc/Reserved): 253.4/662.0 MiB | Time: 1599.4s
[ByzFL-SNN]   [Step 350/500] (70.0%) | Val Acc: 0.0990 | Test Acc: 0.0980 | VRAM (Alloc/Reserved): 253.7/662.0 MiB | Time: 1600.7s
[ByzFL-SNN]   [Step 350/500] (70.0%) | Val Acc: 0.0990 | Test Acc: 0.0980 | VRAM (Alloc/Reserved): 255.2/662.0 MiB | Time: 1603.4s
[ByzFL-SNN]   [Step 350/500] (70.0%) | Val Acc: 0.0996 | Test Acc: 0.0959 | VRAM (Alloc/Reserved): 253.7/662.0 MiB | Time: 1605.0s
[ByzFL-SNN]   [Step 400/500] (80.0%) | Val Acc: 0.0990 | Test Acc: 0.0980 | VRAM (Alloc/Reserved): 254.1/602.0 MiB | Time: 1665.7s
[ByzFL-SNN]   [Step 50/500] (10.0%) | Val Acc: 0.0990 | Test Acc: 0.0980 | VRAM (Alloc/Reserved): 254.0/658.0 MiB | Time: 153.2s
[ByzFL-SNN]   [Step 50/500] (10.0%) | Val Acc: 0.0990 | Test Acc: 0.0980 | VRAM (Alloc/Reserved): 257.3/582.0 MiB | Time: 207.9s
[ByzFL-SNN]   [Step 50/500] (10.0%) | Val Acc: 0.0047 | Test Acc: 0.0016 | VRAM (Alloc/Reserved): 255.7/600.0 MiB | Time: 207.2s
[ByzFL-SNN]   [Step 50/500] (10.0%) | Val Acc: 0.0097 | Test Acc: 0.0050 | VRAM (Alloc/Reserved): 256.2/598.0 MiB | Time: 207.2s
[ByzFL-SNN]   [Step 400/500] (80.0%) | Val Acc: 0.0990 | Test Acc: 0.0980 | VRAM (Alloc/Reserved): 254.9/664.0 MiB | Time: 1812.9s
[ByzFL-SNN]   [Step 400/500] (80.0%) | Val Acc: 0.0990 | Test Acc: 0.0980 | VRAM (Alloc/Reserved): 256.2/662.0 MiB | Time: 1818.3s
[ByzFL-SNN]   [Step 100/500] (20.0%) | Val Acc: 0.0990 | Test Acc: 0.0980 | VRAM (Alloc/Reserved): 252.6/660.0 MiB | Time: 298.7s
[ByzFL-SNN]   [Step 400/500] (80.0%) | Val Acc: 0.0990 | Test Acc: 0.0980 | VRAM (Alloc/Reserved): 254.0/664.0 MiB | Time: 1819.9s
[ByzFL-SNN]   [Step 400/500] (80.0%) | Val Acc: 0.0990 | Test Acc: 0.0980 | VRAM (Alloc/Reserved): 251.0/662.0 MiB | Time: 1822.4s
[ByzFL-SNN]   [Step 400/500] (80.0%) | Val Acc: 0.0972 | Test Acc: 0.0958 | VRAM (Alloc/Reserved): 253.9/664.0 MiB | Time: 1824.3s
[ByzFL-SNN]   [Step 450/500] (90.0%) | Val Acc: 0.0990 | Test Acc: 0.0980 | VRAM (Alloc/Reserved): 251.9/602.0 MiB | Time: 1865.9s
[ByzFL-SNN]   [Step 100/500] (20.0%) | Val Acc: 0.0990 | Test Acc: 0.0980 | VRAM (Alloc/Reserved): 255.2/600.0 MiB | Time: 407.5s
[ByzFL-SNN]   [Step 100/500] (20.0%) | Val Acc: 0.0015 | Test Acc: 0.0003 | VRAM (Alloc/Reserved): 252.0/600.0 MiB | Time: 406.0s
[ByzFL-SNN]   [Step 100/500] (20.0%) | Val Acc: 0.0013 | Test Acc: 0.0009 | VRAM (Alloc/Reserved): 251.5/600.0 MiB | Time: 406.4s
[ByzFL-SNN]   [Step 150/500] (30.0%) | Val Acc: 0.0990 | Test Acc: 0.0980 | VRAM (Alloc/Reserved): 254.8/660.0 MiB | Time: 444.9s
[ByzFL-SNN]   [Step 450/500] (90.0%) | Val Acc: 0.0990 | Test Acc: 0.0980 | VRAM (Alloc/Reserved): 253.9/664.0 MiB | Time: 2033.1s
[ByzFL-SNN]   [Step 450/500] (90.0%) | Val Acc: 0.0990 | Test Acc: 0.0980 | VRAM (Alloc/Reserved): 254.4/662.0 MiB | Time: 2037.3s
[ByzFL-SNN]   [Step 450/500] (90.0%) | Val Acc: 0.0990 | Test Acc: 0.0980 | VRAM (Alloc/Reserved): 253.3/664.0 MiB | Time: 2039.3s
[ByzFL-SNN]   [Step 450/500] (90.0%) | Val Acc: 0.0990 | Test Acc: 0.0980 | VRAM (Alloc/Reserved): 253.5/662.0 MiB | Time: 2041.1s
[ByzFL-SNN]   [Step 450/500] (90.0%) | Val Acc: 0.0972 | Test Acc: 0.0958 | VRAM (Alloc/Reserved): 254.1/664.0 MiB | Time: 2043.4s
[ByzFL-SNN] [Training Complete] Peak VRAM (Alloc/Reserved): 487.6/602.0 MiB | Total time: 2058.1s

Training 4 done

[ByzFL-SNN] [Training Start] Model: cnn_mnist_snn | Dataset: mnist
[ByzFL-SNN]   Aggregator: ClippedSignFilteredMedian_1 | Attack: SignFlipping
[ByzFL-SNN]   Distribution: gamma_similarity_niid (gamma=0.33)
[ByzFL-SNN]   Clients: 10 honest, 4 byzantine | Algorithm: DSGD
[ByzFL-SNN]   Learning Rate: 0.1 | Steps: 500 | Device: cuda
[ByzFL-SNN]   Validation samples: 12000 | Test samples: 10000
[ByzFL-SNN] Initial VRAM (Alloc/Reserved): 36.2/42.0 MiB
[ByzFL-SNN]   [Step 0/500] (0.0%) | Val Acc: 0.1278 | Test Acc: 0.1263 | VRAM (Alloc/Reserved): 46.2/132.0 MiB | Time: 6.8s
[ByzFL-SNN]   [Step 200/500] (40.0%) | Val Acc: 0.0990 | Test Acc: 0.0980 | VRAM (Alloc/Reserved): 253.7/662.0 MiB | Time: 590.9s
[ByzFL-SNN]   [Step 150/500] (30.0%) | Val Acc: 0.0990 | Test Acc: 0.0980 | VRAM (Alloc/Reserved): 257.3/600.0 MiB | Time: 608.0s
[ByzFL-SNN]   [Step 150/500] (30.0%) | Val Acc: 0.0013 | Test Acc: 0.0005 | VRAM (Alloc/Reserved): 256.4/600.0 MiB | Time: 605.8s
[ByzFL-SNN]   [Step 150/500] (30.0%) | Val Acc: 0.0044 | Test Acc: 0.0052 | VRAM (Alloc/Reserved): 254.4/600.0 MiB | Time: 607.1s
[ByzFL-SNN]   [Step 50/500] (10.0%) | Val Acc: 0.0990 | Test Acc: 0.0980 | VRAM (Alloc/Reserved): 254.0/658.0 MiB | Time: 154.0s
[ByzFL-SNN] [Training Complete] Peak VRAM (Alloc/Reserved): 487.8/664.0 MiB | Total time: 2248.6s

Training 5 done
[ByzFL-SNN]   [Step 250/500] (50.0%) | Val Acc: 0.0990 | Test Acc: 0.0980 | VRAM (Alloc/Reserved): 250.6/662.0 MiB | Time: 738.5s
[ByzFL-SNN] [Training Complete] Peak VRAM (Alloc/Reserved): 487.0/662.0 MiB | Total time: 2253.0s

Training 6 done

[ByzFL-SNN] [Training Start] Model: cnn_mnist_snn | Dataset: mnist
[ByzFL-SNN]   Aggregator: ClippedSignFilteredMedian_1 | Attack: Optimal_ALittleIsEnough
[ByzFL-SNN]   Distribution: gamma_similarity_niid (gamma=0.33)
[ByzFL-SNN]   Clients: 10 honest, 4 byzantine | Algorithm: DSGD
[ByzFL-SNN]   Learning Rate: 0.1 | Steps: 500 | Device: cuda
[ByzFL-SNN]   Validation samples: 12000 | Test samples: 10000
[ByzFL-SNN] [Training Complete] Peak VRAM (Alloc/Reserved): 486.0/664.0 MiB | Total time: 2255.3s

Training 7 done
[ByzFL-SNN] Initial VRAM (Alloc/Reserved): 36.2/42.0 MiB

[ByzFL-SNN] [Training Start] Model: cnn_mnist_snn | Dataset: mnist
[ByzFL-SNN]   Aggregator: ClippedSignFilteredMedian_1 | Attack: Optimal_ALittleIsEnough
[ByzFL-SNN]   Distribution: gamma_similarity_niid (gamma=0.33)
[ByzFL-SNN]   Clients: 10 honest, 4 byzantine | Algorithm: DSGD
[ByzFL-SNN]   Learning Rate: 0.1 | Steps: 500 | Device: cuda
[ByzFL-SNN]   Validation samples: 12000 | Test samples: 10000
[ByzFL-SNN] [Training Complete] Peak VRAM (Alloc/Reserved): 487.4/662.0 MiB | Total time: 2257.2s

Training 8 done

[ByzFL-SNN] [Training Start] Model: cnn_mnist_snn | Dataset: mnist
[ByzFL-SNN]   Aggregator: ClippedSignFilteredMedian_1 | Attack: Optimal_InnerProductManipulation
[ByzFL-SNN]   Distribution: gamma_similarity_niid (gamma=0.33)
[ByzFL-SNN]   Clients: 10 honest, 4 byzantine | Algorithm: DSGD
[ByzFL-SNN]   Learning Rate: 0.1 | Steps: 500 | Device: cuda
[ByzFL-SNN]   Validation samples: 12000 | Test samples: 10000
[ByzFL-SNN] Initial VRAM (Alloc/Reserved): 36.2/42.0 MiB
[ByzFL-SNN] [Training Complete] Peak VRAM (Alloc/Reserved): 486.3/664.0 MiB | Total time: 2259.2s

Training 9 done

[ByzFL-SNN] [Training Start] Model: cnn_mnist_snn | Dataset: mnist
[ByzFL-SNN]   Aggregator: ClippedSignFilteredMedian_1 | Attack: Optimal_InnerProductManipulation
[ByzFL-SNN]   Distribution: gamma_similarity_niid (gamma=0.33)
[ByzFL-SNN]   Clients: 10 honest, 4 byzantine | Algorithm: DSGD
[ByzFL-SNN]   Learning Rate: 0.1 | Steps: 500 | Device: cuda
[ByzFL-SNN]   Validation samples: 12000 | Test samples: 10000
[ByzFL-SNN]   [Step 0/500] (0.0%) | Val Acc: 0.1278 | Test Acc: 0.1263 | VRAM (Alloc/Reserved): 46.2/132.0 MiB | Time: 6.4s
[ByzFL-SNN] Initial VRAM (Alloc/Reserved): 36.2/42.0 MiB

[ByzFL-SNN] [Training Start] Model: cnn_mnist_snn | Dataset: mnist
[ByzFL-SNN]   Aggregator: SignFilteredMedian | Attack: SignFlipping
[ByzFL-SNN]   Distribution: gamma_similarity_niid (gamma=1.0)
[ByzFL-SNN]   Clients: 10 honest, 5 byzantine | Algorithm: DSGD
[ByzFL-SNN]   Learning Rate: 0.1 | Steps: 500 | Device: cuda
[ByzFL-SNN]   Validation samples: 12000 | Test samples: 10000
[ByzFL-SNN] Initial VRAM (Alloc/Reserved): 36.2/42.0 MiB
[ByzFL-SNN] Initial VRAM (Alloc/Reserved): 36.2/42.0 MiB
[ByzFL-SNN]   [Step 0/500] (0.0%) | Val Acc: 0.1278 | Test Acc: 0.1263 | VRAM (Alloc/Reserved): 46.2/132.0 MiB | Time: 6.4s
[ByzFL-SNN]   [Step 0/500] (0.0%) | Val Acc: 0.1278 | Test Acc: 0.1263 | VRAM (Alloc/Reserved): 46.2/132.0 MiB | Time: 6.7s
[ByzFL-SNN]   [Step 0/500] (0.0%) | Val Acc: 0.1278 | Test Acc: 0.1263 | VRAM (Alloc/Reserved): 46.2/132.0 MiB | Time: 6.6s
[ByzFL-SNN]   [Step 0/500] (0.0%) | Val Acc: 0.1278 | Test Acc: 0.1263 | VRAM (Alloc/Reserved): 46.2/132.0 MiB | Time: 6.5s
[ByzFL-SNN]   [Step 200/500] (40.0%) | Val Acc: 0.0990 | Test Acc: 0.0980 | VRAM (Alloc/Reserved): 257.4/602.0 MiB | Time: 803.9s
[ByzFL-SNN]   [Step 200/500] (40.0%) | Val Acc: 0.0012 | Test Acc: 0.0005 | VRAM (Alloc/Reserved): 253.8/600.0 MiB | Time: 801.2s
[ByzFL-SNN]   [Step 200/500] (40.0%) | Val Acc: 0.0990 | Test Acc: 0.0980 | VRAM (Alloc/Reserved): 253.2/600.0 MiB | Time: 803.4s
[ByzFL-SNN]   [Step 100/500] (20.0%) | Val Acc: 0.0990 | Test Acc: 0.0980 | VRAM (Alloc/Reserved): 252.6/660.0 MiB | Time: 294.5s
[ByzFL-SNN]   [Step 300/500] (60.0%) | Val Acc: 0.0990 | Test Acc: 0.0980 | VRAM (Alloc/Reserved): 250.0/662.0 MiB | Time: 878.2s
[ByzFL-SNN]   [Step 50/500] (10.0%) | Val Acc: 0.8237 | Test Acc: 0.8304 | VRAM (Alloc/Reserved): 251.9/664.0 MiB | Time: 148.6s
[ByzFL-SNN]   [Step 50/500] (10.0%) | Val Acc: 0.0990 | Test Acc: 0.0980 | VRAM (Alloc/Reserved): 250.1/658.0 MiB | Time: 219.3s
[ByzFL-SNN]   [Step 50/500] (10.0%) | Val Acc: 0.0990 | Test Acc: 0.0980 | VRAM (Alloc/Reserved): 256.1/610.0 MiB | Time: 220.9s
[ByzFL-SNN]   [Step 50/500] (10.0%) | Val Acc: 0.0990 | Test Acc: 0.0980 | VRAM (Alloc/Reserved): 255.0/658.0 MiB | Time: 219.1s
[ByzFL-SNN]   [Step 50/500] (10.0%) | Val Acc: 0.0990 | Test Acc: 0.0980 | VRAM (Alloc/Reserved): 255.0/658.0 MiB | Time: 218.7s
[ByzFL-SNN]   [Step 150/500] (30.0%) | Val Acc: 0.0990 | Test Acc: 0.0980 | VRAM (Alloc/Reserved): 254.8/660.0 MiB | Time: 437.2s
[ByzFL-SNN]   [Step 250/500] (50.0%) | Val Acc: 0.0990 | Test Acc: 0.0980 | VRAM (Alloc/Reserved): 253.7/602.0 MiB | Time: 999.2s
[ByzFL-SNN]   [Step 250/500] (50.0%) | Val Acc: 0.0010 | Test Acc: 0.0003 | VRAM (Alloc/Reserved): 254.0/600.0 MiB | Time: 995.7s
[ByzFL-SNN]   [Step 250/500] (50.0%) | Val Acc: 0.0990 | Test Acc: 0.0980 | VRAM (Alloc/Reserved): 257.5/600.0 MiB | Time: 999.6s
[ByzFL-SNN]   [Step 350/500] (70.0%) | Val Acc: 0.0990 | Test Acc: 0.0980 | VRAM (Alloc/Reserved): 254.5/662.0 MiB | Time: 1023.0s
[ByzFL-SNN]   [Step 100/500] (20.0%) | Val Acc: 0.8793 | Test Acc: 0.8907 | VRAM (Alloc/Reserved): 255.2/668.0 MiB | Time: 293.3s
[ByzFL-SNN]   [Step 200/500] (40.0%) | Val Acc: 0.0990 | Test Acc: 0.0980 | VRAM (Alloc/Reserved): 253.7/662.0 MiB | Time: 579.3s
[ByzFL-SNN]   [Step 400/500] (80.0%) | Val Acc: 0.0990 | Test Acc: 0.0980 | VRAM (Alloc/Reserved): 253.9/662.0 MiB | Time: 1164.1s
[ByzFL-SNN]   [Step 100/500] (20.0%) | Val Acc: 0.0990 | Test Acc: 0.0980 | VRAM (Alloc/Reserved): 253.7/662.0 MiB | Time: 434.8s
[ByzFL-SNN]   [Step 100/500] (20.0%) | Val Acc: 0.0990 | Test Acc: 0.0980 | VRAM (Alloc/Reserved): 255.1/610.0 MiB | Time: 437.3s
[ByzFL-SNN]   [Step 100/500] (20.0%) | Val Acc: 0.0990 | Test Acc: 0.0980 | VRAM (Alloc/Reserved): 257.7/660.0 MiB | Time: 435.7s
[ByzFL-SNN]   [Step 100/500] (20.0%) | Val Acc: 0.0989 | Test Acc: 0.0980 | VRAM (Alloc/Reserved): 257.7/660.0 MiB | Time: 434.9s
[ByzFL-SNN]   [Step 300/500] (60.0%) | Val Acc: 0.0990 | Test Acc: 0.0980 | VRAM (Alloc/Reserved): 255.3/602.0 MiB | Time: 1194.6s
[ByzFL-SNN]   [Step 150/500] (30.0%) | Val Acc: 0.9014 | Test Acc: 0.9095 | VRAM (Alloc/Reserved): 252.2/668.0 MiB | Time: 437.1s
[ByzFL-SNN]   [Step 300/500] (60.0%) | Val Acc: 0.1133 | Test Acc: 0.1135 | VRAM (Alloc/Reserved): 256.3/600.0 MiB | Time: 1192.9s
[ByzFL-SNN]   [Step 300/500] (60.0%) | Val Acc: 0.0990 | Test Acc: 0.0980 | VRAM (Alloc/Reserved): 254.7/600.0 MiB | Time: 1197.7s
[ByzFL-SNN]   [Step 250/500] (50.0%) | Val Acc: 0.0990 | Test Acc: 0.0980 | VRAM (Alloc/Reserved): 250.6/662.0 MiB | Time: 724.0s
[ByzFL-SNN]   [Step 450/500] (90.0%) | Val Acc: 0.0990 | Test Acc: 0.0980 | VRAM (Alloc/Reserved): 254.4/662.0 MiB | Time: 1309.5s
[ByzFL-SNN]   [Step 200/500] (40.0%) | Val Acc: 0.9120 | Test Acc: 0.9209 | VRAM (Alloc/Reserved): 248.6/668.0 MiB | Time: 578.9s

[ERROR] Training failed for config: attack=SignFlipping, aggregator=SignFilteredMedian, f=5. Error: Not enough free space to write 17243200 bytes
Traceback (most recent call last):
  File "/localhome/bendouro/ByzFL_snn/byzfl/byzfl/benchmark/benchmark.py", line 224, in run_training
    start_training(params)
  File "/localhome/bendouro/ByzFL_snn/byzfl/byzfl/benchmark/train.py", line 403, in start_training
    np.save(os.path.join(client_vector_snapshot_dir, f"step_{training_step}.npy"), stacked)
  File "/localhome/bendouro/ByzFL_snn/byzfl/venv/lib/python3.12/site-packages/numpy/lib/npyio.py", line 546, in save
    format.write_array(fid, arr, allow_pickle=allow_pickle,
  File "/localhome/bendouro/ByzFL_snn/byzfl/venv/lib/python3.12/site-packages/numpy/lib/format.py", line 730, in write_array
    array.tofile(fp)
OSError: Not enough free space to write 17243200 bytes
Training 10 done

[ByzFL-SNN] [Training Start] Model: cnn_mnist_snn | Dataset: mnist
[ByzFL-SNN]   Aggregator: SignFilteredMedian | Attack: SignFlipping
[ByzFL-SNN]   Distribution: gamma_similarity_niid (gamma=1.0)
[ByzFL-SNN]   Clients: 10 honest, 5 byzantine | Algorithm: DSGD
[ByzFL-SNN]   Learning Rate: 0.1 | Steps: 500 | Device: cuda
[ByzFL-SNN]   Validation samples: 12000 | Test samples: 10000
[ByzFL-SNN] Initial VRAM (Alloc/Reserved): 36.2/42.0 MiB
[FileManager Retry] Failed to execute file operation on attempt 1/12. Error: [Errno 28] No space left on device. Retrying in 5s...
[FileManager Retry] Failed to execute file operation on attempt 2/12. Error: [Errno 28] No space left on device. Retrying in 5s...
[FileManager Retry] Failed to execute file operation on attempt 3/12. Error: [Errno 28] No space left on device. Retrying in 5s...
[FileManager Retry] Failed to execute file operation on attempt 4/12. Error: [Errno 28] No space left on device. Retrying in 5s...
[FileManager Retry] Failed to execute file operation on attempt 5/12. Error: [Errno 28] No space left on device. Retrying in 5s...
[FileManager Retry] Failed to execute file operation on attempt 6/12. Error: [Errno 28] No space left on device. Retrying in 5s...
[FileManager Retry] Failed to execute file operation on attempt 7/12. Error: [Errno 28] No space left on device. Retrying in 5s...
[FileManager Retry] Failed to execute file operation on attempt 8/12. Error: [Errno 28] No space left on device. Retrying in 5s...
[ByzFL-SNN]   [Step 350/500] (70.0%) | Val Acc: 0.0990 | Test Acc: 0.0980 | VRAM (Alloc/Reserved): 256.3/602.0 MiB | Time: 1383.6s
[FileManager Retry] Failed to execute file operation on attempt 9/12. Error: [Errno 28] No space left on device. Retrying in 5s...
[ByzFL-SNN]   [Step 350/500] (70.0%) | Val Acc: 0.1133 | Test Acc: 0.1135 | VRAM (Alloc/Reserved): 255.5/602.0 MiB | Time: 1382.5s
[FileManager Retry] Failed to execute file operation on attempt 10/12. Error: [Errno 28] No space left on device. Retrying in 5s...
[ByzFL-SNN]   [Step 350/500] (70.0%) | Val Acc: 0.0990 | Test Acc: 0.0980 | VRAM (Alloc/Reserved): 258.1/602.0 MiB | Time: 1388.0s
[ByzFL-SNN]   [Step 150/500] (30.0%) | Val Acc: 0.0990 | Test Acc: 0.0980 | VRAM (Alloc/Reserved): 253.9/662.0 MiB | Time: 648.1s
[FileManager Retry] Failed to execute file operation on attempt 11/12. Error: [Errno 28] No space left on device. Retrying in 5s...
[ByzFL-SNN]   [Step 150/500] (30.0%) | Val Acc: 0.0990 | Test Acc: 0.0980 | VRAM (Alloc/Reserved): 257.2/660.0 MiB | Time: 649.3s
[FileManager Retry] Failed to execute file operation on attempt 12/12. Error: [Errno 28] No space left on device. Retrying in 5s...
[ByzFL-SNN]   [Step 150/500] (30.0%) | Val Acc: 0.0990 | Test Acc: 0.0980 | VRAM (Alloc/Reserved): 255.5/660.0 MiB | Time: 647.9s
[ByzFL-SNN]   [Step 150/500] (30.0%) | Val Acc: 0.0991 | Test Acc: 0.0980 | VRAM (Alloc/Reserved): 255.5/660.0 MiB | Time: 646.4s

[ERROR] Training failed for config: attack=SignFlipping, aggregator=SignFilteredMedian, f=5. Error: [Errno 28] No space left on device
OSError: [Errno 28] No space left on device

During handling of the above exception, another exception occurred:

Traceback (most recent call last):
  File "/localhome/bendouro/ByzFL_snn/byzfl/byzfl/benchmark/benchmark.py", line 224, in run_training
    start_training(params)
  File "/localhome/bendouro/ByzFL_snn/byzfl/byzfl/benchmark/train.py", line 327, in start_training
    file_manager.write_array_in_file(val_accuracy_list, val_acc_filename)
  File "/localhome/bendouro/ByzFL/usr/lib/python3.12/multiprocessing/resource_tracker.py:254: UserWarning: resource_tracker: There appear to be 7 leaked semaphore objects to clean up at shutdown
  warnings.warn('resource_tracker: There appear to be %d '
