nohup: ignoring input

=======================================================
Running SNN CIFAR-10 Baseline Sweep (500 steps, f=0)
=======================================================
Total trainings to do: 1
Running 1 trainings in parallel...
Files already downloaded and verified
Files already downloaded and verified
Files already downloaded and verified

[ByzFL-SNN] [Training Start] Model: cnn_cifar_snn | Dataset: cifar10
[ByzFL-SNN]   Clients: 10 honest, 0 byzantine | Algorithm: DSGD
[ByzFL-SNN]   Learning Rate: 0.05 | Steps: 8000 | Device: cuda
[ByzFL-SNN]   Validation samples: 10000 | Test samples: 10000
[ByzFL-SNN] Initial VRAM (Alloc/Reserved): 186.4/230.0 MiB
[ByzFL-SNN]   [Step 0/8000] (0.0%) | Val Acc: 0.0961 | Test Acc: 0.0994 | VRAM (Alloc/Reserved): 203.9/512.0 MiB | Time: 12.8s
[ByzFL-SNN]   [Step 200/8000] (2.5%) | Val Acc: 0.3471 | Test Acc: 0.3549 | VRAM (Alloc/Reserved): 896.4/3448.0 MiB | Time: 453.4s
[ByzFL-SNN]   [Step 400/8000] (5.0%) | Val Acc: 0.4383 | Test Acc: 0.4392 | VRAM (Alloc/Reserved): 895.7/3450.0 MiB | Time: 897.6s
[ByzFL-SNN]   [Step 600/8000] (7.5%) | Val Acc: 0.5178 | Test Acc: 0.5155 | VRAM (Alloc/Reserved): 894.7/3450.0 MiB | Time: 1298.7s
[ByzFL-SNN]   [Step 800/8000] (10.0%) | Val Acc: 0.5567 | Test Acc: 0.5562 | VRAM (Alloc/Reserved): 478.5/3450.0 MiB | Time: 1720.5s
[ByzFL-SNN]   [Step 1000/8000] (12.5%) | Val Acc: 0.5842 | Test Acc: 0.5808 | VRAM (Alloc/Reserved): 897.3/3450.0 MiB | Time: 2113.2s
[ByzFL-SNN]   [Step 1200/8000] (15.0%) | Val Acc: 0.5985 | Test Acc: 0.5897 | VRAM (Alloc/Reserved): 895.4/3450.0 MiB | Time: 2557.9s
[ByzFL-SNN]   [Step 1400/8000] (17.5%) | Val Acc: 0.6347 | Test Acc: 0.6357 | VRAM (Alloc/Reserved): 895.4/3452.0 MiB | Time: 2952.2s
[ByzFL-SNN]   [Step 1600/8000] (20.0%) | Val Acc: 0.6310 | Test Acc: 0.6250 | VRAM (Alloc/Reserved): 472.9/3452.0 MiB | Time: 3368.0s
[ByzFL-SNN]   [Step 1800/8000] (22.5%) | Val Acc: 0.6587 | Test Acc: 0.6598 | VRAM (Alloc/Reserved): 896.7/3452.0 MiB | Time: 3785.9s
[ByzFL-SNN]   [Step 2000/8000] (25.0%) | Val Acc: 0.6592 | Test Acc: 0.6583 | VRAM (Alloc/Reserved): 893.8/3452.0 MiB | Time: 4221.5s
[ByzFL-SNN]   [Step 2200/8000] (27.5%) | Val Acc: 0.6867 | Test Acc: 0.6813 | VRAM (Alloc/Reserved): 896.0/3452.0 MiB | Time: 4620.9s
[ByzFL-SNN]   [Step 2400/8000] (30.0%) | Val Acc: 0.6681 | Test Acc: 0.6631 | VRAM (Alloc/Reserved): 473.7/3452.0 MiB | Time: 5013.9s
[ByzFL-SNN]   [Step 2600/8000] (32.5%) | Val Acc: 0.6903 | Test Acc: 0.6897 | VRAM (Alloc/Reserved): 896.3/3452.0 MiB | Time: 5407.7s
[ByzFL-SNN]   [Step 2800/8000] (35.0%) | Val Acc: 0.6906 | Test Acc: 0.6838 | VRAM (Alloc/Reserved): 898.1/3452.0 MiB | Time: 5852.5s
[ByzFL-SNN]   [Step 3000/8000] (37.5%) | Val Acc: 0.7092 | Test Acc: 0.6984 | VRAM (Alloc/Reserved): 895.2/3452.0 MiB | Time: 6246.4s
[ByzFL-SNN]   [Step 3200/8000] (40.0%) | Val Acc: 0.7188 | Test Acc: 0.7066 | VRAM (Alloc/Reserved): 476.3/3452.0 MiB | Time: 6678.4s
[ByzFL-SNN]   [Step 3400/8000] (42.5%) | Val Acc: 0.7007 | Test Acc: 0.7065 | VRAM (Alloc/Reserved): 895.8/3452.0 MiB | Time: 7094.3s
[ByzFL-SNN]   [Step 3600/8000] (45.0%) | Val Acc: 0.7065 | Test Acc: 0.7001 | VRAM (Alloc/Reserved): 895.3/3452.0 MiB | Time: 7509.6s
[ByzFL-SNN]   [Step 3800/8000] (47.5%) | Val Acc: 0.7267 | Test Acc: 0.7217 | VRAM (Alloc/Reserved): 895.8/3452.0 MiB | Time: 7945.6s
[ByzFL-SNN]   [Step 4000/8000] (50.0%) | Val Acc: 0.7202 | Test Acc: 0.7103 | VRAM (Alloc/Reserved): 475.1/3452.0 MiB | Time: 8390.7s
[ByzFL-SNN]   [Step 4200/8000] (52.5%) | Val Acc: 0.7249 | Test Acc: 0.7189 | VRAM (Alloc/Reserved): 896.1/3452.0 MiB | Time: 8800.2s
[ByzFL-SNN]   [Step 4400/8000] (55.0%) | Val Acc: 0.7247 | Test Acc: 0.7196 | VRAM (Alloc/Reserved): 897.4/3452.0 MiB | Time: 9218.2s
[ByzFL-SNN]   [Step 4600/8000] (57.5%) | Val Acc: 0.7257 | Test Acc: 0.7204 | VRAM (Alloc/Reserved): 894.5/3452.0 MiB | Time: 9664.9s
[ByzFL-SNN]   [Step 4800/8000] (60.0%) | Val Acc: 0.7431 | Test Acc: 0.7326 | VRAM (Alloc/Reserved): 475.9/3452.0 MiB | Time: 10058.5s
[ByzFL-SNN]   [Step 5000/8000] (62.5%) | Val Acc: 0.7251 | Test Acc: 0.7283 | VRAM (Alloc/Reserved): 897.3/3452.0 MiB | Time: 10495.6s
[ByzFL-SNN]   [Step 5200/8000] (65.0%) | Val Acc: 0.7374 | Test Acc: 0.7350 | VRAM (Alloc/Reserved): 895.0/3452.0 MiB | Time: 10896.5s
[ByzFL-SNN]   [Step 5400/8000] (67.5%) | Val Acc: 0.7456 | Test Acc: 0.7371 | VRAM (Alloc/Reserved): 896.1/3452.0 MiB | Time: 11321.0s
[ByzFL-SNN]   [Step 5600/8000] (70.0%) | Val Acc: 0.7396 | Test Acc: 0.7354 | VRAM (Alloc/Reserved): 473.8/3452.0 MiB | Time: 11758.1s
[ByzFL-SNN]   [Step 5800/8000] (72.5%) | Val Acc: 0.7409 | Test Acc: 0.7320 | VRAM (Alloc/Reserved): 896.6/3452.0 MiB | Time: 12163.0s
[ByzFL-SNN]   [Step 6000/8000] (75.0%) | Val Acc: 0.7347 | Test Acc: 0.7311 | VRAM (Alloc/Reserved): 896.1/3452.0 MiB | Time: 12555.4s
[ByzFL-SNN]   [Step 6200/8000] (77.5%) | Val Acc: 0.7358 | Test Acc: 0.7339 | VRAM (Alloc/Reserved): 898.9/3452.0 MiB | Time: 13005.4s
[ByzFL-SNN]   [Step 6400/8000] (80.0%) | Val Acc: 0.7445 | Test Acc: 0.7398 | VRAM (Alloc/Reserved): 470.3/3452.0 MiB | Time: 13436.9s
[ByzFL-SNN]   [Step 6600/8000] (82.5%) | Val Acc: 0.7424 | Test Acc: 0.7404 | VRAM (Alloc/Reserved): 895.1/3452.0 MiB | Time: 13851.8s
[ByzFL-SNN]   [Step 6800/8000] (85.0%) | Val Acc: 0.7446 | Test Acc: 0.7434 | VRAM (Alloc/Reserved): 897.0/3452.0 MiB | Time: 14283.1s
[ByzFL-SNN]   [Step 7000/8000] (87.5%) | Val Acc: 0.7456 | Test Acc: 0.7372 | VRAM (Alloc/Reserved): 896.1/3452.0 MiB | Time: 14710.0s
[ByzFL-SNN]   [Step 7200/8000] (90.0%) | Val Acc: 0.7498 | Test Acc: 0.7413 | VRAM (Alloc/Reserved): 476.0/3452.0 MiB | Time: 15130.3s
[ByzFL-SNN]   [Step 7400/8000] (92.5%) | Val Acc: 0.7441 | Test Acc: 0.7426 | VRAM (Alloc/Reserved): 896.5/3452.0 MiB | Time: 15549.4s
[ByzFL-SNN]   [Step 7600/8000] (95.0%) | Val Acc: 0.7564 | Test Acc: 0.7524 | VRAM (Alloc/Reserved): 897.7/3452.0 MiB | Time: 15949.3s
[ByzFL-SNN]   [Step 7800/8000] (97.5%) | Val Acc: 0.7559 | Test Acc: 0.7527 | VRAM (Alloc/Reserved): 897.9/3452.0 MiB | Time: 16392.1s
[ByzFL-SNN] [Training Complete] Peak VRAM (Alloc/Reserved): 2983.9/3452.0 MiB | Total time: 16772.3s

Training 0 done
All trainings finished.
Done

Generating heatmaps for SNN CIFAR-10 Baseline...
--> SNN plots successfully saved in: ./plots/snn/cifar_baseline
