nohup: ignoring input

=======================================================
Running SNN Benchmark Sweep: snn_complete_direct.json
=======================================================
Total trainings to do: 96
Running 2 trainings in parallel...

[ByzFL-SNN] [Training Start] Model: convnet_snn | Dataset: mnist
[ByzFL-SNN]   Clients: 16 honest, 8 byzantine | Algorithm: DSGD
[ByzFL-SNN]   Learning Rate: 0.05 | Steps: 500 | Device: cuda
[ByzFL-SNN]   Validation samples: 12000 | Test samples: 10000
[ByzFL-SNN] Initial VRAM (Alloc/Reserved): 139.0/186.0 MiB
[ByzFL-SNN]   [Step 0/500] (0.0%) | Val Acc: 0.1138 | Test Acc: 0.1187 | VRAM (Alloc/Reserved): 151.4/294.0 MiB | Time: 13.1s
[ByzFL-SNN]   [Step 50/500] (10.0%) | Val Acc: 0.9230 | Test Acc: 0.9300 | VRAM (Alloc/Reserved): 607.0/3442.0 MiB | Time: 161.8s
[ByzFL-SNN]   [Step 100/500] (20.0%) | Val Acc: 0.9396 | Test Acc: 0.9466 | VRAM (Alloc/Reserved): 608.8/3442.0 MiB | Time: 332.3s
[ByzFL-SNN]   [Step 150/500] (30.0%) | Val Acc: 0.9505 | Test Acc: 0.9526 | VRAM (Alloc/Reserved): 612.2/3442.0 MiB | Time: 509.0s
[ByzFL-SNN]   [Step 200/500] (40.0%) | Val Acc: 0.9528 | Test Acc: 0.9590 | VRAM (Alloc/Reserved): 607.5/3442.0 MiB | Time: 685.2s
[ByzFL-SNN]   [Step 250/500] (50.0%) | Val Acc: 0.9569 | Test Acc: 0.9621 | VRAM (Alloc/Reserved): 609.4/3442.0 MiB | Time: 862.8s
[ByzFL-SNN]   [Step 300/500] (60.0%) | Val Acc: 0.9642 | Test Acc: 0.9656 | VRAM (Alloc/Reserved): 609.1/3442.0 MiB | Time: 1045.7s
[ByzFL-SNN]   [Step 350/500] (70.0%) | Val Acc: 0.9648 | Test Acc: 0.9697 | VRAM (Alloc/Reserved): 609.9/3442.0 MiB | Time: 1230.6s
[ByzFL-SNN]   [Step 400/500] (80.0%) | Val Acc: 0.9654 | Test Acc: 0.9701 | VRAM (Alloc/Reserved): 609.1/3442.0 MiB | Time: 1414.4s
[ByzFL-SNN]   [Step 450/500] (90.0%) | Val Acc: 0.9708 | Test Acc: 0.9748 | VRAM (Alloc/Reserved): 609.8/3442.0 MiB | Time: 1595.5s
[ByzFL-SNN] [Training Complete] Peak VRAM (Alloc/Reserved): 2407.8/3442.0 MiB | Total time: 1763.2s

Training 0 done

[ByzFL-SNN] [Training Start] Model: convnet_snn | Dataset: mnist
[ByzFL-SNN]   Clients: 16 honest, 8 byzantine | Algorithm: DSGD
[ByzFL-SNN]   Learning Rate: 0.05 | Steps: 500 | Device: cuda
[ByzFL-SNN]   Validation samples: 12000 | Test samples: 10000
[ByzFL-SNN] Initial VRAM (Alloc/Reserved): 139.0/186.0 MiB
[ByzFL-SNN]   [Step 0/500] (0.0%) | Val Acc: 0.1138 | Test Acc: 0.1187 | VRAM (Alloc/Reserved): 151.4/294.0 MiB | Time: 13.1s
[ByzFL-SNN]   [Step 50/500] (10.0%) | Val Acc: 0.8849 | Test Acc: 0.8909 | VRAM (Alloc/Reserved): 610.0/3442.0 MiB | Time: 325.2s
[ByzFL-SNN]   [Step 100/500] (20.0%) | Val Acc: 0.9427 | Test Acc: 0.9475 | VRAM (Alloc/Reserved): 610.0/3442.0 MiB | Time: 657.3s
[ByzFL-SNN]   [Step 150/500] (30.0%) | Val Acc: 0.9498 | Test Acc: 0.9545 | VRAM (Alloc/Reserved): 608.9/3442.0 MiB | Time: 1002.4s
[ByzFL-SNN]   [Step 200/500] (40.0%) | Val Acc: 0.9593 | Test Acc: 0.9645 | VRAM (Alloc/Reserved): 609.5/3442.0 MiB | Time: 1358.9s
[ByzFL-SNN]   [Step 250/500] (50.0%) | Val Acc: 0.9653 | Test Acc: 0.9696 | VRAM (Alloc/Reserved): 610.2/3442.0 MiB | Time: 1708.4s
[ByzFL-SNN]   [Step 300/500] (60.0%) | Val Acc: 0.9656 | Test Acc: 0.9716 | VRAM (Alloc/Reserved): 607.9/3442.0 MiB | Time: 2028.9s
[ByzFL-SNN]   [Step 350/500] (70.0%) | Val Acc: 0.9718 | Test Acc: 0.9752 | VRAM (Alloc/Reserved): 607.5/3442.0 MiB | Time: 2350.2s
[ByzFL-SNN]   [Step 400/500] (80.0%) | Val Acc: 0.9728 | Test Acc: 0.9763 | VRAM (Alloc/Reserved): 609.6/3442.0 MiB | Time: 2668.8s
[ByzFL-SNN]   [Step 450/500] (90.0%) | Val Acc: 0.9729 | Test Acc: 0.9780 | VRAM (Alloc/Reserved): 608.2/3442.0 MiB | Time: 2992.3s
[ByzFL-SNN] [Training Complete] Peak VRAM (Alloc/Reserved): 2516.1/3542.0 MiB | Total time: 3300.9s

Training 1 done

[ByzFL-SNN] [Training Start] Model: convnet_snn | Dataset: mnist
[ByzFL-SNN]   Clients: 16 honest, 8 byzantine | Algorithm: DSGD
[ByzFL-SNN]   Learning Rate: 0.05 | Steps: 500 | Device: cuda
[ByzFL-SNN]   Validation samples: 12000 | Test samples: 10000
[ByzFL-SNN] Initial VRAM (Alloc/Reserved): 139.0/186.0 MiB
[ByzFL-SNN]   [Step 0/500] (0.0%) | Val Acc: 0.1138 | Test Acc: 0.1187 | VRAM (Alloc/Reserved): 151.4/294.0 MiB | Time: 16.3s
[ByzFL-SNN]   [Step 50/500] (10.0%) | Val Acc: 0.9313 | Test Acc: 0.9404 | VRAM (Alloc/Reserved): 608.8/3442.0 MiB | Time: 325.8s
[ByzFL-SNN]   [Step 100/500] (20.0%) | Val Acc: 0.9617 | Test Acc: 0.9671 | VRAM (Alloc/Reserved): 610.6/3442.0 MiB | Time: 632.3s
[ByzFL-SNN]   [Step 150/500] (30.0%) | Val Acc: 0.9717 | Test Acc: 0.9770 | VRAM (Alloc/Reserved): 607.9/3442.0 MiB | Time: 939.8s
[ByzFL-SNN]   [Step 200/500] (40.0%) | Val Acc: 0.9782 | Test Acc: 0.9794 | VRAM (Alloc/Reserved): 611.6/3442.0 MiB | Time: 1264.3s
[ByzFL-SNN]   [Step 250/500] (50.0%) | Val Acc: 0.9803 | Test Acc: 0.9831 | VRAM (Alloc/Reserved): 607.5/3442.0 MiB | Time: 1569.3s
[ByzFL-SNN]   [Step 300/500] (60.0%) | Val Acc: 0.9818 | Test Acc: 0.9848 | VRAM (Alloc/Reserved): 610.4/3442.0 MiB | Time: 1923.3s
[ByzFL-SNN]   [Step 350/500] (70.0%) | Val Acc: 0.9816 | Test Acc: 0.9857 | VRAM (Alloc/Reserved): 608.2/3442.0 MiB | Time: 2288.0s
[ByzFL-SNN]   [Step 400/500] (80.0%) | Val Acc: 0.9844 | Test Acc: 0.9865 | VRAM (Alloc/Reserved): 608.6/3442.0 MiB | Time: 2634.8s
[ByzFL-SNN]   [Step 450/500] (90.0%) | Val Acc: 0.9849 | Test Acc: 0.9865 | VRAM (Alloc/Reserved): 610.0/3442.0 MiB | Time: 3000.0s
[ByzFL-SNN] [Training Complete] Peak VRAM (Alloc/Reserved): 2517.7/3442.0 MiB | Total time: 3346.4s

Training 2 done

[ByzFL-SNN] [Training Start] Model: convnet_snn | Dataset: mnist
[ByzFL-SNN]   Clients: 16 honest, 8 byzantine | Algorithm: DSGD
[ByzFL-SNN]   Learning Rate: 0.05 | Steps: 500 | Device: cuda
[ByzFL-SNN]   Validation samples: 12000 | Test samples: 10000
[ByzFL-SNN] Initial VRAM (Alloc/Reserved): 139.0/186.0 MiB
[ByzFL-SNN]   [Step 0/500] (0.0%) | Val Acc: 0.1138 | Test Acc: 0.1187 | VRAM (Alloc/Reserved): 151.4/294.0 MiB | Time: 17.2s
[ByzFL-SNN]   [Step 50/500] (10.0%) | Val Acc: 0.8217 | Test Acc: 0.8306 | VRAM (Alloc/Reserved): 613.2/3442.0 MiB | Time: 211.2s
[ByzFL-SNN]   [Step 100/500] (20.0%) | Val Acc: 0.9277 | Test Acc: 0.9327 | VRAM (Alloc/Reserved): 608.2/3442.0 MiB | Time: 401.2s
[ByzFL-SNN]   [Step 150/500] (30.0%) | Val Acc: 0.9440 | Test Acc: 0.9526 | VRAM (Alloc/Reserved): 605.4/3442.0 MiB | Time: 594.0s
[ByzFL-SNN]   [Step 200/500] (40.0%) | Val Acc: 0.9573 | Test Acc: 0.9617 | VRAM (Alloc/Reserved): 608.9/3442.0 MiB | Time: 781.4s
[ByzFL-SNN]   [Step 250/500] (50.0%) | Val Acc: 0.9591 | Test Acc: 0.9668 | VRAM (Alloc/Reserved): 609.4/3442.0 MiB | Time: 968.8s
[ByzFL-SNN]   [Step 300/500] (60.0%) | Val Acc: 0.9663 | Test Acc: 0.9711 | VRAM (Alloc/Reserved): 609.2/3442.0 MiB | Time: 1162.1s
[ByzFL-SNN]   [Step 350/500] (70.0%) | Val Acc: 0.9677 | Test Acc: 0.9718 | VRAM (Alloc/Reserved): 609.0/3442.0 MiB | Time: 1354.7s
[ByzFL-SNN]   [Step 400/500] (80.0%) | Val Acc: 0.9718 | Test Acc: 0.9745 | VRAM (Alloc/Reserved): 608.8/3442.0 MiB | Time: 1548.4s
[ByzFL-SNN]   [Step 450/500] (90.0%) | Val Acc: 0.9697 | Test Acc: 0.9758 | VRAM (Alloc/Reserved): 609.3/3442.0 MiB | Time: 1741.2s
[ByzFL-SNN] [Training Complete] Peak VRAM (Alloc/Reserved): 2406.5/3442.0 MiB | Total time: 1920.3s

Training 3 done

[ByzFL-SNN] [Training Start] Model: convnet_snn | Dataset: mnist
[ByzFL-SNN]   Clients: 16 honest, 8 byzantine | Algorithm: DSGD
[ByzFL-SNN]   Learning Rate: 0.05 | Steps: 500 | Device: cuda
[ByzFL-SNN]   Validation samples: 12000 | Test samples: 10000
[ByzFL-SNN] Initial VRAM (Alloc/Reserved): 139.0/186.0 MiB
[ByzFL-SNN]   [Step 0/500] (0.0%) | Val Acc: 0.1138 | Test Acc: 0.1187 | VRAM (Alloc/Reserved): 151.4/294.0 MiB | Time: 17.0s
[ByzFL-SNN]   [Step 50/500] (10.0%) | Val Acc: 0.9277 | Test Acc: 0.9353 | VRAM (Alloc/Reserved): 608.5/3442.0 MiB | Time: 324.5s
[ByzFL-SNN]   [Step 100/500] (20.0%) | Val Acc: 0.9633 | Test Acc: 0.9671 | VRAM (Alloc/Reserved): 609.4/3442.0 MiB | Time: 633.6s
[ByzFL-SNN]   [Step 150/500] (30.0%) | Val Acc: 0.9728 | Test Acc: 0.9762 | VRAM (Alloc/Reserved): 612.2/3442.0 MiB | Time: 949.1s
[ByzFL-SNN]   [Step 200/500] (40.0%) | Val Acc: 0.9771 | Test Acc: 0.9794 | VRAM (Alloc/Reserved): 609.5/3442.0 MiB | Time: 1262.8s
[ByzFL-SNN]   [Step 250/500] (50.0%) | Val Acc: 0.9801 | Test Acc: 0.9825 | VRAM (Alloc/Reserved): 609.9/3442.0 MiB | Time: 1579.9s
[ByzFL-SNN]   [Step 300/500] (60.0%) | Val Acc: 0.9810 | Test Acc: 0.9843 | VRAM (Alloc/Reserved): 610.0/3442.0 MiB | Time: 1899.6s
[ByzFL-SNN]   [Step 350/500] (70.0%) | Val Acc: 0.9830 | Test Acc: 0.9850 | VRAM (Alloc/Reserved): 611.4/3442.0 MiB | Time: 2213.6s
[ByzFL-SNN]   [Step 400/500] (80.0%) | Val Acc: 0.9842 | Test Acc: 0.9856 | VRAM (Alloc/Reserved): 607.4/3442.0 MiB | Time: 2539.6s
[ByzFL-SNN]   [Step 450/500] (90.0%) | Val Acc: 0.9842 | Test Acc: 0.9856 | VRAM (Alloc/Reserved): 608.5/3442.0 MiB | Time: 2857.7s
[ByzFL-SNN] [Training Complete] Peak VRAM (Alloc/Reserved): 2516.3/3542.0 MiB | Total time: 3159.1s

Training 4 done

[ByzFL-SNN] [Training Start] Model: convnet_snn | Dataset: mnist
[ByzFL-SNN]   Clients: 16 honest, 8 byzantine | Algorithm: DSGD
[ByzFL-SNN]   Learning Rate: 0.05 | Steps: 500 | Device: cuda
[ByzFL-SNN]   Validation samples: 12000 | Test samples: 10000
[ByzFL-SNN] Initial VRAM (Alloc/Reserved): 139.0/186.0 MiB
[ByzFL-SNN]   [Step 0/500] (0.0%) | Val Acc: 0.1138 | Test Acc: 0.1187 | VRAM (Alloc/Reserved): 151.4/294.0 MiB | Time: 16.8s
[ByzFL-SNN]   [Step 50/500] (10.0%) | Val Acc: 0.8339 | Test Acc: 0.8394 | VRAM (Alloc/Reserved): 611.4/3442.0 MiB | Time: 344.4s
[ByzFL-SNN]   [Step 100/500] (20.0%) | Val Acc: 0.9396 | Test Acc: 0.9450 | VRAM (Alloc/Reserved): 609.4/3442.0 MiB | Time: 667.9s
[ByzFL-SNN]   [Step 150/500] (30.0%) | Val Acc: 0.9556 | Test Acc: 0.9593 | VRAM (Alloc/Reserved): 606.7/3442.0 MiB | Time: 1005.1s
[ByzFL-SNN]   [Step 200/500] (40.0%) | Val Acc: 0.9611 | Test Acc: 0.9662 | VRAM (Alloc/Reserved): 607.7/3442.0 MiB | Time: 1329.0s
[ByzFL-SNN]   [Step 250/500] (50.0%) | Val Acc: 0.9682 | Test Acc: 0.9722 | VRAM (Alloc/Reserved): 609.1/3442.0 MiB | Time: 1651.7s
[ByzFL-SNN]   [Step 300/500] (60.0%) | Val Acc: 0.9687 | Test Acc: 0.9730 | VRAM (Alloc/Reserved): 608.5/3442.0 MiB | Time: 1977.0s
[ByzFL-SNN]   [Step 350/500] (70.0%) | Val Acc: 0.9742 | Test Acc: 0.9771 | VRAM (Alloc/Reserved): 610.2/3442.0 MiB | Time: 2304.3s
[ByzFL-SNN]   [Step 400/500] (80.0%) | Val Acc: 0.9745 | Test Acc: 0.9767 | VRAM (Alloc/Reserved): 608.3/3442.0 MiB | Time: 2640.4s
[ByzFL-SNN]   [Step 450/500] (90.0%) | Val Acc: 0.9762 | Test Acc: 0.9801 | VRAM (Alloc/Reserved): 610.3/3442.0 MiB | Time: 2972.2s
[ByzFL-SNN] [Training Complete] Peak VRAM (Alloc/Reserved): 2515.5/3442.0 MiB | Total time: 3278.6s

Training 5 done

[ByzFL-SNN] [Training Start] Model: convnet_snn | Dataset: mnist
[ByzFL-SNN]   Clients: 16 honest, 8 byzantine | Algorithm: DSGD
[ByzFL-SNN]   Learning Rate: 0.05 | Steps: 500 | Device: cuda
[ByzFL-SNN]   Validation samples: 12000 | Test samples: 10000
[ByzFL-SNN] Initial VRAM (Alloc/Reserved): 139.0/186.0 MiB
[ByzFL-SNN]   [Step 0/500] (0.0%) | Val Acc: 0.1138 | Test Acc: 0.1187 | VRAM (Alloc/Reserved): 151.4/294.0 MiB | Time: 13.7s
[ByzFL-SNN]   [Step 50/500] (10.0%) | Val Acc: 0.9225 | Test Acc: 0.9309 | VRAM (Alloc/Reserved): 607.0/3442.0 MiB | Time: 214.6s
[ByzFL-SNN]   [Step 100/500] (20.0%) | Val Acc: 0.9433 | Test Acc: 0.9474 | VRAM (Alloc/Reserved): 608.8/3442.0 MiB | Time: 411.5s
[ByzFL-SNN]   [Step 150/500] (30.0%) | Val Acc: 0.9509 | Test Acc: 0.9572 | VRAM (Alloc/Reserved): 612.2/3442.0 MiB | Time: 601.3s
[ByzFL-SNN]   [Step 200/500] (40.0%) | Val Acc: 0.9553 | Test Acc: 0.9617 | VRAM (Alloc/Reserved): 607.5/3442.0 MiB | Time: 791.0s
[ByzFL-SNN]   [Step 250/500] (50.0%) | Val Acc: 0.9597 | Test Acc: 0.9633 | VRAM (Alloc/Reserved): 609.4/3442.0 MiB | Time: 983.3s
[ByzFL-SNN]   [Step 300/500] (60.0%) | Val Acc: 0.9637 | Test Acc: 0.9699 | VRAM (Alloc/Reserved): 609.1/3442.0 MiB | Time: 1175.6s
[ByzFL-SNN]   [Step 350/500] (70.0%) | Val Acc: 0.9609 | Test Acc: 0.9678 | VRAM (Alloc/Reserved): 609.9/3442.0 MiB | Time: 1363.9s
[ByzFL-SNN]   [Step 400/500] (80.0%) | Val Acc: 0.9691 | Test Acc: 0.9728 | VRAM (Alloc/Reserved): 609.1/3442.0 MiB | Time: 1552.9s
[ByzFL-SNN]   [Step 450/500] (90.0%) | Val Acc: 0.9656 | Test Acc: 0.9695 | VRAM (Alloc/Reserved): 609.8/3442.0 MiB | Time: 1749.4s
[ByzFL-SNN] [Training Complete] Peak VRAM (Alloc/Reserved): 2407.8/3442.0 MiB | Total time: 1922.5s

Training 6 done

[ByzFL-SNN] [Training Start] Model: convnet_snn | Dataset: mnist
[ByzFL-SNN]   Clients: 16 honest, 8 byzantine | Algorithm: DSGD
[ByzFL-SNN]   Learning Rate: 0.05 | Steps: 500 | Device: cuda
[ByzFL-SNN]   Validation samples: 12000 | Test samples: 10000
[ByzFL-SNN] Initial VRAM (Alloc/Reserved): 139.0/186.0 MiB
[ByzFL-SNN]   [Step 0/500] (0.0%) | Val Acc: 0.1138 | Test Acc: 0.1187 | VRAM (Alloc/Reserved): 151.4/294.0 MiB | Time: 16.7s
[ByzFL-SNN]   [Step 50/500] (10.0%) | Val Acc: 0.9076 | Test Acc: 0.9133 | VRAM (Alloc/Reserved): 610.0/3442.0 MiB | Time: 390.1s
[ByzFL-SNN]   [Step 100/500] (20.0%) | Val Acc: 0.9366 | Test Acc: 0.9425 | VRAM (Alloc/Reserved): 610.0/3442.0 MiB | Time: 748.7s
[ByzFL-SNN]   [Step 150/500] (30.0%) | Val Acc: 0.9501 | Test Acc: 0.9545 | VRAM (Alloc/Reserved): 608.9/3442.0 MiB | Time: 1122.3s
[ByzFL-SNN]   [Step 200/500] (40.0%) | Val Acc: 0.9531 | Test Acc: 0.9588 | VRAM (Alloc/Reserved): 609.5/3442.0 MiB | Time: 1484.6s
[ByzFL-SNN]   [Step 250/500] (50.0%) | Val Acc: 0.9608 | Test Acc: 0.9658 | VRAM (Alloc/Reserved): 610.2/3442.0 MiB | Time: 1856.8s
[ByzFL-SNN]   [Step 300/500] (60.0%) | Val Acc: 0.9633 | Test Acc: 0.9673 | VRAM (Alloc/Reserved): 607.9/3442.0 MiB | Time: 2186.5s
[ByzFL-SNN]   [Step 350/500] (70.0%) | Val Acc: 0.9651 | Test Acc: 0.9679 | VRAM (Alloc/Reserved): 607.5/3442.0 MiB | Time: 2524.5s
[ByzFL-SNN]   [Step 400/500] (80.0%) | Val Acc: 0.9688 | Test Acc: 0.9731 | VRAM (Alloc/Reserved): 609.6/3442.0 MiB | Time: 2858.5s
[ByzFL-SNN]   [Step 450/500] (90.0%) | Val Acc: 0.9661 | Test Acc: 0.9701 | VRAM (Alloc/Reserved): 608.2/3442.0 MiB | Time: 3198.9s
[ByzFL-SNN] [Training Complete] Peak VRAM (Alloc/Reserved): 2516.1/3542.0 MiB | Total time: 3513.1s

Training 7 done

[ByzFL-SNN] [Training Start] Model: convnet_snn | Dataset: mnist
[ByzFL-SNN]   Clients: 16 honest, 8 byzantine | Algorithm: DSGD
[ByzFL-SNN]   Learning Rate: 0.05 | Steps: 500 | Device: cuda
[ByzFL-SNN]   Validation samples: 12000 | Test samples: 10000
[ByzFL-SNN] Initial VRAM (Alloc/Reserved): 139.0/186.0 MiB
[ByzFL-SNN]   [Step 0/500] (0.0%) | Val Acc: 0.1138 | Test Acc: 0.1187 | VRAM (Alloc/Reserved): 151.4/294.0 MiB | Time: 17.3s
[ByzFL-SNN]   [Step 50/500] (10.0%) | Val Acc: 0.9274 | Test Acc: 0.9363 | VRAM (Alloc/Reserved): 608.8/3442.0 MiB | Time: 336.3s
[ByzFL-SNN]   [Step 100/500] (20.0%) | Val Acc: 0.9633 | Test Acc: 0.9688 | VRAM (Alloc/Reserved): 610.6/3442.0 MiB | Time: 665.1s
[ByzFL-SNN]   [Step 150/500] (30.0%) | Val Acc: 0.9729 | Test Acc: 0.9768 | VRAM (Alloc/Reserved): 607.9/3442.0 MiB | Time: 987.2s
[ByzFL-SNN]   [Step 200/500] (40.0%) | Val Acc: 0.9770 | Test Acc: 0.9802 | VRAM (Alloc/Reserved): 611.6/3442.0 MiB | Time: 1321.2s
[ByzFL-SNN]   [Step 250/500] (50.0%) | Val Acc: 0.9792 | Test Acc: 0.9836 | VRAM (Alloc/Reserved): 607.5/3442.0 MiB | Time: 1633.1s
[ByzFL-SNN]   [Step 300/500] (60.0%) | Val Acc: 0.9803 | Test Acc: 0.9847 | VRAM (Alloc/Reserved): 610.4/3442.0 MiB | Time: 2005.6s
[ByzFL-SNN]   [Step 350/500] (70.0%) | Val Acc: 0.9827 | Test Acc: 0.9854 | VRAM (Alloc/Reserved): 608.2/3442.0 MiB | Time: 2375.6s
[ByzFL-SNN]   [Step 400/500] (80.0%) | Val Acc: 0.9844 | Test Acc: 0.9866 | VRAM (Alloc/Reserved): 608.6/3442.0 MiB | Time: 2726.5s
[ByzFL-SNN]   [Step 450/500] (90.0%) | Val Acc: 0.9848 | Test Acc: 0.9861 | VRAM (Alloc/Reserved): 610.0/3442.0 MiB | Time: 3085.2s
[ByzFL-SNN] [Training Complete] Peak VRAM (Alloc/Reserved): 2517.7/3442.0 MiB | Total time: 3426.3s

Training 8 done

[ByzFL-SNN] [Training Start] Model: convnet_snn | Dataset: mnist
[ByzFL-SNN]   Clients: 16 honest, 8 byzantine | Algorithm: DSGD
[ByzFL-SNN]   Learning Rate: 0.05 | Steps: 500 | Device: cuda
[ByzFL-SNN]   Validation samples: 12000 | Test samples: 10000
[ByzFL-SNN] Initial VRAM (Alloc/Reserved): 139.0/186.0 MiB
[ByzFL-SNN]   [Step 0/500] (0.0%) | Val Acc: 0.1138 | Test Acc: 0.1187 | VRAM (Alloc/Reserved): 151.4/294.0 MiB | Time: 17.9s
[ByzFL-SNN]   [Step 50/500] (10.0%) | Val Acc: 0.8408 | Test Acc: 0.8449 | VRAM (Alloc/Reserved): 614.2/3442.0 MiB | Time: 217.1s
[ByzFL-SNN]   [Step 100/500] (20.0%) | Val Acc: 0.9403 | Test Acc: 0.9479 | VRAM (Alloc/Reserved): 612.3/3442.0 MiB | Time: 413.5s
[ByzFL-SNN]   [Step 150/500] (30.0%) | Val Acc: 0.9508 | Test Acc: 0.9581 | VRAM (Alloc/Reserved): 614.6/3442.0 MiB | Time: 608.5s
[ByzFL-SNN]   [Step 200/500] (40.0%) | Val Acc: 0.9577 | Test Acc: 0.9635 | VRAM (Alloc/Reserved): 613.1/3442.0 MiB | Time: 803.0s
[ByzFL-SNN]   [Step 250/500] (50.0%) | Val Acc: 0.9601 | Test Acc: 0.9638 | VRAM (Alloc/Reserved): 610.4/3442.0 MiB | Time: 995.2s
[ByzFL-SNN]   [Step 300/500] (60.0%) | Val Acc: 0.9643 | Test Acc: 0.9696 | VRAM (Alloc/Reserved): 615.8/3442.0 MiB | Time: 1187.0s
[ByzFL-SNN]   [Step 350/500] (70.0%) | Val Acc: 0.9663 | Test Acc: 0.9695 | VRAM (Alloc/Reserved): 614.7/3442.0 MiB | Time: 1382.5s
[ByzFL-SNN]   [Step 400/500] (80.0%) | Val Acc: 0.9694 | Test Acc: 0.9738 | VRAM (Alloc/Reserved): 614.2/3442.0 MiB | Time: 1574.4s
[ByzFL-SNN]   [Step 450/500] (90.0%) | Val Acc: 0.9683 | Test Acc: 0.9743 | VRAM (Alloc/Reserved): 613.5/3442.0 MiB | Time: 1761.6s
[ByzFL-SNN] [Training Complete] Peak VRAM (Alloc/Reserved): 2412.1/3442.0 MiB | Total time: 1939.5s

Training 9 done

[ByzFL-SNN] [Training Start] Model: convnet_snn | Dataset: mnist
[ByzFL-SNN]   Clients: 16 honest, 8 byzantine | Algorithm: DSGD
[ByzFL-SNN]   Learning Rate: 0.05 | Steps: 500 | Device: cuda
[ByzFL-SNN]   Validation samples: 12000 | Test samples: 10000
[ByzFL-SNN] Initial VRAM (Alloc/Reserved): 139.0/186.0 MiB
[ByzFL-SNN]   [Step 0/500] (0.0%) | Val Acc: 0.1138 | Test Acc: 0.1187 | VRAM (Alloc/Reserved): 151.4/294.0 MiB | Time: 16.9s
[ByzFL-SNN]   [Step 50/500] (10.0%) | Val Acc: 0.7352 | Test Acc: 0.7449 | VRAM (Alloc/Reserved): 618.9/3442.0 MiB | Time: 325.1s
[ByzFL-SNN]   [Step 100/500] (20.0%) | Val Acc: 0.9276 | Test Acc: 0.9328 | VRAM (Alloc/Reserved): 621.1/3542.0 MiB | Time: 629.3s
[ByzFL-SNN]   [Step 150/500] (30.0%) | Val Acc: 0.9531 | Test Acc: 0.9590 | VRAM (Alloc/Reserved): 620.4/3542.0 MiB | Time: 934.2s
[ByzFL-SNN]   [Step 200/500] (40.0%) | Val Acc: 0.9626 | Test Acc: 0.9667 | VRAM (Alloc/Reserved): 618.1/3542.0 MiB | Time: 1232.1s
[ByzFL-SNN]   [Step 250/500] (50.0%) | Val Acc: 0.9687 | Test Acc: 0.9722 | VRAM (Alloc/Reserved): 620.3/3542.0 MiB | Time: 1532.9s
[ByzFL-SNN]   [Step 300/500] (60.0%) | Val Acc: 0.9728 | Test Acc: 0.9771 | VRAM (Alloc/Reserved): 620.2/3542.0 MiB | Time: 1836.7s
[ByzFL-SNN]   [Step 350/500] (70.0%) | Val Acc: 0.9752 | Test Acc: 0.9788 | VRAM (Alloc/Reserved): 619.0/3542.0 MiB | Time: 2130.8s
[ByzFL-SNN]   [Step 400/500] (80.0%) | Val Acc: 0.9778 | Test Acc: 0.9812 | VRAM (Alloc/Reserved): 620.2/3542.0 MiB | Time: 2424.8s
[ByzFL-SNN]   [Step 450/500] (90.0%) | Val Acc: 0.9777 | Test Acc: 0.9814 | VRAM (Alloc/Reserved): 618.2/3542.0 MiB | Time: 2727.3s
[ByzFL-SNN] [Training Complete] Peak VRAM (Alloc/Reserved): 2527.9/3542.0 MiB | Total time: 3010.0s

Training 10 done

[ByzFL-SNN] [Training Start] Model: convnet_snn | Dataset: mnist
[ByzFL-SNN]   Clients: 16 honest, 8 byzantine | Algorithm: DSGD
[ByzFL-SNN]   Learning Rate: 0.05 | Steps: 500 | Device: cuda
[ByzFL-SNN]   Validation samples: 12000 | Test samples: 10000
[ByzFL-SNN] Initial VRAM (Alloc/Reserved): 139.0/186.0 MiB
[ByzFL-SNN]   [Step 0/500] (0.0%) | Val Acc: 0.1138 | Test Acc: 0.1187 | VRAM (Alloc/Reserved): 151.4/294.0 MiB | Time: 16.3s
[ByzFL-SNN]   [Step 50/500] (10.0%) | Val Acc: 0.9074 | Test Acc: 0.9182 | VRAM (Alloc/Reserved): 620.8/3442.0 MiB | Time: 318.5s
[ByzFL-SNN]   [Step 100/500] (20.0%) | Val Acc: 0.9539 | Test Acc: 0.9597 | VRAM (Alloc/Reserved): 619.6/3542.0 MiB | Time: 628.7s
[ByzFL-SNN]   [Step 150/500] (30.0%) | Val Acc: 0.9679 | Test Acc: 0.9716 | VRAM (Alloc/Reserved): 621.8/3542.0 MiB | Time: 933.7s
[ByzFL-SNN]   [Step 200/500] (40.0%) | Val Acc: 0.9738 | Test Acc: 0.9766 | VRAM (Alloc/Reserved): 617.3/3542.0 MiB | Time: 1237.9s
[ByzFL-SNN]   [Step 250/500] (50.0%) | Val Acc: 0.9768 | Test Acc: 0.9805 | VRAM (Alloc/Reserved): 618.6/3542.0 MiB | Time: 1540.2s
[ByzFL-SNN]   [Step 300/500] (60.0%) | Val Acc: 0.9798 | Test Acc: 0.9828 | VRAM (Alloc/Reserved): 617.8/3542.0 MiB | Time: 1832.2s
[ByzFL-SNN]   [Step 350/500] (70.0%) | Val Acc: 0.9802 | Test Acc: 0.9827 | VRAM (Alloc/Reserved): 619.9/3542.0 MiB | Time: 2123.9s
[ByzFL-SNN]   [Step 400/500] (80.0%) | Val Acc: 0.9818 | Test Acc: 0.9855 | VRAM (Alloc/Reserved): 618.9/3542.0 MiB | Time: 2411.1s
[ByzFL-SNN]   [Step 450/500] (90.0%) | Val Acc: 0.9832 | Test Acc: 0.9856 | VRAM (Alloc/Reserved): 617.9/3542.0 MiB | Time: 2693.5s
[ByzFL-SNN] [Training Complete] Peak VRAM (Alloc/Reserved): 2526.3/3542.0 MiB | Total time: 2972.2s

Training 11 done

[ByzFL-SNN] [Training Start] Model: convnet_snn | Dataset: mnist
[ByzFL-SNN]   Clients: 16 honest, 8 byzantine | Algorithm: DSGD
[ByzFL-SNN]   Learning Rate: 0.05 | Steps: 500 | Device: cuda
[ByzFL-SNN]   Validation samples: 12000 | Test samples: 10000
[ByzFL-SNN] Initial VRAM (Alloc/Reserved): 139.0/186.0 MiB
[ByzFL-SNN]   [Step 0/500] (0.0%) | Val Acc: 0.1138 | Test Acc: 0.1187 | VRAM (Alloc/Reserved): 151.4/294.0 MiB | Time: 15.6s
[ByzFL-SNN]   [Step 50/500] (10.0%) | Val Acc: 0.0990 | Test Acc: 0.0980 | VRAM (Alloc/Reserved): 607.0/3442.0 MiB | Time: 212.9s
[ByzFL-SNN]   [Step 100/500] (20.0%) | Val Acc: 0.0990 | Test Acc: 0.0980 | VRAM (Alloc/Reserved): 608.8/3442.0 MiB | Time: 397.7s
[ByzFL-SNN]   [Step 150/500] (30.0%) | Val Acc: 0.0990 | Test Acc: 0.0980 | VRAM (Alloc/Reserved): 612.2/3442.0 MiB | Time: 583.6s
[ByzFL-SNN]   [Step 200/500] (40.0%) | Val Acc: 0.0990 | Test Acc: 0.0980 | VRAM (Alloc/Reserved): 607.5/3442.0 MiB | Time: 770.7s
[ByzFL-SNN]   [Step 250/500] (50.0%) | Val Acc: 0.0990 | Test Acc: 0.0980 | VRAM (Alloc/Reserved): 609.4/3442.0 MiB | Time: 966.9s
[ByzFL-SNN]   [Step 300/500] (60.0%) | Val Acc: 0.0990 | Test Acc: 0.0980 | VRAM (Alloc/Reserved): 609.1/3442.0 MiB | Time: 1145.2s
[ByzFL-SNN]   [Step 350/500] (70.0%) | Val Acc: 0.0990 | Test Acc: 0.0980 | VRAM (Alloc/Reserved): 609.9/3442.0 MiB | Time: 1329.3s
[ByzFL-SNN]   [Step 400/500] (80.0%) | Val Acc: 0.0990 | Test Acc: 0.0980 | VRAM (Alloc/Reserved): 609.1/3442.0 MiB | Time: 1511.5s
[ByzFL-SNN]   [Step 450/500] (90.0%) | Val Acc: 0.0990 | Test Acc: 0.0980 | VRAM (Alloc/Reserved): 609.8/3442.0 MiB | Time: 1698.9s
[ByzFL-SNN] [Training Complete] Peak VRAM (Alloc/Reserved): 2407.8/3442.0 MiB | Total time: 1864.3s

Training 12 done

[ByzFL-SNN] [Training Start] Model: convnet_snn | Dataset: mnist
[ByzFL-SNN]   Clients: 16 honest, 8 byzantine | Algorithm: DSGD
[ByzFL-SNN]   Learning Rate: 0.05 | Steps: 500 | Device: cuda
[ByzFL-SNN]   Validation samples: 12000 | Test samples: 10000
[ByzFL-SNN] Initial VRAM (Alloc/Reserved): 139.0/186.0 MiB
[ByzFL-SNN]   [Step 0/500] (0.0%) | Val Acc: 0.1138 | Test Acc: 0.1187 | VRAM (Alloc/Reserved): 151.4/294.0 MiB | Time: 17.3s
[ByzFL-SNN]   [Step 50/500] (10.0%) | Val Acc: 0.5728 | Test Acc: 0.5706 | VRAM (Alloc/Reserved): 610.0/3442.0 MiB | Time: 371.8s
[ByzFL-SNN]   [Step 100/500] (20.0%) | Val Acc: 0.9051 | Test Acc: 0.9140 | VRAM (Alloc/Reserved): 610.0/3442.0 MiB | Time: 722.1s
[ByzFL-SNN]   [Step 150/500] (30.0%) | Val Acc: 0.9278 | Test Acc: 0.9343 | VRAM (Alloc/Reserved): 608.9/3442.0 MiB | Time: 1088.5s
[ByzFL-SNN]   [Step 200/500] (40.0%) | Val Acc: 0.9527 | Test Acc: 0.9577 | VRAM (Alloc/Reserved): 609.5/3442.0 MiB | Time: 1443.9s
[ByzFL-SNN]   [Step 250/500] (50.0%) | Val Acc: 0.9616 | Test Acc: 0.9654 | VRAM (Alloc/Reserved): 610.2/3442.0 MiB | Time: 1804.7s
[ByzFL-SNN]   [Step 300/500] (60.0%) | Val Acc: 0.9693 | Test Acc: 0.9719 | VRAM (Alloc/Reserved): 607.9/3442.0 MiB | Time: 2117.3s
[ByzFL-SNN]   [Step 350/500] (70.0%) | Val Acc: 0.9714 | Test Acc: 0.9750 | VRAM (Alloc/Reserved): 607.5/3442.0 MiB | Time: 2441.7s
[ByzFL-SNN]   [Step 400/500] (80.0%) | Val Acc: 0.9764 | Test Acc: 0.9769 | VRAM (Alloc/Reserved): 609.6/3442.0 MiB | Time: 2759.8s
[ByzFL-SNN]   [Step 450/500] (90.0%) | Val Acc: 0.9763 | Test Acc: 0.9785 | VRAM (Alloc/Reserved): 608.2/3442.0 MiB | Time: 3071.3s
[ByzFL-SNN] [Training Complete] Peak VRAM (Alloc/Reserved): 2516.1/3542.0 MiB | Total time: 3378.8s

Training 13 done

[ByzFL-SNN] [Training Start] Model: convnet_snn | Dataset: mnist
[ByzFL-SNN]   Clients: 16 honest, 8 byzantine | Algorithm: DSGD
[ByzFL-SNN]   Learning Rate: 0.05 | Steps: 500 | Device: cuda
[ByzFL-SNN]   Validation samples: 12000 | Test samples: 10000
[ByzFL-SNN] Initial VRAM (Alloc/Reserved): 139.0/186.0 MiB
[ByzFL-SNN]   [Step 0/500] (0.0%) | Val Acc: 0.1138 | Test Acc: 0.1187 | VRAM (Alloc/Reserved): 151.4/294.0 MiB | Time: 16.1s
[ByzFL-SNN]   [Step 50/500] (10.0%) | Val Acc: 0.9047 | Test Acc: 0.9157 | VRAM (Alloc/Reserved): 608.8/3442.0 MiB | Time: 319.4s
[ByzFL-SNN]   [Step 100/500] (20.0%) | Val Acc: 0.9470 | Test Acc: 0.9531 | VRAM (Alloc/Reserved): 610.6/3442.0 MiB | Time: 629.7s
[ByzFL-SNN]   [Step 150/500] (30.0%) | Val Acc: 0.9621 | Test Acc: 0.9666 | VRAM (Alloc/Reserved): 607.9/3442.0 MiB | Time: 936.3s
[ByzFL-SNN]   [Step 200/500] (40.0%) | Val Acc: 0.9680 | Test Acc: 0.9749 | VRAM (Alloc/Reserved): 611.6/3442.0 MiB | Time: 1232.7s
[ByzFL-SNN]   [Step 250/500] (50.0%) | Val Acc: 0.9737 | Test Acc: 0.9770 | VRAM (Alloc/Reserved): 607.5/3442.0 MiB | Time: 1539.9s
[ByzFL-SNN]   [Step 300/500] (60.0%) | Val Acc: 0.9770 | Test Acc: 0.9804 | VRAM (Alloc/Reserved): 610.4/3442.0 MiB | Time: 1870.1s
[ByzFL-SNN]   [Step 350/500] (70.0%) | Val Acc: 0.9792 | Test Acc: 0.9818 | VRAM (Alloc/Reserved): 608.2/3442.0 MiB | Time: 2208.1s
[ByzFL-SNN]   [Step 400/500] (80.0%) | Val Acc: 0.9804 | Test Acc: 0.9831 | VRAM (Alloc/Reserved): 608.6/3442.0 MiB | Time: 2554.9s
[ByzFL-SNN]   [Step 450/500] (90.0%) | Val Acc: 0.9818 | Test Acc: 0.9850 | VRAM (Alloc/Reserved): 610.0/3442.0 MiB | Time: 2893.9s
[ByzFL-SNN] [Training Complete] Peak VRAM (Alloc/Reserved): 2517.7/3442.0 MiB | Total time: 3223.0s

Training 14 done

[ByzFL-SNN] [Training Start] Model: convnet_snn | Dataset: mnist
[ByzFL-SNN]   Clients: 16 honest, 8 byzantine | Algorithm: DSGD
[ByzFL-SNN]   Learning Rate: 0.05 | Steps: 500 | Device: cuda
[ByzFL-SNN]   Validation samples: 12000 | Test samples: 10000
[ByzFL-SNN] Initial VRAM (Alloc/Reserved): 139.0/186.0 MiB
[ByzFL-SNN]   [Step 0/500] (0.0%) | Val Acc: 0.1138 | Test Acc: 0.1187 | VRAM (Alloc/Reserved): 151.4/294.0 MiB | Time: 16.7s
[ByzFL-SNN]   [Step 50/500] (10.0%) | Val Acc: 0.0990 | Test Acc: 0.0980 | VRAM (Alloc/Reserved): 613.2/3442.0 MiB | Time: 202.1s
[ByzFL-SNN]   [Step 100/500] (20.0%) | Val Acc: 0.0990 | Test Acc: 0.0980 | VRAM (Alloc/Reserved): 608.2/3442.0 MiB | Time: 388.6s
[ByzFL-SNN]   [Step 150/500] (30.0%) | Val Acc: 0.0990 | Test Acc: 0.0980 | VRAM (Alloc/Reserved): 605.4/3442.0 MiB | Time: 578.4s
[ByzFL-SNN]   [Step 200/500] (40.0%) | Val Acc: 0.0990 | Test Acc: 0.0980 | VRAM (Alloc/Reserved): 608.9/3442.0 MiB | Time: 765.5s
[ByzFL-SNN]   [Step 250/500] (50.0%) | Val Acc: 0.0990 | Test Acc: 0.0980 | VRAM (Alloc/Reserved): 609.4/3442.0 MiB | Time: 953.8s
[ByzFL-SNN]   [Step 300/500] (60.0%) | Val Acc: 0.0990 | Test Acc: 0.0980 | VRAM (Alloc/Reserved): 609.2/3442.0 MiB | Time: 1139.4s
[ByzFL-SNN]   [Step 350/500] (70.0%) | Val Acc: 0.0990 | Test Acc: 0.0980 | VRAM (Alloc/Reserved): 609.0/3442.0 MiB | Time: 1323.5s
[ByzFL-SNN]   [Step 400/500] (80.0%) | Val Acc: 0.0990 | Test Acc: 0.0980 | VRAM (Alloc/Reserved): 608.8/3442.0 MiB | Time: 1510.9s
[ByzFL-SNN]   [Step 450/500] (90.0%) | Val Acc: 0.0990 | Test Acc: 0.0980 | VRAM (Alloc/Reserved): 609.3/3442.0 MiB | Time: 1696.8s
[ByzFL-SNN] [Training Complete] Peak VRAM (Alloc/Reserved): 2406.5/3442.0 MiB | Total time: 1869.0s

Training 15 done

[ByzFL-SNN] [Training Start] Model: convnet_snn | Dataset: mnist
[ByzFL-SNN]   Clients: 16 honest, 8 byzantine | Algorithm: DSGD
[ByzFL-SNN]   Learning Rate: 0.05 | Steps: 500 | Device: cuda
[ByzFL-SNN]   Validation samples: 12000 | Test samples: 10000
[ByzFL-SNN] Initial VRAM (Alloc/Reserved): 139.0/186.0 MiB
[ByzFL-SNN]   [Step 0/500] (0.0%) | Val Acc: 0.1138 | Test Acc: 0.1187 | VRAM (Alloc/Reserved): 151.4/294.0 MiB | Time: 16.8s
[ByzFL-SNN]   [Step 50/500] (10.0%) | Val Acc: 0.7011 | Test Acc: 0.7042 | VRAM (Alloc/Reserved): 611.4/3442.0 MiB | Time: 343.7s
[ByzFL-SNN]   [Step 100/500] (20.0%) | Val Acc: 0.9142 | Test Acc: 0.9191 | VRAM (Alloc/Reserved): 609.4/3442.0 MiB | Time: 656.5s
[ByzFL-SNN]   [Step 150/500] (30.0%) | Val Acc: 0.9387 | Test Acc: 0.9468 | VRAM (Alloc/Reserved): 606.7/3442.0 MiB | Time: 961.7s
[ByzFL-SNN]   [Step 200/500] (40.0%) | Val Acc: 0.9292 | Test Acc: 0.9373 | VRAM (Alloc/Reserved): 607.7/3442.0 MiB | Time: 1263.2s
[ByzFL-SNN]   [Step 250/500] (50.0%) | Val Acc: 0.9555 | Test Acc: 0.9610 | VRAM (Alloc/Reserved): 609.1/3442.0 MiB | Time: 1574.5s
[ByzFL-SNN]   [Step 300/500] (60.0%) | Val Acc: 0.9645 | Test Acc: 0.9677 | VRAM (Alloc/Reserved): 608.5/3442.0 MiB | Time: 1887.5s
[ByzFL-SNN]   [Step 350/500] (70.0%) | Val Acc: 0.9659 | Test Acc: 0.9699 | VRAM (Alloc/Reserved): 610.2/3442.0 MiB | Time: 2196.0s
[ByzFL-SNN]   [Step 400/500] (80.0%) | Val Acc: 0.9712 | Test Acc: 0.9758 | VRAM (Alloc/Reserved): 608.3/3442.0 MiB | Time: 2500.6s
[ByzFL-SNN]   [Step 450/500] (90.0%) | Val Acc: 0.9711 | Test Acc: 0.9749 | VRAM (Alloc/Reserved): 610.3/3442.0 MiB | Time: 2802.0s
[ByzFL-SNN] [Training Complete] Peak VRAM (Alloc/Reserved): 2515.5/3442.0 MiB | Total time: 3093.2s

Training 16 done

[ByzFL-SNN] [Training Start] Model: convnet_snn | Dataset: mnist
[ByzFL-SNN]   Clients: 16 honest, 8 byzantine | Algorithm: DSGD
[ByzFL-SNN]   Learning Rate: 0.05 | Steps: 500 | Device: cuda
[ByzFL-SNN]   Validation samples: 12000 | Test samples: 10000
[ByzFL-SNN] Initial VRAM (Alloc/Reserved): 139.0/186.0 MiB
[ByzFL-SNN]   [Step 0/500] (0.0%) | Val Acc: 0.1138 | Test Acc: 0.1187 | VRAM (Alloc/Reserved): 151.4/294.0 MiB | Time: 16.4s
[ByzFL-SNN]   [Step 50/500] (10.0%) | Val Acc: 0.8974 | Test Acc: 0.9040 | VRAM (Alloc/Reserved): 608.5/3442.0 MiB | Time: 308.9s
[ByzFL-SNN]   [Step 100/500] (20.0%) | Val Acc: 0.9487 | Test Acc: 0.9553 | VRAM (Alloc/Reserved): 609.4/3442.0 MiB | Time: 610.1s
[ByzFL-SNN]   [Step 150/500] (30.0%) | Val Acc: 0.9631 | Test Acc: 0.9671 | VRAM (Alloc/Reserved): 612.2/3442.0 MiB | Time: 897.8s
[ByzFL-SNN]   [Step 200/500] (40.0%) | Val Acc: 0.9711 | Test Acc: 0.9742 | VRAM (Alloc/Reserved): 609.5/3442.0 MiB | Time: 1191.6s
[ByzFL-SNN]   [Step 250/500] (50.0%) | Val Acc: 0.9749 | Test Acc: 0.9777 | VRAM (Alloc/Reserved): 609.9/3442.0 MiB | Time: 1495.3s
[ByzFL-SNN]   [Step 300/500] (60.0%) | Val Acc: 0.9758 | Test Acc: 0.9807 | VRAM (Alloc/Reserved): 610.0/3442.0 MiB | Time: 1792.5s
[ByzFL-SNN]   [Step 350/500] (70.0%) | Val Acc: 0.9788 | Test Acc: 0.9824 | VRAM (Alloc/Reserved): 611.4/3442.0 MiB | Time: 2088.9s
[ByzFL-SNN]   [Step 400/500] (80.0%) | Val Acc: 0.9801 | Test Acc: 0.9833 | VRAM (Alloc/Reserved): 607.4/3442.0 MiB | Time: 2384.4s
[ByzFL-SNN]   [Step 450/500] (90.0%) | Val Acc: 0.9814 | Test Acc: 0.9839 | VRAM (Alloc/Reserved): 608.5/3442.0 MiB | Time: 2683.8s
[ByzFL-SNN] [Training Complete] Peak VRAM (Alloc/Reserved): 2516.3/3542.0 MiB | Total time: 2967.1s

Training 17 done

[ByzFL-SNN] [Training Start] Model: convnet_snn | Dataset: mnist
[ByzFL-SNN]   Clients: 16 honest, 8 byzantine | Algorithm: DSGD
[ByzFL-SNN]   Learning Rate: 0.05 | Steps: 500 | Device: cuda
[ByzFL-SNN]   Validation samples: 12000 | Test samples: 10000
[ByzFL-SNN] Initial VRAM (Alloc/Reserved): 139.0/186.0 MiB
[ByzFL-SNN]   [Step 0/500] (0.0%) | Val Acc: 0.1138 | Test Acc: 0.1187 | VRAM (Alloc/Reserved): 151.4/294.0 MiB | Time: 16.1s
[ByzFL-SNN]   [Step 50/500] (10.0%) | Val Acc: 0.0990 | Test Acc: 0.0980 | VRAM (Alloc/Reserved): 607.0/3442.0 MiB | Time: 198.0s
[ByzFL-SNN]   [Step 100/500] (20.0%) | Val Acc: 0.0990 | Test Acc: 0.0980 | VRAM (Alloc/Reserved): 608.8/3442.0 MiB | Time: 380.5s
[ByzFL-SNN]   [Step 150/500] (30.0%) | Val Acc: 0.0990 | Test Acc: 0.0980 | VRAM (Alloc/Reserved): 612.2/3442.0 MiB | Time: 562.3s
[ByzFL-SNN]   [Step 200/500] (40.0%) | Val Acc: 0.0990 | Test Acc: 0.0980 | VRAM (Alloc/Reserved): 607.5/3442.0 MiB | Time: 745.8s
[ByzFL-SNN]   [Step 250/500] (50.0%) | Val Acc: 0.0990 | Test Acc: 0.0980 | VRAM (Alloc/Reserved): 609.4/3442.0 MiB | Time: 930.8s
[ByzFL-SNN]   [Step 300/500] (60.0%) | Val Acc: 0.0990 | Test Acc: 0.0980 | VRAM (Alloc/Reserved): 609.1/3442.0 MiB | Time: 1110.6s
[ByzFL-SNN]   [Step 350/500] (70.0%) | Val Acc: 0.0990 | Test Acc: 0.0980 | VRAM (Alloc/Reserved): 609.9/3442.0 MiB | Time: 1293.8s
[ByzFL-SNN]   [Step 400/500] (80.0%) | Val Acc: 0.0990 | Test Acc: 0.0980 | VRAM (Alloc/Reserved): 609.1/3442.0 MiB | Time: 1475.7s
[ByzFL-SNN]   [Step 450/500] (90.0%) | Val Acc: 0.0990 | Test Acc: 0.0980 | VRAM (Alloc/Reserved): 609.8/3442.0 MiB | Time: 1657.3s
[ByzFL-SNN] [Training Complete] Peak VRAM (Alloc/Reserved): 2407.8/3442.0 MiB | Total time: 1822.3s

Training 18 done

[ByzFL-SNN] [Training Start] Model: convnet_snn | Dataset: mnist
[ByzFL-SNN]   Clients: 16 honest, 8 byzantine | Algorithm: DSGD
[ByzFL-SNN]   Learning Rate: 0.05 | Steps: 500 | Device: cuda
[ByzFL-SNN]   Validation samples: 12000 | Test samples: 10000
[ByzFL-SNN] Initial VRAM (Alloc/Reserved): 139.0/186.0 MiB
[ByzFL-SNN]   [Step 0/500] (0.0%) | Val Acc: 0.1138 | Test Acc: 0.1187 | VRAM (Alloc/Reserved): 151.4/294.0 MiB | Time: 16.1s
[ByzFL-SNN]   [Step 50/500] (10.0%) | Val Acc: 0.0990 | Test Acc: 0.0980 | VRAM (Alloc/Reserved): 610.0/3442.0 MiB | Time: 368.5s
[ByzFL-SNN]   [Step 100/500] (20.0%) | Val Acc: 0.0990 | Test Acc: 0.0980 | VRAM (Alloc/Reserved): 610.0/3442.0 MiB | Time: 712.6s
[ByzFL-SNN]   [Step 150/500] (30.0%) | Val Acc: 0.0990 | Test Acc: 0.0980 | VRAM (Alloc/Reserved): 608.9/3442.0 MiB | Time: 1051.9s
[ByzFL-SNN]   [Step 200/500] (40.0%) | Val Acc: 0.0990 | Test Acc: 0.0980 | VRAM (Alloc/Reserved): 609.5/3442.0 MiB | Time: 1393.3s
[ByzFL-SNN]   [Step 250/500] (50.0%) | Val Acc: 0.0990 | Test Acc: 0.0980 | VRAM (Alloc/Reserved): 610.2/3442.0 MiB | Time: 1736.7s
[ByzFL-SNN]   [Step 300/500] (60.0%) | Val Acc: 0.0990 | Test Acc: 0.0980 | VRAM (Alloc/Reserved): 607.9/3442.0 MiB | Time: 2042.8s
[ByzFL-SNN]   [Step 350/500] (70.0%) | Val Acc: 0.0990 | Test Acc: 0.0980 | VRAM (Alloc/Reserved): 607.5/3442.0 MiB | Time: 2342.6s
[ByzFL-SNN]   [Step 400/500] (80.0%) | Val Acc: 0.0990 | Test Acc: 0.0980 | VRAM (Alloc/Reserved): 609.6/3442.0 MiB | Time: 2641.8s
[ByzFL-SNN]   [Step 450/500] (90.0%) | Val Acc: 0.0990 | Test Acc: 0.0980 | VRAM (Alloc/Reserved): 608.2/3442.0 MiB | Time: 2939.9s
[ByzFL-SNN] [Training Complete] Peak VRAM (Alloc/Reserved): 2516.1/3542.0 MiB | Total time: 3217.1s

Training 19 done

[ByzFL-SNN] [Training Start] Model: convnet_snn | Dataset: mnist
[ByzFL-SNN]   Clients: 16 honest, 8 byzantine | Algorithm: DSGD
[ByzFL-SNN]   Learning Rate: 0.05 | Steps: 500 | Device: cuda
[ByzFL-SNN]   Validation samples: 12000 | Test samples: 10000
[ByzFL-SNN] Initial VRAM (Alloc/Reserved): 139.0/186.0 MiB
[ByzFL-SNN]   [Step 0/500] (0.0%) | Val Acc: 0.1138 | Test Acc: 0.1187 | VRAM (Alloc/Reserved): 151.4/294.0 MiB | Time: 15.9s
[ByzFL-SNN]   [Step 50/500] (10.0%) | Val Acc: 0.9057 | Test Acc: 0.9142 | VRAM (Alloc/Reserved): 608.8/3442.0 MiB | Time: 316.2s
[ByzFL-SNN]   [Step 100/500] (20.0%) | Val Acc: 0.9479 | Test Acc: 0.9545 | VRAM (Alloc/Reserved): 610.6/3442.0 MiB | Time: 610.3s
[ByzFL-SNN]   [Step 150/500] (30.0%) | Val Acc: 0.9595 | Test Acc: 0.9664 | VRAM (Alloc/Reserved): 607.9/3442.0 MiB | Time: 907.1s
[ByzFL-SNN]   [Step 200/500] (40.0%) | Val Acc: 0.9682 | Test Acc: 0.9728 | VRAM (Alloc/Reserved): 611.6/3442.0 MiB | Time: 1204.1s
[ByzFL-SNN]   [Step 250/500] (50.0%) | Val Acc: 0.9731 | Test Acc: 0.9757 | VRAM (Alloc/Reserved): 607.5/3442.0 MiB | Time: 1500.1s
[ByzFL-SNN]   [Step 300/500] (60.0%) | Val Acc: 0.9758 | Test Acc: 0.9792 | VRAM (Alloc/Reserved): 610.4/3442.0 MiB | Time: 1836.0s
[ByzFL-SNN]   [Step 350/500] (70.0%) | Val Acc: 0.9783 | Test Acc: 0.9798 | VRAM (Alloc/Reserved): 608.2/3442.0 MiB | Time: 2167.5s
[ByzFL-SNN]   [Step 400/500] (80.0%) | Val Acc: 0.9792 | Test Acc: 0.9818 | VRAM (Alloc/Reserved): 608.6/3442.0 MiB | Time: 2499.4s
[ByzFL-SNN]   [Step 450/500] (90.0%) | Val Acc: 0.9794 | Test Acc: 0.9828 | VRAM (Alloc/Reserved): 610.0/3442.0 MiB | Time: 2833.5s
[ByzFL-SNN] [Training Complete] Peak VRAM (Alloc/Reserved): 2517.7/3442.0 MiB | Total time: 3147.7s

Training 20 done

[ByzFL-SNN] [Training Start] Model: convnet_snn | Dataset: mnist
[ByzFL-SNN]   Clients: 16 honest, 8 byzantine | Algorithm: DSGD
[ByzFL-SNN]   Learning Rate: 0.05 | Steps: 500 | Device: cuda
[ByzFL-SNN]   Validation samples: 12000 | Test samples: 10000
[ByzFL-SNN] Initial VRAM (Alloc/Reserved): 139.0/186.0 MiB
[ByzFL-SNN]   [Step 0/500] (0.0%) | Val Acc: 0.1138 | Test Acc: 0.1187 | VRAM (Alloc/Reserved): 151.4/294.0 MiB | Time: 15.2s
[ByzFL-SNN]   [Step 50/500] (10.0%) | Val Acc: 0.0990 | Test Acc: 0.0980 | VRAM (Alloc/Reserved): 614.2/3442.0 MiB | Time: 189.3s
[ByzFL-SNN]   [Step 100/500] (20.0%) | Val Acc: 0.2548 | Test Acc: 0.2558 | VRAM (Alloc/Reserved): 612.3/3442.0 MiB | Time: 363.5s
[ByzFL-SNN]   [Step 150/500] (30.0%) | Val Acc: 0.8062 | Test Acc: 0.8084 | VRAM (Alloc/Reserved): 614.6/3442.0 MiB | Time: 536.5s
[ByzFL-SNN]   [Step 200/500] (40.0%) | Val Acc: 0.9172 | Test Acc: 0.9249 | VRAM (Alloc/Reserved): 613.1/3442.0 MiB | Time: 708.6s
[ByzFL-SNN]   [Step 250/500] (50.0%) | Val Acc: 0.9450 | Test Acc: 0.9534 | VRAM (Alloc/Reserved): 610.4/3442.0 MiB | Time: 881.7s
[ByzFL-SNN]   [Step 300/500] (60.0%) | Val Acc: 0.9546 | Test Acc: 0.9615 | VRAM (Alloc/Reserved): 615.8/3442.0 MiB | Time: 1055.7s
[ByzFL-SNN]   [Step 350/500] (70.0%) | Val Acc: 0.9588 | Test Acc: 0.9658 | VRAM (Alloc/Reserved): 614.7/3442.0 MiB | Time: 1228.7s
[ByzFL-SNN]   [Step 400/500] (80.0%) | Val Acc: 0.9661 | Test Acc: 0.9710 | VRAM (Alloc/Reserved): 614.2/3442.0 MiB | Time: 1401.8s
[ByzFL-SNN]   [Step 450/500] (90.0%) | Val Acc: 0.9681 | Test Acc: 0.9729 | VRAM (Alloc/Reserved): 613.5/3442.0 MiB | Time: 1575.5s
[ByzFL-SNN] [Training Complete] Peak VRAM (Alloc/Reserved): 2412.1/3442.0 MiB | Total time: 1734.4s

Training 21 done

[ByzFL-SNN] [Training Start] Model: convnet_snn | Dataset: mnist
[ByzFL-SNN]   Clients: 16 honest, 8 byzantine | Algorithm: DSGD
[ByzFL-SNN]   Learning Rate: 0.05 | Steps: 500 | Device: cuda
[ByzFL-SNN]   Validation samples: 12000 | Test samples: 10000
[ByzFL-SNN] Initial VRAM (Alloc/Reserved): 139.0/186.0 MiB
[ByzFL-SNN]   [Step 0/500] (0.0%) | Val Acc: 0.1138 | Test Acc: 0.1187 | VRAM (Alloc/Reserved): 151.4/294.0 MiB | Time: 15.0s
[ByzFL-SNN]   [Step 50/500] (10.0%) | Val Acc: 0.9068 | Test Acc: 0.9183 | VRAM (Alloc/Reserved): 620.8/3442.0 MiB | Time: 288.4s
[ByzFL-SNN]   [Step 100/500] (20.0%) | Val Acc: 0.9522 | Test Acc: 0.9587 | VRAM (Alloc/Reserved): 619.6/3542.0 MiB | Time: 561.3s
[ByzFL-SNN]   [Step 150/500] (30.0%) | Val Acc: 0.9661 | Test Acc: 0.9714 | VRAM (Alloc/Reserved): 621.8/3542.0 MiB | Time: 832.1s
[ByzFL-SNN]   [Step 200/500] (40.0%) | Val Acc: 0.9716 | Test Acc: 0.9759 | VRAM (Alloc/Reserved): 617.3/3542.0 MiB | Time: 1100.1s
[ByzFL-SNN]   [Step 250/500] (50.0%) | Val Acc: 0.9757 | Test Acc: 0.9810 | VRAM (Alloc/Reserved): 618.6/3542.0 MiB | Time: 1369.7s
[ByzFL-SNN]   [Step 300/500] (60.0%) | Val Acc: 0.9790 | Test Acc: 0.9822 | VRAM (Alloc/Reserved): 617.8/3542.0 MiB | Time: 1640.5s
[ByzFL-SNN]   [Step 350/500] (70.0%) | Val Acc: 0.9796 | Test Acc: 0.9832 | VRAM (Alloc/Reserved): 619.9/3542.0 MiB | Time: 1899.2s
[ByzFL-SNN]   [Step 400/500] (80.0%) | Val Acc: 0.9819 | Test Acc: 0.9843 | VRAM (Alloc/Reserved): 618.9/3542.0 MiB | Time: 2137.6s
[ByzFL-SNN]   [Step 450/500] (90.0%) | Val Acc: 0.9822 | Test Acc: 0.9857 | VRAM (Alloc/Reserved): 617.9/3542.0 MiB | Time: 2375.9s
[ByzFL-SNN] [Training Complete] Peak VRAM (Alloc/Reserved): 2526.3/3542.0 MiB | Total time: 2597.5s

Training 22 done

[ByzFL-SNN] [Training Start] Model: convnet_snn | Dataset: mnist
[ByzFL-SNN]   Clients: 16 honest, 8 byzantine | Algorithm: DSGD
[ByzFL-SNN]   Learning Rate: 0.05 | Steps: 500 | Device: cuda
[ByzFL-SNN]   Validation samples: 12000 | Test samples: 10000
[ByzFL-SNN] Initial VRAM (Alloc/Reserved): 139.0/186.0 MiB
[ByzFL-SNN]   [Step 0/500] (0.0%) | Val Acc: 0.1138 | Test Acc: 0.1187 | VRAM (Alloc/Reserved): 151.4/294.0 MiB | Time: 15.9s
[ByzFL-SNN]   [Step 50/500] (10.0%) | Val Acc: 0.6248 | Test Acc: 0.6324 | VRAM (Alloc/Reserved): 618.9/3442.0 MiB | Time: 298.8s
[ByzFL-SNN]   [Step 100/500] (20.0%) | Val Acc: 0.9117 | Test Acc: 0.9200 | VRAM (Alloc/Reserved): 621.1/3542.0 MiB | Time: 582.6s
[ByzFL-SNN]   [Step 150/500] (30.0%) | Val Acc: 0.9302 | Test Acc: 0.9378 | VRAM (Alloc/Reserved): 620.4/3542.0 MiB | Time: 867.1s
[ByzFL-SNN]   [Step 200/500] (40.0%) | Val Acc: 0.9443 | Test Acc: 0.9470 | VRAM (Alloc/Reserved): 618.1/3542.0 MiB | Time: 1145.6s
[ByzFL-SNN]   [Step 250/500] (50.0%) | Val Acc: 0.9535 | Test Acc: 0.9575 | VRAM (Alloc/Reserved): 620.3/3542.0 MiB | Time: 1425.4s
[ByzFL-SNN]   [Step 300/500] (60.0%) | Val Acc: 0.9533 | Test Acc: 0.9594 | VRAM (Alloc/Reserved): 620.2/3542.0 MiB | Time: 1706.8s
[ByzFL-SNN]   [Step 350/500] (70.0%) | Val Acc: 0.9589 | Test Acc: 0.9646 | VRAM (Alloc/Reserved): 619.0/3542.0 MiB | Time: 1975.1s
[ByzFL-SNN]   [Step 400/500] (80.0%) | Val Acc: 0.9638 | Test Acc: 0.9681 | VRAM (Alloc/Reserved): 620.2/3542.0 MiB | Time: 2224.3s
[ByzFL-SNN]   [Step 450/500] (90.0%) | Val Acc: 0.9676 | Test Acc: 0.9714 | VRAM (Alloc/Reserved): 618.2/3542.0 MiB | Time: 2468.3s
[ByzFL-SNN] [Training Complete] Peak VRAM (Alloc/Reserved): 2527.9/3542.0 MiB | Total time: 2696.6s

Training 23 done

[ByzFL-SNN] [Training Start] Model: convnet_snn | Dataset: mnist
[ByzFL-SNN]   Clients: 16 honest, 8 byzantine | Algorithm: DSGD
[ByzFL-SNN]   Learning Rate: 0.05 | Steps: 500 | Device: cuda
[ByzFL-SNN]   Validation samples: 12000 | Test samples: 10000
[ByzFL-SNN] Initial VRAM (Alloc/Reserved): 139.0/186.0 MiB
[ByzFL-SNN]   [Step 0/500] (0.0%) | Val Acc: 0.1138 | Test Acc: 0.1187 | VRAM (Alloc/Reserved): 151.4/294.0 MiB | Time: 12.8s
[ByzFL-SNN]   [Step 50/500] (10.0%) | Val Acc: 0.0990 | Test Acc: 0.0980 | VRAM (Alloc/Reserved): 607.0/3442.0 MiB | Time: 163.9s
[ByzFL-SNN]   [Step 100/500] (20.0%) | Val Acc: 0.0990 | Test Acc: 0.0980 | VRAM (Alloc/Reserved): 608.8/3442.0 MiB | Time: 317.2s
[ByzFL-SNN]   [Step 150/500] (30.0%) | Val Acc: 0.0990 | Test Acc: 0.0980 | VRAM (Alloc/Reserved): 612.2/3442.0 MiB | Time: 471.1s
[ByzFL-SNN]   [Step 200/500] (40.0%) | Val Acc: 0.0990 | Test Acc: 0.0980 | VRAM (Alloc/Reserved): 607.5/3442.0 MiB | Time: 624.8s
[ByzFL-SNN]   [Step 250/500] (50.0%) | Val Acc: 0.0990 | Test Acc: 0.0980 | VRAM (Alloc/Reserved): 609.4/3442.0 MiB | Time: 775.2s
[ByzFL-SNN]   [Step 300/500] (60.0%) | Val Acc: 0.0990 | Test Acc: 0.0980 | VRAM (Alloc/Reserved): 609.1/3442.0 MiB | Time: 927.8s
[ByzFL-SNN]   [Step 350/500] (70.0%) | Val Acc: 0.0990 | Test Acc: 0.0980 | VRAM (Alloc/Reserved): 609.9/3442.0 MiB | Time: 1081.1s
[ByzFL-SNN]   [Step 400/500] (80.0%) | Val Acc: 0.0990 | Test Acc: 0.0980 | VRAM (Alloc/Reserved): 609.1/3442.0 MiB | Time: 1236.0s
[ByzFL-SNN]   [Step 450/500] (90.0%) | Val Acc: 0.0990 | Test Acc: 0.0980 | VRAM (Alloc/Reserved): 609.8/3442.0 MiB | Time: 1388.6s
[ByzFL-SNN] [Training Complete] Peak VRAM (Alloc/Reserved): 2407.8/3442.0 MiB | Total time: 1529.8s

Training 24 done

[ByzFL-SNN] [Training Start] Model: convnet_snn | Dataset: mnist
[ByzFL-SNN]   Clients: 16 honest, 8 byzantine | Algorithm: DSGD
[ByzFL-SNN]   Learning Rate: 0.05 | Steps: 500 | Device: cuda
[ByzFL-SNN]   Validation samples: 12000 | Test samples: 10000
[ByzFL-SNN] Initial VRAM (Alloc/Reserved): 139.0/186.0 MiB
[ByzFL-SNN]   [Step 0/500] (0.0%) | Val Acc: 0.1138 | Test Acc: 0.1187 | VRAM (Alloc/Reserved): 151.4/294.0 MiB | Time: 14.1s
[ByzFL-SNN]   [Step 50/500] (10.0%) | Val Acc: 0.0990 | Test Acc: 0.0980 | VRAM (Alloc/Reserved): 610.0/3442.0 MiB | Time: 304.1s
[ByzFL-SNN]   [Step 100/500] (20.0%) | Val Acc: 0.0990 | Test Acc: 0.0980 | VRAM (Alloc/Reserved): 610.0/3442.0 MiB | Time: 594.4s
[ByzFL-SNN]   [Step 150/500] (30.0%) | Val Acc: 0.0990 | Test Acc: 0.0980 | VRAM (Alloc/Reserved): 608.9/3442.0 MiB | Time: 886.5s
[ByzFL-SNN]   [Step 200/500] (40.0%) | Val Acc: 0.0990 | Test Acc: 0.0980 | VRAM (Alloc/Reserved): 609.5/3442.0 MiB | Time: 1172.9s
[ByzFL-SNN]   [Step 250/500] (50.0%) | Val Acc: 0.0990 | Test Acc: 0.0980 | VRAM (Alloc/Reserved): 610.2/3442.0 MiB | Time: 1457.0s
[ByzFL-SNN]   [Step 300/500] (60.0%) | Val Acc: 0.0990 | Test Acc: 0.0980 | VRAM (Alloc/Reserved): 607.9/3442.0 MiB | Time: 1713.5s
[ByzFL-SNN]   [Step 350/500] (70.0%) | Val Acc: 0.0990 | Test Acc: 0.0980 | VRAM (Alloc/Reserved): 607.5/3442.0 MiB | Time: 1963.0s
[ByzFL-SNN]   [Step 400/500] (80.0%) | Val Acc: 0.0990 | Test Acc: 0.0980 | VRAM (Alloc/Reserved): 609.6/3442.0 MiB | Time: 2215.0s
[ByzFL-SNN]   [Step 450/500] (90.0%) | Val Acc: 0.0990 | Test Acc: 0.0980 | VRAM (Alloc/Reserved): 608.2/3442.0 MiB | Time: 2462.5s
[ByzFL-SNN] [Training Complete] Peak VRAM (Alloc/Reserved): 2516.1/3542.0 MiB | Total time: 2693.8s

Training 25 done

[ByzFL-SNN] [Training Start] Model: convnet_snn | Dataset: mnist
[ByzFL-SNN]   Clients: 16 honest, 8 byzantine | Algorithm: DSGD
[ByzFL-SNN]   Learning Rate: 0.05 | Steps: 500 | Device: cuda
[ByzFL-SNN]   Validation samples: 12000 | Test samples: 10000
[ByzFL-SNN] Initial VRAM (Alloc/Reserved): 139.0/186.0 MiB
[ByzFL-SNN]   [Step 0/500] (0.0%) | Val Acc: 0.1138 | Test Acc: 0.1187 | VRAM (Alloc/Reserved): 151.4/294.0 MiB | Time: 13.8s
[ByzFL-SNN]   [Step 50/500] (10.0%) | Val Acc: 0.0990 | Test Acc: 0.0980 | VRAM (Alloc/Reserved): 613.2/3442.0 MiB | Time: 162.3s
[ByzFL-SNN]   [Step 100/500] (20.0%) | Val Acc: 0.0990 | Test Acc: 0.0980 | VRAM (Alloc/Reserved): 608.2/3442.0 MiB | Time: 306.1s
[ByzFL-SNN]   [Step 150/500] (30.0%) | Val Acc: 0.0990 | Test Acc: 0.0980 | VRAM (Alloc/Reserved): 605.4/3442.0 MiB | Time: 453.9s
[ByzFL-SNN]   [Step 200/500] (40.0%) | Val Acc: 0.0990 | Test Acc: 0.0980 | VRAM (Alloc/Reserved): 608.9/3442.0 MiB | Time: 601.7s
[ByzFL-SNN]   [Step 250/500] (50.0%) | Val Acc: 0.0990 | Test Acc: 0.0980 | VRAM (Alloc/Reserved): 609.4/3442.0 MiB | Time: 750.4s
[ByzFL-SNN]   [Step 300/500] (60.0%) | Val Acc: 0.0990 | Test Acc: 0.0980 | VRAM (Alloc/Reserved): 609.2/3442.0 MiB | Time: 896.1s
[ByzFL-SNN]   [Step 350/500] (70.0%) | Val Acc: 0.0990 | Test Acc: 0.0980 | VRAM (Alloc/Reserved): 609.0/3442.0 MiB | Time: 1043.1s
[ByzFL-SNN]   [Step 400/500] (80.0%) | Val Acc: 0.0990 | Test Acc: 0.0980 | VRAM (Alloc/Reserved): 608.8/3442.0 MiB | Time: 1189.4s
[ByzFL-SNN]   [Step 450/500] (90.0%) | Val Acc: 0.0990 | Test Acc: 0.0980 | VRAM (Alloc/Reserved): 609.3/3442.0 MiB | Time: 1337.9s
[ByzFL-SNN] [Training Complete] Peak VRAM (Alloc/Reserved): 2406.5/3442.0 MiB | Total time: 1469.7s

Training 26 done

[ByzFL-SNN] [Training Start] Model: convnet_snn | Dataset: mnist
[ByzFL-SNN]   Clients: 16 honest, 8 byzantine | Algorithm: DSGD
[ByzFL-SNN]   Learning Rate: 0.05 | Steps: 500 | Device: cuda
[ByzFL-SNN]   Validation samples: 12000 | Test samples: 10000
[ByzFL-SNN] Initial VRAM (Alloc/Reserved): 139.0/186.0 MiB
[ByzFL-SNN]   [Step 0/500] (0.0%) | Val Acc: 0.1138 | Test Acc: 0.1187 | VRAM (Alloc/Reserved): 151.4/294.0 MiB | Time: 13.8s
[ByzFL-SNN]   [Step 50/500] (10.0%) | Val Acc: 0.8220 | Test Acc: 0.8339 | VRAM (Alloc/Reserved): 608.8/3442.0 MiB | Time: 262.0s
[ByzFL-SNN]   [Step 100/500] (20.0%) | Val Acc: 0.9305 | Test Acc: 0.9380 | VRAM (Alloc/Reserved): 610.6/3442.0 MiB | Time: 515.8s
[ByzFL-SNN]   [Step 150/500] (30.0%) | Val Acc: 0.9540 | Test Acc: 0.9592 | VRAM (Alloc/Reserved): 607.9/3442.0 MiB | Time: 768.3s
[ByzFL-SNN]   [Step 200/500] (40.0%) | Val Acc: 0.9639 | Test Acc: 0.9678 | VRAM (Alloc/Reserved): 611.6/3442.0 MiB | Time: 1022.9s
[ByzFL-SNN]   [Step 250/500] (50.0%) | Val Acc: 0.9677 | Test Acc: 0.9734 | VRAM (Alloc/Reserved): 607.5/3442.0 MiB | Time: 1285.9s
[ByzFL-SNN]   [Step 300/500] (60.0%) | Val Acc: 0.9724 | Test Acc: 0.9769 | VRAM (Alloc/Reserved): 610.4/3442.0 MiB | Time: 1583.3s
[ByzFL-SNN]   [Step 350/500] (70.0%) | Val Acc: 0.9750 | Test Acc: 0.9790 | VRAM (Alloc/Reserved): 608.2/3442.0 MiB | Time: 1873.2s
[ByzFL-SNN]   [Step 400/500] (80.0%) | Val Acc: 0.9778 | Test Acc: 0.9803 | VRAM (Alloc/Reserved): 608.6/3442.0 MiB | Time: 2168.9s
[ByzFL-SNN]   [Step 450/500] (90.0%) | Val Acc: 0.9799 | Test Acc: 0.9815 | VRAM (Alloc/Reserved): 610.0/3442.0 MiB | Time: 2461.5s
[ByzFL-SNN] [Training Complete] Peak VRAM (Alloc/Reserved): 2517.7/3442.0 MiB | Total time: 2724.1s

Training 27 done

[ByzFL-SNN] [Training Start] Model: convnet_snn | Dataset: mnist
[ByzFL-SNN]   Clients: 16 honest, 8 byzantine | Algorithm: DSGD
[ByzFL-SNN]   Learning Rate: 0.05 | Steps: 500 | Device: cuda
[ByzFL-SNN]   Validation samples: 12000 | Test samples: 10000
[ByzFL-SNN] Initial VRAM (Alloc/Reserved): 139.0/186.0 MiB
[ByzFL-SNN]   [Step 0/500] (0.0%) | Val Acc: 0.1138 | Test Acc: 0.1187 | VRAM (Alloc/Reserved): 151.4/294.0 MiB | Time: 13.8s
[ByzFL-SNN]   [Step 50/500] (10.0%) | Val Acc: 0.0990 | Test Acc: 0.0980 | VRAM (Alloc/Reserved): 611.4/3442.0 MiB | Time: 258.1s
[ByzFL-SNN]   [Step 100/500] (20.0%) | Val Acc: 0.0990 | Test Acc: 0.0980 | VRAM (Alloc/Reserved): 609.4/3442.0 MiB | Time: 508.4s
[ByzFL-SNN]   [Step 150/500] (30.0%) | Val Acc: 0.0990 | Test Acc: 0.0980 | VRAM (Alloc/Reserved): 606.7/3442.0 MiB | Time: 755.0s
[ByzFL-SNN]   [Step 200/500] (40.0%) | Val Acc: 0.0990 | Test Acc: 0.0980 | VRAM (Alloc/Reserved): 607.7/3442.0 MiB | Time: 1002.4s
[ByzFL-SNN]   [Step 250/500] (50.0%) | Val Acc: 0.0990 | Test Acc: 0.0980 | VRAM (Alloc/Reserved): 609.1/3442.0 MiB | Time: 1250.1s
[ByzFL-SNN]   [Step 300/500] (60.0%) | Val Acc: 0.0970 | Test Acc: 0.0988 | VRAM (Alloc/Reserved): 608.5/3442.0 MiB | Time: 1492.2s
[ByzFL-SNN]   [Step 350/500] (70.0%) | Val Acc: 0.0976 | Test Acc: 0.0995 | VRAM (Alloc/Reserved): 610.2/3442.0 MiB | Time: 1735.2s
[ByzFL-SNN]   [Step 400/500] (80.0%) | Val Acc: 0.1002 | Test Acc: 0.1000 | VRAM (Alloc/Reserved): 608.3/3442.0 MiB | Time: 1972.1s
[ByzFL-SNN]   [Step 450/500] (90.0%) | Val Acc: 0.1038 | Test Acc: 0.1066 | VRAM (Alloc/Reserved): 610.3/3442.0 MiB | Time: 2209.1s
[ByzFL-SNN] [Training Complete] Peak VRAM (Alloc/Reserved): 2515.5/3442.0 MiB | Total time: 2437.4s

Training 28 done

[ByzFL-SNN] [Training Start] Model: convnet_snn | Dataset: mnist
[ByzFL-SNN]   Clients: 16 honest, 8 byzantine | Algorithm: DSGD
[ByzFL-SNN]   Learning Rate: 0.05 | Steps: 500 | Device: cuda
[ByzFL-SNN]   Validation samples: 12000 | Test samples: 10000
[ByzFL-SNN] Initial VRAM (Alloc/Reserved): 139.0/186.0 MiB
[ByzFL-SNN]   [Step 0/500] (0.0%) | Val Acc: 0.1138 | Test Acc: 0.1187 | VRAM (Alloc/Reserved): 151.4/294.0 MiB | Time: 14.0s
[ByzFL-SNN]   [Step 50/500] (10.0%) | Val Acc: 0.8649 | Test Acc: 0.8739 | VRAM (Alloc/Reserved): 608.5/3442.0 MiB | Time: 263.7s
[ByzFL-SNN]   [Step 100/500] (20.0%) | Val Acc: 0.9312 | Test Acc: 0.9400 | VRAM (Alloc/Reserved): 609.4/3442.0 MiB | Time: 513.8s
[ByzFL-SNN]   [Step 150/500] (30.0%) | Val Acc: 0.9589 | Test Acc: 0.9638 | VRAM (Alloc/Reserved): 612.2/3442.0 MiB | Time: 766.0s
[ByzFL-SNN]   [Step 200/500] (40.0%) | Val Acc: 0.9656 | Test Acc: 0.9706 | VRAM (Alloc/Reserved): 609.5/3442.0 MiB | Time: 1015.0s
[ByzFL-SNN]   [Step 250/500] (50.0%) | Val Acc: 0.9693 | Test Acc: 0.9750 | VRAM (Alloc/Reserved): 609.9/3442.0 MiB | Time: 1266.5s
[ByzFL-SNN]   [Step 300/500] (60.0%) | Val Acc: 0.9746 | Test Acc: 0.9774 | VRAM (Alloc/Reserved): 610.0/3442.0 MiB | Time: 1520.3s
[ByzFL-SNN]   [Step 350/500] (70.0%) | Val Acc: 0.9758 | Test Acc: 0.9794 | VRAM (Alloc/Reserved): 611.4/3442.0 MiB | Time: 1775.8s
[ByzFL-SNN]   [Step 400/500] (80.0%) | Val Acc: 0.9786 | Test Acc: 0.9805 | VRAM (Alloc/Reserved): 607.4/3442.0 MiB | Time: 2031.9s
[ByzFL-SNN]   [Step 450/500] (90.0%) | Val Acc: 0.9785 | Test Acc: 0.9821 | VRAM (Alloc/Reserved): 608.5/3442.0 MiB | Time: 2291.8s
[ByzFL-SNN] [Training Complete] Peak VRAM (Alloc/Reserved): 2516.3/3542.0 MiB | Total time: 2548.2s

Training 29 done

[ByzFL-SNN] [Training Start] Model: convnet_snn | Dataset: mnist
[ByzFL-SNN]   Clients: 16 honest, 8 byzantine | Algorithm: DSGD
[ByzFL-SNN]   Learning Rate: 0.05 | Steps: 500 | Device: cuda
[ByzFL-SNN]   Validation samples: 12000 | Test samples: 10000
[ByzFL-SNN] Initial VRAM (Alloc/Reserved): 139.0/186.0 MiB
[ByzFL-SNN]   [Step 0/500] (0.0%) | Val Acc: 0.1138 | Test Acc: 0.1187 | VRAM (Alloc/Reserved): 151.4/294.0 MiB | Time: 13.7s
[ByzFL-SNN]   [Step 50/500] (10.0%) | Val Acc: 0.0990 | Test Acc: 0.0980 | VRAM (Alloc/Reserved): 607.0/3442.0 MiB | Time: 160.1s
[ByzFL-SNN]   [Step 100/500] (20.0%) | Val Acc: 0.0990 | Test Acc: 0.0980 | VRAM (Alloc/Reserved): 608.8/3442.0 MiB | Time: 306.2s
[ByzFL-SNN]   [Step 150/500] (30.0%) | Val Acc: 0.0990 | Test Acc: 0.0980 | VRAM (Alloc/Reserved): 612.2/3442.0 MiB | Time: 451.2s
[ByzFL-SNN]   [Step 200/500] (40.0%) | Val Acc: 0.0990 | Test Acc: 0.0980 | VRAM (Alloc/Reserved): 607.5/3442.0 MiB | Time: 597.7s
[ByzFL-SNN]   [Step 250/500] (50.0%) | Val Acc: 0.0990 | Test Acc: 0.0980 | VRAM (Alloc/Reserved): 609.4/3442.0 MiB | Time: 742.2s
[ByzFL-SNN]   [Step 300/500] (60.0%) | Val Acc: 0.0990 | Test Acc: 0.0980 | VRAM (Alloc/Reserved): 609.1/3442.0 MiB | Time: 888.4s
[ByzFL-SNN]   [Step 350/500] (70.0%) | Val Acc: 0.0990 | Test Acc: 0.0980 | VRAM (Alloc/Reserved): 609.9/3442.0 MiB | Time: 1034.6s
[ByzFL-SNN]   [Step 400/500] (80.0%) | Val Acc: 0.0990 | Test Acc: 0.0980 | VRAM (Alloc/Reserved): 609.1/3442.0 MiB | Time: 1182.3s
[ByzFL-SNN]   [Step 450/500] (90.0%) | Val Acc: 0.0990 | Test Acc: 0.0980 | VRAM (Alloc/Reserved): 609.8/3442.0 MiB | Time: 1327.2s
[ByzFL-SNN] [Training Complete] Peak VRAM (Alloc/Reserved): 2407.8/3442.0 MiB | Total time: 1460.5s

Training 30 done

[ByzFL-SNN] [Training Start] Model: convnet_snn | Dataset: mnist
[ByzFL-SNN]   Clients: 16 honest, 8 byzantine | Algorithm: DSGD
[ByzFL-SNN]   Learning Rate: 0.05 | Steps: 500 | Device: cuda
[ByzFL-SNN]   Validation samples: 12000 | Test samples: 10000
[ByzFL-SNN] Initial VRAM (Alloc/Reserved): 139.0/186.0 MiB
[ByzFL-SNN]   [Step 0/500] (0.0%) | Val Acc: 0.1138 | Test Acc: 0.1187 | VRAM (Alloc/Reserved): 151.4/294.0 MiB | Time: 14.7s
[ByzFL-SNN]   [Step 50/500] (10.0%) | Val Acc: 0.0990 | Test Acc: 0.0980 | VRAM (Alloc/Reserved): 610.0/3442.0 MiB | Time: 307.2s
[ByzFL-SNN]   [Step 100/500] (20.0%) | Val Acc: 0.0990 | Test Acc: 0.0980 | VRAM (Alloc/Reserved): 610.0/3442.0 MiB | Time: 599.6s
[ByzFL-SNN]   [Step 150/500] (30.0%) | Val Acc: 0.0990 | Test Acc: 0.0980 | VRAM (Alloc/Reserved): 608.9/3442.0 MiB | Time: 888.7s
[ByzFL-SNN]   [Step 200/500] (40.0%) | Val Acc: 0.0990 | Test Acc: 0.0980 | VRAM (Alloc/Reserved): 609.5/3442.0 MiB | Time: 1178.8s
[ByzFL-SNN]   [Step 250/500] (50.0%) | Val Acc: 0.0990 | Test Acc: 0.0980 | VRAM (Alloc/Reserved): 610.2/3442.0 MiB | Time: 1439.6s
[ByzFL-SNN]   [Step 300/500] (60.0%) | Val Acc: 0.0990 | Test Acc: 0.0980 | VRAM (Alloc/Reserved): 607.9/3442.0 MiB | Time: 1692.1s
[ByzFL-SNN]   [Step 350/500] (70.0%) | Val Acc: 0.0990 | Test Acc: 0.0980 | VRAM (Alloc/Reserved): 607.5/3442.0 MiB | Time: 1941.2s
[ByzFL-SNN]   [Step 400/500] (80.0%) | Val Acc: 0.0990 | Test Acc: 0.0980 | VRAM (Alloc/Reserved): 609.6/3442.0 MiB | Time: 2188.9s
[ByzFL-SNN]   [Step 450/500] (90.0%) | Val Acc: 0.0990 | Test Acc: 0.0980 | VRAM (Alloc/Reserved): 608.2/3442.0 MiB | Time: 2436.0s
[ByzFL-SNN] [Training Complete] Peak VRAM (Alloc/Reserved): 2516.1/3542.0 MiB | Total time: 2670.1s

Training 31 done

[ByzFL-SNN] [Training Start] Model: convnet_snn | Dataset: mnist
[ByzFL-SNN]   Clients: 16 honest, 8 byzantine | Algorithm: DSGD
[ByzFL-SNN]   Learning Rate: 0.05 | Steps: 500 | Device: cuda
[ByzFL-SNN]   Validation samples: 12000 | Test samples: 10000
[ByzFL-SNN] Initial VRAM (Alloc/Reserved): 139.0/186.0 MiB
[ByzFL-SNN]   [Step 0/500] (0.0%) | Val Acc: 0.1138 | Test Acc: 0.1187 | VRAM (Alloc/Reserved): 151.4/294.0 MiB | Time: 13.6s
[ByzFL-SNN]   [Step 50/500] (10.0%) | Val Acc: 0.8632 | Test Acc: 0.8726 | VRAM (Alloc/Reserved): 608.8/3442.0 MiB | Time: 255.4s
[ByzFL-SNN]   [Step 100/500] (20.0%) | Val Acc: 0.9349 | Test Acc: 0.9444 | VRAM (Alloc/Reserved): 610.6/3442.0 MiB | Time: 497.2s
[ByzFL-SNN]   [Step 150/500] (30.0%) | Val Acc: 0.9573 | Test Acc: 0.9633 | VRAM (Alloc/Reserved): 607.9/3442.0 MiB | Time: 740.9s
[ByzFL-SNN]   [Step 200/500] (40.0%) | Val Acc: 0.9650 | Test Acc: 0.9695 | VRAM (Alloc/Reserved): 611.6/3442.0 MiB | Time: 985.7s
[ByzFL-SNN]   [Step 250/500] (50.0%) | Val Acc: 0.9702 | Test Acc: 0.9744 | VRAM (Alloc/Reserved): 607.5/3442.0 MiB | Time: 1230.5s
[ByzFL-SNN]   [Step 300/500] (60.0%) | Val Acc: 0.9729 | Test Acc: 0.9761 | VRAM (Alloc/Reserved): 610.4/3442.0 MiB | Time: 1481.7s
[ByzFL-SNN]   [Step 350/500] (70.0%) | Val Acc: 0.9755 | Test Acc: 0.9781 | VRAM (Alloc/Reserved): 608.2/3442.0 MiB | Time: 1762.7s
[ByzFL-SNN]   [Step 400/500] (80.0%) | Val Acc: 0.9783 | Test Acc: 0.9806 | VRAM (Alloc/Reserved): 608.6/3442.0 MiB | Time: 2044.2s
[ByzFL-SNN]   [Step 450/500] (90.0%) | Val Acc: 0.9782 | Test Acc: 0.9812 | VRAM (Alloc/Reserved): 610.0/3442.0 MiB | Time: 2326.3s
[ByzFL-SNN] [Training Complete] Peak VRAM (Alloc/Reserved): 2517.7/3442.0 MiB | Total time: 2596.3s

Training 32 done

[ByzFL-SNN] [Training Start] Model: convnet_snn | Dataset: mnist
[ByzFL-SNN]   Clients: 16 honest, 8 byzantine | Algorithm: DSGD
[ByzFL-SNN]   Learning Rate: 0.05 | Steps: 500 | Device: cuda
[ByzFL-SNN]   Validation samples: 12000 | Test samples: 10000
[ByzFL-SNN] Initial VRAM (Alloc/Reserved): 139.0/186.0 MiB
[ByzFL-SNN]   [Step 0/500] (0.0%) | Val Acc: 0.1138 | Test Acc: 0.1187 | VRAM (Alloc/Reserved): 151.4/294.0 MiB | Time: 14.0s
[ByzFL-SNN]   [Step 50/500] (10.0%) | Val Acc: 0.0990 | Test Acc: 0.0980 | VRAM (Alloc/Reserved): 614.2/3442.0 MiB | Time: 164.0s
[ByzFL-SNN]   [Step 100/500] (20.0%) | Val Acc: 0.0990 | Test Acc: 0.0980 | VRAM (Alloc/Reserved): 612.3/3442.0 MiB | Time: 314.5s
[ByzFL-SNN]   [Step 150/500] (30.0%) | Val Acc: 0.0990 | Test Acc: 0.0980 | VRAM (Alloc/Reserved): 614.6/3442.0 MiB | Time: 464.4s
[ByzFL-SNN]   [Step 200/500] (40.0%) | Val Acc: 0.0990 | Test Acc: 0.0980 | VRAM (Alloc/Reserved): 613.1/3442.0 MiB | Time: 613.6s
[ByzFL-SNN]   [Step 250/500] (50.0%) | Val Acc: 0.0990 | Test Acc: 0.0980 | VRAM (Alloc/Reserved): 610.4/3442.0 MiB | Time: 765.8s
[ByzFL-SNN]   [Step 300/500] (60.0%) | Val Acc: 0.0990 | Test Acc: 0.0980 | VRAM (Alloc/Reserved): 615.8/3442.0 MiB | Time: 914.4s
[ByzFL-SNN]   [Step 350/500] (70.0%) | Val Acc: 0.0990 | Test Acc: 0.0980 | VRAM (Alloc/Reserved): 614.7/3442.0 MiB | Time: 1065.6s
[ByzFL-SNN]   [Step 400/500] (80.0%) | Val Acc: 0.0990 | Test Acc: 0.0980 | VRAM (Alloc/Reserved): 614.2/3442.0 MiB | Time: 1213.4s
[ByzFL-SNN]   [Step 450/500] (90.0%) | Val Acc: 0.0990 | Test Acc: 0.0980 | VRAM (Alloc/Reserved): 613.5/3442.0 MiB | Time: 1360.1s
[ByzFL-SNN] [Training Complete] Peak VRAM (Alloc/Reserved): 2412.1/3442.0 MiB | Total time: 1499.0s

Training 33 done

[ByzFL-SNN] [Training Start] Model: convnet_snn | Dataset: mnist
[ByzFL-SNN]   Clients: 16 honest, 8 byzantine | Algorithm: DSGD
[ByzFL-SNN]   Learning Rate: 0.05 | Steps: 500 | Device: cuda
[ByzFL-SNN]   Validation samples: 12000 | Test samples: 10000
[ByzFL-SNN] Initial VRAM (Alloc/Reserved): 139.0/186.0 MiB
[ByzFL-SNN]   [Step 0/500] (0.0%) | Val Acc: 0.1138 | Test Acc: 0.1187 | VRAM (Alloc/Reserved): 151.4/294.0 MiB | Time: 14.2s
[ByzFL-SNN]   [Step 50/500] (10.0%) | Val Acc: 0.5963 | Test Acc: 0.6051 | VRAM (Alloc/Reserved): 618.9/3442.0 MiB | Time: 284.7s
[ByzFL-SNN]   [Step 100/500] (20.0%) | Val Acc: 0.7183 | Test Acc: 0.7209 | VRAM (Alloc/Reserved): 621.1/3542.0 MiB | Time: 515.3s
[ByzFL-SNN]   [Step 150/500] (30.0%) | Val Acc: 0.7055 | Test Acc: 0.7106 | VRAM (Alloc/Reserved): 620.4/3542.0 MiB | Time: 757.2s
[ByzFL-SNN]   [Step 200/500] (40.0%) | Val Acc: 0.8293 | Test Acc: 0.8335 | VRAM (Alloc/Reserved): 618.1/3542.0 MiB | Time: 991.0s
[ByzFL-SNN]   [Step 250/500] (50.0%) | Val Acc: 0.8898 | Test Acc: 0.8899 | VRAM (Alloc/Reserved): 620.3/3542.0 MiB | Time: 1227.4s
[ByzFL-SNN]   [Step 300/500] (60.0%) | Val Acc: 0.8892 | Test Acc: 0.8904 | VRAM (Alloc/Reserved): 620.2/3542.0 MiB | Time: 1463.9s
[ByzFL-SNN]   [Step 350/500] (70.0%) | Val Acc: 0.8822 | Test Acc: 0.8825 | VRAM (Alloc/Reserved): 619.0/3542.0 MiB | Time: 1702.5s
[ByzFL-SNN]   [Step 400/500] (80.0%) | Val Acc: 0.9005 | Test Acc: 0.9027 | VRAM (Alloc/Reserved): 620.2/3542.0 MiB | Time: 1939.5s
[ByzFL-SNN]   [Step 450/500] (90.0%) | Val Acc: 0.9020 | Test Acc: 0.9027 | VRAM (Alloc/Reserved): 618.2/3542.0 MiB | Time: 2178.9s
[ByzFL-SNN] [Training Complete] Peak VRAM (Alloc/Reserved): 2527.9/3542.0 MiB | Total time: 2403.8s

Training 34 done

[ByzFL-SNN] [Training Start] Model: convnet_snn | Dataset: mnist
[ByzFL-SNN]   Clients: 16 honest, 8 byzantine | Algorithm: DSGD
[ByzFL-SNN]   Learning Rate: 0.05 | Steps: 500 | Device: cuda
[ByzFL-SNN]   Validation samples: 12000 | Test samples: 10000
[ByzFL-SNN] Initial VRAM (Alloc/Reserved): 139.0/186.0 MiB
[ByzFL-SNN]   [Step 0/500] (0.0%) | Val Acc: 0.1138 | Test Acc: 0.1187 | VRAM (Alloc/Reserved): 151.4/294.0 MiB | Time: 13.7s
[ByzFL-SNN]   [Step 50/500] (10.0%) | Val Acc: 0.8968 | Test Acc: 0.9090 | VRAM (Alloc/Reserved): 620.8/3442.0 MiB | Time: 248.0s
[ByzFL-SNN]   [Step 100/500] (20.0%) | Val Acc: 0.9453 | Test Acc: 0.9545 | VRAM (Alloc/Reserved): 619.6/3542.0 MiB | Time: 482.5s
[ByzFL-SNN]   [Step 150/500] (30.0%) | Val Acc: 0.9621 | Test Acc: 0.9668 | VRAM (Alloc/Reserved): 621.8/3542.0 MiB | Time: 723.4s
[ByzFL-SNN]   [Step 200/500] (40.0%) | Val Acc: 0.9700 | Test Acc: 0.9743 | VRAM (Alloc/Reserved): 617.3/3542.0 MiB | Time: 960.2s
[ByzFL-SNN]   [Step 250/500] (50.0%) | Val Acc: 0.9727 | Test Acc: 0.9786 | VRAM (Alloc/Reserved): 618.6/3542.0 MiB | Time: 1197.5s
[ByzFL-SNN]   [Step 300/500] (60.0%) | Val Acc: 0.9763 | Test Acc: 0.9792 | VRAM (Alloc/Reserved): 617.8/3542.0 MiB | Time: 1431.3s
[ByzFL-SNN]   [Step 350/500] (70.0%) | Val Acc: 0.9778 | Test Acc: 0.9814 | VRAM (Alloc/Reserved): 619.9/3542.0 MiB | Time: 1663.9s
[ByzFL-SNN]   [Step 400/500] (80.0%) | Val Acc: 0.9799 | Test Acc: 0.9834 | VRAM (Alloc/Reserved): 618.9/3542.0 MiB | Time: 1894.8s
[ByzFL-SNN]   [Step 450/500] (90.0%) | Val Acc: 0.9808 | Test Acc: 0.9840 | VRAM (Alloc/Reserved): 617.9/3542.0 MiB | Time: 2121.6s
[ByzFL-SNN] [Training Complete] Peak VRAM (Alloc/Reserved): 2526.3/3542.0 MiB | Total time: 2389.3s

Training 35 done

[ByzFL-SNN] [Training Start] Model: convnet_snn | Dataset: mnist
[ByzFL-SNN]   Clients: 16 honest, 8 byzantine | Algorithm: DSGD
[ByzFL-SNN]   Learning Rate: 0.05 | Steps: 500 | Device: cuda
[ByzFL-SNN]   Validation samples: 12000 | Test samples: 10000
[ByzFL-SNN] Initial VRAM (Alloc/Reserved): 139.0/186.0 MiB
[ByzFL-SNN]   [Step 0/500] (0.0%) | Val Acc: 0.1138 | Test Acc: 0.1187 | VRAM (Alloc/Reserved): 151.4/294.0 MiB | Time: 13.3s
[ByzFL-SNN]   [Step 50/500] (10.0%) | Val Acc: 0.0990 | Test Acc: 0.0980 | VRAM (Alloc/Reserved): 607.0/3442.0 MiB | Time: 155.7s
[ByzFL-SNN]   [Step 100/500] (20.0%) | Val Acc: 0.0990 | Test Acc: 0.0980 | VRAM (Alloc/Reserved): 608.8/3442.0 MiB | Time: 297.5s
[ByzFL-SNN]   [Step 150/500] (30.0%) | Val Acc: 0.0990 | Test Acc: 0.0980 | VRAM (Alloc/Reserved): 612.2/3442.0 MiB | Time: 443.7s
[ByzFL-SNN]   [Step 200/500] (40.0%) | Val Acc: 0.0990 | Test Acc: 0.0980 | VRAM (Alloc/Reserved): 607.5/3442.0 MiB | Time: 588.7s
[ByzFL-SNN]   [Step 250/500] (50.0%) | Val Acc: 0.0990 | Test Acc: 0.0980 | VRAM (Alloc/Reserved): 609.4/3442.0 MiB | Time: 733.6s
[ByzFL-SNN]   [Step 300/500] (60.0%) | Val Acc: 0.0990 | Test Acc: 0.0980 | VRAM (Alloc/Reserved): 609.1/3442.0 MiB | Time: 878.6s
[ByzFL-SNN]   [Step 350/500] (70.0%) | Val Acc: 0.0990 | Test Acc: 0.0980 | VRAM (Alloc/Reserved): 609.9/3442.0 MiB | Time: 1024.5s
[ByzFL-SNN]   [Step 400/500] (80.0%) | Val Acc: 0.0990 | Test Acc: 0.0980 | VRAM (Alloc/Reserved): 609.1/3442.0 MiB | Time: 1169.8s
[ByzFL-SNN]   [Step 450/500] (90.0%) | Val Acc: 0.0990 | Test Acc: 0.0980 | VRAM (Alloc/Reserved): 609.8/3442.0 MiB | Time: 1317.0s
[ByzFL-SNN] [Training Complete] Peak VRAM (Alloc/Reserved): 2407.8/3442.0 MiB | Total time: 1449.3s

Training 36 done

[ByzFL-SNN] [Training Start] Model: convnet_snn | Dataset: mnist
[ByzFL-SNN]   Clients: 16 honest, 8 byzantine | Algorithm: DSGD
[ByzFL-SNN]   Learning Rate: 0.05 | Steps: 500 | Device: cuda
[ByzFL-SNN]   Validation samples: 12000 | Test samples: 10000
[ByzFL-SNN] Initial VRAM (Alloc/Reserved): 139.0/186.0 MiB
[ByzFL-SNN]   [Step 0/500] (0.0%) | Val Acc: 0.1138 | Test Acc: 0.1187 | VRAM (Alloc/Reserved): 151.4/294.0 MiB | Time: 13.0s
[ByzFL-SNN]   [Step 50/500] (10.0%) | Val Acc: 0.0990 | Test Acc: 0.0980 | VRAM (Alloc/Reserved): 610.0/3442.0 MiB | Time: 307.0s
[ByzFL-SNN]   [Step 100/500] (20.0%) | Val Acc: 0.0597 | Test Acc: 0.0616 | VRAM (Alloc/Reserved): 610.0/3442.0 MiB | Time: 603.3s
[ByzFL-SNN]   [Step 150/500] (30.0%) | Val Acc: 0.1113 | Test Acc: 0.1172 | VRAM (Alloc/Reserved): 608.9/3442.0 MiB | Time: 900.1s
[ByzFL-SNN]   [Step 200/500] (40.0%) | Val Acc: 0.0282 | Test Acc: 0.0260 | VRAM (Alloc/Reserved): 609.5/3442.0 MiB | Time: 1188.9s
[ByzFL-SNN]   [Step 250/500] (50.0%) | Val Acc: 0.0007 | Test Acc: 0.0003 | VRAM (Alloc/Reserved): 610.2/3442.0 MiB | Time: 1444.9s
[ByzFL-SNN]   [Step 300/500] (60.0%) | Val Acc: 0.0013 | Test Acc: 0.0012 | VRAM (Alloc/Reserved): 607.9/3442.0 MiB | Time: 1703.9s
[ByzFL-SNN]   [Step 350/500] (70.0%) | Val Acc: 0.0968 | Test Acc: 0.0982 | VRAM (Alloc/Reserved): 607.5/3442.0 MiB | Time: 1959.6s
[ByzFL-SNN]   [Step 400/500] (80.0%) | Val Acc: 0.0968 | Test Acc: 0.0982 | VRAM (Alloc/Reserved): 609.6/3442.0 MiB | Time: 2214.3s
[ByzFL-SNN]   [Step 450/500] (90.0%) | Val Acc: 0.0968 | Test Acc: 0.0982 | VRAM (Alloc/Reserved): 608.2/3442.0 MiB | Time: 2466.2s
[ByzFL-SNN] [Training Complete] Peak VRAM (Alloc/Reserved): 2516.1/3542.0 MiB | Total time: 2708.9s

Training 37 done

[ByzFL-SNN] [Training Start] Model: convnet_snn | Dataset: mnist
[ByzFL-SNN]   Clients: 16 honest, 8 byzantine | Algorithm: DSGD
[ByzFL-SNN]   Learning Rate: 0.05 | Steps: 500 | Device: cuda
[ByzFL-SNN]   Validation samples: 12000 | Test samples: 10000
[ByzFL-SNN] Initial VRAM (Alloc/Reserved): 139.0/186.0 MiB
[ByzFL-SNN]   [Step 0/500] (0.0%) | Val Acc: 0.1138 | Test Acc: 0.1187 | VRAM (Alloc/Reserved): 151.4/294.0 MiB | Time: 13.5s
[ByzFL-SNN]   [Step 50/500] (10.0%) | Val Acc: 0.0990 | Test Acc: 0.0980 | VRAM (Alloc/Reserved): 608.8/3442.0 MiB | Time: 251.7s
[ByzFL-SNN]   [Step 100/500] (20.0%) | Val Acc: 0.0990 | Test Acc: 0.0980 | VRAM (Alloc/Reserved): 610.6/3442.0 MiB | Time: 488.5s
[ByzFL-SNN]   [Step 150/500] (30.0%) | Val Acc: 0.0990 | Test Acc: 0.0980 | VRAM (Alloc/Reserved): 607.9/3442.0 MiB | Time: 728.5s
[ByzFL-SNN]   [Step 200/500] (40.0%) | Val Acc: 0.0990 | Test Acc: 0.0980 | VRAM (Alloc/Reserved): 611.6/3442.0 MiB | Time: 969.8s
[ByzFL-SNN]   [Step 250/500] (50.0%) | Val Acc: 0.0990 | Test Acc: 0.0980 | VRAM (Alloc/Reserved): 607.5/3442.0 MiB | Time: 1214.6s
[ByzFL-SNN]   [Step 300/500] (60.0%) | Val Acc: 0.0990 | Test Acc: 0.0980 | VRAM (Alloc/Reserved): 610.4/3442.0 MiB | Time: 1453.5s
[ByzFL-SNN]   [Step 350/500] (70.0%) | Val Acc: 0.0990 | Test Acc: 0.0980 | VRAM (Alloc/Reserved): 608.2/3442.0 MiB | Time: 1708.3s
[ByzFL-SNN]   [Step 400/500] (80.0%) | Val Acc: 0.0990 | Test Acc: 0.0980 | VRAM (Alloc/Reserved): 608.6/3442.0 MiB | Time: 1989.2s
[ByzFL-SNN]   [Step 450/500] (90.0%) | Val Acc: 0.0990 | Test Acc: 0.0980 | VRAM (Alloc/Reserved): 610.0/3442.0 MiB | Time: 2268.3s
[ByzFL-SNN] [Training Complete] Peak VRAM (Alloc/Reserved): 2517.7/3442.0 MiB | Total time: 2530.0s

Training 38 done

[ByzFL-SNN] [Training Start] Model: convnet_snn | Dataset: mnist
[ByzFL-SNN]   Clients: 16 honest, 8 byzantine | Algorithm: DSGD
[ByzFL-SNN]   Learning Rate: 0.05 | Steps: 500 | Device: cuda
[ByzFL-SNN]   Validation samples: 12000 | Test samples: 10000
[ByzFL-SNN] Initial VRAM (Alloc/Reserved): 139.0/186.0 MiB
[ByzFL-SNN]   [Step 0/500] (0.0%) | Val Acc: 0.1138 | Test Acc: 0.1187 | VRAM (Alloc/Reserved): 151.4/294.0 MiB | Time: 13.8s
[ByzFL-SNN]   [Step 50/500] (10.0%) | Val Acc: 0.0990 | Test Acc: 0.0980 | VRAM (Alloc/Reserved): 613.2/3442.0 MiB | Time: 165.1s
[ByzFL-SNN]   [Step 100/500] (20.0%) | Val Acc: 0.0990 | Test Acc: 0.0980 | VRAM (Alloc/Reserved): 608.2/3442.0 MiB | Time: 315.7s
[ByzFL-SNN]   [Step 150/500] (30.0%) | Val Acc: 0.0990 | Test Acc: 0.0980 | VRAM (Alloc/Reserved): 605.4/3442.0 MiB | Time: 467.9s
[ByzFL-SNN]   [Step 200/500] (40.0%) | Val Acc: 0.0990 | Test Acc: 0.0980 | VRAM (Alloc/Reserved): 608.9/3442.0 MiB | Time: 618.4s
[ByzFL-SNN]   [Step 250/500] (50.0%) | Val Acc: 0.0990 | Test Acc: 0.0980 | VRAM (Alloc/Reserved): 609.4/3442.0 MiB | Time: 771.4s
[ByzFL-SNN]   [Step 300/500] (60.0%) | Val Acc: 0.0990 | Test Acc: 0.0980 | VRAM (Alloc/Reserved): 609.2/3442.0 MiB | Time: 923.9s
[ByzFL-SNN]   [Step 350/500] (70.0%) | Val Acc: 0.0990 | Test Acc: 0.0980 | VRAM (Alloc/Reserved): 609.0/3442.0 MiB | Time: 1076.4s
[ByzFL-SNN]   [Step 400/500] (80.0%) | Val Acc: 0.0990 | Test Acc: 0.0980 | VRAM (Alloc/Reserved): 608.8/3442.0 MiB | Time: 1226.6s
[ByzFL-SNN]   [Step 450/500] (90.0%) | Val Acc: 0.0990 | Test Acc: 0.0980 | VRAM (Alloc/Reserved): 609.3/3442.0 MiB | Time: 1378.7s
[ByzFL-SNN] [Training Complete] Peak VRAM (Alloc/Reserved): 2406.5/3442.0 MiB | Total time: 1513.7s

Training 39 done

[ByzFL-SNN] [Training Start] Model: convnet_snn | Dataset: mnist
[ByzFL-SNN]   Clients: 16 honest, 8 byzantine | Algorithm: DSGD
[ByzFL-SNN]   Learning Rate: 0.05 | Steps: 500 | Device: cuda
[ByzFL-SNN]   Validation samples: 12000 | Test samples: 10000
[ByzFL-SNN] Initial VRAM (Alloc/Reserved): 139.0/186.0 MiB
[ByzFL-SNN]   [Step 0/500] (0.0%) | Val Acc: 0.1138 | Test Acc: 0.1187 | VRAM (Alloc/Reserved): 151.4/294.0 MiB | Time: 14.3s
[ByzFL-SNN]   [Step 50/500] (10.0%) | Val Acc: 0.0990 | Test Acc: 0.0980 | VRAM (Alloc/Reserved): 611.4/3442.0 MiB | Time: 298.6s
[ByzFL-SNN]   [Step 100/500] (20.0%) | Val Acc: 0.0990 | Test Acc: 0.0980 | VRAM (Alloc/Reserved): 609.4/3442.0 MiB | Time: 569.6s
[ByzFL-SNN]   [Step 150/500] (30.0%) | Val Acc: 0.0990 | Test Acc: 0.0980 | VRAM (Alloc/Reserved): 606.7/3442.0 MiB | Time: 815.6s
[ByzFL-SNN]   [Step 200/500] (40.0%) | Val Acc: 0.0990 | Test Acc: 0.0980 | VRAM (Alloc/Reserved): 607.7/3442.0 MiB | Time: 1060.2s
[ByzFL-SNN]   [Step 250/500] (50.0%) | Val Acc: 0.0990 | Test Acc: 0.0980 | VRAM (Alloc/Reserved): 609.1/3442.0 MiB | Time: 1309.1s
[ByzFL-SNN]   [Step 300/500] (60.0%) | Val Acc: 0.0990 | Test Acc: 0.0980 | VRAM (Alloc/Reserved): 608.5/3442.0 MiB | Time: 1553.8s
[ByzFL-SNN]   [Step 350/500] (70.0%) | Val Acc: 0.0990 | Test Acc: 0.0980 | VRAM (Alloc/Reserved): 610.2/3442.0 MiB | Time: 1797.8s
[ByzFL-SNN]   [Step 400/500] (80.0%) | Val Acc: 0.0990 | Test Acc: 0.0980 | VRAM (Alloc/Reserved): 608.3/3442.0 MiB | Time: 2042.7s
[ByzFL-SNN]   [Step 450/500] (90.0%) | Val Acc: 0.0990 | Test Acc: 0.0980 | VRAM (Alloc/Reserved): 610.3/3442.0 MiB | Time: 2289.1s
[ByzFL-SNN] [Training Complete] Peak VRAM (Alloc/Reserved): 2515.5/3442.0 MiB | Total time: 2524.9s

Training 40 done

[ByzFL-SNN] [Training Start] Model: convnet_snn | Dataset: mnist
[ByzFL-SNN]   Clients: 16 honest, 8 byzantine | Algorithm: DSGD
[ByzFL-SNN]   Learning Rate: 0.05 | Steps: 500 | Device: cuda
[ByzFL-SNN]   Validation samples: 12000 | Test samples: 10000
[ByzFL-SNN] Initial VRAM (Alloc/Reserved): 139.0/186.0 MiB
[ByzFL-SNN]   [Step 0/500] (0.0%) | Val Acc: 0.1138 | Test Acc: 0.1187 | VRAM (Alloc/Reserved): 151.4/294.0 MiB | Time: 13.9s
[ByzFL-SNN]   [Step 50/500] (10.0%) | Val Acc: 0.6973 | Test Acc: 0.7033 | VRAM (Alloc/Reserved): 608.5/3442.0 MiB | Time: 263.0s
[ByzFL-SNN]   [Step 100/500] (20.0%) | Val Acc: 0.9125 | Test Acc: 0.9202 | VRAM (Alloc/Reserved): 609.4/3442.0 MiB | Time: 515.5s
[ByzFL-SNN]   [Step 150/500] (30.0%) | Val Acc: 0.9137 | Test Acc: 0.9211 | VRAM (Alloc/Reserved): 612.2/3442.0 MiB | Time: 767.6s
[ByzFL-SNN]   [Step 200/500] (40.0%) | Val Acc: 0.9057 | Test Acc: 0.9118 | VRAM (Alloc/Reserved): 609.5/3442.0 MiB | Time: 1018.9s
[ByzFL-SNN]   [Step 250/500] (50.0%) | Val Acc: 0.9233 | Test Acc: 0.9269 | VRAM (Alloc/Reserved): 609.9/3442.0 MiB | Time: 1270.7s
[ByzFL-SNN]   [Step 300/500] (60.0%) | Val Acc: 0.9524 | Test Acc: 0.9595 | VRAM (Alloc/Reserved): 610.0/3442.0 MiB | Time: 1521.1s
[ByzFL-SNN]   [Step 350/500] (70.0%) | Val Acc: 0.9281 | Test Acc: 0.9322 | VRAM (Alloc/Reserved): 611.4/3442.0 MiB | Time: 1766.6s
[ByzFL-SNN]   [Step 400/500] (80.0%) | Val Acc: 0.9444 | Test Acc: 0.9475 | VRAM (Alloc/Reserved): 607.4/3442.0 MiB | Time: 2015.0s
[ByzFL-SNN]   [Step 450/500] (90.0%) | Val Acc: 0.9720 | Test Acc: 0.9768 | VRAM (Alloc/Reserved): 608.5/3442.0 MiB | Time: 2306.8s
[ByzFL-SNN] [Training Complete] Peak VRAM (Alloc/Reserved): 2516.3/3542.0 MiB | Total time: 2588.2s

Training 41 done

[ByzFL-SNN] [Training Start] Model: convnet_snn | Dataset: mnist
[ByzFL-SNN]   Clients: 16 honest, 8 byzantine | Algorithm: DSGD
[ByzFL-SNN]   Learning Rate: 0.05 | Steps: 500 | Device: cuda
[ByzFL-SNN]   Validation samples: 12000 | Test samples: 10000
[ByzFL-SNN] Initial VRAM (Alloc/Reserved): 139.0/186.0 MiB
[ByzFL-SNN]   [Step 0/500] (0.0%) | Val Acc: 0.1138 | Test Acc: 0.1187 | VRAM (Alloc/Reserved): 151.4/294.0 MiB | Time: 13.9s
[ByzFL-SNN]   [Step 50/500] (10.0%) | Val Acc: 0.0990 | Test Acc: 0.0980 | VRAM (Alloc/Reserved): 607.0/3442.0 MiB | Time: 159.7s
[ByzFL-SNN]   [Step 100/500] (20.0%) | Val Acc: 0.0990 | Test Acc: 0.0980 | VRAM (Alloc/Reserved): 608.8/3442.0 MiB | Time: 308.8s
[ByzFL-SNN]   [Step 150/500] (30.0%) | Val Acc: 0.0990 | Test Acc: 0.0980 | VRAM (Alloc/Reserved): 612.2/3442.0 MiB | Time: 454.0s
[ByzFL-SNN]   [Step 200/500] (40.0%) | Val Acc: 0.0990 | Test Acc: 0.0980 | VRAM (Alloc/Reserved): 607.5/3442.0 MiB | Time: 597.9s
[ByzFL-SNN]   [Step 250/500] (50.0%) | Val Acc: 0.0990 | Test Acc: 0.0980 | VRAM (Alloc/Reserved): 609.4/3442.0 MiB | Time: 744.6s
[ByzFL-SNN]   [Step 300/500] (60.0%) | Val Acc: 0.0990 | Test Acc: 0.0980 | VRAM (Alloc/Reserved): 609.1/3442.0 MiB | Time: 891.2s
[ByzFL-SNN]   [Step 350/500] (70.0%) | Val Acc: 0.0990 | Test Acc: 0.0980 | VRAM (Alloc/Reserved): 609.9/3442.0 MiB | Time: 1038.7s
[ByzFL-SNN]   [Step 400/500] (80.0%) | Val Acc: 0.0990 | Test Acc: 0.0980 | VRAM (Alloc/Reserved): 609.1/3442.0 MiB | Time: 1183.8s
[ByzFL-SNN]   [Step 450/500] (90.0%) | Val Acc: 0.0990 | Test Acc: 0.0980 | VRAM (Alloc/Reserved): 609.8/3442.0 MiB | Time: 1330.1s
[ByzFL-SNN] [Training Complete] Peak VRAM (Alloc/Reserved): 2407.8/3442.0 MiB | Total time: 1460.9s

Training 42 done

[ByzFL-SNN] [Training Start] Model: convnet_snn | Dataset: mnist
[ByzFL-SNN]   Clients: 16 honest, 8 byzantine | Algorithm: DSGD
[ByzFL-SNN]   Learning Rate: 0.05 | Steps: 500 | Device: cuda
[ByzFL-SNN]   Validation samples: 12000 | Test samples: 10000
[ByzFL-SNN] Initial VRAM (Alloc/Reserved): 139.0/186.0 MiB
[ByzFL-SNN]   [Step 0/500] (0.0%) | Val Acc: 0.1138 | Test Acc: 0.1187 | VRAM (Alloc/Reserved): 151.4/294.0 MiB | Time: 14.3s
[ByzFL-SNN]   [Step 50/500] (10.0%) | Val Acc: 0.0990 | Test Acc: 0.0980 | VRAM (Alloc/Reserved): 610.0/3442.0 MiB | Time: 307.4s
[ByzFL-SNN]   [Step 100/500] (20.0%) | Val Acc: 0.0990 | Test Acc: 0.0980 | VRAM (Alloc/Reserved): 610.0/3442.0 MiB | Time: 600.3s
[ByzFL-SNN]   [Step 150/500] (30.0%) | Val Acc: 0.0990 | Test Acc: 0.0980 | VRAM (Alloc/Reserved): 608.9/3442.0 MiB | Time: 892.1s
[ByzFL-SNN]   [Step 200/500] (40.0%) | Val Acc: 0.0990 | Test Acc: 0.0980 | VRAM (Alloc/Reserved): 609.5/3442.0 MiB | Time: 1146.5s
[ByzFL-SNN]   [Step 250/500] (50.0%) | Val Acc: 0.0990 | Test Acc: 0.0980 | VRAM (Alloc/Reserved): 610.2/3442.0 MiB | Time: 1399.6s
[ByzFL-SNN]   [Step 300/500] (60.0%) | Val Acc: 0.0990 | Test Acc: 0.0980 | VRAM (Alloc/Reserved): 607.9/3442.0 MiB | Time: 1655.6s
[ByzFL-SNN]   [Step 350/500] (70.0%) | Val Acc: 0.0990 | Test Acc: 0.0980 | VRAM (Alloc/Reserved): 607.5/3442.0 MiB | Time: 1913.4s
[ByzFL-SNN]   [Step 400/500] (80.0%) | Val Acc: 0.0990 | Test Acc: 0.0980 | VRAM (Alloc/Reserved): 609.6/3442.0 MiB | Time: 2172.2s
[ByzFL-SNN]   [Step 450/500] (90.0%) | Val Acc: 0.0990 | Test Acc: 0.0980 | VRAM (Alloc/Reserved): 608.2/3442.0 MiB | Time: 2431.8s
[ByzFL-SNN] [Training Complete] Peak VRAM (Alloc/Reserved): 2516.1/3542.0 MiB | Total time: 2677.0s

Training 43 done

[ByzFL-SNN] [Training Start] Model: convnet_snn | Dataset: mnist
[ByzFL-SNN]   Clients: 16 honest, 8 byzantine | Algorithm: DSGD
[ByzFL-SNN]   Learning Rate: 0.05 | Steps: 500 | Device: cuda
[ByzFL-SNN]   Validation samples: 12000 | Test samples: 10000
[ByzFL-SNN] Initial VRAM (Alloc/Reserved): 139.0/186.0 MiB
[ByzFL-SNN]   [Step 0/500] (0.0%) | Val Acc: 0.1138 | Test Acc: 0.1187 | VRAM (Alloc/Reserved): 151.4/294.0 MiB | Time: 13.4s
[ByzFL-SNN]   [Step 50/500] (10.0%) | Val Acc: 0.0990 | Test Acc: 0.0980 | VRAM (Alloc/Reserved): 608.8/3442.0 MiB | Time: 255.3s
[ByzFL-SNN]   [Step 100/500] (20.0%) | Val Acc: 0.0990 | Test Acc: 0.0980 | VRAM (Alloc/Reserved): 610.6/3442.0 MiB | Time: 498.4s
[ByzFL-SNN]   [Step 150/500] (30.0%) | Val Acc: 0.0990 | Test Acc: 0.0980 | VRAM (Alloc/Reserved): 607.9/3442.0 MiB | Time: 740.3s
[ByzFL-SNN]   [Step 200/500] (40.0%) | Val Acc: 0.0990 | Test Acc: 0.0980 | VRAM (Alloc/Reserved): 611.6/3442.0 MiB | Time: 978.2s
[ByzFL-SNN]   [Step 250/500] (50.0%) | Val Acc: 0.0990 | Test Acc: 0.0980 | VRAM (Alloc/Reserved): 607.5/3442.0 MiB | Time: 1215.7s
[ByzFL-SNN]   [Step 300/500] (60.0%) | Val Acc: 0.0990 | Test Acc: 0.0980 | VRAM (Alloc/Reserved): 610.4/3442.0 MiB | Time: 1452.3s
[ByzFL-SNN]   [Step 350/500] (70.0%) | Val Acc: 0.0990 | Test Acc: 0.0980 | VRAM (Alloc/Reserved): 608.2/3442.0 MiB | Time: 1688.8s
[ByzFL-SNN]   [Step 400/500] (80.0%) | Val Acc: 0.0990 | Test Acc: 0.0980 | VRAM (Alloc/Reserved): 608.6/3442.0 MiB | Time: 1939.9s
[ByzFL-SNN]   [Step 450/500] (90.0%) | Val Acc: 0.0990 | Test Acc: 0.0980 | VRAM (Alloc/Reserved): 610.0/3442.0 MiB | Time: 2218.8s
[ByzFL-SNN] [Training Complete] Peak VRAM (Alloc/Reserved): 2517.7/3442.0 MiB | Total time: 2483.7s

Training 44 done

[ByzFL-SNN] [Training Start] Model: convnet_snn | Dataset: mnist
[ByzFL-SNN]   Clients: 16 honest, 8 byzantine | Algorithm: DSGD
[ByzFL-SNN]   Learning Rate: 0.05 | Steps: 500 | Device: cuda
[ByzFL-SNN]   Validation samples: 12000 | Test samples: 10000
[ByzFL-SNN] Initial VRAM (Alloc/Reserved): 139.0/186.0 MiB
[ByzFL-SNN]   [Step 0/500] (0.0%) | Val Acc: 0.1138 | Test Acc: 0.1187 | VRAM (Alloc/Reserved): 151.4/294.0 MiB | Time: 13.9s
[ByzFL-SNN]   [Step 50/500] (10.0%) | Val Acc: 0.0990 | Test Acc: 0.0980 | VRAM (Alloc/Reserved): 614.2/3442.0 MiB | Time: 170.1s
[ByzFL-SNN]   [Step 100/500] (20.0%) | Val Acc: 0.0990 | Test Acc: 0.0980 | VRAM (Alloc/Reserved): 612.3/3442.0 MiB | Time: 323.5s
[ByzFL-SNN]   [Step 150/500] (30.0%) | Val Acc: 0.0990 | Test Acc: 0.0980 | VRAM (Alloc/Reserved): 614.6/3442.0 MiB | Time: 476.6s
[ByzFL-SNN]   [Step 200/500] (40.0%) | Val Acc: 0.0990 | Test Acc: 0.0980 | VRAM (Alloc/Reserved): 613.1/3442.0 MiB | Time: 629.9s
[ByzFL-SNN]   [Step 250/500] (50.0%) | Val Acc: 0.0990 | Test Acc: 0.0980 | VRAM (Alloc/Reserved): 610.4/3442.0 MiB | Time: 781.6s
[ByzFL-SNN]   [Step 300/500] (60.0%) | Val Acc: 0.0990 | Test Acc: 0.0980 | VRAM (Alloc/Reserved): 615.8/3442.0 MiB | Time: 928.7s
[ByzFL-SNN]   [Step 350/500] (70.0%) | Val Acc: 0.0990 | Test Acc: 0.0980 | VRAM (Alloc/Reserved): 614.7/3442.0 MiB | Time: 1079.7s
[ByzFL-SNN]   [Step 400/500] (80.0%) | Val Acc: 0.0990 | Test Acc: 0.0980 | VRAM (Alloc/Reserved): 614.2/3442.0 MiB | Time: 1230.1s
[ByzFL-SNN]   [Step 450/500] (90.0%) | Val Acc: 0.0990 | Test Acc: 0.0980 | VRAM (Alloc/Reserved): 613.5/3442.0 MiB | Time: 1381.5s
[ByzFL-SNN] [Training Complete] Peak VRAM (Alloc/Reserved): 2412.1/3442.0 MiB | Total time: 1519.6s

Training 45 done

[ByzFL-SNN] [Training Start] Model: convnet_snn | Dataset: mnist
[ByzFL-SNN]   Clients: 16 honest, 8 byzantine | Algorithm: DSGD
[ByzFL-SNN]   Learning Rate: 0.05 | Steps: 500 | Device: cuda
[ByzFL-SNN]   Validation samples: 12000 | Test samples: 10000
[ByzFL-SNN] Initial VRAM (Alloc/Reserved): 139.0/186.0 MiB
[ByzFL-SNN]   [Step 0/500] (0.0%) | Val Acc: 0.1138 | Test Acc: 0.1187 | VRAM (Alloc/Reserved): 151.4/294.0 MiB | Time: 14.4s
[ByzFL-SNN]   [Step 50/500] (10.0%) | Val Acc: 0.0990 | Test Acc: 0.0980 | VRAM (Alloc/Reserved): 618.9/3442.0 MiB | Time: 289.8s
[ByzFL-SNN]   [Step 100/500] (20.0%) | Val Acc: 0.0990 | Test Acc: 0.0980 | VRAM (Alloc/Reserved): 621.1/3542.0 MiB | Time: 561.6s
[ByzFL-SNN]   [Step 150/500] (30.0%) | Val Acc: 0.0990 | Test Acc: 0.0980 | VRAM (Alloc/Reserved): 620.4/3542.0 MiB | Time: 834.0s
[ByzFL-SNN]   [Step 200/500] (40.0%) | Val Acc: 0.0990 | Test Acc: 0.0980 | VRAM (Alloc/Reserved): 618.1/3542.0 MiB | Time: 1064.3s
[ByzFL-SNN]   [Step 250/500] (50.0%) | Val Acc: 0.0990 | Test Acc: 0.0980 | VRAM (Alloc/Reserved): 620.3/3542.0 MiB | Time: 1293.4s
[ByzFL-SNN]   [Step 300/500] (60.0%) | Val Acc: 0.0990 | Test Acc: 0.0980 | VRAM (Alloc/Reserved): 620.2/3542.0 MiB | Time: 1523.2s
[ByzFL-SNN]   [Step 350/500] (70.0%) | Val Acc: 0.0990 | Test Acc: 0.0980 | VRAM (Alloc/Reserved): 619.0/3542.0 MiB | Time: 1751.8s
[ByzFL-SNN]   [Step 400/500] (80.0%) | Val Acc: 0.0990 | Test Acc: 0.0980 | VRAM (Alloc/Reserved): 620.2/3542.0 MiB | Time: 1981.7s
[ByzFL-SNN]   [Step 450/500] (90.0%) | Val Acc: 0.0990 | Test Acc: 0.0980 | VRAM (Alloc/Reserved): 618.2/3542.0 MiB | Time: 2209.1s
[ByzFL-SNN] [Training Complete] Peak VRAM (Alloc/Reserved): 2527.9/3542.0 MiB | Total time: 2424.7s

Training 46 done

[ByzFL-SNN] [Training Start] Model: convnet_snn | Dataset: mnist
[ByzFL-SNN]   Clients: 16 honest, 8 byzantine | Algorithm: DSGD
[ByzFL-SNN]   Learning Rate: 0.05 | Steps: 500 | Device: cuda
[ByzFL-SNN]   Validation samples: 12000 | Test samples: 10000
[ByzFL-SNN] Initial VRAM (Alloc/Reserved): 139.0/186.0 MiB
[ByzFL-SNN]   [Step 0/500] (0.0%) | Val Acc: 0.1138 | Test Acc: 0.1187 | VRAM (Alloc/Reserved): 151.4/294.0 MiB | Time: 13.6s
[ByzFL-SNN]   [Step 50/500] (10.0%) | Val Acc: 0.7720 | Test Acc: 0.7702 | VRAM (Alloc/Reserved): 620.8/3442.0 MiB | Time: 250.9s
[ByzFL-SNN]   [Step 100/500] (20.0%) | Val Acc: 0.9302 | Test Acc: 0.9359 | VRAM (Alloc/Reserved): 619.6/3542.0 MiB | Time: 491.9s
[ByzFL-SNN]   [Step 150/500] (30.0%) | Val Acc: 0.9493 | Test Acc: 0.9550 | VRAM (Alloc/Reserved): 621.8/3542.0 MiB | Time: 732.3s
[ByzFL-SNN]   [Step 200/500] (40.0%) | Val Acc: 0.9597 | Test Acc: 0.9645 | VRAM (Alloc/Reserved): 617.3/3542.0 MiB | Time: 974.3s
[ByzFL-SNN]   [Step 250/500] (50.0%) | Val Acc: 0.9632 | Test Acc: 0.9687 | VRAM (Alloc/Reserved): 618.6/3542.0 MiB | Time: 1217.8s
[ByzFL-SNN]   [Step 300/500] (60.0%) | Val Acc: 0.9683 | Test Acc: 0.9733 | VRAM (Alloc/Reserved): 617.8/3542.0 MiB | Time: 1460.3s
[ByzFL-SNN]   [Step 350/500] (70.0%) | Val Acc: 0.9726 | Test Acc: 0.9767 | VRAM (Alloc/Reserved): 619.9/3542.0 MiB | Time: 1711.7s
[ByzFL-SNN]   [Step 400/500] (80.0%) | Val Acc: 0.9749 | Test Acc: 0.9787 | VRAM (Alloc/Reserved): 618.9/3542.0 MiB | Time: 1997.7s
[ByzFL-SNN]   [Step 450/500] (90.0%) | Val Acc: 0.9767 | Test Acc: 0.9810 | VRAM (Alloc/Reserved): 617.9/3542.0 MiB | Time: 2282.8s
[ByzFL-SNN] [Training Complete] Peak VRAM (Alloc/Reserved): 2526.3/3542.0 MiB | Total time: 2554.8s

Training 47 done

[ByzFL-SNN] [Training Start] Model: convnet_snn | Dataset: mnist
[ByzFL-SNN]   Clients: 16 honest, 10 byzantine | Algorithm: DSGD
[ByzFL-SNN]   Learning Rate: 0.05 | Steps: 500 | Device: cuda
[ByzFL-SNN]   Validation samples: 12000 | Test samples: 10000
[ByzFL-SNN] Initial VRAM (Alloc/Reserved): 139.0/186.0 MiB
[ByzFL-SNN]   [Step 0/500] (0.0%) | Val Acc: 0.1138 | Test Acc: 0.1187 | VRAM (Alloc/Reserved): 151.4/294.0 MiB | Time: 13.5s
[ByzFL-SNN]   [Step 50/500] (10.0%) | Val Acc: 0.9196 | Test Acc: 0.9289 | VRAM (Alloc/Reserved): 607.0/3698.0 MiB | Time: 162.2s
[ByzFL-SNN]   [Step 100/500] (20.0%) | Val Acc: 0.9357 | Test Acc: 0.9423 | VRAM (Alloc/Reserved): 608.8/3698.0 MiB | Time: 307.1s
[ByzFL-SNN]   [Step 150/500] (30.0%) | Val Acc: 0.9429 | Test Acc: 0.9504 | VRAM (Alloc/Reserved): 612.2/3698.0 MiB | Time: 452.4s
[ByzFL-SNN]   [Step 200/500] (40.0%) | Val Acc: 0.9507 | Test Acc: 0.9541 | VRAM (Alloc/Reserved): 607.5/3698.0 MiB | Time: 597.2s
[ByzFL-SNN]   [Step 250/500] (50.0%) | Val Acc: 0.9553 | Test Acc: 0.9608 | VRAM (Alloc/Reserved): 609.4/3698.0 MiB | Time: 742.6s
[ByzFL-SNN]   [Step 300/500] (60.0%) | Val Acc: 0.9539 | Test Acc: 0.9605 | VRAM (Alloc/Reserved): 609.1/3698.0 MiB | Time: 887.3s
[ByzFL-SNN]   [Step 350/500] (70.0%) | Val Acc: 0.9631 | Test Acc: 0.9652 | VRAM (Alloc/Reserved): 609.9/3698.0 MiB | Time: 1034.9s
[ByzFL-SNN]   [Step 400/500] (80.0%) | Val Acc: 0.9638 | Test Acc: 0.9668 | VRAM (Alloc/Reserved): 609.1/3698.0 MiB | Time: 1183.0s
[ByzFL-SNN]   [Step 450/500] (90.0%) | Val Acc: 0.9637 | Test Acc: 0.9671 | VRAM (Alloc/Reserved): 609.8/3698.0 MiB | Time: 1331.5s
[ByzFL-SNN] [Training Complete] Peak VRAM (Alloc/Reserved): 2557.4/3698.0 MiB | Total time: 1465.1s

Training 48 done
