nohup: ignoring input
Generated 18 configuration jobs.
[START] Model: cnn_mnist | LR: 0.1 | Steps: 500

[ByzFL-SNN] [Training Start] Model: cnn_mnist | Dataset: mnist
[ByzFL-SNN]   Clients: 10 honest, 0 byzantine | Algorithm: DSGD
[ByzFL-SNN]   Learning Rate: 0.1 | Steps: 500 | Device: cuda:0
[ByzFL-SNN]   Validation samples: 12000 | Test samples: 10000
[ByzFL-SNN] Initial VRAM (Alloc/Reserved): 36.1/42.0 MiB
[ByzFL-SNN]   [Step 0/500] (0.0%) | Val Acc: 0.1541 | Test Acc: 0.1596 | VRAM (Alloc/Reserved): 44.3/64.0 MiB | Time: 4.5s
[ByzFL-SNN]   [Step 50/500] (10.0%) | Val Acc: 0.8919 | Test Acc: 0.8976 | VRAM (Alloc/Reserved): 71.8/308.0 MiB | Time: 19.7s
[ByzFL-SNN]   [Step 100/500] (20.0%) | Val Acc: 0.9368 | Test Acc: 0.9436 | VRAM (Alloc/Reserved): 72.4/308.0 MiB | Time: 33.7s
[ByzFL-SNN]   [Step 150/500] (30.0%) | Val Acc: 0.9563 | Test Acc: 0.9635 | VRAM (Alloc/Reserved): 71.3/308.0 MiB | Time: 47.9s
[ByzFL-SNN]   [Step 200/500] (40.0%) | Val Acc: 0.9640 | Test Acc: 0.9687 | VRAM (Alloc/Reserved): 72.0/308.0 MiB | Time: 61.4s
[ByzFL-SNN]   [Step 250/500] (50.0%) | Val Acc: 0.9720 | Test Acc: 0.9756 | VRAM (Alloc/Reserved): 71.9/308.0 MiB | Time: 76.5s
[ByzFL-SNN]   [Step 300/500] (60.0%) | Val Acc: 0.9718 | Test Acc: 0.9776 | VRAM (Alloc/Reserved): 73.7/308.0 MiB | Time: 91.1s
[ByzFL-SNN]   [Step 350/500] (70.0%) | Val Acc: 0.9772 | Test Acc: 0.9792 | VRAM (Alloc/Reserved): 73.3/308.0 MiB | Time: 105.1s
[ByzFL-SNN]   [Step 400/500] (80.0%) | Val Acc: 0.9782 | Test Acc: 0.9812 | VRAM (Alloc/Reserved): 71.8/308.0 MiB | Time: 119.2s
[ByzFL-SNN]   [Step 450/500] (90.0%) | Val Acc: 0.9797 | Test Acc: 0.9831 | VRAM (Alloc/Reserved): 72.7/308.0 MiB | Time: 132.5s
[ByzFL-SNN] [Training Complete] Peak VRAM (Alloc/Reserved): 271.1/308.0 MiB | Total time: 143.2s

[COMPLETE] Model: cnn_mnist | LR: 0.1 | Steps: 500
[START] Model: cnn_mnist | LR: 0.1 | Steps: 1000

[ByzFL-SNN] [Training Start] Model: cnn_mnist | Dataset: mnist
[ByzFL-SNN]   Clients: 10 honest, 0 byzantine | Algorithm: DSGD
[ByzFL-SNN]   Learning Rate: 0.1 | Steps: 1000 | Device: cuda:0
[ByzFL-SNN]   Validation samples: 12000 | Test samples: 10000
[ByzFL-SNN] Initial VRAM (Alloc/Reserved): 52.8/84.0 MiB
[ByzFL-SNN]   [Step 0/1000] (0.0%) | Val Acc: 0.1541 | Test Acc: 0.1596 | VRAM (Alloc/Reserved): 52.8/84.0 MiB | Time: 3.1s
[ByzFL-SNN]   [Step 50/1000] (5.0%) | Val Acc: 0.8919 | Test Acc: 0.8976 | VRAM (Alloc/Reserved): 72.0/308.0 MiB | Time: 17.7s
[ByzFL-SNN]   [Step 100/1000] (10.0%) | Val Acc: 0.9368 | Test Acc: 0.9436 | VRAM (Alloc/Reserved): 72.1/308.0 MiB | Time: 32.3s
[ByzFL-SNN]   [Step 150/1000] (15.0%) | Val Acc: 0.9563 | Test Acc: 0.9635 | VRAM (Alloc/Reserved): 72.0/308.0 MiB | Time: 47.4s
[ByzFL-SNN]   [Step 200/1000] (20.0%) | Val Acc: 0.9640 | Test Acc: 0.9687 | VRAM (Alloc/Reserved): 72.1/308.0 MiB | Time: 62.9s
[ByzFL-SNN]   [Step 250/1000] (25.0%) | Val Acc: 0.9720 | Test Acc: 0.9756 | VRAM (Alloc/Reserved): 73.5/308.0 MiB | Time: 76.2s
[ByzFL-SNN]   [Step 300/1000] (30.0%) | Val Acc: 0.9718 | Test Acc: 0.9776 | VRAM (Alloc/Reserved): 72.1/308.0 MiB | Time: 90.7s
[ByzFL-SNN]   [Step 350/1000] (35.0%) | Val Acc: 0.9772 | Test Acc: 0.9792 | VRAM (Alloc/Reserved): 72.3/308.0 MiB | Time: 106.0s
[ByzFL-SNN]   [Step 400/1000] (40.0%) | Val Acc: 0.9782 | Test Acc: 0.9812 | VRAM (Alloc/Reserved): 71.4/308.0 MiB | Time: 119.2s
[ByzFL-SNN]   [Step 450/1000] (45.0%) | Val Acc: 0.9797 | Test Acc: 0.9831 | VRAM (Alloc/Reserved): 72.0/308.0 MiB | Time: 134.0s
[ByzFL-SNN]   [Step 500/1000] (50.0%) | Val Acc: 0.9801 | Test Acc: 0.9847 | VRAM (Alloc/Reserved): 72.0/308.0 MiB | Time: 149.4s
[ByzFL-SNN]   [Step 550/1000] (55.0%) | Val Acc: 0.9822 | Test Acc: 0.9843 | VRAM (Alloc/Reserved): 72.0/308.0 MiB | Time: 165.5s
[ByzFL-SNN]   [Step 600/1000] (60.0%) | Val Acc: 0.9832 | Test Acc: 0.9857 | VRAM (Alloc/Reserved): 72.0/308.0 MiB | Time: 179.5s
[ByzFL-SNN]   [Step 650/1000] (65.0%) | Val Acc: 0.9827 | Test Acc: 0.9854 | VRAM (Alloc/Reserved): 72.0/308.0 MiB | Time: 195.7s
[ByzFL-SNN]   [Step 700/1000] (70.0%) | Val Acc: 0.9827 | Test Acc: 0.9844 | VRAM (Alloc/Reserved): 72.0/308.0 MiB | Time: 210.6s
[ByzFL-SNN]   [Step 750/1000] (75.0%) | Val Acc: 0.9843 | Test Acc: 0.9862 | VRAM (Alloc/Reserved): 72.0/308.0 MiB | Time: 225.4s
[ByzFL-SNN]   [Step 800/1000] (80.0%) | Val Acc: 0.9854 | Test Acc: 0.9862 | VRAM (Alloc/Reserved): 72.5/308.0 MiB | Time: 239.9s
[ByzFL-SNN]   [Step 850/1000] (85.0%) | Val Acc: 0.9847 | Test Acc: 0.9882 | VRAM (Alloc/Reserved): 72.3/308.0 MiB | Time: 254.8s
[ByzFL-SNN]   [Step 900/1000] (90.0%) | Val Acc: 0.9863 | Test Acc: 0.9877 | VRAM (Alloc/Reserved): 72.1/308.0 MiB | Time: 269.2s
[ByzFL-SNN]   [Step 950/1000] (95.0%) | Val Acc: 0.9842 | Test Acc: 0.9855 | VRAM (Alloc/Reserved): 71.5/308.0 MiB | Time: 283.6s
[ByzFL-SNN] [Training Complete] Peak VRAM (Alloc/Reserved): 271.1/308.0 MiB | Total time: 295.2s

[COMPLETE] Model: cnn_mnist | LR: 0.1 | Steps: 1000
[START] Model: cnn_mnist | LR: 0.1 | Steps: 1500

[ByzFL-SNN] [Training Start] Model: cnn_mnist | Dataset: mnist
[ByzFL-SNN]   Clients: 10 honest, 0 byzantine | Algorithm: DSGD
[ByzFL-SNN]   Learning Rate: 0.1 | Steps: 1500 | Device: cuda:0
[ByzFL-SNN]   Validation samples: 12000 | Test samples: 10000
[ByzFL-SNN] Initial VRAM (Alloc/Reserved): 52.8/64.0 MiB
[ByzFL-SNN]   [Step 0/1500] (0.0%) | Val Acc: 0.1541 | Test Acc: 0.1596 | VRAM (Alloc/Reserved): 52.8/84.0 MiB | Time: 4.8s
[ByzFL-SNN]   [Step 50/1500] (3.3%) | Val Acc: 0.8919 | Test Acc: 0.8976 | VRAM (Alloc/Reserved): 72.0/308.0 MiB | Time: 22.6s
[ByzFL-SNN]   [Step 100/1500] (6.7%) | Val Acc: 0.9368 | Test Acc: 0.9436 | VRAM (Alloc/Reserved): 72.1/308.0 MiB | Time: 40.8s
[ByzFL-SNN]   [Step 150/1500] (10.0%) | Val Acc: 0.9563 | Test Acc: 0.9635 | VRAM (Alloc/Reserved): 72.0/308.0 MiB | Time: 60.2s
[ByzFL-SNN]   [Step 200/1500] (13.3%) | Val Acc: 0.9640 | Test Acc: 0.9687 | VRAM (Alloc/Reserved): 72.1/308.0 MiB | Time: 77.8s
[ByzFL-SNN]   [Step 250/1500] (16.7%) | Val Acc: 0.9720 | Test Acc: 0.9756 | VRAM (Alloc/Reserved): 73.5/308.0 MiB | Time: 94.9s
[ByzFL-SNN]   [Step 300/1500] (20.0%) | Val Acc: 0.9718 | Test Acc: 0.9776 | VRAM (Alloc/Reserved): 72.1/308.0 MiB | Time: 111.9s
[ByzFL-SNN]   [Step 350/1500] (23.3%) | Val Acc: 0.9772 | Test Acc: 0.9792 | VRAM (Alloc/Reserved): 72.3/308.0 MiB | Time: 129.0s
[ByzFL-SNN]   [Step 400/1500] (26.7%) | Val Acc: 0.9782 | Test Acc: 0.9812 | VRAM (Alloc/Reserved): 71.4/308.0 MiB | Time: 147.7s
[ByzFL-SNN]   [Step 450/1500] (30.0%) | Val Acc: 0.9797 | Test Acc: 0.9831 | VRAM (Alloc/Reserved): 72.0/308.0 MiB | Time: 165.9s
[ByzFL-SNN]   [Step 500/1500] (33.3%) | Val Acc: 0.9801 | Test Acc: 0.9847 | VRAM (Alloc/Reserved): 72.0/308.0 MiB | Time: 185.1s
[ByzFL-SNN]   [Step 550/1500] (36.7%) | Val Acc: 0.9822 | Test Acc: 0.9843 | VRAM (Alloc/Reserved): 72.0/308.0 MiB | Time: 210.0s
[ByzFL-SNN]   [Step 600/1500] (40.0%) | Val Acc: 0.9832 | Test Acc: 0.9857 | VRAM (Alloc/Reserved): 72.0/308.0 MiB | Time: 233.4s
[ByzFL-SNN]   [Step 650/1500] (43.3%) | Val Acc: 0.9827 | Test Acc: 0.9854 | VRAM (Alloc/Reserved): 72.0/308.0 MiB | Time: 258.0s
[ByzFL-SNN]   [Step 700/1500] (46.7%) | Val Acc: 0.9827 | Test Acc: 0.9844 | VRAM (Alloc/Reserved): 72.0/308.0 MiB | Time: 281.5s
[ByzFL-SNN]   [Step 750/1500] (50.0%) | Val Acc: 0.9843 | Test Acc: 0.9862 | VRAM (Alloc/Reserved): 72.0/308.0 MiB | Time: 302.3s
[ByzFL-SNN]   [Step 800/1500] (53.3%) | Val Acc: 0.9854 | Test Acc: 0.9862 | VRAM (Alloc/Reserved): 72.5/308.0 MiB | Time: 326.6s
[ByzFL-SNN]   [Step 850/1500] (56.7%) | Val Acc: 0.9847 | Test Acc: 0.9882 | VRAM (Alloc/Reserved): 72.3/308.0 MiB | Time: 350.3s
[ByzFL-SNN]   [Step 900/1500] (60.0%) | Val Acc: 0.9863 | Test Acc: 0.9877 | VRAM (Alloc/Reserved): 72.1/308.0 MiB | Time: 373.5s
[ByzFL-SNN]   [Step 950/1500] (63.3%) | Val Acc: 0.9842 | Test Acc: 0.9855 | VRAM (Alloc/Reserved): 71.5/308.0 MiB | Time: 395.1s
[ByzFL-SNN]   [Step 1000/1500] (66.7%) | Val Acc: 0.9858 | Test Acc: 0.9859 | VRAM (Alloc/Reserved): 72.0/308.0 MiB | Time: 421.3s
[ByzFL-SNN]   [Step 1050/1500] (70.0%) | Val Acc: 0.9871 | Test Acc: 0.9878 | VRAM (Alloc/Reserved): 72.0/308.0 MiB | Time: 450.4s
[ByzFL-SNN]   [Step 1100/1500] (73.3%) | Val Acc: 0.9865 | Test Acc: 0.9881 | VRAM (Alloc/Reserved): 72.0/308.0 MiB | Time: 480.4s[START] Model: cnn_mnist | LR: 0.05 | Steps: 1000

[ByzFL-SNN] [Training Start] Model: cnn_mnist | Dataset: mnist
[ByzFL-SNN]   Clients: 10 honest, 0 byzantine | Algorithm: DSGD
[ByzFL-SNN]   Learning Rate: 0.05 | Steps: 1000 | Device: cuda:0
[ByzFL-SNN]   Validation samples: 12000 | Test samples: 10000
[ByzFL-SNN] Initial VRAM (Alloc/Reserved): 36.1/42.0 MiB
[ByzFL-SNN]   [Step 0/1000] (0.0%) | Val Acc: 0.1541 | Test Acc: 0.1596 | VRAM (Alloc/Reserved): 44.3/64.0 MiB | Time: 3.4s
[ByzFL-SNN]   [Step 50/1000] (5.0%) | Val Acc: 0.8287 | Test Acc: 0.8363 | VRAM (Alloc/Reserved): 71.8/308.0 MiB | Time: 18.5s
[ByzFL-SNN]   [Step 100/1000] (10.0%) | Val Acc: 0.9089 | Test Acc: 0.9170 | VRAM (Alloc/Reserved): 72.4/308.0 MiB | Time: 34.2s
[ByzFL-SNN]   [Step 150/1000] (15.0%) | Val Acc: 0.9318 | Test Acc: 0.9388 | VRAM (Alloc/Reserved): 71.3/308.0 MiB | Time: 47.9s
[ByzFL-SNN]   [Step 200/1000] (20.0%) | Val Acc: 0.9419 | Test Acc: 0.9477 | VRAM (Alloc/Reserved): 72.0/308.0 MiB | Time: 61.3s
[ByzFL-SNN]   [Step 250/1000] (25.0%) | Val Acc: 0.9543 | Test Acc: 0.9579 | VRAM (Alloc/Reserved): 71.9/308.0 MiB | Time: 75.0s
[ByzFL-SNN]   [Step 300/1000] (30.0%) | Val Acc: 0.9595 | Test Acc: 0.9641 | VRAM (Alloc/Reserved): 73.7/308.0 MiB | Time: 89.3s
[ByzFL-SNN]   [Step 350/1000] (35.0%) | Val Acc: 0.9628 | Test Acc: 0.9679 | VRAM (Alloc/Reserved): 73.3/308.0 MiB | Time: 104.6s
[ByzFL-SNN]   [Step 400/1000] (40.0%) | Val Acc: 0.9662 | Test Acc: 0.9700 | VRAM (Alloc/Reserved): 71.8/308.0 MiB | Time: 118.9s
[ByzFL-SNN]   [Step 450/1000] (45.0%) | Val Acc: 0.9702 | Test Acc: 0.9741 | VRAM (Alloc/Reserved): 72.7/308.0 MiB | Time: 133.3s
[ByzFL-SNN]   [Step 500/1000] (50.0%) | Val Acc: 0.9718 | Test Acc: 0.9762 | VRAM (Alloc/Reserved): 72.7/308.0 MiB | Time: 148.0s
[ByzFL-SNN]   [Step 550/1000] (55.0%) | Val Acc: 0.9736 | Test Acc: 0.9768 | VRAM (Alloc/Reserved): 72.4/308.0 MiB | Time: 162.6s
[ByzFL-SNN]   [Step 600/1000] (60.0%) | Val Acc: 0.9762 | Test Acc: 0.9795 | VRAM (Alloc/Reserved): 72.3/308.0 MiB | Time: 176.6s
[ByzFL-SNN]   [Step 650/1000] (65.0%) | Val Acc: 0.9770 | Test Acc: 0.9798 | VRAM (Alloc/Reserved): 71.8/308.0 MiB | Time: 191.0s
[ByzFL-SNN]   [Step 700/1000] (70.0%) | Val Acc: 0.9777 | Test Acc: 0.9798 | VRAM (Alloc/Reserved): 71.4/308.0 MiB | Time: 205.0s
[ByzFL-SNN]   [Step 750/1000] (75.0%) | Val Acc: 0.9785 | Test Acc: 0.9818 | VRAM (Alloc/Reserved): 71.4/308.0 MiB | Time: 219.2s
[ByzFL-SNN]   [Step 800/1000] (80.0%) | Val Acc: 0.9791 | Test Acc: 0.9813 | VRAM (Alloc/Reserved): 72.1/308.0 MiB | Time: 234.2s
[ByzFL-SNN]   [Step 850/1000] (85.0%) | Val Acc: 0.9791 | Test Acc: 0.9842 | VRAM (Alloc/Reserved): 72.3/308.0 MiB | Time: 248.7s
[ByzFL-SNN]   [Step 900/1000] (90.0%) | Val Acc: 0.9808 | Test Acc: 0.9833 | VRAM (Alloc/Reserved): 71.4/308.0 MiB | Time: 263.3s
[ByzFL-SNN]   [Step 950/1000] (95.0%) | Val Acc: 0.9808 | Test Acc: 0.9831 | VRAM (Alloc/Reserved): 72.8/308.0 MiB | Time: 276.7s
[ByzFL-SNN] [Training Complete] Peak VRAM (Alloc/Reserved): 271.5/308.0 MiB | Total time: 287.7s

[COMPLETE] Model: cnn_mnist | LR: 0.05 | Steps: 1000
[START] Model: cnn_mnist | LR: 0.05 | Steps: 1500

[ByzFL-SNN] [Training Start] Model: cnn_mnist | Dataset: mnist
[ByzFL-SNN]   Clients: 10 honest, 0 byzantine | Algorithm: DSGD
[ByzFL-SNN]   Learning Rate: 0.05 | Steps: 1500 | Device: cuda:0
[ByzFL-SNN]   Validation samples: 12000 | Test samples: 10000
[ByzFL-SNN] Initial VRAM (Alloc/Reserved): 52.8/84.0 MiB
[ByzFL-SNN]   [Step 0/1500] (0.0%) | Val Acc: 0.1541 | Test Acc: 0.1596 | VRAM (Alloc/Reserved): 52.8/84.0 MiB | Time: 3.1s
[ByzFL-SNN]   [Step 50/1500] (3.3%) | Val Acc: 0.8287 | Test Acc: 0.8363 | VRAM (Alloc/Reserved): 72.0/308.0 MiB | Time: 17.0s
[ByzFL-SNN]   [Step 100/1500] (6.7%) | Val Acc: 0.9089 | Test Acc: 0.9170 | VRAM (Alloc/Reserved): 72.1/308.0 MiB | Time: 32.0s
[ByzFL-SNN]   [Step 150/1500] (10.0%) | Val Acc: 0.9318 | Test Acc: 0.9388 | VRAM (Alloc/Reserved): 72.0/308.0 MiB | Time: 46.4s
[ByzFL-SNN]   [Step 200/1500] (13.3%) | Val Acc: 0.9419 | Test Acc: 0.9477 | VRAM (Alloc/Reserved): 72.1/308.0 MiB | Time: 60.0s
[ByzFL-SNN]   [Step 250/1500] (16.7%) | Val Acc: 0.9543 | Test Acc: 0.9579 | VRAM (Alloc/Reserved): 73.5/308.0 MiB | Time: 75.5s
[ByzFL-SNN]   [Step 300/1500] (20.0%) | Val Acc: 0.9595 | Test Acc: 0.9641 | VRAM (Alloc/Reserved): 72.1/308.0 MiB | Time: 91.4s
[ByzFL-SNN]   [Step 350/1500] (23.3%) | Val Acc: 0.9628 | Test Acc: 0.9679 | VRAM (Alloc/Reserved): 72.3/308.0 MiB | Time: 106.1s
[ByzFL-SNN]   [Step 400/1500] (26.7%) | Val Acc: 0.9662 | Test Acc: 0.9700 | VRAM (Alloc/Reserved): 71.4/308.0 MiB | Time: 119.5s
[ByzFL-SNN]   [Step 450/1500] (30.0%) | Val Acc: 0.9702 | Test Acc: 0.9741 | VRAM (Alloc/Reserved): 72.0/308.0 MiB | Time: 134.0s
[ByzFL-SNN]   [Step 500/1500] (33.3%) | Val Acc: 0.9718 | Test Acc: 0.9762 | VRAM (Alloc/Reserved): 72.0/308.0 MiB | Time: 149.0s
[ByzFL-SNN]   [Step 550/1500] (36.7%) | Val Acc: 0.9736 | Test Acc: 0.9768 | VRAM (Alloc/Reserved): 72.0/308.0 MiB | Time: 164.3s
[ByzFL-SNN]   [Step 600/1500] (40.0%) | Val Acc: 0.9762 | Test Acc: 0.9795 | VRAM (Alloc/Reserved): 72.0/308.0 MiB | Time: 181.1s
[ByzFL-SNN]   [Step 650/1500] (43.3%) | Val Acc: 0.9770 | Test Acc: 0.9798 | VRAM (Alloc/Reserved): 72.0/308.0 MiB | Time: 198.2s
[ByzFL-SNN]   [Step 700/1500] (46.7%) | Val Acc: 0.9777 | Test Acc: 0.9798 | VRAM (Alloc/Reserved): 72.0/308.0 MiB | Time: 216.2s
[ByzFL-SNN]   [Step 750/1500] (50.0%) | Val Acc: 0.9785 | Test Acc: 0.9818 | VRAM (Alloc/Reserved): 72.0/308.0 MiB | Time: 234.6s
[ByzFL-SNN]   [Step 800/1500] (53.3%) | Val Acc: 0.9791 | Test Acc: 0.9813 | VRAM (Alloc/Reserved): 72.5/308.0 MiB | Time: 252.0s
[ByzFL-SNN]   [Step 850/1500] (56.7%) | Val Acc: 0.9791 | Test Acc: 0.9842 | VRAM (Alloc/Reserved): 72.3/308.0 MiB | Time: 269.9s
[ByzFL-SNN]   [Step 900/1500] (60.0%) | Val Acc: 0.9808 | Test Acc: 0.9833 | VRAM (Alloc/Reserved): 72.1/308.0 MiB | Time: 288.7s
[ByzFL-SNN]   [Step 950/1500] (63.3%) | Val Acc: 0.9808 | Test Acc: 0.9831 | VRAM (Alloc/Reserved): 71.5/308.0 MiB | Time: 306.4s
[ByzFL-SNN]   [Step 1000/1500] (66.7%) | Val Acc: 0.9819 | Test Acc: 0.9841 | VRAM (Alloc/Reserved): 72.0/308.0 MiB | Time: 324.3s
[ByzFL-SNN]   [Step 1050/1500] (70.0%) | Val Acc: 0.9822 | Test Acc: 0.9854 | VRAM (Alloc/Reserved): 72.0/308.0 MiB | Time: 344.4s
[ByzFL-SNN]   [Step 1100/1500] (73.3%) | Val Acc: 0.9820 | Test Acc: 0.9853 | VRAM (Alloc/Reserved): 72.0/308.0 MiB | Time: 368.5s
[ByzFL-SNN]   [Step 1150/1500] (76.7%) | Val Acc: 0.9832 | Test Acc: 0.9864 | VRAM (Alloc/Reserved): 72.3/308.0 MiB | Time: 392.5s
[ByzFL-SNN]   [Step 1200/1500] (80.0%) | Val Acc: 0.9831 | Test Acc: 0.9851 | VRAM (Alloc/Reserved): 72.5/308.0 MiB | Time: 416.7s
[ByzFL-SNN]   [Step 1250/1500] (83.3%) | Val Acc: 0.9820 | Test Acc: 0.9854 | VRAM (Alloc/Reserved): 72.1/308.0 MiB | Time: 439.9s
[ByzFL-SNN]   [Step 1300/1500] (86.7%) | Val Acc: 0.9833 | Test Acc: 0.9863 | VRAM (Alloc/Reserved): 72.2/308.0 MiB | Time: 462.0s
[ByzFL-SNN]   [Step 1350/1500] (90.0%) | Val Acc: 0.9835 | Test Acc: 0.9865 | VRAM (Alloc/Reserved): 72.3/308.0 MiB | Time: 486.5s
[ByzFL-SNN]   [Step 1400/1500] (93.3%) | Val Acc: 0.9836 | Test Acc: 0.9864 | VRAM (Alloc/Reserved): 72.0/308.0 MiB | Time: 510.6s
[ByzFL-SNN]   [Step 1450/1500] (96.7%) | Val Acc: 0.9848 | Test Acc: 0.9870 | VRAM (Alloc/Reserved): 71.9/308.0 MiB | Time: 533.5s
[ByzFL-SNN] [Training Complete] Peak VRAM (Alloc/Reserved): 271.5/308.0 MiB | Total time: 550.7s

[COMPLETE] Model: cnn_mnist | LR: 0.05 | Steps: 1500
[START] Model: cnn_mnist_snn | LR: 0.05 | Steps: 1500

[ByzFL-SNN] [Training Start] Model: cnn_mnist_snn | Dataset: mnist
[ByzFL-SNN]   Clients: 10 honest, 0 byzantine | Algorithm: DSGD
[ByzFL-SNN]   Learning Rate: 0.05 | Steps: 1500 | Device: cuda:0
[ByzFL-SNN]   Validation samples: 12000 | Test samples: 10000
[ByzFL-SNN] Initial VRAM (Alloc/Reserved): 52.9/82.0 MiB
[ByzFL-SNN]   [Step 0/1500] (0.0%) | Val Acc: 0.1852 | Test Acc: 0.1865 | VRAM (Alloc/Reserved): 54.8/150.0 MiB | Time: 17.0s
[ByzFL-SNN]   [Step 50/1500] (3.3%) | Val Acc: 0.9210 | Test Acc: 0.9286 | VRAM (Alloc/Reserved): 235.6/1054.0 MiB | Time: 162.0s
[ByzFL-SNN]   [Step 100/1500] (6.7%) | Val Acc: 0.9553 | Test Acc: 0.9596 | VRAM (Alloc/Reserved): 237.7/1054.0 MiB | Time: 304.2s[START] Model: cnn_mnist | LR: 0.01 | Steps: 1500

[ByzFL-SNN] [Training Start] Model: cnn_mnist | Dataset: mnist
[ByzFL-SNN]   Clients: 10 honest, 0 byzantine | Algorithm: DSGD
[ByzFL-SNN]   Learning Rate: 0.01 | Steps: 1500 | Device: cuda:0
[ByzFL-SNN]   Validation samples: 12000 | Test samples: 10000
[ByzFL-SNN] Initial VRAM (Alloc/Reserved): 36.1/42.0 MiB
[ByzFL-SNN]   [Step 0/1500] (0.0%) | Val Acc: 0.1541 | Test Acc: 0.1596 | VRAM (Alloc/Reserved): 44.3/64.0 MiB | Time: 3.3s
[ByzFL-SNN]   [Step 50/1500] (3.3%) | Val Acc: 0.5547 | Test Acc: 0.5623 | VRAM (Alloc/Reserved): 71.8/308.0 MiB | Time: 17.9s
[ByzFL-SNN]   [Step 100/1500] (6.7%) | Val Acc: 0.7388 | Test Acc: 0.7443 | VRAM (Alloc/Reserved): 72.4/308.0 MiB | Time: 31.9s
[ByzFL-SNN]   [Step 150/1500] (10.0%) | Val Acc: 0.8122 | Test Acc: 0.8200 | VRAM (Alloc/Reserved): 71.3/308.0 MiB | Time: 46.1s
[ByzFL-SNN]   [Step 200/1500] (13.3%) | Val Acc: 0.8613 | Test Acc: 0.8686 | VRAM (Alloc/Reserved): 72.0/308.0 MiB | Time: 62.9s
[ByzFL-SNN]   [Step 250/1500] (16.7%) | Val Acc: 0.8838 | Test Acc: 0.8910 | VRAM (Alloc/Reserved): 71.9/308.0 MiB | Time: 78.2s
[ByzFL-SNN]   [Step 300/1500] (20.0%) | Val Acc: 0.8955 | Test Acc: 0.9021 | VRAM (Alloc/Reserved): 73.7/308.0 MiB | Time: 94.0s
[ByzFL-SNN]   [Step 350/1500] (23.3%) | Val Acc: 0.9041 | Test Acc: 0.9101 | VRAM (Alloc/Reserved): 73.3/308.0 MiB | Time: 108.4s
[ByzFL-SNN]   [Step 400/1500] (26.7%) | Val Acc: 0.9093 | Test Acc: 0.9170 | VRAM (Alloc/Reserved): 71.8/308.0 MiB | Time: 122.7s
[ByzFL-SNN]   [Step 450/1500] (30.0%) | Val Acc: 0.9153 | Test Acc: 0.9237 | VRAM (Alloc/Reserved): 72.7/308.0 MiB | Time: 137.6s
[ByzFL-SNN]   [Step 500/1500] (33.3%) | Val Acc: 0.9197 | Test Acc: 0.9279 | VRAM (Alloc/Reserved): 72.7/308.0 MiB | Time: 152.1s
[ByzFL-SNN]   [Step 550/1500] (36.7%) | Val Acc: 0.9233 | Test Acc: 0.9319 | VRAM (Alloc/Reserved): 72.4/308.0 MiB | Time: 165.8s
[ByzFL-SNN]   [Step 600/1500] (40.0%) | Val Acc: 0.9293 | Test Acc: 0.9339 | VRAM (Alloc/Reserved): 72.3/308.0 MiB | Time: 180.3s
[ByzFL-SNN]   [Step 650/1500] (43.3%) | Val Acc: 0.9322 | Test Acc: 0.9388 | VRAM (Alloc/Reserved): 71.8/308.0 MiB | Time: 195.0s
[ByzFL-SNN]   [Step 700/1500] (46.7%) | Val Acc: 0.9338 | Test Acc: 0.9426 | VRAM (Alloc/Reserved): 71.4/308.0 MiB | Time: 208.9s
[ByzFL-SNN]   [Step 750/1500] (50.0%) | Val Acc: 0.9375 | Test Acc: 0.9444 | VRAM (Alloc/Reserved): 71.4/308.0 MiB | Time: 224.8s
[ByzFL-SNN]   [Step 800/1500] (53.3%) | Val Acc: 0.9387 | Test Acc: 0.9468 | VRAM (Alloc/Reserved): 72.1/308.0 MiB | Time: 240.1s
[ByzFL-SNN]   [Step 850/1500] (56.7%) | Val Acc: 0.9419 | Test Acc: 0.9474 | VRAM (Alloc/Reserved): 72.3/308.0 MiB | Time: 255.4s
[ByzFL-SNN]   [Step 900/1500] (60.0%) | Val Acc: 0.9448 | Test Acc: 0.9498 | VRAM (Alloc/Reserved): 71.4/308.0 MiB | Time: 269.5s
[ByzFL-SNN]   [Step 950/1500] (63.3%) | Val Acc: 0.9456 | Test Acc: 0.9522 | VRAM (Alloc/Reserved): 72.8/308.0 MiB | Time: 282.8s
[ByzFL-SNN]   [Step 1000/1500] (66.7%) | Val Acc: 0.9491 | Test Acc: 0.9537 | VRAM (Alloc/Reserved): 71.1/308.0 MiB | Time: 297.9s
[ByzFL-SNN]   [Step 1050/1500] (70.0%) | Val Acc: 0.9506 | Test Acc: 0.9561 | VRAM (Alloc/Reserved): 72.3/308.0 MiB | Time: 313.0s
[ByzFL-SNN]   [Step 1100/1500] (73.3%) | Val Acc: 0.9521 | Test Acc: 0.9572 | VRAM (Alloc/Reserved): 71.7/308.0 MiB | Time: 327.9s
[ByzFL-SNN]   [Step 1150/1500] (76.7%) | Val Acc: 0.9542 | Test Acc: 0.9590 | VRAM (Alloc/Reserved): 71.4/308.0 MiB | Time: 342.0s
[ByzFL-SNN]   [Step 1200/1500] (80.0%) | Val Acc: 0.9561 | Test Acc: 0.9613 | VRAM (Alloc/Reserved): 71.4/308.0 MiB | Time: 355.3s
[ByzFL-SNN]   [Step 1250/1500] (83.3%) | Val Acc: 0.9574 | Test Acc: 0.9613 | VRAM (Alloc/Reserved): 72.2/308.0 MiB | Time: 369.7s
[ByzFL-SNN]   [Step 1300/1500] (86.7%) | Val Acc: 0.9590 | Test Acc: 0.9632 | VRAM (Alloc/Reserved): 72.3/308.0 MiB | Time: 383.9s
[ByzFL-SNN]   [Step 1350/1500] (90.0%) | Val Acc: 0.9592 | Test Acc: 0.9649 | VRAM (Alloc/Reserved): 72.0/308.0 MiB | Time: 399.4s
[ByzFL-SNN]   [Step 1400/1500] (93.3%) | Val Acc: 0.9614 | Test Acc: 0.9656 | VRAM (Alloc/Reserved): 72.3/308.0 MiB | Time: 413.6s
[ByzFL-SNN]   [Step 1450/1500] (96.7%) | Val Acc: 0.9622 | Test Acc: 0.9665 | VRAM (Alloc/Reserved): 72.4/308.0 MiB | Time: 428.0s
[ByzFL-SNN] [Training Complete] Peak VRAM (Alloc/Reserved): 271.5/308.0 MiB | Total time: 439.1s

[COMPLETE] Model: cnn_mnist | LR: 0.01 | Steps: 1500
[START] Model: cnn_mnist | LR: 0.05 | Steps: 500

[ByzFL-SNN] [Training Start] Model: cnn_mnist | Dataset: mnist
[ByzFL-SNN]   Clients: 10 honest, 0 byzantine | Algorithm: DSGD
[ByzFL-SNN]   Learning Rate: 0.05 | Steps: 500 | Device: cuda:0
[ByzFL-SNN]   Validation samples: 12000 | Test samples: 10000
[ByzFL-SNN] Initial VRAM (Alloc/Reserved): 52.8/84.0 MiB
[ByzFL-SNN]   [Step 0/500] (0.0%) | Val Acc: 0.1541 | Test Acc: 0.1596 | VRAM (Alloc/Reserved): 52.8/84.0 MiB | Time: 3.2s
[ByzFL-SNN]   [Step 50/500] (10.0%) | Val Acc: 0.8287 | Test Acc: 0.8363 | VRAM (Alloc/Reserved): 72.0/308.0 MiB | Time: 19.7s
[ByzFL-SNN]   [Step 100/500] (20.0%) | Val Acc: 0.9089 | Test Acc: 0.9170 | VRAM (Alloc/Reserved): 72.1/308.0 MiB | Time: 36.7s
[ByzFL-SNN]   [Step 150/500] (30.0%) | Val Acc: 0.9318 | Test Acc: 0.9388 | VRAM (Alloc/Reserved): 72.0/308.0 MiB | Time: 54.8s
[ByzFL-SNN]   [Step 200/500] (40.0%) | Val Acc: 0.9419 | Test Acc: 0.9477 | VRAM (Alloc/Reserved): 72.1/308.0 MiB | Time: 71.0s
[ByzFL-SNN]   [Step 250/500] (50.0%) | Val Acc: 0.9543 | Test Acc: 0.9579 | VRAM (Alloc/Reserved): 73.5/308.0 MiB | Time: 88.4s
[ByzFL-SNN]   [Step 300/500] (60.0%) | Val Acc: 0.9595 | Test Acc: 0.9641 | VRAM (Alloc/Reserved): 72.1/308.0 MiB | Time: 106.0s
[ByzFL-SNN]   [Step 350/500] (70.0%) | Val Acc: 0.9628 | Test Acc: 0.9679 | VRAM (Alloc/Reserved): 72.3/308.0 MiB | Time: 123.7s
[ByzFL-SNN]   [Step 400/500] (80.0%) | Val Acc: 0.9662 | Test Acc: 0.9700 | VRAM (Alloc/Reserved): 71.4/308.0 MiB | Time: 141.1s
[ByzFL-SNN]   [Step 450/500] (90.0%) | Val Acc: 0.9702 | Test Acc: 0.9741 | VRAM (Alloc/Reserved): 72.0/308.0 MiB | Time: 159.6s
[ByzFL-SNN] [Training Complete] Peak VRAM (Alloc/Reserved): 271.5/308.0 MiB | Total time: 172.7s

[COMPLETE] Model: cnn_mnist | LR: 0.05 | Steps: 500
[START] Model: cnn_mnist_snn | LR: 0.05 | Steps: 500

[ByzFL-SNN] [Training Start] Model: cnn_mnist_snn | Dataset: mnist
[ByzFL-SNN]   Clients: 10 honest, 0 byzantine | Algorithm: DSGD
[ByzFL-SNN]   Learning Rate: 0.05 | Steps: 500 | Device: cuda:0
[ByzFL-SNN]   Validation samples: 12000 | Test samples: 10000
[ByzFL-SNN] Initial VRAM (Alloc/Reserved): 52.9/64.0 MiB
[ByzFL-SNN]   [Step 0/500] (0.0%) | Val Acc: 0.1852 | Test Acc: 0.1865 | VRAM (Alloc/Reserved): 54.8/152.0 MiB | Time: 13.7s
[ByzFL-SNN]   [Step 50/500] (10.0%) | Val Acc: 0.9210 | Test Acc: 0.9286 | VRAM (Alloc/Reserved): 238.2/1056.0 MiB | Time: 124.8s
[ByzFL-SNN]   [Step 100/500] (20.0%) | Val Acc: 0.9553 | Test Acc: 0.9596 | VRAM (Alloc/Reserved): 236.6/1056.0 MiB | Time: 238.7s
[ByzFL-SNN]   [Step 150/500] (30.0%) | Val Acc: 0.9666 | Test Acc: 0.9701 | VRAM (Alloc/Reserved): 240.2/1056.0 MiB | Time: 383.7s
[ByzFL-SNN]   [Step 200/500] (40.0%) | Val Acc: 0.9718 | Test Acc: 0.9766 | VRAM (Alloc/Reserved): 240.3/1056.0 MiB | Time: 525.8s
[ByzFL-SNN]   [Step 250/500] (50.0%) | Val Acc: 0.9758 | Test Acc: 0.9782 | VRAM (Alloc/Reserved): 240.4/1074.0 MiB | Time: 701.6s
[ByzFL-SNN]   [Step 300/500] (60.0%) | Val Acc: 0.9775 | Test Acc: 0.9815 | VRAM (Alloc/Reserved): 233.5/1074.0 MiB | Time: 881.6s
[ByzFL-SNN]   [Step 350/500] (70.0%) | Val Acc: 0.9798 | Test Acc: 0.9812 | VRAM (Alloc/Reserved): 233.4/1074.0 MiB | Time: 1059.2s
[ByzFL-SNN]   [Step 400/500] (80.0%) | Val Acc: 0.9814 | Test Acc: 0.9824 | VRAM (Alloc/Reserved): 236.7/1074.0 MiB | Time: 1238.9s
[ByzFL-SNN]   [Step 450/500] (90.0%) | Val Acc: 0.9818 | Test Acc: 0.9841 | VRAM (Alloc/Reserved): 239.3/1074.0 MiB | Time: 1420.7s
[ByzFL-SNN] [Training Complete] Peak VRAM (Alloc/Reserved): 796.5/1074.0 MiB | Total time: 1573.6s

[COMPLETE] Model: cnn_mnist_snn | LR: 0.05 | Steps: 500
[START] Model: cnn_mnist_snn | LR: 0.05 | Steps: 1000

[ByzFL-SNN] [Training Start] Model: cnn_mnist_snn | Dataset: mnist
[ByzFL-SNN]   Clients: 10 honest, 0 byzantine | Algorithm: DSGD