\BOOKMARK [1][-]{section.1}{\376\377\000A\000c\000t\000i\000v\000a\000t\000i\000o\000n\000\040\000D\000e\000f\000i\000n\000i\000t\000i\000o\000n\000s}{}% 1
\BOOKMARK [2][-]{subsection.1.1}{\376\377\000B\000a\000s\000e\000l\000i\000n\000e\000:\000\040\000H\000a\000r\000d\000t\000a\000n\000h\000\040\000C\000l\000i\000p\000\040\000\050\000e\000x\000i\000s\000t\000i\000n\000g\000,\000\040\000t\000r\000u\000e\000\040\000d\000e\000r\000i\000v\000a\000t\000i\000v\000e\000\051}{section.1}% 2
\BOOKMARK [2][-]{subsection.1.2}{\376\377\000S\000T\000E\000\040\000C\000l\000i\000p\000\040\000\050\000C\000l\000i\000p\000p\000e\000d\000R\000e\000L\000U\000\137\000S\000T\000E\000\051}{section.1}% 3
\BOOKMARK [2][-]{subsection.1.3}{\376\377\000R\000a\000m\000p\000\040\000C\000l\000i\000p\000\040\000\050\000C\000l\000i\000p\000p\000e\000d\000R\000e\000L\000U\000\137\000R\000a\000m\000p\000\051}{section.1}% 4
\BOOKMARK [2][-]{subsection.1.4}{\376\377\000F\000i\000x\000e\000d\000\040\000G\000r\000a\000d\000i\000e\000n\000t\000-\000N\000o\000r\000m\000\040\000C\000l\000i\000p\000\040\000\050\000g\000r\000a\000d\000i\000e\000n\000t\000\137\000c\000l\000i\000p\000\137\000v\000a\000l\000=\0002\0001\000\051}{section.1}% 5
\BOOKMARK [2][-]{subsection.1.5}{\376\377\000A\000d\000a\000p\000t\000i\000v\000e\000\040\000P\000e\000r\000-\000C\000o\000o\000r\000d\000i\000n\000a\000t\000e\000\040\000Q\000u\000a\000n\000t\000i\000l\000e\000\040\000C\000l\000i\000p\000\040\000\050\000A\000d\000a\000p\000t\000i\000v\000e\000Q\000u\000a\000n\000t\000i\000l\000e\000C\000l\000i\000p\000\051}{section.1}% 6
\BOOKMARK [2][-]{subsection.1.6}{\376\377\000A\000d\000a\000p\000t\000i\000v\000e\000\040\000C\000l\000i\000e\000n\000t\000-\000S\000i\000d\000e\000\040\000G\000r\000a\000d\000i\000e\000n\000t\000-\000N\000o\000r\000m\000\040\000C\000l\000i\000p}{section.1}% 7
\BOOKMARK [1][-]{section.2}{\376\377\000B\000e\000s\000t\000\040\000O\000v\000e\000r\000a\000l\000l\000\040\000P\000e\000r\000f\000o\000r\000m\000a\000n\000c\000e\000\040\000\050\000W\000o\000r\000s\000t\000-\000C\000a\000s\000e\000\040\000A\000c\000r\000o\000s\000s\000\040\000A\000t\000t\000a\000c\000k\000s\000\051}{}% 8
\BOOKMARK [1][-]{section.3}{\376\377\000B\000e\000s\000t\000\040\000A\000g\000g\000r\000e\000g\000a\000t\000o\000r\000\040\000u\000n\000d\000e\000r\000\040\000S\000p\000e\000c\000i\000f\000i\000c\000\040\000A\000t\000t\000a\000c\000k\000s}{}% 9
\BOOKMARK [2][-]{subsection.3.1}{\376\377\000O\000p\000t\000i\000m\000a\000l\000\040\000A\000L\000I\000E\000\040\000A\000t\000t\000a\000c\000k}{section.3}% 10
\BOOKMARK [2][-]{subsection.3.2}{\376\377\000S\000i\000g\000n\000\040\000F\000l\000i\000p\000p\000i\000n\000g\000\040\000A\000t\000t\000a\000c\000k}{section.3}% 11
\BOOKMARK [2][-]{subsection.3.3}{\376\377\000O\000p\000t\000i\000m\000a\000l\000\040\000I\000P\000M\000\040\000A\000t\000t\000a\000c\000k}{section.3}% 12
\BOOKMARK [1][-]{section.4}{\376\377\000C\000e\000n\000t\000e\000r\000e\000d\000\040\000C\000l\000i\000p\000p\000i\000n\000g\000\040\000\050\000C\000C\000\051}{}% 13
\BOOKMARK [2][-]{subsection.4.1}{\376\377\000C\000C\000\040\000u\000n\000d\000e\000r\000\040\000W\000o\000r\000s\000t\000-\000C\000a\000s\000e\000\040\000a\000c\000r\000o\000s\000s\000\040\000a\000l\000l\000\040\000A\000t\000t\000a\000c\000k\000s}{section.4}% 14
\BOOKMARK [2][-]{subsection.4.2}{\376\377\000C\000C\000\040\000u\000n\000d\000e\000r\000\040\000A\000L\000I\000E}{section.4}% 15
\BOOKMARK [2][-]{subsection.4.3}{\376\377\000C\000C\000\040\000u\000n\000d\000e\000r\000\040\000S\000F}{section.4}% 16
\BOOKMARK [2][-]{subsection.4.4}{\376\377\000C\000C\000\040\000u\000n\000d\000e\000r\000\040\000I\000P\000M}{section.4}% 17
\BOOKMARK [1][-]{section.5}{\376\377\000G\000e\000o\000m\000e\000t\000r\000i\000c\000\040\000M\000e\000d\000i\000a\000n\000\040\000\050\000G\000M\000\051}{}% 18
\BOOKMARK [2][-]{subsection.5.1}{\376\377\000G\000M\000\040\000u\000n\000d\000e\000r\000\040\000W\000o\000r\000s\000t\000-\000C\000a\000s\000e\000\040\000a\000c\000r\000o\000s\000s\000\040\000a\000l\000l\000\040\000A\000t\000t\000a\000c\000k\000s}{section.5}% 19
\BOOKMARK [2][-]{subsection.5.2}{\376\377\000G\000M\000\040\000u\000n\000d\000e\000r\000\040\000A\000L\000I\000E}{section.5}% 20
\BOOKMARK [2][-]{subsection.5.3}{\376\377\000G\000M\000\040\000u\000n\000d\000e\000r\000\040\000S\000F}{section.5}% 21
\BOOKMARK [2][-]{subsection.5.4}{\376\377\000G\000M\000\040\000u\000n\000d\000e\000r\000\040\000I\000P\000M}{section.5}% 22
\BOOKMARK [1][-]{section.6}{\376\377\000M\000u\000l\000t\000i\000-\000K\000r\000u\000m\000\040\000\050\000M\000K\000\051}{}% 23
\BOOKMARK [2][-]{subsection.6.1}{\376\377\000M\000K\000\040\000u\000n\000d\000e\000r\000\040\000W\000o\000r\000s\000t\000-\000C\000a\000s\000e\000\040\000a\000c\000r\000o\000s\000s\000\040\000a\000l\000l\000\040\000A\000t\000t\000a\000c\000k\000s}{section.6}% 24
\BOOKMARK [2][-]{subsection.6.2}{\376\377\000M\000K\000\040\000u\000n\000d\000e\000r\000\040\000A\000L\000I\000E}{section.6}% 25
\BOOKMARK [2][-]{subsection.6.3}{\376\377\000M\000K\000\040\000u\000n\000d\000e\000r\000\040\000S\000F}{section.6}% 26
\BOOKMARK [2][-]{subsection.6.4}{\376\377\000M\000K\000\040\000u\000n\000d\000e\000r\000\040\000I\000P\000M}{section.6}% 27
\BOOKMARK [1][-]{section.7}{\376\377\000T\000r\000i\000m\000m\000e\000d\000\040\000M\000e\000a\000n\000\040\000\050\000T\000M\000\051}{}% 28
\BOOKMARK [2][-]{subsection.7.1}{\376\377\000T\000M\000\040\000u\000n\000d\000e\000r\000\040\000W\000o\000r\000s\000t\000-\000C\000a\000s\000e\000\040\000a\000c\000r\000o\000s\000s\000\040\000a\000l\000l\000\040\000A\000t\000t\000a\000c\000k\000s}{section.7}% 29
\BOOKMARK [2][-]{subsection.7.2}{\376\377\000T\000M\000\040\000u\000n\000d\000e\000r\000\040\000A\000L\000I\000E}{section.7}% 30
\BOOKMARK [2][-]{subsection.7.3}{\376\377\000T\000M\000\040\000u\000n\000d\000e\000r\000\040\000S\000F}{section.7}% 31
\BOOKMARK [2][-]{subsection.7.4}{\376\377\000T\000M\000\040\000u\000n\000d\000e\000r\000\040\000I\000P\000M}{section.7}% 32
