This is pdfTeX, Version 3.141592653-2.6-1.40.29 (MiKTeX 26.5) (preloaded format=pdflatex 2026.6.22)  22 JUL 2026 12:34
entering extended mode
 restricted \write18 enabled.
 %&-line parsing enabled.
**./cifar_relu_vs_tanh_report.tex
(cifar_relu_vs_tanh_report.tex
LaTeX2e <2026-06-01>
L3 programming layer <2026-05-26>
(C:\Users\7430\AppData\Local\Programs\MiKTeX\tex/latex/base\article.cls
Document Class: article 2025/01/22 v1.4n Standard LaTeX document class
(C:\Users\7430\AppData\Local\Programs\MiKTeX\tex/latex/base\size10.clo
File: size10.clo 2025/01/22 v1.4n Standard LaTeX file (size option)
)
\c@part=\count276
\c@section=\count277
\c@subsection=\count278
\c@subsubsection=\count279
\c@paragraph=\count280
\c@subparagraph=\count281
\c@figure=\count282
\c@table=\count283
\abovecaptionskip=\skip49
\belowcaptionskip=\skip50
\bibindent=\dimen150
)
(C:\Users\7430\AppData\Local\Programs\MiKTeX\tex/latex/graphics\graphicx.sty
Package: graphicx 2026-05-17 v1.2e Enhanced LaTeX Graphics (DPC,SPQR)

(C:\Users\7430\AppData\Local\Programs\MiKTeX\tex/latex/graphics\keyval.sty
Package: keyval 2026-05-17 v1.15 key=value parser (DPC)
\KV@toks@=\toks17
)
(C:\Users\7430\AppData\Local\Programs\MiKTeX\tex/latex/graphics\graphics.sty
Package: graphics 2026-05-17 v1.4h Standard LaTeX Graphics (DPC,SPQR)

(C:\Users\7430\AppData\Local\Programs\MiKTeX\tex/latex/graphics\trig.sty
Package: trig 2023/12/02 v1.11 sin cos tan (DPC)
)
(C:\Users\7430\AppData\Local\Programs\MiKTeX\tex/latex/graphics-cfg\graphics.cf
g
File: graphics.cfg 2016/06/04 v1.11 sample graphics configuration
)
Package graphics Info: Driver file: pdftex.def on input line 106.

(C:\Users\7430\AppData\Local\Programs\MiKTeX\tex/latex/graphics-def\pdftex.def
File: pdftex.def 2025/09/29 v1.2d Graphics/color driver for pdftex
))
\Gin@req@height=\dimen151
\Gin@req@width=\dimen152
) (C:\Users\7430\AppData\Local\Programs\MiKTeX\tex/latex/geometry\geometry.sty
Package: geometry 2026/03/07 v6.0 Page Geometry
(C:\Users\7430\AppData\Local\Programs\MiKTeX\tex/generic/iftex\ifvtex.sty
Package: ifvtex 2019/10/25 v1.7 ifvtex legacy package. Use iftex instead.

(C:\Users\7430\AppData\Local\Programs\MiKTeX\tex/generic/iftex\iftex.sty
Package: iftex 2024/12/12 v1.0g TeX engine tests
))
\Gm@cnth=\count284
\Gm@cntv=\count285
\c@Gm@tempcnt=\count286
\Gm@bindingoffset=\dimen153
\Gm@wd@mp=\dimen154
\Gm@odd@mp=\dimen155
\Gm@even@mp=\dimen156
\Gm@layoutwidth=\dimen157
\Gm@layoutheight=\dimen158
\Gm@layouthoffset=\dimen159
\Gm@layoutvoffset=\dimen160
\Gm@dimlist=\toks18

(C:\Users\7430\AppData\Local\Programs\MiKTeX\tex/latex/geometry\geometry.cfg))
(C:\Users\7430\AppData\Local\Programs\MiKTeX\tex/latex/hyperref\hyperref.sty
Package: hyperref 2026-04-24 v7.01q Hypertext links for LaTeX

(C:\Users\7430\AppData\Local\Programs\MiKTeX\tex/latex/kvsetkeys\kvsetkeys.sty
Package: kvsetkeys 2022-10-05 v1.19 Key value parser (HO)
)
(C:\Users\7430\AppData\Local\Programs\MiKTeX\tex/generic/kvdefinekeys\kvdefinek
eys.sty
Package: kvdefinekeys 2019-12-19 v1.6 Define keys (HO)
)
(C:\Users\7430\AppData\Local\Programs\MiKTeX\tex/generic/pdfescape\pdfescape.st
y
Package: pdfescape 2019/12/09 v1.15 Implements pdfTeX's escape features (HO)
 (C:\Users\7430\AppData\Local\Programs\MiKTeX\tex/generic/ltxcmds\ltxcmds.sty
Package: ltxcmds 2023-12-04 v1.26 LaTeX kernel commands for general use (HO)
)
(C:\Users\7430\AppData\Local\Programs\MiKTeX\tex/generic/pdftexcmds\pdftexcmds.
sty
Package: pdftexcmds 2020-06-27 v0.33 Utility functions of pdfTeX for LuaTeX (HO
)

(C:\Users\7430\AppData\Local\Programs\MiKTeX\tex/generic/infwarerr\infwarerr.st
y
Package: infwarerr 2019/12/03 v1.5 Providing info/warning/error messages (HO)
)
Package pdftexcmds Info: \pdf@primitive is available.
Package pdftexcmds Info: \pdf@ifprimitive is available.
Package pdftexcmds Info: \pdfdraftmode found.
)) (C:\Users\7430\AppData\Local\Programs\MiKTeX\tex/latex/hycolor\hycolor.sty
Package: hycolor 2020-01-27 v1.10 Color options for hyperref/bookmark (HO)
) (C:\Users\7430\AppData\Local\Programs\MiKTeX\tex/latex/hyperref\nameref.sty
Package: nameref 2026-01-29 v2.58 Cross-referencing by name of section

(C:\Users\7430\AppData\Local\Programs\MiKTeX\tex/latex/refcount\refcount.sty
Package: refcount 2019/12/15 v3.6 Data extraction from label references (HO)
)
(C:\Users\7430\AppData\Local\Programs\MiKTeX\tex/generic/gettitlestring\gettitl
estring.sty
Package: gettitlestring 2019/12/15 v1.6 Cleanup title references (HO)

(C:\Users\7430\AppData\Local\Programs\MiKTeX\tex/latex/kvoptions\kvoptions.sty
Package: kvoptions 2022-06-15 v3.15 Key value format for package options (HO)
))
\c@section@level=\count287
) (C:\Users\7430\AppData\Local\Programs\MiKTeX\tex/latex/etoolbox\etoolbox.sty
Package: etoolbox 2025/10/02 v2.5m e-TeX tools for LaTeX (JAW)
\etb@tempcnta=\count288
)
(C:\Users\7430\AppData\Local\Programs\MiKTeX\tex/generic/stringenc\stringenc.st
y
Package: stringenc 2019/11/29 v1.12 Convert strings between diff. encodings (HO
)
)
\@linkdim=\dimen161
\Hy@linkcounter=\count289
\Hy@pagecounter=\count290
 (C:\Users\7430\AppData\Local\Programs\MiKTeX\tex/latex/hyperref\pd1enc.def
File: pd1enc.def 2026-04-24 v7.01q Hyperref: PDFDocEncoding definition (HO)
Now handling font encoding PD1 ...
... no UTF-8 mapping file for font encoding PD1
)
(C:\Users\7430\AppData\Local\Programs\MiKTeX\tex/generic/intcalc\intcalc.sty
Package: intcalc 2019/12/15 v1.3 Expandable calculations with integers (HO)
)
\Hy@SavedSpaceFactor=\count291

(C:\Users\7430\AppData\Local\Programs\MiKTeX\tex/latex/hyperref\puenc.def
File: puenc.def 2026-04-24 v7.01q Hyperref: PDF Unicode definition (HO)
Now handling font encoding PU ...
... no UTF-8 mapping file for font encoding PU
)
Package hyperref Info: Hyper figures OFF on input line 4199.
Package hyperref Info: Link nesting OFF on input line 4204.
Package hyperref Info: Hyper index ON on input line 4207.
Package hyperref Info: Plain pages OFF on input line 4214.
Package hyperref Info: Backreferencing OFF on input line 4219.
Package hyperref Info: Implicit mode ON; LaTeX internals redefined.
Package hyperref Info: Bookmarks ON on input line 4466.
\c@Hy@tempcnt=\count292

(C:\Users\7430\AppData\Local\Programs\MiKTeX\tex/latex/url\url.sty
\Urlmuskip=\muskip17
Package: url 2013/09/16  ver 3.4  Verb mode for urls, etc.
)
LaTeX Info: Redefining \url on input line 4805.
\XeTeXLinkMargin=\dimen162

(C:\Users\7430\AppData\Local\Programs\MiKTeX\tex/generic/bitset\bitset.sty
Package: bitset 2019/12/09 v1.3 Handle bit-vector datatype (HO)

(C:\Users\7430\AppData\Local\Programs\MiKTeX\tex/generic/bigintcalc\bigintcalc.
sty
Package: bigintcalc 2019/12/15 v1.5 Expandable calculations on big integers (HO
)
))
\Fld@menulength=\count293
\Field@Width=\dimen163
\Fld@charsize=\dimen164
Package hyperref Info: Hyper figures OFF on input line 6091.
Package hyperref Info: Link nesting OFF on input line 6096.
Package hyperref Info: Hyper index ON on input line 6099.
Package hyperref Info: backreferencing OFF on input line 6106.
Package hyperref Info: Link coloring OFF on input line 6111.
Package hyperref Info: Link coloring with OCG OFF on input line 6116.
Package hyperref Info: PDF/A mode OFF on input line 6121.
\Hy@abspage=\count294
\c@Item=\count295
\c@Hfootnote=\count296
)
Package hyperref Info: Driver (autodetected): hpdftex.

(C:\Users\7430\AppData\Local\Programs\MiKTeX\tex/latex/hyperref\hpdftex.def
File: hpdftex.def 2026-04-24 v7.01q Hyperref driver for pdfTeX
\Fld@listcount=\count297
\c@bookmark@seq@number=\count298

(C:\Users\7430\AppData\Local\Programs\MiKTeX\tex/latex/rerunfilecheck\rerunfile
check.sty
Package: rerunfilecheck 2025-06-21 v1.11 Rerun checks for auxiliary files (HO)

(C:\Users\7430\AppData\Local\Programs\MiKTeX\tex/generic/uniquecounter\uniqueco
unter.sty
Package: uniquecounter 2019/12/15 v1.4 Provide unlimited unique counter (HO)
)
Package uniquecounter Info: New unique counter `rerunfilecheck' on input line 2
84.
)
\Hy@SectionHShift=\skip51
)
(C:\Users\7430\AppData\Local\Programs\MiKTeX\tex/latex/booktabs\booktabs.sty
Package: booktabs 2020/01/12 v1.61803398 Publication quality tables
\heavyrulewidth=\dimen165
\lightrulewidth=\dimen166
\cmidrulewidth=\dimen167
\belowrulesep=\dimen168
\belowbottomsep=\dimen169
\aboverulesep=\dimen170
\abovetopsep=\dimen171
\cmidrulesep=\dimen172
\cmidrulekern=\dimen173
\defaultaddspace=\dimen174
\@cmidla=\count299
\@cmidlb=\count300
\@aboverulesep=\dimen175
\@belowrulesep=\dimen176
\@thisruleclass=\count301
\@lastruleclass=\count302
\@thisrulewidth=\dimen177
)
(C:\Users\7430\AppData\Local\Programs\MiKTeX\tex/latex/caption\subcaption.sty
Package: subcaption 2023/07/28 v1.6b Sub-captions (AR)

(C:\Users\7430\AppData\Local\Programs\MiKTeX\tex/latex/caption\caption.sty
Package: caption 2023/08/05 v3.6o Customizing captions (AR)

(C:\Users\7430\AppData\Local\Programs\MiKTeX\tex/latex/caption\caption3.sty
Package: caption3 2023/07/31 v2.4d caption3 kernel (AR)
\caption@tempdima=\dimen178
\captionmargin=\dimen179
\caption@leftmargin=\dimen180
\caption@rightmargin=\dimen181
\caption@width=\dimen182
\caption@indent=\dimen183
\caption@parindent=\dimen184
\caption@hangindent=\dimen185
Package caption Info: Standard document class detected.
)
\c@caption@flags=\count303
\c@continuedfloat=\count304
Package caption Info: hyperref package is loaded.
)
Package caption Info: New subtype `subfigure' on input line 238.
\c@subfigure=\count305
Package caption Info: New subtype `subtable' on input line 238.
\c@subtable=\count306
)
(C:\Users\7430\AppData\Local\Programs\MiKTeX\tex/latex/amsmath\amsmath.sty
Package: amsmath 2026/05/19 v2.18d AMS math features
\@mathmargin=\skip52

For additional information on amsmath, use the `?' option.
(C:\Users\7430\AppData\Local\Programs\MiKTeX\tex/latex/amsmath\amstext.sty
Package: amstext 2024/11/17 v2.01 AMS text

(C:\Users\7430\AppData\Local\Programs\MiKTeX\tex/latex/amsmath\amsgen.sty
File: amsgen.sty 1999/11/30 v2.0 generic functions
\@emptytoks=\toks19
\ex@=\dimen186
))
(C:\Users\7430\AppData\Local\Programs\MiKTeX\tex/latex/amsmath\amsbsy.sty
Package: amsbsy 1999/11/29 v1.2d Bold Symbols
\pmbraise@=\dimen187
)
(C:\Users\7430\AppData\Local\Programs\MiKTeX\tex/latex/amsmath\amsopn.sty
Package: amsopn 2022/04/08 v2.04 operator names
)
\inf@bad=\count307
LaTeX Info: Redefining \frac on input line 233.
\uproot@=\count308
\leftroot@=\count309
LaTeX Info: Redefining \overline on input line 398.
LaTeX Info: Redefining \colon on input line 409.
\classnum@=\count310
\DOTSCASE@=\count311
LaTeX Info: Redefining \ldots on input line 495.
LaTeX Info: Redefining \dots on input line 498.
LaTeX Info: Redefining \cdots on input line 619.
\Mathstrutbox@=\box53
\strutbox@=\box54
LaTeX Info: Redefining \big on input line 721.
LaTeX Info: Redefining \Big on input line 722.
LaTeX Info: Redefining \bigg on input line 723.
LaTeX Info: Redefining \Bigg on input line 724.
\big@size=\dimen188
LaTeX Font Info:    Redeclaring font encoding OML on input line 742.
LaTeX Font Info:    Redeclaring font encoding OMS on input line 743.
\macc@depth=\count312
LaTeX Info: Redefining \bmod on input line 904.
LaTeX Info: Redefining \pmod on input line 909.
LaTeX Info: Redefining \smash on input line 939.
LaTeX Info: Redefining \relbar on input line 969.
LaTeX Info: Redefining \Relbar on input line 970.
\c@MaxMatrixCols=\count313
\dotsspace@=\muskip18
\c@parentequation=\count314
\dspbrk@lvl=\count315
\tag@help=\toks20
\row@=\count316
\column@=\count317
\maxfields@=\count318
\andhelp@=\toks21
\eqnshift@=\dimen189
\alignsep@=\dimen190
\tagshift@=\dimen191
\tagwidth@=\dimen192
\totwidth@=\dimen193
\lineht@=\dimen194
\@envbody=\toks22
\multlinegap=\skip53
\multlinetaggap=\skip54
\mathdisplay@stack=\toks23
LaTeX Info: Redefining \[ on input line 2965.
LaTeX Info: Redefining \] on input line 2966.
)
Package hyperref Info: Option `colorlinks' set `true' on input line 16.

(C:\Users\7430\AppData\Local\Programs\MiKTeX\tex/latex/l3backend\l3backend-pdft
ex.def
File: l3backend-pdftex.def 2026-02-18 L3 backend support: PDF output (pdfTeX)
\l__color_backend_stack_int=\count319
) (cifar_relu_vs_tanh_report.aux)
\openout1 = `cifar_relu_vs_tanh_report.aux'.

LaTeX Font Info:    Checking defaults for OML/cmm/m/it on input line 22.
LaTeX Font Info:    ... okay on input line 22.
LaTeX Font Info:    Checking defaults for OMS/cmsy/m/n on input line 22.
LaTeX Font Info:    ... okay on input line 22.
LaTeX Font Info:    Checking defaults for OT1/cmr/m/n on input line 22.
LaTeX Font Info:    ... okay on input line 22.
LaTeX Font Info:    Checking defaults for T1/cmr/m/n on input line 22.
LaTeX Font Info:    ... okay on input line 22.
LaTeX Font Info:    Checking defaults for TS1/cmr/m/n on input line 22.
LaTeX Font Info:    ... okay on input line 22.
LaTeX Font Info:    Checking defaults for OMX/cmex/m/n on input line 22.
LaTeX Font Info:    ... okay on input line 22.
LaTeX Font Info:    Checking defaults for U/cmr/m/n on input line 22.
LaTeX Font Info:    ... okay on input line 22.
LaTeX Font Info:    Checking defaults for PD1/pdf/m/n on input line 22.
LaTeX Font Info:    ... okay on input line 22.
LaTeX Font Info:    Checking defaults for PU/pdf/m/n on input line 22.
LaTeX Font Info:    ... okay on input line 22.

(C:\Users\7430\AppData\Local\Programs\MiKTeX\tex/context/base/mkii\supp-pdf.mki
i
[Loading MPS to PDF converter (version 2006.09.02).]
\scratchcounter=\count320
\scratchdimen=\dimen195
\scratchbox=\box55
\nofMPsegments=\count321
\nofMParguments=\count322
\everyMPshowfont=\toks24
\MPscratchCnt=\count323
\MPscratchDim=\dimen196
\MPnumerator=\count324
\makeMPintoPDFobject=\count325
\everyMPtoPDFconversion=\toks25
)
(C:\Users\7430\AppData\Local\Programs\MiKTeX\tex/latex/epstopdf-pkg\epstopdf-ba
se.sty
Package: epstopdf-base 2020-01-24 v2.11 Base part for package epstopdf
 (C:\Users\7430\AppData\Local\Programs\MiKTeX\tex/latex/grfext\grfext.sty
Package: grfext 2019/12/03 v1.3 Manage graphics extensions (HO)
)
Package epstopdf-base Info: Redefining graphics rule for `.eps' on input line 4
85.
Package grfext Info: Graphics extension search list:
(grfext)             [.pdf,.png,.jpg,.mps,.jpeg,.jbig2,.jb2,.PDF,.PNG,.JPG,.JPE
G,.JBIG2,.JB2,.eps]
(grfext)             \AppendGraphicsExtensions on input line 504.

(C:\Users\7430\AppData\Local\Programs\MiKTeX\tex/latex/00miktex\epstopdf-sys.cf
g
File: epstopdf-sys.cfg 2021/03/18 v2.0 Configuration of epstopdf for MiKTeX
))
*geometry* driver: auto-detecting
*geometry* detected driver: pdftex
*geometry* verbose mode - [ preamble ] result:
* driver: pdftex
* paper: a4paper
* layout: <same size as paper>
* layoutoffset:(h,v)=(0.0pt,0.0pt)
* modes: 
* h-part:(L,W,R)=(46.97505pt, 503.55777pt, 46.97505pt)
* v-part:(T,H,B)=(46.97505pt, 751.09674pt, 46.97505pt)
* \paperwidth=597.50787pt
* \paperheight=845.04684pt
* \textwidth=503.55777pt
* \textheight=751.09674pt
* \oddsidemargin=-25.29494pt
* \evensidemargin=-25.29494pt
* \topmargin=-62.29494pt
* \headheight=12.0pt
* \headsep=25.0pt
* \topskip=10.0pt
* \footskip=30.0pt
* \marginparwidth=65.0pt
* \marginparsep=11.0pt
* \columnsep=10.0pt
* \skip\footins=9.0pt plus 4.0pt minus 2.0pt
* \hoffset=0.0pt
* \voffset=0.0pt
* \mag=1000
* \@twocolumnfalse
* \@twosidefalse
* \@mparswitchfalse
* \@reversemarginfalse
* (1in=72.27pt=25.4mm, 1cm=28.453pt)

(C:\Users\7430\AppData\Local\Programs\MiKTeX\tex/latex/graphics\color.sty
Package: color 2026-05-17 v1.3f Standard LaTeX Color (DPC)

(C:\Users\7430\AppData\Local\Programs\MiKTeX\tex/latex/graphics-cfg\color.cfg
File: color.cfg 2016/01/02 v1.6 sample color configuration
)
Package color Info: Driver file: pdftex.def on input line 149.

(C:\Users\7430\AppData\Local\Programs\MiKTeX\tex/latex/graphics\mathcolor.ltx))
Package hyperref Info: Link coloring ON on input line 22.
(cifar_relu_vs_tanh_report.out) (cifar_relu_vs_tanh_report.out)
\@outlinefile=\write3
\openout3 = `cifar_relu_vs_tanh_report.out'.

Package caption Info: Begin \AtBeginDocument code.
Package caption Info: End \AtBeginDocument code.
 [1

{C:/Users/7430/AppData/Local/MiKTeX/fonts/map/pdftex/pdftex.map}]
(cifar_relu_vs_tanh_report.toc)
\tf@toc=\write4
\openout4 = `cifar_relu_vs_tanh_report.toc'.

 [2

] [3

]
<../plots/cifar-relu-heatmap-22-07/best_test_cifar10_cnn_cifar_gamma_similarity
_niid_NNM_ARC_nb_honest_clients_10_tolerated_f_equal_real.pdf, id=155, 462.5279
8pt x 346.89601pt>
File: ../plots/cifar-relu-heatmap-22-07/best_test_cifar10_cnn_cifar_gamma_simil
arity_niid_NNM_ARC_nb_honest_clients_10_tolerated_f_equal_real.pdf Graphic file
 (type pdf)
<use ../plots/cifar-relu-heatmap-22-07/best_test_cifar10_cnn_cifar_gamma_simila
rity_niid_NNM_ARC_nb_honest_clients_10_tolerated_f_equal_real.pdf>
Package pdftex.def Info: ../plots/cifar-relu-heatmap-22-07/best_test_cifar10_cn
n_cifar_gamma_similarity_niid_NNM_ARC_nb_honest_clients_10_tolerated_f_equal_re
al.pdf  used on input line 45.
(pdftex.def)             Requested size: 241.70557pt x 181.28151pt.
<../plots/cifar-tanh-heatmap-22-07/best_test_cifar10_cnn_cifar_tanh_gamma_simil
arity_niid_NNM_ARC_nb_honest_clients_10_tolerated_f_equal_real.pdf, id=156, 462
.52798pt x 346.89601pt>
File: ../plots/cifar-tanh-heatmap-22-07/best_test_cifar10_cnn_cifar_tanh_gamma_
similarity_niid_NNM_ARC_nb_honest_clients_10_tolerated_f_equal_real.pdf Graphic
 file (type pdf)
<use ../plots/cifar-tanh-heatmap-22-07/best_test_cifar10_cnn_cifar_tanh_gamma_s
imilarity_niid_NNM_ARC_nb_honest_clients_10_tolerated_f_equal_real.pdf>
Package pdftex.def Info: ../plots/cifar-tanh-heatmap-22-07/best_test_cifar10_cn
n_cifar_tanh_gamma_similarity_niid_NNM_ARC_nb_honest_clients_10_tolerated_f_equ
al_real.pdf  used on input line 52.
(pdftex.def)             Requested size: 241.70557pt x 181.28151pt.
 [4

 <../plots/cifar-relu-heatmap-22-07/best_test_cifar10_cnn_cifar_gamma_similarit
y_niid_NNM_ARC_nb_honest_clients_10_tolerated_f_equal_real.pdf> <../plots/cifar
-tanh-heatmap-22-07/best_test_cifar10_cnn_cifar_tanh_gamma_similarity_niid_NNM_
ARC_nb_honest_clients_10_tolerated_f_equal_real.pdf>]
<../plots/cifar-relu-heatmap-22-07/best_test_Optimal_ALittleIsEnough_neg1_cifar
10_cnn_cifar_gamma_similarity_niid_NNM_ARC_nb_honest_clients_10_tolerated_f_equ
al_real.pdf, id=245, 462.52798pt x 346.89601pt>
File: ../plots/cifar-relu-heatmap-22-07/best_test_Optimal_ALittleIsEnough_neg1_
cifar10_cnn_cifar_gamma_similarity_niid_NNM_ARC_nb_honest_clients_10_tolerated_
f_equal_real.pdf Graphic file (type pdf)
<use ../plots/cifar-relu-heatmap-22-07/best_test_Optimal_ALittleIsEnough_neg1_c
ifar10_cnn_cifar_gamma_similarity_niid_NNM_ARC_nb_honest_clients_10_tolerated_f
_equal_real.pdf>
Package pdftex.def Info: ../plots/cifar-relu-heatmap-22-07/best_test_Optimal_AL
ittleIsEnough_neg1_cifar10_cnn_cifar_gamma_similarity_niid_NNM_ARC_nb_honest_cl
ients_10_tolerated_f_equal_real.pdf  used on input line 67.
(pdftex.def)             Requested size: 241.70557pt x 181.28151pt.
<../plots/cifar-tanh-heatmap-22-07/best_test_Optimal_ALittleIsEnough_neg1_cifar
10_cnn_cifar_tanh_gamma_similarity_niid_NNM_ARC_nb_honest_clients_10_tolerated_
f_equal_real.pdf, id=246, 462.52798pt x 346.89601pt>
File: ../plots/cifar-tanh-heatmap-22-07/best_test_Optimal_ALittleIsEnough_neg1_
cifar10_cnn_cifar_tanh_gamma_similarity_niid_NNM_ARC_nb_honest_clients_10_toler
ated_f_equal_real.pdf Graphic file (type pdf)
<use ../plots/cifar-tanh-heatmap-22-07/best_test_Optimal_ALittleIsEnough_neg1_c
ifar10_cnn_cifar_tanh_gamma_similarity_niid_NNM_ARC_nb_honest_clients_10_tolera
ted_f_equal_real.pdf>
Package pdftex.def Info: ../plots/cifar-tanh-heatmap-22-07/best_test_Optimal_AL
ittleIsEnough_neg1_cifar10_cnn_cifar_tanh_gamma_similarity_niid_NNM_ARC_nb_hone
st_clients_10_tolerated_f_equal_real.pdf  used on input line 74.
(pdftex.def)             Requested size: 241.70557pt x 181.28151pt.
 [5

 <../plots/cifar-relu-heatmap-22-07/best_test_Optimal_ALittleIsEnough_neg1_cifa
r10_cnn_cifar_gamma_similarity_niid_NNM_ARC_nb_honest_clients_10_tolerated_f_eq
ual_real.pdf> <../plots/cifar-tanh-heatmap-22-07/best_test_Optimal_ALittleIsEno
ugh_neg1_cifar10_cnn_cifar_tanh_gamma_similarity_niid_NNM_ARC_nb_honest_clients
_10_tolerated_f_equal_real.pdf>]
<../plots/cifar-relu-heatmap-22-07/best_test_SignFlipping_cifar10_cnn_cifar_gam
ma_similarity_niid_NNM_ARC_nb_honest_clients_10_tolerated_f_equal_real.pdf, id=
352, 462.52798pt x 346.89601pt>
File: ../plots/cifar-relu-heatmap-22-07/best_test_SignFlipping_cifar10_cnn_cifa
r_gamma_similarity_niid_NNM_ARC_nb_honest_clients_10_tolerated_f_equal_real.pdf
 Graphic file (type pdf)
<use ../plots/cifar-relu-heatmap-22-07/best_test_SignFlipping_cifar10_cnn_cifar
_gamma_similarity_niid_NNM_ARC_nb_honest_clients_10_tolerated_f_equal_real.pdf>

Package pdftex.def Info: ../plots/cifar-relu-heatmap-22-07/best_test_SignFlippi
ng_cifar10_cnn_cifar_gamma_similarity_niid_NNM_ARC_nb_honest_clients_10_tolerat
ed_f_equal_real.pdf  used on input line 87.
(pdftex.def)             Requested size: 241.70557pt x 181.28151pt.
<../plots/cifar-tanh-heatmap-22-07/best_test_SignFlipping_cifar10_cnn_cifar_tan
h_gamma_similarity_niid_NNM_ARC_nb_honest_clients_10_tolerated_f_equal_real.pdf
, id=353, 462.52798pt x 346.89601pt>
File: ../plots/cifar-tanh-heatmap-22-07/best_test_SignFlipping_cifar10_cnn_cifa
r_tanh_gamma_similarity_niid_NNM_ARC_nb_honest_clients_10_tolerated_f_equal_rea
l.pdf Graphic file (type pdf)
<use ../plots/cifar-tanh-heatmap-22-07/best_test_SignFlipping_cifar10_cnn_cifar
_tanh_gamma_similarity_niid_NNM_ARC_nb_honest_clients_10_tolerated_f_equal_real
.pdf>
Package pdftex.def Info: ../plots/cifar-tanh-heatmap-22-07/best_test_SignFlippi
ng_cifar10_cnn_cifar_tanh_gamma_similarity_niid_NNM_ARC_nb_honest_clients_10_to
lerated_f_equal_real.pdf  used on input line 94.
(pdftex.def)             Requested size: 241.70557pt x 181.28151pt.
 [6

 <../plots/cifar-relu-heatmap-22-07/best_test_SignFlipping_cifar10_cnn_cifar_ga
mma_similarity_niid_NNM_ARC_nb_honest_clients_10_tolerated_f_equal_real.pdf> <.
./plots/cifar-tanh-heatmap-22-07/best_test_SignFlipping_cifar10_cnn_cifar_tanh_
gamma_similarity_niid_NNM_ARC_nb_honest_clients_10_tolerated_f_equal_real.pdf>]
<../plots/cifar-relu-heatmap-22-07/best_test_Optimal_InnerProductManipulation_c
ifar10_cnn_cifar_gamma_similarity_niid_NNM_ARC_nb_honest_clients_10_tolerated_f
_equal_real.pdf, id=453, 462.52798pt x 346.89601pt>
File: ../plots/cifar-relu-heatmap-22-07/best_test_Optimal_InnerProductManipulat
ion_cifar10_cnn_cifar_gamma_similarity_niid_NNM_ARC_nb_honest_clients_10_tolera
ted_f_equal_real.pdf Graphic file (type pdf)
<use ../plots/cifar-relu-heatmap-22-07/best_test_Optimal_InnerProductManipulati
on_cifar10_cnn_cifar_gamma_similarity_niid_NNM_ARC_nb_honest_clients_10_tolerat
ed_f_equal_real.pdf>
Package pdftex.def Info: ../plots/cifar-relu-heatmap-22-07/best_test_Optimal_In
nerProductManipulation_cifar10_cnn_cifar_gamma_similarity_niid_NNM_ARC_nb_hones
t_clients_10_tolerated_f_equal_real.pdf  used on input line 107.
(pdftex.def)             Requested size: 241.70557pt x 181.28151pt.
<../plots/cifar-tanh-heatmap-22-07/best_test_Optimal_InnerProductManipulation_c
ifar10_cnn_cifar_tanh_gamma_similarity_niid_NNM_ARC_nb_honest_clients_10_tolera
ted_f_equal_real.pdf, id=454, 462.52798pt x 346.89601pt>
File: ../plots/cifar-tanh-heatmap-22-07/best_test_Optimal_InnerProductManipulat
ion_cifar10_cnn_cifar_tanh_gamma_similarity_niid_NNM_ARC_nb_honest_clients_10_t
olerated_f_equal_real.pdf Graphic file (type pdf)
<use ../plots/cifar-tanh-heatmap-22-07/best_test_Optimal_InnerProductManipulati
on_cifar10_cnn_cifar_tanh_gamma_similarity_niid_NNM_ARC_nb_honest_clients_10_to
lerated_f_equal_real.pdf>
Package pdftex.def Info: ../plots/cifar-tanh-heatmap-22-07/best_test_Optimal_In
nerProductManipulation_cifar10_cnn_cifar_tanh_gamma_similarity_niid_NNM_ARC_nb_
honest_clients_10_tolerated_f_equal_real.pdf  used on input line 114.
(pdftex.def)             Requested size: 241.70557pt x 181.28151pt.
 [7

 <../plots/cifar-relu-heatmap-22-07/best_test_Optimal_InnerProductManipulation_
cifar10_cnn_cifar_gamma_similarity_niid_NNM_ARC_nb_honest_clients_10_tolerated_
f_equal_real.pdf> <../plots/cifar-tanh-heatmap-22-07/best_test_Optimal_InnerPro
ductManipulation_cifar10_cnn_cifar_tanh_gamma_similarity_niid_NNM_ARC_nb_honest
_clients_10_tolerated_f_equal_real.pdf>]
<../plots/cifar-relu-heatmap-22-07/test_cifar10_cnn_cifar_gamma_similarity_niid
_NNM_ARC_CenteredClipping_nb_honest_clients_10_tolerated_f_equal_real.pdf, id=5
63, 462.52798pt x 346.89601pt>
File: ../plots/cifar-relu-heatmap-22-07/test_cifar10_cnn_cifar_gamma_similarity
_niid_NNM_ARC_CenteredClipping_nb_honest_clients_10_tolerated_f_equal_real.pdf 
Graphic file (type pdf)
<use ../plots/cifar-relu-heatmap-22-07/test_cifar10_cnn_cifar_gamma_similarity_
niid_NNM_ARC_CenteredClipping_nb_honest_clients_10_tolerated_f_equal_real.pdf>
Package pdftex.def Info: ../plots/cifar-relu-heatmap-22-07/test_cifar10_cnn_cif
ar_gamma_similarity_niid_NNM_ARC_CenteredClipping_nb_honest_clients_10_tolerate
d_f_equal_real.pdf  used on input line 128.
(pdftex.def)             Requested size: 241.70557pt x 181.28151pt.
<../plots/cifar-tanh-heatmap-22-07/test_cifar10_cnn_cifar_tanh_gamma_similarity
_niid_NNM_ARC_CenteredClipping_nb_honest_clients_10_tolerated_f_equal_real.pdf,
 id=564, 462.52798pt x 346.89601pt>
File: ../plots/cifar-tanh-heatmap-22-07/test_cifar10_cnn_cifar_tanh_gamma_simil
arity_niid_NNM_ARC_CenteredClipping_nb_honest_clients_10_tolerated_f_equal_real
.pdf Graphic file (type pdf)
<use ../plots/cifar-tanh-heatmap-22-07/test_cifar10_cnn_cifar_tanh_gamma_simila
rity_niid_NNM_ARC_CenteredClipping_nb_honest_clients_10_tolerated_f_equal_real.
pdf>
Package pdftex.def Info: ../plots/cifar-tanh-heatmap-22-07/test_cifar10_cnn_cif
ar_tanh_gamma_similarity_niid_NNM_ARC_CenteredClipping_nb_honest_clients_10_tol
erated_f_equal_real.pdf  used on input line 135.
(pdftex.def)             Requested size: 241.70557pt x 181.28151pt.
 [8

 <../plots/cifar-relu-heatmap-22-07/test_cifar10_cnn_cifar_gamma_similarity_nii
d_NNM_ARC_CenteredClipping_nb_honest_clients_10_tolerated_f_equal_real.pdf> <..
/plots/cifar-tanh-heatmap-22-07/test_cifar10_cnn_cifar_tanh_gamma_similarity_ni
id_NNM_ARC_CenteredClipping_nb_honest_clients_10_tolerated_f_equal_real.pdf>]
<../plots/cifar-relu-heatmap-22-07/test_Optimal_ALittleIsEnough_neg1_cifar10_cn
n_cifar_gamma_similarity_niid_NNM_ARC_CenteredClipping_nb_honest_clients_10_tol
erated_f_equal_real.pdf, id=652, 462.52798pt x 346.89601pt>
File: ../plots/cifar-relu-heatmap-22-07/test_Optimal_ALittleIsEnough_neg1_cifar
10_cnn_cifar_gamma_similarity_niid_NNM_ARC_CenteredClipping_nb_honest_clients_1
0_tolerated_f_equal_real.pdf Graphic file (type pdf)
<use ../plots/cifar-relu-heatmap-22-07/test_Optimal_ALittleIsEnough_neg1_cifar1
0_cnn_cifar_gamma_similarity_niid_NNM_ARC_CenteredClipping_nb_honest_clients_10
_tolerated_f_equal_real.pdf>
Package pdftex.def Info: ../plots/cifar-relu-heatmap-22-07/test_Optimal_ALittle
IsEnough_neg1_cifar10_cnn_cifar_gamma_similarity_niid_NNM_ARC_CenteredClipping_
nb_honest_clients_10_tolerated_f_equal_real.pdf  used on input line 148.
(pdftex.def)             Requested size: 241.70557pt x 181.28151pt.
<../plots/cifar-tanh-heatmap-22-07/test_Optimal_ALittleIsEnough_neg1_cifar10_cn
n_cifar_tanh_gamma_similarity_niid_NNM_ARC_CenteredClipping_nb_honest_clients_1
0_tolerated_f_equal_real.pdf, id=653, 462.52798pt x 346.89601pt>
File: ../plots/cifar-tanh-heatmap-22-07/test_Optimal_ALittleIsEnough_neg1_cifar
10_cnn_cifar_tanh_gamma_similarity_niid_NNM_ARC_CenteredClipping_nb_honest_clie
nts_10_tolerated_f_equal_real.pdf Graphic file (type pdf)
<use ../plots/cifar-tanh-heatmap-22-07/test_Optimal_ALittleIsEnough_neg1_cifar1
0_cnn_cifar_tanh_gamma_similarity_niid_NNM_ARC_CenteredClipping_nb_honest_clien
ts_10_tolerated_f_equal_real.pdf>
Package pdftex.def Info: ../plots/cifar-tanh-heatmap-22-07/test_Optimal_ALittle
IsEnough_neg1_cifar10_cnn_cifar_tanh_gamma_similarity_niid_NNM_ARC_CenteredClip
ping_nb_honest_clients_10_tolerated_f_equal_real.pdf  used on input line 155.
(pdftex.def)             Requested size: 241.70557pt x 181.28151pt.
 [9

 <../plots/cifar-relu-heatmap-22-07/test_Optimal_ALittleIsEnough_neg1_cifar10_c
nn_cifar_gamma_similarity_niid_NNM_ARC_CenteredClipping_nb_honest_clients_10_to
lerated_f_equal_real.pdf> <../plots/cifar-tanh-heatmap-22-07/test_Optimal_ALitt
leIsEnough_neg1_cifar10_cnn_cifar_tanh_gamma_similarity_niid_NNM_ARC_CenteredCl
ipping_nb_honest_clients_10_tolerated_f_equal_real.pdf>]
<../plots/cifar-relu-heatmap-22-07/test_SignFlipping_cifar10_cnn_cifar_gamma_si
milarity_niid_NNM_ARC_CenteredClipping_nb_honest_clients_10_tolerated_f_equal_r
eal.pdf, id=759, 462.52798pt x 346.89601pt>
File: ../plots/cifar-relu-heatmap-22-07/test_SignFlipping_cifar10_cnn_cifar_gam
ma_similarity_niid_NNM_ARC_CenteredClipping_nb_honest_clients_10_tolerated_f_eq
ual_real.pdf Graphic file (type pdf)
<use ../plots/cifar-relu-heatmap-22-07/test_SignFlipping_cifar10_cnn_cifar_gamm
a_similarity_niid_NNM_ARC_CenteredClipping_nb_honest_clients_10_tolerated_f_equ
al_real.pdf>
Package pdftex.def Info: ../plots/cifar-relu-heatmap-22-07/test_SignFlipping_ci
far10_cnn_cifar_gamma_similarity_niid_NNM_ARC_CenteredClipping_nb_honest_client
s_10_tolerated_f_equal_real.pdf  used on input line 168.
(pdftex.def)             Requested size: 241.70557pt x 181.28151pt.
<../plots/cifar-tanh-heatmap-22-07/test_SignFlipping_cifar10_cnn_cifar_tanh_gam
ma_similarity_niid_NNM_ARC_CenteredClipping_nb_honest_clients_10_tolerated_f_eq
ual_real.pdf, id=760, 462.52798pt x 346.89601pt>
File: ../plots/cifar-tanh-heatmap-22-07/test_SignFlipping_cifar10_cnn_cifar_tan
h_gamma_similarity_niid_NNM_ARC_CenteredClipping_nb_honest_clients_10_tolerated
_f_equal_real.pdf Graphic file (type pdf)
<use ../plots/cifar-tanh-heatmap-22-07/test_SignFlipping_cifar10_cnn_cifar_tanh
_gamma_similarity_niid_NNM_ARC_CenteredClipping_nb_honest_clients_10_tolerated_
f_equal_real.pdf>
Package pdftex.def Info: ../plots/cifar-tanh-heatmap-22-07/test_SignFlipping_ci
far10_cnn_cifar_tanh_gamma_similarity_niid_NNM_ARC_CenteredClipping_nb_honest_c
lients_10_tolerated_f_equal_real.pdf  used on input line 175.
(pdftex.def)             Requested size: 241.70557pt x 181.28151pt.

[10

 <../plots/cifar-relu-heatmap-22-07/test_SignFlipping_cifar10_cnn_cifar_gamma_s
imilarity_niid_NNM_ARC_CenteredClipping_nb_honest_clients_10_tolerated_f_equal_
real.pdf> <../plots/cifar-tanh-heatmap-22-07/test_SignFlipping_cifar10_cnn_cifa
r_tanh_gamma_similarity_niid_NNM_ARC_CenteredClipping_nb_honest_clients_10_tole
rated_f_equal_real.pdf>]
<../plots/cifar-relu-heatmap-22-07/test_Optimal_InnerProductManipulation_cifar1
0_cnn_cifar_gamma_similarity_niid_NNM_ARC_CenteredClipping_nb_honest_clients_10
_tolerated_f_equal_real.pdf, id=860, 462.52798pt x 346.89601pt>
File: ../plots/cifar-relu-heatmap-22-07/test_Optimal_InnerProductManipulation_c
ifar10_cnn_cifar_gamma_similarity_niid_NNM_ARC_CenteredClipping_nb_honest_clien
ts_10_tolerated_f_equal_real.pdf Graphic file (type pdf)
<use ../plots/cifar-relu-heatmap-22-07/test_Optimal_InnerProductManipulation_ci
far10_cnn_cifar_gamma_similarity_niid_NNM_ARC_CenteredClipping_nb_honest_client
s_10_tolerated_f_equal_real.pdf>
Package pdftex.def Info: ../plots/cifar-relu-heatmap-22-07/test_Optimal_InnerPr
oductManipulation_cifar10_cnn_cifar_gamma_similarity_niid_NNM_ARC_CenteredClipp
ing_nb_honest_clients_10_tolerated_f_equal_real.pdf  used on input line 188.
(pdftex.def)             Requested size: 241.70557pt x 181.28151pt.
<../plots/cifar-tanh-heatmap-22-07/test_Optimal_InnerProductManipulation_cifar1
0_cnn_cifar_tanh_gamma_similarity_niid_NNM_ARC_CenteredClipping_nb_honest_clien
ts_10_tolerated_f_equal_real.pdf, id=861, 462.52798pt x 346.89601pt>
File: ../plots/cifar-tanh-heatmap-22-07/test_Optimal_InnerProductManipulation_c
ifar10_cnn_cifar_tanh_gamma_similarity_niid_NNM_ARC_CenteredClipping_nb_honest_
clients_10_tolerated_f_equal_real.pdf Graphic file (type pdf)
<use ../plots/cifar-tanh-heatmap-22-07/test_Optimal_InnerProductManipulation_ci
far10_cnn_cifar_tanh_gamma_similarity_niid_NNM_ARC_CenteredClipping_nb_honest_c
lients_10_tolerated_f_equal_real.pdf>
Package pdftex.def Info: ../plots/cifar-tanh-heatmap-22-07/test_Optimal_InnerPr
oductManipulation_cifar10_cnn_cifar_tanh_gamma_similarity_niid_NNM_ARC_Centered
Clipping_nb_honest_clients_10_tolerated_f_equal_real.pdf  used on input line 19
5.
(pdftex.def)             Requested size: 241.70557pt x 181.28151pt.
 [11

 <../plots/cifar-relu-heatmap-22-07/test_Optimal_InnerProductManipulation_cifar
10_cnn_cifar_gamma_similarity_niid_NNM_ARC_CenteredClipping_nb_honest_clients_1
0_tolerated_f_equal_real.pdf> <../plots/cifar-tanh-heatmap-22-07/test_Optimal_I
nnerProductManipulation_cifar10_cnn_cifar_tanh_gamma_similarity_niid_NNM_ARC_Ce
nteredClipping_nb_honest_clients_10_tolerated_f_equal_real.pdf>]
<../plots/cifar-relu-heatmap-22-07/test_cifar10_cnn_cifar_gamma_similarity_niid
_NNM_ARC_GeometricMedian_nb_honest_clients_10_tolerated_f_equal_real.pdf, id=96
9, 462.52798pt x 346.89601pt>
File: ../plots/cifar-relu-heatmap-22-07/test_cifar10_cnn_cifar_gamma_similarity
_niid_NNM_ARC_GeometricMedian_nb_honest_clients_10_tolerated_f_equal_real.pdf G
raphic file (type pdf)
<use ../plots/cifar-relu-heatmap-22-07/test_cifar10_cnn_cifar_gamma_similarity_
niid_NNM_ARC_GeometricMedian_nb_honest_clients_10_tolerated_f_equal_real.pdf>
Package pdftex.def Info: ../plots/cifar-relu-heatmap-22-07/test_cifar10_cnn_cif
ar_gamma_similarity_niid_NNM_ARC_GeometricMedian_nb_honest_clients_10_tolerated
_f_equal_real.pdf  used on input line 209.
(pdftex.def)             Requested size: 241.70557pt x 181.28151pt.
<../plots/cifar-tanh-heatmap-22-07/test_cifar10_cnn_cifar_tanh_gamma_similarity
_niid_NNM_ARC_GeometricMedian_nb_honest_clients_10_tolerated_f_equal_real.pdf, 
id=970, 462.52798pt x 346.89601pt>
File: ../plots/cifar-tanh-heatmap-22-07/test_cifar10_cnn_cifar_tanh_gamma_simil
arity_niid_NNM_ARC_GeometricMedian_nb_honest_clients_10_tolerated_f_equal_real.
pdf Graphic file (type pdf)
<use ../plots/cifar-tanh-heatmap-22-07/test_cifar10_cnn_cifar_tanh_gamma_simila
rity_niid_NNM_ARC_GeometricMedian_nb_honest_clients_10_tolerated_f_equal_real.p
df>
Package pdftex.def Info: ../plots/cifar-tanh-heatmap-22-07/test_cifar10_cnn_cif
ar_tanh_gamma_similarity_niid_NNM_ARC_GeometricMedian_nb_honest_clients_10_tole
rated_f_equal_real.pdf  used on input line 216.
(pdftex.def)             Requested size: 241.70557pt x 181.28151pt.
 [12

 <../plots/cifar-relu-heatmap-22-07/test_cifar10_cnn_cifar_gamma_similarity_nii
d_NNM_ARC_GeometricMedian_nb_honest_clients_10_tolerated_f_equal_real.pdf> <../
plots/cifar-tanh-heatmap-22-07/test_cifar10_cnn_cifar_tanh_gamma_similarity_nii
d_NNM_ARC_GeometricMedian_nb_honest_clients_10_tolerated_f_equal_real.pdf>]
<../plots/cifar-relu-heatmap-22-07/test_Optimal_ALittleIsEnough_neg1_cifar10_cn
n_cifar_gamma_similarity_niid_NNM_ARC_GeometricMedian_nb_honest_clients_10_tole
rated_f_equal_real.pdf, id=1057, 462.52798pt x 346.89601pt>
File: ../plots/cifar-relu-heatmap-22-07/test_Optimal_ALittleIsEnough_neg1_cifar
10_cnn_cifar_gamma_similarity_niid_NNM_ARC_GeometricMedian_nb_honest_clients_10
_tolerated_f_equal_real.pdf Graphic file (type pdf)
<use ../plots/cifar-relu-heatmap-22-07/test_Optimal_ALittleIsEnough_neg1_cifar1
0_cnn_cifar_gamma_similarity_niid_NNM_ARC_GeometricMedian_nb_honest_clients_10_
tolerated_f_equal_real.pdf>
Package pdftex.def Info: ../plots/cifar-relu-heatmap-22-07/test_Optimal_ALittle
IsEnough_neg1_cifar10_cnn_cifar_gamma_similarity_niid_NNM_ARC_GeometricMedian_n
b_honest_clients_10_tolerated_f_equal_real.pdf  used on input line 229.
(pdftex.def)             Requested size: 241.70557pt x 181.28151pt.
<../plots/cifar-tanh-heatmap-22-07/test_Optimal_ALittleIsEnough_neg1_cifar10_cn
n_cifar_tanh_gamma_similarity_niid_NNM_ARC_GeometricMedian_nb_honest_clients_10
_tolerated_f_equal_real.pdf, id=1058, 462.52798pt x 346.89601pt>
File: ../plots/cifar-tanh-heatmap-22-07/test_Optimal_ALittleIsEnough_neg1_cifar
10_cnn_cifar_tanh_gamma_similarity_niid_NNM_ARC_GeometricMedian_nb_honest_clien
ts_10_tolerated_f_equal_real.pdf Graphic file (type pdf)
<use ../plots/cifar-tanh-heatmap-22-07/test_Optimal_ALittleIsEnough_neg1_cifar1
0_cnn_cifar_tanh_gamma_similarity_niid_NNM_ARC_GeometricMedian_nb_honest_client
s_10_tolerated_f_equal_real.pdf>
Package pdftex.def Info: ../plots/cifar-tanh-heatmap-22-07/test_Optimal_ALittle
IsEnough_neg1_cifar10_cnn_cifar_tanh_gamma_similarity_niid_NNM_ARC_GeometricMed
ian_nb_honest_clients_10_tolerated_f_equal_real.pdf  used on input line 236.
(pdftex.def)             Requested size: 241.70557pt x 181.28151pt.
 [13

 <../plots/cifar-relu-heatmap-22-07/test_Optimal_ALittleIsEnough_neg1_cifar10_c
nn_cifar_gamma_similarity_niid_NNM_ARC_GeometricMedian_nb_honest_clients_10_tol
erated_f_equal_real.pdf> <../plots/cifar-tanh-heatmap-22-07/test_Optimal_ALittl
eIsEnough_neg1_cifar10_cnn_cifar_tanh_gamma_similarity_niid_NNM_ARC_GeometricMe
dian_nb_honest_clients_10_tolerated_f_equal_real.pdf>]
<../plots/cifar-relu-heatmap-22-07/test_SignFlipping_cifar10_cnn_cifar_gamma_si
milarity_niid_NNM_ARC_GeometricMedian_nb_honest_clients_10_tolerated_f_equal_re
al.pdf, id=1165, 462.52798pt x 346.89601pt>
File: ../plots/cifar-relu-heatmap-22-07/test_SignFlipping_cifar10_cnn_cifar_gam
ma_similarity_niid_NNM_ARC_GeometricMedian_nb_honest_clients_10_tolerated_f_equ
al_real.pdf Graphic file (type pdf)
<use ../plots/cifar-relu-heatmap-22-07/test_SignFlipping_cifar10_cnn_cifar_gamm
a_similarity_niid_NNM_ARC_GeometricMedian_nb_honest_clients_10_tolerated_f_equa
l_real.pdf>
Package pdftex.def Info: ../plots/cifar-relu-heatmap-22-07/test_SignFlipping_ci
far10_cnn_cifar_gamma_similarity_niid_NNM_ARC_GeometricMedian_nb_honest_clients
_10_tolerated_f_equal_real.pdf  used on input line 249.
(pdftex.def)             Requested size: 241.70557pt x 181.28151pt.
<../plots/cifar-tanh-heatmap-22-07/test_SignFlipping_cifar10_cnn_cifar_tanh_gam
ma_similarity_niid_NNM_ARC_GeometricMedian_nb_honest_clients_10_tolerated_f_equ
al_real.pdf, id=1166, 462.52798pt x 346.89601pt>
File: ../plots/cifar-tanh-heatmap-22-07/test_SignFlipping_cifar10_cnn_cifar_tan
h_gamma_similarity_niid_NNM_ARC_GeometricMedian_nb_honest_clients_10_tolerated_
f_equal_real.pdf Graphic file (type pdf)
<use ../plots/cifar-tanh-heatmap-22-07/test_SignFlipping_cifar10_cnn_cifar_tanh
_gamma_similarity_niid_NNM_ARC_GeometricMedian_nb_honest_clients_10_tolerated_f
_equal_real.pdf>
Package pdftex.def Info: ../plots/cifar-tanh-heatmap-22-07/test_SignFlipping_ci
far10_cnn_cifar_tanh_gamma_similarity_niid_NNM_ARC_GeometricMedian_nb_honest_cl
ients_10_tolerated_f_equal_real.pdf  used on input line 256.
(pdftex.def)             Requested size: 241.70557pt x 181.28151pt.

[14

 <../plots/cifar-relu-heatmap-22-07/test_SignFlipping_cifar10_cnn_cifar_gamma_s
imilarity_niid_NNM_ARC_GeometricMedian_nb_honest_clients_10_tolerated_f_equal_r
eal.pdf> <../plots/cifar-tanh-heatmap-22-07/test_SignFlipping_cifar10_cnn_cifar
_tanh_gamma_similarity_niid_NNM_ARC_GeometricMedian_nb_honest_clients_10_tolera
ted_f_equal_real.pdf>]
<../plots/cifar-relu-heatmap-22-07/test_Optimal_InnerProductManipulation_cifar1
0_cnn_cifar_gamma_similarity_niid_NNM_ARC_GeometricMedian_nb_honest_clients_10_
tolerated_f_equal_real.pdf, id=1266, 462.52798pt x 346.89601pt>
File: ../plots/cifar-relu-heatmap-22-07/test_Optimal_InnerProductManipulation_c
ifar10_cnn_cifar_gamma_similarity_niid_NNM_ARC_GeometricMedian_nb_honest_client
s_10_tolerated_f_equal_real.pdf Graphic file (type pdf)
<use ../plots/cifar-relu-heatmap-22-07/test_Optimal_InnerProductManipulation_ci
far10_cnn_cifar_gamma_similarity_niid_NNM_ARC_GeometricMedian_nb_honest_clients
_10_tolerated_f_equal_real.pdf>
Package pdftex.def Info: ../plots/cifar-relu-heatmap-22-07/test_Optimal_InnerPr
oductManipulation_cifar10_cnn_cifar_gamma_similarity_niid_NNM_ARC_GeometricMedi
an_nb_honest_clients_10_tolerated_f_equal_real.pdf  used on input line 269.
(pdftex.def)             Requested size: 241.70557pt x 181.28151pt.
<../plots/cifar-tanh-heatmap-22-07/test_Optimal_InnerProductManipulation_cifar1
0_cnn_cifar_tanh_gamma_similarity_niid_NNM_ARC_GeometricMedian_nb_honest_client
s_10_tolerated_f_equal_real.pdf, id=1267, 462.52798pt x 346.89601pt>
File: ../plots/cifar-tanh-heatmap-22-07/test_Optimal_InnerProductManipulation_c
ifar10_cnn_cifar_tanh_gamma_similarity_niid_NNM_ARC_GeometricMedian_nb_honest_c
lients_10_tolerated_f_equal_real.pdf Graphic file (type pdf)
<use ../plots/cifar-tanh-heatmap-22-07/test_Optimal_InnerProductManipulation_ci
far10_cnn_cifar_tanh_gamma_similarity_niid_NNM_ARC_GeometricMedian_nb_honest_cl
ients_10_tolerated_f_equal_real.pdf>
Package pdftex.def Info: ../plots/cifar-tanh-heatmap-22-07/test_Optimal_InnerPr
oductManipulation_cifar10_cnn_cifar_tanh_gamma_similarity_niid_NNM_ARC_Geometri
cMedian_nb_honest_clients_10_tolerated_f_equal_real.pdf  used on input line 276
.
(pdftex.def)             Requested size: 241.70557pt x 181.28151pt.
 [15

 <../plots/cifar-relu-heatmap-22-07/test_Optimal_InnerProductManipulation_cifar
10_cnn_cifar_gamma_similarity_niid_NNM_ARC_GeometricMedian_nb_honest_clients_10
_tolerated_f_equal_real.pdf> <../plots/cifar-tanh-heatmap-22-07/test_Optimal_In
nerProductManipulation_cifar10_cnn_cifar_tanh_gamma_similarity_niid_NNM_ARC_Geo
metricMedian_nb_honest_clients_10_tolerated_f_equal_real.pdf>]
<../plots/cifar-relu-heatmap-22-07/test_cifar10_cnn_cifar_gamma_similarity_niid
_NNM_ARC_MultiKrum_nb_honest_clients_10_tolerated_f_equal_real.pdf, id=1375, 46
2.52798pt x 346.89601pt>
File: ../plots/cifar-relu-heatmap-22-07/test_cifar10_cnn_cifar_gamma_similarity
_niid_NNM_ARC_MultiKrum_nb_honest_clients_10_tolerated_f_equal_real.pdf Graphic
 file (type pdf)
<use ../plots/cifar-relu-heatmap-22-07/test_cifar10_cnn_cifar_gamma_similarity_
niid_NNM_ARC_MultiKrum_nb_honest_clients_10_tolerated_f_equal_real.pdf>
Package pdftex.def Info: ../plots/cifar-relu-heatmap-22-07/test_cifar10_cnn_cif
ar_gamma_similarity_niid_NNM_ARC_MultiKrum_nb_honest_clients_10_tolerated_f_equ
al_real.pdf  used on input line 290.
(pdftex.def)             Requested size: 241.70557pt x 181.28151pt.
<../plots/cifar-tanh-heatmap-22-07/test_cifar10_cnn_cifar_tanh_gamma_similarity
_niid_NNM_ARC_MultiKrum_nb_honest_clients_10_tolerated_f_equal_real.pdf, id=137
6, 462.52798pt x 346.89601pt>
File: ../plots/cifar-tanh-heatmap-22-07/test_cifar10_cnn_cifar_tanh_gamma_simil
arity_niid_NNM_ARC_MultiKrum_nb_honest_clients_10_tolerated_f_equal_real.pdf Gr
aphic file (type pdf)
<use ../plots/cifar-tanh-heatmap-22-07/test_cifar10_cnn_cifar_tanh_gamma_simila
rity_niid_NNM_ARC_MultiKrum_nb_honest_clients_10_tolerated_f_equal_real.pdf>
Package pdftex.def Info: ../plots/cifar-tanh-heatmap-22-07/test_cifar10_cnn_cif
ar_tanh_gamma_similarity_niid_NNM_ARC_MultiKrum_nb_honest_clients_10_tolerated_
f_equal_real.pdf  used on input line 297.
(pdftex.def)             Requested size: 241.70557pt x 181.28151pt.
 [16

 <../plots/cifar-relu-heatmap-22-07/test_cifar10_cnn_cifar_gamma_similarity_nii
d_NNM_ARC_MultiKrum_nb_honest_clients_10_tolerated_f_equal_real.pdf> <../plots/
cifar-tanh-heatmap-22-07/test_cifar10_cnn_cifar_tanh_gamma_similarity_niid_NNM_
ARC_MultiKrum_nb_honest_clients_10_tolerated_f_equal_real.pdf>]
<../plots/cifar-relu-heatmap-22-07/test_Optimal_ALittleIsEnough_neg1_cifar10_cn
n_cifar_gamma_similarity_niid_NNM_ARC_MultiKrum_nb_honest_clients_10_tolerated_
f_equal_real.pdf, id=1464, 462.52798pt x 346.89601pt>
File: ../plots/cifar-relu-heatmap-22-07/test_Optimal_ALittleIsEnough_neg1_cifar
10_cnn_cifar_gamma_similarity_niid_NNM_ARC_MultiKrum_nb_honest_clients_10_toler
ated_f_equal_real.pdf Graphic file (type pdf)
<use ../plots/cifar-relu-heatmap-22-07/test_Optimal_ALittleIsEnough_neg1_cifar1
0_cnn_cifar_gamma_similarity_niid_NNM_ARC_MultiKrum_nb_honest_clients_10_tolera
ted_f_equal_real.pdf>
Package pdftex.def Info: ../plots/cifar-relu-heatmap-22-07/test_Optimal_ALittle
IsEnough_neg1_cifar10_cnn_cifar_gamma_similarity_niid_NNM_ARC_MultiKrum_nb_hone
st_clients_10_tolerated_f_equal_real.pdf  used on input line 310.
(pdftex.def)             Requested size: 241.70557pt x 181.28151pt.
<../plots/cifar-tanh-heatmap-22-07/test_Optimal_ALittleIsEnough_neg1_cifar10_cn
n_cifar_tanh_gamma_similarity_niid_NNM_ARC_MultiKrum_nb_honest_clients_10_toler
ated_f_equal_real.pdf, id=1465, 462.52798pt x 346.89601pt>
File: ../plots/cifar-tanh-heatmap-22-07/test_Optimal_ALittleIsEnough_neg1_cifar
10_cnn_cifar_tanh_gamma_similarity_niid_NNM_ARC_MultiKrum_nb_honest_clients_10_
tolerated_f_equal_real.pdf Graphic file (type pdf)
<use ../plots/cifar-tanh-heatmap-22-07/test_Optimal_ALittleIsEnough_neg1_cifar1
0_cnn_cifar_tanh_gamma_similarity_niid_NNM_ARC_MultiKrum_nb_honest_clients_10_t
olerated_f_equal_real.pdf>
Package pdftex.def Info: ../plots/cifar-tanh-heatmap-22-07/test_Optimal_ALittle
IsEnough_neg1_cifar10_cnn_cifar_tanh_gamma_similarity_niid_NNM_ARC_MultiKrum_nb
_honest_clients_10_tolerated_f_equal_real.pdf  used on input line 317.
(pdftex.def)             Requested size: 241.70557pt x 181.28151pt.
[17

 <../plots/cifar-relu-heatmap-22-07/test_Optimal_ALittleIsEnough_neg1_cifar10_c
nn_cifar_gamma_similarity_niid_NNM_ARC_MultiKrum_nb_honest_clients_10_tolerated
_f_equal_real.pdf> <../plots/cifar-tanh-heatmap-22-07/test_Optimal_ALittleIsEno
ugh_neg1_cifar10_cnn_cifar_tanh_gamma_similarity_niid_NNM_ARC_MultiKrum_nb_hone
st_clients_10_tolerated_f_equal_real.pdf>]
<../plots/cifar-relu-heatmap-22-07/test_SignFlipping_cifar10_cnn_cifar_gamma_si
milarity_niid_NNM_ARC_MultiKrum_nb_honest_clients_10_tolerated_f_equal_real.pdf
, id=1570, 462.52798pt x 346.89601pt>
File: ../plots/cifar-relu-heatmap-22-07/test_SignFlipping_cifar10_cnn_cifar_gam
ma_similarity_niid_NNM_ARC_MultiKrum_nb_honest_clients_10_tolerated_f_equal_rea
l.pdf Graphic file (type pdf)
<use ../plots/cifar-relu-heatmap-22-07/test_SignFlipping_cifar10_cnn_cifar_gamm
a_similarity_niid_NNM_ARC_MultiKrum_nb_honest_clients_10_tolerated_f_equal_real
.pdf>
Package pdftex.def Info: ../plots/cifar-relu-heatmap-22-07/test_SignFlipping_ci
far10_cnn_cifar_gamma_similarity_niid_NNM_ARC_MultiKrum_nb_honest_clients_10_to
lerated_f_equal_real.pdf  used on input line 330.
(pdftex.def)             Requested size: 241.70557pt x 181.28151pt.
<../plots/cifar-tanh-heatmap-22-07/test_SignFlipping_cifar10_cnn_cifar_tanh_gam
ma_similarity_niid_NNM_ARC_MultiKrum_nb_honest_clients_10_tolerated_f_equal_rea
l.pdf, id=1571, 462.52798pt x 346.89601pt>
File: ../plots/cifar-tanh-heatmap-22-07/test_SignFlipping_cifar10_cnn_cifar_tan
h_gamma_similarity_niid_NNM_ARC_MultiKrum_nb_honest_clients_10_tolerated_f_equa
l_real.pdf Graphic file (type pdf)
<use ../plots/cifar-tanh-heatmap-22-07/test_SignFlipping_cifar10_cnn_cifar_tanh
_gamma_similarity_niid_NNM_ARC_MultiKrum_nb_honest_clients_10_tolerated_f_equal
_real.pdf>
Package pdftex.def Info: ../plots/cifar-tanh-heatmap-22-07/test_SignFlipping_ci
far10_cnn_cifar_tanh_gamma_similarity_niid_NNM_ARC_MultiKrum_nb_honest_clients_
10_tolerated_f_equal_real.pdf  used on input line 337.
(pdftex.def)             Requested size: 241.70557pt x 181.28151pt.
 [18

 <../plots/cifar-relu-heatmap-22-07/test_SignFlipping_cifar10_cnn_cifar_gamma_s
imilarity_niid_NNM_ARC_MultiKrum_nb_honest_clients_10_tolerated_f_equal_real.pd
f> <../plots/cifar-tanh-heatmap-22-07/test_SignFlipping_cifar10_cnn_cifar_tanh_
gamma_similarity_niid_NNM_ARC_MultiKrum_nb_honest_clients_10_tolerated_f_equal_
real.pdf>]
<../plots/cifar-relu-heatmap-22-07/test_Optimal_InnerProductManipulation_cifar1
0_cnn_cifar_gamma_similarity_niid_NNM_ARC_MultiKrum_nb_honest_clients_10_tolera
ted_f_equal_real.pdf, id=1671, 462.52798pt x 346.89601pt>
File: ../plots/cifar-relu-heatmap-22-07/test_Optimal_InnerProductManipulation_c
ifar10_cnn_cifar_gamma_similarity_niid_NNM_ARC_MultiKrum_nb_honest_clients_10_t
olerated_f_equal_real.pdf Graphic file (type pdf)
<use ../plots/cifar-relu-heatmap-22-07/test_Optimal_InnerProductManipulation_ci
far10_cnn_cifar_gamma_similarity_niid_NNM_ARC_MultiKrum_nb_honest_clients_10_to
lerated_f_equal_real.pdf>
Package pdftex.def Info: ../plots/cifar-relu-heatmap-22-07/test_Optimal_InnerPr
oductManipulation_cifar10_cnn_cifar_gamma_similarity_niid_NNM_ARC_MultiKrum_nb_
honest_clients_10_tolerated_f_equal_real.pdf  used on input line 350.
(pdftex.def)             Requested size: 241.70557pt x 181.28151pt.
<../plots/cifar-tanh-heatmap-22-07/test_Optimal_InnerProductManipulation_cifar1
0_cnn_cifar_tanh_gamma_similarity_niid_NNM_ARC_MultiKrum_nb_honest_clients_10_t
olerated_f_equal_real.pdf, id=1672, 462.52798pt x 346.89601pt>
File: ../plots/cifar-tanh-heatmap-22-07/test_Optimal_InnerProductManipulation_c
ifar10_cnn_cifar_tanh_gamma_similarity_niid_NNM_ARC_MultiKrum_nb_honest_clients
_10_tolerated_f_equal_real.pdf Graphic file (type pdf)
<use ../plots/cifar-tanh-heatmap-22-07/test_Optimal_InnerProductManipulation_ci
far10_cnn_cifar_tanh_gamma_similarity_niid_NNM_ARC_MultiKrum_nb_honest_clients_
10_tolerated_f_equal_real.pdf>
Package pdftex.def Info: ../plots/cifar-tanh-heatmap-22-07/test_Optimal_InnerPr
oductManipulation_cifar10_cnn_cifar_tanh_gamma_similarity_niid_NNM_ARC_MultiKru
m_nb_honest_clients_10_tolerated_f_equal_real.pdf  used on input line 357.
(pdftex.def)             Requested size: 241.70557pt x 181.28151pt.
 [19

 <../plots/cifar-relu-heatmap-22-07/test_Optimal_InnerProductManipulation_cifar
10_cnn_cifar_gamma_similarity_niid_NNM_ARC_MultiKrum_nb_honest_clients_10_toler
ated_f_equal_real.pdf> <../plots/cifar-tanh-heatmap-22-07/test_Optimal_InnerPro
ductManipulation_cifar10_cnn_cifar_tanh_gamma_similarity_niid_NNM_ARC_MultiKrum
_nb_honest_clients_10_tolerated_f_equal_real.pdf>]
<../plots/cifar-relu-heatmap-22-07/test_cifar10_cnn_cifar_gamma_similarity_niid
_NNM_ARC_TrMean_nb_honest_clients_10_tolerated_f_equal_real.pdf, id=1781, 462.5
2798pt x 346.89601pt>
File: ../plots/cifar-relu-heatmap-22-07/test_cifar10_cnn_cifar_gamma_similarity
_niid_NNM_ARC_TrMean_nb_honest_clients_10_tolerated_f_equal_real.pdf Graphic fi
le (type pdf)
<use ../plots/cifar-relu-heatmap-22-07/test_cifar10_cnn_cifar_gamma_similarity_
niid_NNM_ARC_TrMean_nb_honest_clients_10_tolerated_f_equal_real.pdf>
Package pdftex.def Info: ../plots/cifar-relu-heatmap-22-07/test_cifar10_cnn_cif
ar_gamma_similarity_niid_NNM_ARC_TrMean_nb_honest_clients_10_tolerated_f_equal_
real.pdf  used on input line 371.
(pdftex.def)             Requested size: 241.70557pt x 181.28151pt.
<../plots/cifar-tanh-heatmap-22-07/test_cifar10_cnn_cifar_tanh_gamma_similarity
_niid_NNM_ARC_TrMean_nb_honest_clients_10_tolerated_f_equal_real.pdf, id=1782, 
462.52798pt x 346.89601pt>
File: ../plots/cifar-tanh-heatmap-22-07/test_cifar10_cnn_cifar_tanh_gamma_simil
arity_niid_NNM_ARC_TrMean_nb_honest_clients_10_tolerated_f_equal_real.pdf Graph
ic file (type pdf)
<use ../plots/cifar-tanh-heatmap-22-07/test_cifar10_cnn_cifar_tanh_gamma_simila
rity_niid_NNM_ARC_TrMean_nb_honest_clients_10_tolerated_f_equal_real.pdf>
Package pdftex.def Info: ../plots/cifar-tanh-heatmap-22-07/test_cifar10_cnn_cif
ar_tanh_gamma_similarity_niid_NNM_ARC_TrMean_nb_honest_clients_10_tolerated_f_e
qual_real.pdf  used on input line 378.
(pdftex.def)             Requested size: 241.70557pt x 181.28151pt.
 [20

 <../plots/cifar-relu-heatmap-22-07/test_cifar10_cnn_cifar_gamma_similarity_nii
d_NNM_ARC_TrMean_nb_honest_clients_10_tolerated_f_equal_real.pdf> <../plots/cif
ar-tanh-heatmap-22-07/test_cifar10_cnn_cifar_tanh_gamma_similarity_niid_NNM_ARC
_TrMean_nb_honest_clients_10_tolerated_f_equal_real.pdf>]
<../plots/cifar-relu-heatmap-22-07/test_Optimal_ALittleIsEnough_neg1_cifar10_cn
n_cifar_gamma_similarity_niid_NNM_ARC_TrMean_nb_honest_clients_10_tolerated_f_e
qual_real.pdf, id=1870, 462.52798pt x 346.89601pt>
File: ../plots/cifar-relu-heatmap-22-07/test_Optimal_ALittleIsEnough_neg1_cifar
10_cnn_cifar_gamma_similarity_niid_NNM_ARC_TrMean_nb_honest_clients_10_tolerate
d_f_equal_real.pdf Graphic file (type pdf)
<use ../plots/cifar-relu-heatmap-22-07/test_Optimal_ALittleIsEnough_neg1_cifar1
0_cnn_cifar_gamma_similarity_niid_NNM_ARC_TrMean_nb_honest_clients_10_tolerated
_f_equal_real.pdf>
Package pdftex.def Info: ../plots/cifar-relu-heatmap-22-07/test_Optimal_ALittle
IsEnough_neg1_cifar10_cnn_cifar_gamma_similarity_niid_NNM_ARC_TrMean_nb_honest_
clients_10_tolerated_f_equal_real.pdf  used on input line 391.
(pdftex.def)             Requested size: 241.70557pt x 181.28151pt.
<../plots/cifar-tanh-heatmap-22-07/test_Optimal_ALittleIsEnough_neg1_cifar10_cn
n_cifar_tanh_gamma_similarity_niid_NNM_ARC_TrMean_nb_honest_clients_10_tolerate
d_f_equal_real.pdf, id=1871, 462.52798pt x 346.89601pt>
File: ../plots/cifar-tanh-heatmap-22-07/test_Optimal_ALittleIsEnough_neg1_cifar
10_cnn_cifar_tanh_gamma_similarity_niid_NNM_ARC_TrMean_nb_honest_clients_10_tol
erated_f_equal_real.pdf Graphic file (type pdf)
<use ../plots/cifar-tanh-heatmap-22-07/test_Optimal_ALittleIsEnough_neg1_cifar1
0_cnn_cifar_tanh_gamma_similarity_niid_NNM_ARC_TrMean_nb_honest_clients_10_tole
rated_f_equal_real.pdf>
Package pdftex.def Info: ../plots/cifar-tanh-heatmap-22-07/test_Optimal_ALittle
IsEnough_neg1_cifar10_cnn_cifar_tanh_gamma_similarity_niid_NNM_ARC_TrMean_nb_ho
nest_clients_10_tolerated_f_equal_real.pdf  used on input line 398.
(pdftex.def)             Requested size: 241.70557pt x 181.28151pt.
 [21

 <../plots/cifar-relu-heatmap-22-07/test_Optimal_ALittleIsEnough_neg1_cifar10_c
nn_cifar_gamma_similarity_niid_NNM_ARC_TrMean_nb_honest_clients_10_tolerated_f_
equal_real.pdf> <../plots/cifar-tanh-heatmap-22-07/test_Optimal_ALittleIsEnough
_neg1_cifar10_cnn_cifar_tanh_gamma_similarity_niid_NNM_ARC_TrMean_nb_honest_cli
ents_10_tolerated_f_equal_real.pdf>]
<../plots/cifar-relu-heatmap-22-07/test_SignFlipping_cifar10_cnn_cifar_gamma_si
milarity_niid_NNM_ARC_TrMean_nb_honest_clients_10_tolerated_f_equal_real.pdf, i
d=1977, 462.52798pt x 346.89601pt>
File: ../plots/cifar-relu-heatmap-22-07/test_SignFlipping_cifar10_cnn_cifar_gam
ma_similarity_niid_NNM_ARC_TrMean_nb_honest_clients_10_tolerated_f_equal_real.p
df Graphic file (type pdf)
<use ../plots/cifar-relu-heatmap-22-07/test_SignFlipping_cifar10_cnn_cifar_gamm
a_similarity_niid_NNM_ARC_TrMean_nb_honest_clients_10_tolerated_f_equal_real.pd
f>
Package pdftex.def Info: ../plots/cifar-relu-heatmap-22-07/test_SignFlipping_ci
far10_cnn_cifar_gamma_similarity_niid_NNM_ARC_TrMean_nb_honest_clients_10_toler
ated_f_equal_real.pdf  used on input line 411.
(pdftex.def)             Requested size: 241.70557pt x 181.28151pt.
<../plots/cifar-tanh-heatmap-22-07/test_SignFlipping_cifar10_cnn_cifar_tanh_gam
ma_similarity_niid_NNM_ARC_TrMean_nb_honest_clients_10_tolerated_f_equal_real.p
df, id=1978, 462.52798pt x 346.89601pt>
File: ../plots/cifar-tanh-heatmap-22-07/test_SignFlipping_cifar10_cnn_cifar_tan
h_gamma_similarity_niid_NNM_ARC_TrMean_nb_honest_clients_10_tolerated_f_equal_r
eal.pdf Graphic file (type pdf)
<use ../plots/cifar-tanh-heatmap-22-07/test_SignFlipping_cifar10_cnn_cifar_tanh
_gamma_similarity_niid_NNM_ARC_TrMean_nb_honest_clients_10_tolerated_f_equal_re
al.pdf>
Package pdftex.def Info: ../plots/cifar-tanh-heatmap-22-07/test_SignFlipping_ci
far10_cnn_cifar_tanh_gamma_similarity_niid_NNM_ARC_TrMean_nb_honest_clients_10_
tolerated_f_equal_real.pdf  used on input line 418.
(pdftex.def)             Requested size: 241.70557pt x 181.28151pt.
 [22

 <../plots/cifar-relu-heatmap-22-07/test_SignFlipping_cifar10_cnn_cifar_gamma_s
imilarity_niid_NNM_ARC_TrMean_nb_honest_clients_10_tolerated_f_equal_real.pdf> 
<../plots/cifar-tanh-heatmap-22-07/test_SignFlipping_cifar10_cnn_cifar_tanh_gam
ma_similarity_niid_NNM_ARC_TrMean_nb_honest_clients_10_tolerated_f_equal_real.p
df>]
<../plots/cifar-relu-heatmap-22-07/test_Optimal_InnerProductManipulation_cifar1
0_cnn_cifar_gamma_similarity_niid_NNM_ARC_TrMean_nb_honest_clients_10_tolerated
_f_equal_real.pdf, id=2078, 462.52798pt x 346.89601pt>
File: ../plots/cifar-relu-heatmap-22-07/test_Optimal_InnerProductManipulation_c
ifar10_cnn_cifar_gamma_similarity_niid_NNM_ARC_TrMean_nb_honest_clients_10_tole
rated_f_equal_real.pdf Graphic file (type pdf)
<use ../plots/cifar-relu-heatmap-22-07/test_Optimal_InnerProductManipulation_ci
far10_cnn_cifar_gamma_similarity_niid_NNM_ARC_TrMean_nb_honest_clients_10_toler
ated_f_equal_real.pdf>
Package pdftex.def Info: ../plots/cifar-relu-heatmap-22-07/test_Optimal_InnerPr
oductManipulation_cifar10_cnn_cifar_gamma_similarity_niid_NNM_ARC_TrMean_nb_hon
est_clients_10_tolerated_f_equal_real.pdf  used on input line 431.
(pdftex.def)             Requested size: 241.70557pt x 181.28151pt.
<../plots/cifar-tanh-heatmap-22-07/test_Optimal_InnerProductManipulation_cifar1
0_cnn_cifar_tanh_gamma_similarity_niid_NNM_ARC_TrMean_nb_honest_clients_10_tole
rated_f_equal_real.pdf, id=2079, 462.52798pt x 346.89601pt>
File: ../plots/cifar-tanh-heatmap-22-07/test_Optimal_InnerProductManipulation_c
ifar10_cnn_cifar_tanh_gamma_similarity_niid_NNM_ARC_TrMean_nb_honest_clients_10
_tolerated_f_equal_real.pdf Graphic file (type pdf)
<use ../plots/cifar-tanh-heatmap-22-07/test_Optimal_InnerProductManipulation_ci
far10_cnn_cifar_tanh_gamma_similarity_niid_NNM_ARC_TrMean_nb_honest_clients_10_
tolerated_f_equal_real.pdf>
Package pdftex.def Info: ../plots/cifar-tanh-heatmap-22-07/test_Optimal_InnerPr
oductManipulation_cifar10_cnn_cifar_tanh_gamma_similarity_niid_NNM_ARC_TrMean_n
b_honest_clients_10_tolerated_f_equal_real.pdf  used on input line 438.
(pdftex.def)             Requested size: 241.70557pt x 181.28151pt.
 [23

 <../plots/cifar-relu-heatmap-22-07/test_Optimal_InnerProductManipulation_cifar
10_cnn_cifar_gamma_similarity_niid_NNM_ARC_TrMean_nb_honest_clients_10_tolerate
d_f_equal_real.pdf> <../plots/cifar-tanh-heatmap-22-07/test_Optimal_InnerProduc
tManipulation_cifar10_cnn_cifar_tanh_gamma_similarity_niid_NNM_ARC_TrMean_nb_ho
nest_clients_10_tolerated_f_equal_real.pdf>] (cifar_relu_vs_tanh_report.aux)
 ***********
LaTeX2e <2026-06-01>
L3 programming layer <2026-05-26>
 ***********
Package rerunfilecheck Info: File `cifar_relu_vs_tanh_report.out' has not chang
ed.
(rerunfilecheck)             Checksum: 81FC2BB80E177D6A49AC2E571B91AFD9;4495.
 ) 
Here is how much of TeX's memory you used:
 11695 strings out of 467509
 234398 string characters out of 5409266
 613926 words of memory out of 5000000
 40752 multiletter control sequences out of 15000+600000
 630291 words of font info for 49 fonts, out of 8000000 for 9000
 1141 hyphenation exceptions out of 8191
 74i,8n,79p,472b,553s stack positions out of 10000i,1000n,20000p,200000b,200000s
<C:/Users/7430/AppData/Local/Programs/MiKTeX/fonts/type1/public/amsfonts/cm/c
mbx10.pfb><C:/Users/7430/AppData/Local/Programs/MiKTeX/fonts/type1/public/amsfo
nts/cm/cmbx12.pfb><C:/Users/7430/AppData/Local/Programs/MiKTeX/fonts/type1/publ
ic/amsfonts/cm/cmmi10.pfb><C:/Users/7430/AppData/Local/Programs/MiKTeX/fonts/ty
pe1/public/amsfonts/cm/cmr10.pfb><C:/Users/7430/AppData/Local/Programs/MiKTeX/f
onts/type1/public/amsfonts/cm/cmr12.pfb><C:/Users/7430/AppData/Local/Programs/M
iKTeX/fonts/type1/public/amsfonts/cm/cmr17.pfb><C:/Users/7430/AppData/Local/Pro
grams/MiKTeX/fonts/type1/public/amsfonts/cm/cmr9.pfb>
Output written on cifar_relu_vs_tanh_report.pdf (23 pages, 914786 bytes).
PDF statistics:
 2236 PDF objects out of 2487 (max. 8388607)
 73 named destinations out of 1000 (max. 500000)
 409 words of extra memory for PDF output out of 10000 (max. 10000000)

