\BOOKMARK [1][-]{section.1}{\376\377\000I\000n\000t\000r\000o\000d\000u\000c\000t\000i\000o\000n}{}% 1
\BOOKMARK [1][-]{section.2}{\376\377\000B\000e\000s\000t\000\040\000O\000v\000e\000r\000a\000l\000l\000\040\000P\000e\000r\000f\000o\000r\000m\000a\000n\000c\000e\000\040\000\050\000W\000o\000r\000s\000t\000-\000C\000a\000s\000e\000\040\000A\000c\000r\000o\000s\000s\000\040\000A\000t\000t\000a\000c\000k\000s\000\051}{}% 2
\BOOKMARK [1][-]{section.3}{\376\377\000B\000e\000s\000t\000\040\000A\000g\000g\000r\000e\000g\000a\000t\000o\000r\000\040\000u\000n\000d\000e\000r\000\040\000S\000p\000e\000c\000i\000f\000i\000c\000\040\000A\000t\000t\000a\000c\000k\000s}{}% 3
\BOOKMARK [2][-]{subsection.3.1}{\376\377\000O\000p\000t\000i\000m\000a\000l\000\040\000A\000L\000I\000E\000\040\000A\000t\000t\000a\000c\000k}{section.3}% 4
\BOOKMARK [2][-]{subsection.3.2}{\376\377\000S\000i\000g\000n\000\040\000F\000l\000i\000p\000p\000i\000n\000g\000\040\000A\000t\000t\000a\000c\000k}{section.3}% 5
\BOOKMARK [2][-]{subsection.3.3}{\376\377\000O\000p\000t\000i\000m\000a\000l\000\040\000I\000P\000M\000\040\000A\000t\000t\000a\000c\000k}{section.3}% 6
\BOOKMARK [2][-]{subsection.3.4}{\376\377\000C\000e\000n\000t\000e\000r\000e\000d\000\040\000C\000l\000i\000p\000p\000i\000n\000g\000\040\000\050\000C\000C\000\051}{section.3}% 7
\BOOKMARK [3][-]{subsubsection.3.4.1}{\376\377\000C\000C\000\040\000u\000n\000d\000e\000r\000\040\000W\000o\000r\000s\000t\000-\000C\000a\000s\000e\000\040\000a\000c\000r\000o\000s\000s\000\040\000a\000l\000l\000\040\000A\000t\000t\000a\000c\000k\000s}{subsection.3.4}% 8
\BOOKMARK [3][-]{subsubsection.3.4.2}{\376\377\000C\000C\000\040\000u\000n\000d\000e\000r\000\040\000A\000L\000I\000E}{subsection.3.4}% 9
\BOOKMARK [3][-]{subsubsection.3.4.3}{\376\377\000C\000C\000\040\000u\000n\000d\000e\000r\000\040\000S\000F}{subsection.3.4}% 10
\BOOKMARK [3][-]{subsubsection.3.4.4}{\376\377\000C\000C\000\040\000u\000n\000d\000e\000r\000\040\000I\000P\000M}{subsection.3.4}% 11
\BOOKMARK [2][-]{subsection.3.5}{\376\377\000G\000e\000o\000m\000e\000t\000r\000i\000c\000\040\000M\000e\000d\000i\000a\000n\000\040\000\050\000G\000M\000\051}{section.3}% 12
\BOOKMARK [3][-]{subsubsection.3.5.1}{\376\377\000G\000M\000\040\000u\000n\000d\000e\000r\000\040\000W\000o\000r\000s\000t\000-\000C\000a\000s\000e\000\040\000a\000c\000r\000o\000s\000s\000\040\000a\000l\000l\000\040\000A\000t\000t\000a\000c\000k\000s}{subsection.3.5}% 13
\BOOKMARK [3][-]{subsubsection.3.5.2}{\376\377\000G\000M\000\040\000u\000n\000d\000e\000r\000\040\000A\000L\000I\000E}{subsection.3.5}% 14
\BOOKMARK [3][-]{subsubsection.3.5.3}{\376\377\000G\000M\000\040\000u\000n\000d\000e\000r\000\040\000S\000F}{subsection.3.5}% 15
\BOOKMARK [3][-]{subsubsection.3.5.4}{\376\377\000G\000M\000\040\000u\000n\000d\000e\000r\000\040\000I\000P\000M}{subsection.3.5}% 16
\BOOKMARK [2][-]{subsection.3.6}{\376\377\000M\000u\000l\000t\000i\000-\000K\000r\000u\000m\000\040\000\050\000M\000K\000\051}{section.3}% 17
\BOOKMARK [3][-]{subsubsection.3.6.1}{\376\377\000M\000K\000\040\000u\000n\000d\000e\000r\000\040\000W\000o\000r\000s\000t\000-\000C\000a\000s\000e\000\040\000a\000c\000r\000o\000s\000s\000\040\000a\000l\000l\000\040\000A\000t\000t\000a\000c\000k\000s}{subsection.3.6}% 18
\BOOKMARK [3][-]{subsubsection.3.6.2}{\376\377\000M\000K\000\040\000u\000n\000d\000e\000r\000\040\000A\000L\000I\000E}{subsection.3.6}% 19
\BOOKMARK [3][-]{subsubsection.3.6.3}{\376\377\000M\000K\000\040\000u\000n\000d\000e\000r\000\040\000S\000F}{subsection.3.6}% 20
\BOOKMARK [3][-]{subsubsection.3.6.4}{\376\377\000M\000K\000\040\000u\000n\000d\000e\000r\000\040\000I\000P\000M}{subsection.3.6}% 21
\BOOKMARK [2][-]{subsection.3.7}{\376\377\000T\000r\000i\000m\000m\000e\000d\000\040\000M\000e\000a\000n\000\040\000\050\000T\000M\000\051}{section.3}% 22
\BOOKMARK [3][-]{subsubsection.3.7.1}{\376\377\000T\000M\000\040\000u\000n\000d\000e\000r\000\040\000W\000o\000r\000s\000t\000-\000C\000a\000s\000e\000\040\000a\000c\000r\000o\000s\000s\000\040\000a\000l\000l\000\040\000A\000t\000t\000a\000c\000k\000s}{subsection.3.7}% 23
\BOOKMARK [3][-]{subsubsection.3.7.2}{\376\377\000T\000M\000\040\000u\000n\000d\000e\000r\000\040\000A\000L\000I\000E}{subsection.3.7}% 24
\BOOKMARK [3][-]{subsubsection.3.7.3}{\376\377\000T\000M\000\040\000u\000n\000d\000e\000r\000\040\000S\000F}{subsection.3.7}% 25
\BOOKMARK [3][-]{subsubsection.3.7.4}{\376\377\000T\000M\000\040\000u\000n\000d\000e\000r\000\040\000I\000P\000M}{subsection.3.7}% 26
