=======================================================
Starting Robust Sweep using configs/gradient_structure/snn_atan12.json distributed across all available GPUs with 4 jobs
Pre-downloading MNIST dataset sequentially to avoid parallel race conditions...
MNIST dataset is ready!
Distributing tasks across 2 GPUs...
Total trainings to do: 4
Running 4 trainings in parallel...

[ByzFL-SNN] [Training Start] Model: cnn_mnist_snn | Dataset: mnist
[ByzFL-SNN]   Aggregator: TrMean | Attack: NoAttack
[ByzFL-SNN]   Distribution: gamma_similarity_niid (gamma=0.66)
[ByzFL-SNN]   Clients: 10 honest, 0 byzantine | Algorithm: DSGD
[ByzFL-SNN]   Learning Rate: 0.1 | Steps: 500 | Device: cuda:1
[ByzFL-SNN]   Validation samples: 12000 | Test samples: 10000
[ByzFL-SNN] Initial VRAM (Alloc/Reserved): 36.2/42.0 MiB
[ByzFL-SNN]   [Step 0/500] (0.0%) | Val Acc: 0.1278 | Test Acc: 0.1263 | VRAM (Alloc/Reserved): 46.2/132.0 MiB | Time: 5.1s
[ByzFL-SNN]   [Step 50/500] (10.0%) | Val Acc: 0.8358 | Test Acc: 0.8441 | VRAM (Alloc/Reserved): 250.4/922.0 MiB | Time: 41.0s
[ByzFL-SNN]   [Step 100/500] (20.0%) | Val Acc: 0.9082 | Test Acc: 0.9147 | VRAM (Alloc/Reserved): 251.5/924.0 MiB | Time: 76.8s
[ByzFL-SNN]   [Step 150/500] (30.0%) | Val Acc: 0.9291 | Test Acc: 0.9327 | VRAM (Alloc/Reserved): 252.7/924.0 MiB | Time: 113.1s
[ByzFL-SNN]   [Step 200/500] (40.0%) | Val Acc: 0.9384 | Test Acc: 0.9441 | VRAM (Alloc/Reserved): 249.7/924.0 MiB | Time: 149.7s
[ByzFL-SNN]   [Step 250/500] (50.0%) | Val Acc: 0.9458 | Test Acc: 0.9524 | VRAM (Alloc/Reserved): 252.4/924.0 MiB | Time: 184.9s
[ByzFL-SNN]   [Step 300/500] (60.0%) | Val Acc: 0.9514 | Test Acc: 0.9573 | VRAM (Alloc/Reserved): 255.9/924.0 MiB | Time: 222.0s
[ByzFL-SNN]   [Step 350/500] (70.0%) | Val Acc: 0.9567 | Test Acc: 0.9626 | VRAM (Alloc/Reserved): 249.6/924.0 MiB | Time: 257.7s
[ByzFL-SNN]   [Step 400/500] (80.0%) | Val Acc: 0.9615 | Test Acc: 0.9652 | VRAM (Alloc/Reserved): 253.3/924.0 MiB | Time: 293.1s
[ByzFL-SNN]   [Step 450/500] (90.0%) | Val Acc: 0.9630 | Test Acc: 0.9675 | VRAM (Alloc/Reserved): 252.5/924.0 MiB | Time: 329.3s
[ByzFL-SNN] [Training Complete] Peak VRAM (Alloc/Reserved): 513.6/924.0 MiB | Total time: 359.4s

Training 0 done

[ByzFL-SNN] [Training Start] Model: cnn_mnist_snn | Dataset: mnist
[ByzFL-SNN]   Aggregator: TrMean | Attack: NoAttack
[ByzFL-SNN]   Distribution: gamma_similarity_niid (gamma=0.0)
[ByzFL-SNN]   Clients: 10 honest, 0 byzantine | Algorithm: DSGD
[ByzFL-SNN]   Learning Rate: 0.1 | Steps: 500 | Device: cuda:1
[ByzFL-SNN]   Validation samples: 12000 | Test samples: 10000
[ByzFL-SNN] Initial VRAM (Alloc/Reserved): 36.2/42.0 MiB
[ByzFL-SNN]   [Step 0/500] (0.0%) | Val Acc: 0.1278 | Test Acc: 0.1263 | VRAM (Alloc/Reserved): 46.2/132.0 MiB | Time: 4.8s
[ByzFL-SNN]   [Step 50/500] (10.0%) | Val Acc: 0.8330 | Test Acc: 0.8425 | VRAM (Alloc/Reserved): 253.1/924.0 MiB | Time: 40.8s
[ByzFL-SNN]   [Step 100/500] (20.0%) | Val Acc: 0.9083 | Test Acc: 0.9160 | VRAM (Alloc/Reserved): 254.2/924.0 MiB | Time: 78.0s
[ByzFL-SNN]   [Step 150/500] (30.0%) | Val Acc: 0.9290 | Test Acc: 0.9321 | VRAM (Alloc/Reserved): 252.9/924.0 MiB | Time: 115.9s
[ByzFL-SNN]   [Step 200/500] (40.0%) | Val Acc: 0.9377 | Test Acc: 0.9436 | VRAM (Alloc/Reserved): 256.9/926.0 MiB | Time: 153.4s
[ByzFL-SNN]   [Step 250/500] (50.0%) | Val Acc: 0.9458 | Test Acc: 0.9511 | VRAM (Alloc/Reserved): 255.4/926.0 MiB | Time: 188.4s
[ByzFL-SNN]   [Step 300/500] (60.0%) | Val Acc: 0.9515 | Test Acc: 0.9571 | VRAM (Alloc/Reserved): 256.8/926.0 MiB | Time: 222.5s
[ByzFL-SNN]   [Step 350/500] (70.0%) | Val Acc: 0.9547 | Test Acc: 0.9618 | VRAM (Alloc/Reserved): 252.5/926.0 MiB | Time: 257.7s
[ByzFL-SNN]   [Step 400/500] (80.0%) | Val Acc: 0.9596 | Test Acc: 0.9656 | VRAM (Alloc/Reserved): 249.9/926.0 MiB | Time: 293.2s
[ByzFL-SNN]   [Step 450/500] (90.0%) | Val Acc: 0.9613 | Test Acc: 0.9673 | VRAM (Alloc/Reserved): 248.5/926.0 MiB | Time: 329.1s
[ByzFL-SNN] [Training Complete] Peak VRAM (Alloc/Reserved): 514.0/926.0 MiB | Total time: 358.0s

Training 1 done

[ByzFL-SNN] [Training Start] Model: cnn_mnist_snn | Dataset: mnist
[ByzFL-SNN]   Aggregator: TrMean | Attack: NoAttack
[ByzFL-SNN]   Distribution: gamma_similarity_niid (gamma=0.33)
[ByzFL-SNN]   Clients: 10 honest, 0 byzantine | Algorithm: DSGD
[ByzFL-SNN]   Learning Rate: 0.1 | Steps: 500 | Device: cuda:0
[ByzFL-SNN]   Validation samples: 12000 | Test samples: 10000
[ByzFL-SNN] Initial VRAM (Alloc/Reserved): 36.2/42.0 MiB
[ByzFL-SNN]   [Step 0/500] (0.0%) | Val Acc: 0.1278 | Test Acc: 0.1263 | VRAM (Alloc/Reserved): 46.2/132.0 MiB | Time: 4.7s
[ByzFL-SNN]   [Step 50/500] (10.0%) | Val Acc: 0.8464 | Test Acc: 0.8549 | VRAM (Alloc/Reserved): 253.1/924.0 MiB | Time: 40.8s
[ByzFL-SNN]   [Step 100/500] (20.0%) | Val Acc: 0.9022 | Test Acc: 0.9105 | VRAM (Alloc/Reserved): 255.4/926.0 MiB | Time: 76.7s
[ByzFL-SNN]   [Step 150/500] (30.0%) | Val Acc: 0.9273 | Test Acc: 0.9329 | VRAM (Alloc/Reserved): 256.2/926.0 MiB | Time: 113.3s
[ByzFL-SNN]   [Step 200/500] (40.0%) | Val Acc: 0.9397 | Test Acc: 0.9454 | VRAM (Alloc/Reserved): 255.0/928.0 MiB | Time: 148.7s
[ByzFL-SNN]   [Step 250/500] (50.0%) | Val Acc: 0.9465 | Test Acc: 0.9509 | VRAM (Alloc/Reserved): 255.1/928.0 MiB | Time: 185.1s
[ByzFL-SNN]   [Step 300/500] (60.0%) | Val Acc: 0.9523 | Test Acc: 0.9583 | VRAM (Alloc/Reserved): 248.5/928.0 MiB | Time: 221.1s
[ByzFL-SNN]   [Step 350/500] (70.0%) | Val Acc: 0.9566 | Test Acc: 0.9621 | VRAM (Alloc/Reserved): 250.0/928.0 MiB | Time: 258.4s
[ByzFL-SNN]   [Step 400/500] (80.0%) | Val Acc: 0.9578 | Test Acc: 0.9642 | VRAM (Alloc/Reserved): 253.5/928.0 MiB | Time: 293.7s
[ByzFL-SNN]   [Step 450/500] (90.0%) | Val Acc: 0.9623 | Test Acc: 0.9657 | VRAM (Alloc/Reserved): 252.9/928.0 MiB | Time: 329.0s
[ByzFL-SNN] [Training Complete] Peak VRAM (Alloc/Reserved): 512.8/928.0 MiB | Total time: 359.7s

Training 2 done

[ByzFL-SNN] [Training Start] Model: cnn_mnist_snn | Dataset: mnist
[ByzFL-SNN]   Aggregator: TrMean | Attack: NoAttack
[ByzFL-SNN]   Distribution: gamma_similarity_niid (gamma=1.0)
[ByzFL-SNN]   Clients: 10 honest, 0 byzantine | Algorithm: DSGD
[ByzFL-SNN]   Learning Rate: 0.1 | Steps: 500 | Device: cuda:0
[ByzFL-SNN]   Validation samples: 12000 | Test samples: 10000
[ByzFL-SNN] Initial VRAM (Alloc/Reserved): 36.2/42.0 MiB
[ByzFL-SNN]   [Step 0/500] (0.0%) | Val Acc: 0.1278 | Test Acc: 0.1263 | VRAM (Alloc/Reserved): 46.2/132.0 MiB | Time: 5.4s
[ByzFL-SNN]   [Step 50/500] (10.0%) | Val Acc: 0.8401 | Test Acc: 0.8482 | VRAM (Alloc/Reserved): 253.1/926.0 MiB | Time: 41.8s
[ByzFL-SNN]   [Step 100/500] (20.0%) | Val Acc: 0.9089 | Test Acc: 0.9153 | VRAM (Alloc/Reserved): 255.4/928.0 MiB | Time: 79.3s
[ByzFL-SNN]   [Step 150/500] (30.0%) | Val Acc: 0.9275 | Test Acc: 0.9324 | VRAM (Alloc/Reserved): 256.2/928.0 MiB | Time: 116.2s
[ByzFL-SNN]   [Step 200/500] (40.0%) | Val Acc: 0.9400 | Test Acc: 0.9450 | VRAM (Alloc/Reserved): 255.0/930.0 MiB | Time: 151.9s
[ByzFL-SNN]   [Step 250/500] (50.0%) | Val Acc: 0.9469 | Test Acc: 0.9517 | VRAM (Alloc/Reserved): 255.1/930.0 MiB | Time: 189.1s
[ByzFL-SNN]   [Step 300/500] (60.0%) | Val Acc: 0.9512 | Test Acc: 0.9583 | VRAM (Alloc/Reserved): 248.5/930.0 MiB | Time: 225.5s
[ByzFL-SNN]   [Step 350/500] (70.0%) | Val Acc: 0.9569 | Test Acc: 0.9626 | VRAM (Alloc/Reserved): 250.0/930.0 MiB | Time: 262.1s
[ByzFL-SNN]   [Step 400/500] (80.0%) | Val Acc: 0.9580 | Test Acc: 0.9641 | VRAM (Alloc/Reserved): 253.5/930.0 MiB | Time: 299.7s
[ByzFL-SNN]   [Step 450/500] (90.0%) | Val Acc: 0.9612 | Test Acc: 0.9667 | VRAM (Alloc/Reserved): 252.9/930.0 MiB | Time: 335.5s
[ByzFL-SNN] [Training Complete] Peak VRAM (Alloc/Reserved): 512.8/930.0 MiB | Total time: 366.5s

Training 3 done
All trainings finished.
Warning: Best hyperparameter selection skipped or failed: ./results/gradient_structure/snn_atan12/mnist_cnn_mnist_snn_n_10_f_0_d_0_gamma_similarity_niid_1.0_TrMean_NNM_ARC_NoAttack_lr_0.1_mom_0.9_wd_0.0001_ts_10_enc_constant_beta_0.95_learn_threshold_False_surrogate_gradient_atan_threshold_1.0/val_accuracy_tr_seed_42_dd_seed_42.txt not found.

Sweep complete. Generating robust heatmaps...
Generating plots for attack: merged...
Warning: could not load accuracy files for f=0, param=1.0. Details: ./results/gradient_structure/snn_atan12/mnist_cnn_mnist_snn_n_10_f_0_d_0_gamma_similarity_niid_1.0_TrMean_NNM_ARC_NoAttack_lr_0.1_mom_0.9_wd_0.0001_ts_10_enc_constant_beta_0.95_learn_threshold_False_surrogate_gradient_atan_threshold_1.0/test_accuracy_tr_seed_42_dd_seed_42.txt not found.
Warning: could not load accuracy files for f=0, param=0.66. Details: ./results/gradient_structure/snn_atan12/mnist_cnn_mnist_snn_n_10_f_0_d_0_gamma_similarity_niid_0.66_TrMean_NNM_ARC_NoAttack_lr_0.1_mom_0.9_wd_0.0001_ts_10_enc_constant_beta_0.95_learn_threshold_False_surrogate_gradient_atan_threshold_1.0/test_accuracy_tr_seed_42_dd_seed_42.txt not found.
Warning: could not load accuracy files for f=0, param=0.33. Details: ./results/gradient_structure/snn_atan12/mnist_cnn_mnist_snn_n_10_f_0_d_0_gamma_similarity_niid_0.33_TrMean_NNM_ARC_NoAttack_lr_0.1_mom_0.9_wd_0.0001_ts_10_enc_constant_beta_0.95_learn_threshold_False_surrogate_gradient_atan_threshold_1.0/test_accuracy_tr_seed_42_dd_seed_42.txt not found.
Warning: could not load accuracy files for f=0, param=0.0. Details: ./results/gradient_structure/snn_atan12/mnist_cnn_mnist_snn_n_10_f_0_d_0_gamma_similarity_niid_0.0_TrMean_NNM_ARC_NoAttack_lr_0.1_mom_0.9_wd_0.0001_ts_10_enc_constant_beta_0.95_learn_threshold_False_surrogate_gradient_atan_threshold_1.0/test_accuracy_tr_seed_42_dd_seed_42.txt not found.
  - Saved test heatmaps
ERROR: [Errno 2] No such file or directory: './results/gradient_structure/snn_atan12/mnist_cnn_mnist_snn_n_10_f_0_d_0_gamma_similarity_niid_1.0_TrMean_NNM_ARC_NoAttack_lr_0.1_mom_0.9_wd_0.0001_ts_10_enc_constant_beta_0.95_learn_threshold_False_surrogate_gradient_atan_threshold_1.0/config.json'
  - Error loss heatmaps: ./results/gradient_structure/snn_atan12/mnist_cnn_mnist_snn_n_10_f_0_d_0_gamma_similarity_niid_1.0_TrMean_NNM_ARC_NoAttack_lr_0.1_mom_0.9_wd_0.0001_ts_10_enc_constant_beta_0.95_learn_threshold_False_surrogate_gradient_atan_threshold_1.0/train_loss_tr_seed_42_dd_seed_42.txt not found.
Warning: could not load accuracy files for f=0, param=1.0. Details: ./results/gradient_structure/snn_atan12/mnist_cnn_mnist_snn_n_10_f_0_d_0_gamma_similarity_niid_1.0_TrMean_NNM_ARC_NoAttack_lr_0.1_mom_0.9_wd_0.0001_ts_10_enc_constant_beta_0.95_learn_threshold_False_surrogate_gradient_atan_threshold_1.0/test_accuracy_tr_seed_42_dd_seed_42.txt not found.
Warning: could not load accuracy files for f=0, param=0.66. Details: ./results/gradient_structure/snn_atan12/mnist_cnn_mnist_snn_n_10_f_0_d_0_gamma_similarity_niid_0.66_TrMean_NNM_ARC_NoAttack_lr_0.1_mom_0.9_wd_0.0001_ts_10_enc_constant_beta_0.95_learn_threshold_False_surrogate_gradient_atan_threshold_1.0/test_accuracy_tr_seed_42_dd_seed_42.txt not found.
Warning: could not load accuracy files for f=0, param=0.33. Details: ./results/gradient_structure/snn_atan12/mnist_cnn_mnist_snn_n_10_f_0_d_0_gamma_similarity_niid_0.33_TrMean_NNM_ARC_NoAttack_lr_0.1_mom_0.9_wd_0.0001_ts_10_enc_constant_beta_0.95_learn_threshold_False_surrogate_gradient_atan_threshold_1.0/test_accuracy_tr_seed_42_dd_seed_42.txt not found.
Warning: could not load accuracy files for f=0, param=0.0. Details: ./results/gradient_structure/snn_atan12/mnist_cnn_mnist_snn_n_10_f_0_d_0_gamma_similarity_niid_0.0_TrMean_NNM_ARC_NoAttack_lr_0.1_mom_0.9_wd_0.0001_ts_10_enc_constant_beta_0.95_learn_threshold_False_surrogate_gradient_atan_threshold_1.0/test_accuracy_tr_seed_42_dd_seed_42.txt not found.
  - Saved aggregated test heatmaps
Generating plots for attack: NoAttack...
Warning: could not load accuracy files for f=0, param=1.0. Details: ./results/gradient_structure/snn_atan12/mnist_cnn_mnist_snn_n_10_f_0_d_0_gamma_similarity_niid_1.0_TrMean_NNM_ARC_NoAttack_lr_0.1_mom_0.9_wd_0.0001_ts_10_enc_constant_beta_0.95_learn_threshold_False_surrogate_gradient_atan_threshold_1.0/test_accuracy_tr_seed_42_dd_seed_42.txt not found.
Warning: could not load accuracy files for f=0, param=0.66. Details: ./results/gradient_structure/snn_atan12/mnist_cnn_mnist_snn_n_10_f_0_d_0_gamma_similarity_niid_0.66_TrMean_NNM_ARC_NoAttack_lr_0.1_mom_0.9_wd_0.0001_ts_10_enc_constant_beta_0.95_learn_threshold_False_surrogate_gradient_atan_threshold_1.0/test_accuracy_tr_seed_42_dd_seed_42.txt not found.
Warning: could not load accuracy files for f=0, param=0.33. Details: ./results/gradient_structure/snn_atan12/mnist_cnn_mnist_snn_n_10_f_0_d_0_gamma_similarity_niid_0.33_TrMean_NNM_ARC_NoAttack_lr_0.1_mom_0.9_wd_0.0001_ts_10_enc_constant_beta_0.95_learn_threshold_False_surrogate_gradient_atan_threshold_1.0/test_accuracy_tr_seed_42_dd_seed_42.txt not found.
Warning: could not load accuracy files for f=0, param=0.0. Details: ./results/gradient_structure/snn_atan12/mnist_cnn_mnist_snn_n_10_f_0_d_0_gamma_similarity_niid_0.0_TrMean_NNM_ARC_NoAttack_lr_0.1_mom_0.9_wd_0.0001_ts_10_enc_constant_beta_0.95_learn_threshold_False_surrogate_gradient_atan_threshold_1.0/test_accuracy_tr_seed_42_dd_seed_42.txt not found.
  - Saved test heatmaps
ERROR: [Errno 2] No such file or directory: './results/gradient_structure/snn_atan12/mnist_cnn_mnist_snn_n_10_f_0_d_0_gamma_similarity_niid_1.0_TrMean_NNM_ARC_NoAttack_lr_0.1_mom_0.9_wd_0.0001_ts_10_enc_constant_beta_0.95_learn_threshold_False_surrogate_gradient_atan_threshold_1.0/config.json'
  - Error loss heatmaps: ./results/gradient_structure/snn_atan12/mnist_cnn_mnist_snn_n_10_f_0_d_0_gamma_similarity_niid_1.0_TrMean_NNM_ARC_NoAttack_lr_0.1_mom_0.9_wd_0.0001_ts_10_enc_constant_beta_0.95_learn_threshold_False_surrogate_gradient_atan_threshold_1.0/train_loss_tr_seed_42_dd_seed_42.txt not found.
Warning: could not load accuracy files for f=0, param=1.0. Details: ./results/gradient_structure/snn_atan12/mnist_cnn_mnist_snn_n_10_f_0_d_0_gamma_similarity_niid_1.0_TrMean_NNM_ARC_NoAttack_lr_0.1_mom_0.9_wd_0.0001_ts_10_enc_constant_beta_0.95_learn_threshold_False_surrogate_gradient_atan_threshold_1.0/test_accuracy_tr_seed_42_dd_seed_42.txt not found.
Warning: could not load accuracy files for f=0, param=0.66. Details: ./results/gradient_structure/snn_atan12/mnist_cnn_mnist_snn_n_10_f_0_d_0_gamma_similarity_niid_0.66_TrMean_NNM_ARC_NoAttack_lr_0.1_mom_0.9_wd_0.0001_ts_10_enc_constant_beta_0.95_learn_threshold_False_surrogate_gradient_atan_threshold_1.0/test_accuracy_tr_seed_42_dd_seed_42.txt not found.
Warning: could not load accuracy files for f=0, param=0.33. Details: ./results/gradient_structure/snn_atan12/mnist_cnn_mnist_snn_n_10_f_0_d_0_gamma_similarity_niid_0.33_TrMean_NNM_ARC_NoAttack_lr_0.1_mom_0.9_wd_0.0001_ts_10_enc_constant_beta_0.95_learn_threshold_False_surrogate_gradient_atan_threshold_1.0/test_accuracy_tr_seed_42_dd_seed_42.txt not found.
Warning: could not load accuracy files for f=0, param=0.0. Details: ./results/gradient_structure/snn_atan12/mnist_cnn_mnist_snn_n_10_f_0_d_0_gamma_similarity_niid_0.0_TrMean_NNM_ARC_NoAttack_lr_0.1_mom_0.9_wd_0.0001_ts_10_enc_constant_beta_0.95_learn_threshold_False_surrogate_gradient_atan_threshold_1.0/test_accuracy_tr_seed_42_dd_seed_42.txt not found.
  - Saved aggregated test heatmaps
Done!
