=======================================================
Starting Robust Sweep using configs/snn_robustness/mnist_exp2_firing_rate_probe.json distributed across all available GPUs with 2 jobs
Pre-downloading MNIST dataset sequentially to avoid parallel race conditions...
MNIST dataset is ready!
Distributing tasks across 2 GPUs...
Total trainings to do: 2
Running 2 trainings in parallel...

[ByzFL-SNN] [Training Start] Model: cnn_mnist_snn | Dataset: mnist
[ByzFL-SNN]   Aggregator: TrMean | Attack: SignFlipping
[ByzFL-SNN]   Distribution: gamma_similarity_niid (gamma=0.66)
[ByzFL-SNN]   Clients: 10 honest, 4 byzantine | Algorithm: DSGD
[ByzFL-SNN]   Learning Rate: 0.05 | Steps: 300 | Device: cuda:0
[ByzFL-SNN]   Validation samples: 12000 | Test samples: 10000
[ByzFL-SNN] Initial VRAM (Alloc/Reserved): 36.2/42.0 MiB
[ByzFL-SNN]   [Step 0/300] (0.0%) | Val Acc: 0.1278 | Test Acc: 0.1263 | VRAM (Alloc/Reserved): 46.2/132.0 MiB | Time: 4.6s
[ByzFL-SNN]   [Step 25/300] (8.3%) | Val Acc: 0.1085 | Test Acc: 0.1063 | VRAM (Alloc/Reserved): 249.8/814.0 MiB | Time: 22.7s
[ByzFL-SNN]   [Step 50/300] (16.7%) | Val Acc: 0.2021 | Test Acc: 0.2036 | VRAM (Alloc/Reserved): 252.7/844.0 MiB | Time: 41.6s
[ByzFL-SNN]   [Step 75/300] (25.0%) | Val Acc: 0.3279 | Test Acc: 0.3272 | VRAM (Alloc/Reserved): 251.7/844.0 MiB | Time: 62.0s
[ByzFL-SNN]   [Step 100/300] (33.3%) | Val Acc: 0.4067 | Test Acc: 0.4127 | VRAM (Alloc/Reserved): 255.3/844.0 MiB | Time: 79.5s
[ByzFL-SNN]   [Step 125/300] (41.7%) | Val Acc: 0.4642 | Test Acc: 0.4630 | VRAM (Alloc/Reserved): 255.2/844.0 MiB | Time: 97.1s
[ByzFL-SNN]   [Step 150/300] (50.0%) | Val Acc: 0.5233 | Test Acc: 0.5226 | VRAM (Alloc/Reserved): 254.1/844.0 MiB | Time: 114.7s
[ByzFL-SNN]   [Step 175/300] (58.3%) | Val Acc: 0.5256 | Test Acc: 0.5273 | VRAM (Alloc/Reserved): 258.0/846.0 MiB | Time: 132.3s
[ByzFL-SNN]   [Step 200/300] (66.7%) | Val Acc: 0.5574 | Test Acc: 0.5502 | VRAM (Alloc/Reserved): 255.8/846.0 MiB | Time: 150.1s
[ByzFL-SNN]   [Step 225/300] (75.0%) | Val Acc: 0.6061 | Test Acc: 0.6011 | VRAM (Alloc/Reserved): 255.6/846.0 MiB | Time: 167.9s
[ByzFL-SNN]   [Step 250/300] (83.3%) | Val Acc: 0.5666 | Test Acc: 0.5663 | VRAM (Alloc/Reserved): 253.3/846.0 MiB | Time: 185.5s
[ByzFL-SNN]   [Step 275/300] (91.7%) | Val Acc: 0.6428 | Test Acc: 0.6454 | VRAM (Alloc/Reserved): 255.1/846.0 MiB | Time: 211.4s
[ByzFL-SNN] [Training Complete] Peak VRAM (Alloc/Reserved): 539.5/846.0 MiB | Total time: 226.6s

Training 0 done

[ByzFL-SNN] [Training Start] Model: cnn_mnist_snn | Dataset: mnist
[ByzFL-SNN]   Aggregator: TrMean | Attack: SignFlipping
[ByzFL-SNN]   Distribution: gamma_similarity_niid (gamma=0.66)
[ByzFL-SNN]   Clients: 10 honest, 5 byzantine | Algorithm: DSGD
[ByzFL-SNN]   Learning Rate: 0.05 | Steps: 300 | Device: cuda:1
[ByzFL-SNN]   Validation samples: 12000 | Test samples: 10000
[ByzFL-SNN] Initial VRAM (Alloc/Reserved): 36.2/42.0 MiB
[ByzFL-SNN]   [Step 0/300] (0.0%) | Val Acc: 0.1278 | Test Acc: 0.1263 | VRAM (Alloc/Reserved): 46.2/132.0 MiB | Time: 4.6s
[ByzFL-SNN]   [Step 25/300] (8.3%) | Val Acc: 0.0985 | Test Acc: 0.0975 | VRAM (Alloc/Reserved): 256.8/810.0 MiB | Time: 22.4s
[ByzFL-SNN]   [Step 50/300] (16.7%) | Val Acc: 0.0991 | Test Acc: 0.0979 | VRAM (Alloc/Reserved): 255.2/866.0 MiB | Time: 40.1s
[ByzFL-SNN]   [Step 75/300] (25.0%) | Val Acc: 0.0988 | Test Acc: 0.0979 | VRAM (Alloc/Reserved): 256.0/866.0 MiB | Time: 57.8s
[ByzFL-SNN]   [Step 100/300] (33.3%) | Val Acc: 0.0990 | Test Acc: 0.0981 | VRAM (Alloc/Reserved): 251.4/866.0 MiB | Time: 75.3s
[ByzFL-SNN]   [Step 125/300] (41.7%) | Val Acc: 0.0990 | Test Acc: 0.0980 | VRAM (Alloc/Reserved): 254.5/866.0 MiB | Time: 92.8s
[ByzFL-SNN]   [Step 150/300] (50.0%) | Val Acc: 0.0990 | Test Acc: 0.0980 | VRAM (Alloc/Reserved): 251.0/866.0 MiB | Time: 112.0s
[ByzFL-SNN]   [Step 175/300] (58.3%) | Val Acc: 0.0990 | Test Acc: 0.0980 | VRAM (Alloc/Reserved): 255.4/868.0 MiB | Time: 131.4s
[ByzFL-SNN]   [Step 200/300] (66.7%) | Val Acc: 0.0990 | Test Acc: 0.0980 | VRAM (Alloc/Reserved): 254.0/868.0 MiB | Time: 148.9s
[ByzFL-SNN]   [Step 225/300] (75.0%) | Val Acc: 0.0990 | Test Acc: 0.0980 | VRAM (Alloc/Reserved): 250.6/868.0 MiB | Time: 166.6s
[ByzFL-SNN]   [Step 250/300] (83.3%) | Val Acc: 0.0990 | Test Acc: 0.0980 | VRAM (Alloc/Reserved): 254.9/868.0 MiB | Time: 186.7s
[ByzFL-SNN]   [Step 275/300] (91.7%) | Val Acc: 0.0990 | Test Acc: 0.0980 | VRAM (Alloc/Reserved): 256.0/868.0 MiB | Time: 213.0s
[ByzFL-SNN] [Training Complete] Peak VRAM (Alloc/Reserved): 556.9/868.0 MiB | Total time: 227.7s

Training 1 done
All trainings finished.
Done

Sweep complete. Generating robust heatmaps...
Generating plots for attack: merged...
  - Saved test heatmaps
  - Saved loss heatmaps
  - Saved aggregated test heatmaps
Generating plots for attack: SignFlipping...
  - Saved test heatmaps
  - Saved loss heatmaps
  - Saved aggregated test heatmaps
Done!
