nohup: ignoring input

=======================================================
Running SNN Tri Beta Sweep (7 betas, 5 seeds, f=0, GPUs distributed)
=======================================================
Total trainings to do: 35
Running 5 trainings in parallel...

[ByzFL-SNN] [Training Start] Model: cnn_mnist_snn | Dataset: mnist
[ByzFL-SNN]   Clients: 10 honest, 0 byzantine | Algorithm: DSGD
[ByzFL-SNN]   Learning Rate: 0.05 | Steps: 500 | Device: cuda
[ByzFL-SNN]   Validation samples: 12000 | Test samples: 10000
[ByzFL-SNN] Initial VRAM (Alloc/Reserved): 36.2/42.0 MiB
[ByzFL-SNN]   [Step 0/500] (0.0%) | Val Acc: 0.1852 | Test Acc: 0.1865 | VRAM (Alloc/Reserved): 46.2/132.0 MiB | Time: 21.3s
[ByzFL-SNN]   [Step 50/500] (10.0%) | Val Acc: 0.7568 | Test Acc: 0.7680 | VRAM (Alloc/Reserved): 238.0/898.0 MiB | Time: 225.7s
[ByzFL-SNN]   [Step 100/500] (20.0%) | Val Acc: 0.7781 | Test Acc: 0.7866 | VRAM (Alloc/Reserved): 236.9/898.0 MiB | Time: 435.0s
[ByzFL-SNN]   [Step 150/500] (30.0%) | Val Acc: 0.7841 | Test Acc: 0.7914 | VRAM (Alloc/Reserved): 238.8/898.0 MiB | Time: 644.8s
[ByzFL-SNN]   [Step 200/500] (40.0%) | Val Acc: 0.7860 | Test Acc: 0.7927 | VRAM (Alloc/Reserved): 237.0/898.0 MiB | Time: 853.5s
[ByzFL-SNN]   [Step 250/500] (50.0%) | Val Acc: 0.7883 | Test Acc: 0.7950 | VRAM (Alloc/Reserved): 236.7/898.0 MiB | Time: 1063.5s
[ByzFL-SNN]   [Step 300/500] (60.0%) | Val Acc: 0.7892 | Test Acc: 0.7958 | VRAM (Alloc/Reserved): 234.6/898.0 MiB | Time: 1273.5s
[ByzFL-SNN]   [Step 350/500] (70.0%) | Val Acc: 0.7899 | Test Acc: 0.7965 | VRAM (Alloc/Reserved): 234.4/898.0 MiB | Time: 1481.5s
[ByzFL-SNN]   [Step 400/500] (80.0%) | Val Acc: 0.7912 | Test Acc: 0.7969 | VRAM (Alloc/Reserved): 235.0/898.0 MiB | Time: 1691.9s
[ByzFL-SNN]   [Step 450/500] (90.0%) | Val Acc: 0.7913 | Test Acc: 0.7975 | VRAM (Alloc/Reserved): 238.3/898.0 MiB | Time: 1902.2s
[ByzFL-SNN] [Training Complete] Peak VRAM (Alloc/Reserved): 796.0/898.0 MiB | Total time: 2087.3s

Training 0 done

[ByzFL-SNN] [Training Start] Model: cnn_mnist_snn | Dataset: mnist
[ByzFL-SNN]   Clients: 10 honest, 0 byzantine | Algorithm: DSGD
[ByzFL-SNN]   Learning Rate: 0.05 | Steps: 500 | Device: cuda
[ByzFL-SNN]   Validation samples: 12000 | Test samples: 10000
[ByzFL-SNN] Initial VRAM (Alloc/Reserved): 36.2/42.0 MiB
[ByzFL-SNN]   [Step 0/500] (0.0%) | Val Acc: 0.1852 | Test Acc: 0.1865 | VRAM (Alloc/Reserved): 46.2/132.0 MiB | Time: 21.9s
[ByzFL-SNN]   [Step 50/500] (10.0%) | Val Acc: 0.5835 | Test Acc: 0.5929 | VRAM (Alloc/Reserved): 238.0/898.0 MiB | Time: 227.0s
[ByzFL-SNN]   [Step 100/500] (20.0%) | Val Acc: 0.6770 | Test Acc: 0.6887 | VRAM (Alloc/Reserved): 236.9/898.0 MiB | Time: 436.3s
[ByzFL-SNN]   [Step 150/500] (30.0%) | Val Acc: 0.6857 | Test Acc: 0.6953 | VRAM (Alloc/Reserved): 238.8/898.0 MiB | Time: 646.1s
[ByzFL-SNN]   [Step 200/500] (40.0%) | Val Acc: 0.6886 | Test Acc: 0.6984 | VRAM (Alloc/Reserved): 237.0/898.0 MiB | Time: 854.2s
[ByzFL-SNN]   [Step 250/500] (50.0%) | Val Acc: 0.6910 | Test Acc: 0.7005 | VRAM (Alloc/Reserved): 236.7/898.0 MiB | Time: 1064.9s
[ByzFL-SNN]   [Step 300/500] (60.0%) | Val Acc: 0.6920 | Test Acc: 0.7016 | VRAM (Alloc/Reserved): 234.6/898.0 MiB | Time: 1274.7s
[ByzFL-SNN]   [Step 350/500] (70.0%) | Val Acc: 0.6933 | Test Acc: 0.7018 | VRAM (Alloc/Reserved): 234.4/898.0 MiB | Time: 1482.7s
[ByzFL-SNN]   [Step 400/500] (80.0%) | Val Acc: 0.6945 | Test Acc: 0.7020 | VRAM (Alloc/Reserved): 235.0/898.0 MiB | Time: 1693.3s
[ByzFL-SNN]   [Step 450/500] (90.0%) | Val Acc: 0.6947 | Test Acc: 0.7031 | VRAM (Alloc/Reserved): 238.3/898.0 MiB | Time: 1903.2s
[ByzFL-SNN] [Training Complete] Peak VRAM (Alloc/Reserved): 796.0/898.0 MiB | Total time: 2088.7s

Training 1 done

[ByzFL-SNN] [Training Start] Model: cnn_mnist_snn | Dataset: mnist
[ByzFL-SNN]   Clients: 10 honest, 0 byzantine | Algorithm: DSGD
[ByzFL-SNN]   Learning Rate: 0.05 | Steps: 500 | Device: cuda
[ByzFL-SNN]   Validation samples: 12000 | Test samples: 10000
[ByzFL-SNN] Initial VRAM (Alloc/Reserved): 36.2/42.0 MiB
[ByzFL-SNN]   [Step 0/500] (0.0%) | Val Acc: 0.1852 | Test Acc: 0.1865 | VRAM (Alloc/Reserved): 46.2/132.0 MiB | Time: 20.9s
[ByzFL-SNN]   [Step 50/500] (10.0%) | Val Acc: 0.7502 | Test Acc: 0.7677 | VRAM (Alloc/Reserved): 238.0/898.0 MiB | Time: 226.5s
[ByzFL-SNN]   [Step 100/500] (20.0%) | Val Acc: 0.7685 | Test Acc: 0.7824 | VRAM (Alloc/Reserved): 236.9/898.0 MiB | Time: 436.0s
[ByzFL-SNN]   [Step 150/500] (30.0%) | Val Acc: 0.7734 | Test Acc: 0.7875 | VRAM (Alloc/Reserved): 238.8/898.0 MiB | Time: 646.6s
[ByzFL-SNN]   [Step 200/500] (40.0%) | Val Acc: 0.7752 | Test Acc: 0.7865 | VRAM (Alloc/Reserved): 237.0/898.0 MiB | Time: 855.7s
[ByzFL-SNN]   [Step 250/500] (50.0%) | Val Acc: 0.7798 | Test Acc: 0.7903 | VRAM (Alloc/Reserved): 236.7/898.0 MiB | Time: 1066.2s
[ByzFL-SNN]   [Step 300/500] (60.0%) | Val Acc: 0.7803 | Test Acc: 0.7902 | VRAM (Alloc/Reserved): 234.6/898.0 MiB | Time: 1277.5s
[ByzFL-SNN]   [Step 350/500] (70.0%) | Val Acc: 0.7822 | Test Acc: 0.7903 | VRAM (Alloc/Reserved): 234.4/898.0 MiB | Time: 1487.0s
[ByzFL-SNN]   [Step 400/500] (80.0%) | Val Acc: 0.7830 | Test Acc: 0.7928 | VRAM (Alloc/Reserved): 235.0/898.0 MiB | Time: 1697.3s
[ByzFL-SNN]   [Step 450/500] (90.0%) | Val Acc: 0.7836 | Test Acc: 0.7920 | VRAM (Alloc/Reserved): 238.3/898.0 MiB | Time: 1907.6s
[ByzFL-SNN] [Training Complete] Peak VRAM (Alloc/Reserved): 796.0/898.0 MiB | Total time: 2092.9s

Training 2 done

[ByzFL-SNN] [Training Start] Model: cnn_mnist_snn | Dataset: mnist
[ByzFL-SNN]   Clients: 10 honest, 0 byzantine | Algorithm: DSGD
[ByzFL-SNN]   Learning Rate: 0.05 | Steps: 500 | Device: cuda
[ByzFL-SNN]   Validation samples: 12000 | Test samples: 10000
[ByzFL-SNN] Initial VRAM (Alloc/Reserved): 36.2/42.0 MiB
[ByzFL-SNN]   [Step 0/500] (0.0%) | Val Acc: 0.1852 | Test Acc: 0.1865 | VRAM (Alloc/Reserved): 46.2/132.0 MiB | Time: 21.9s
[ByzFL-SNN]   [Step 50/500] (10.0%) | Val Acc: 0.5781 | Test Acc: 0.5864 | VRAM (Alloc/Reserved): 238.0/898.0 MiB | Time: 227.4s
[ByzFL-SNN]   [Step 100/500] (20.0%) | Val Acc: 0.5860 | Test Acc: 0.5922 | VRAM (Alloc/Reserved): 236.9/898.0 MiB | Time: 437.3s
[ByzFL-SNN]   [Step 150/500] (30.0%) | Val Acc: 0.5898 | Test Acc: 0.5952 | VRAM (Alloc/Reserved): 238.8/898.0 MiB | Time: 647.9s
[ByzFL-SNN]   [Step 200/500] (40.0%) | Val Acc: 0.5957 | Test Acc: 0.6003 | VRAM (Alloc/Reserved): 237.0/898.0 MiB | Time: 857.2s
[ByzFL-SNN]   [Step 250/500] (50.0%) | Val Acc: 0.5968 | Test Acc: 0.6008 | VRAM (Alloc/Reserved): 236.7/898.0 MiB | Time: 1067.6s
[ByzFL-SNN]   [Step 300/500] (60.0%) | Val Acc: 0.5974 | Test Acc: 0.6019 | VRAM (Alloc/Reserved): 234.6/898.0 MiB | Time: 1279.0s
[ByzFL-SNN]   [Step 350/500] (70.0%) | Val Acc: 0.5991 | Test Acc: 0.6027 | VRAM (Alloc/Reserved): 234.4/898.0 MiB | Time: 1489.1s
[ByzFL-SNN]   [Step 400/500] (80.0%) | Val Acc: 0.5999 | Test Acc: 0.6032 | VRAM (Alloc/Reserved): 235.0/898.0 MiB | Time: 1700.7s
[ByzFL-SNN]   [Step 450/500] (90.0%) | Val Acc: 0.5992 | Test Acc: 0.6027 | VRAM (Alloc/Reserved): 238.3/898.0 MiB | Time: 1912.5s
[ByzFL-SNN] [Training Complete] Peak VRAM (Alloc/Reserved): 796.0/898.0 MiB | Total time: 2098.4s

Training 3 done

[ByzFL-SNN] [Training Start] Model: cnn_mnist_snn | Dataset: mnist
[ByzFL-SNN]   Clients: 10 honest, 0 byzantine | Algorithm: DSGD
[ByzFL-SNN]   Learning Rate: 0.05 | Steps: 500 | Device: cuda
[ByzFL-SNN]   Validation samples: 12000 | Test samples: 10000
[ByzFL-SNN] Initial VRAM (Alloc/Reserved): 36.2/42.0 MiB
[ByzFL-SNN]   [Step 0/500] (0.0%) | Val Acc: 0.1852 | Test Acc: 0.1865 | VRAM (Alloc/Reserved): 46.2/132.0 MiB | Time: 22.1s
[ByzFL-SNN]   [Step 50/500] (10.0%) | Val Acc: 0.7677 | Test Acc: 0.7723 | VRAM (Alloc/Reserved): 238.0/898.0 MiB | Time: 227.0s
[ByzFL-SNN]   [Step 100/500] (20.0%) | Val Acc: 0.7875 | Test Acc: 0.7923 | VRAM (Alloc/Reserved): 236.9/898.0 MiB | Time: 437.6s
[ByzFL-SNN]   [Step 150/500] (30.0%) | Val Acc: 0.7920 | Test Acc: 0.7951 | VRAM (Alloc/Reserved): 238.8/898.0 MiB | Time: 648.4s
[ByzFL-SNN]   [Step 200/500] (40.0%) | Val Acc: 0.7967 | Test Acc: 0.7997 | VRAM (Alloc/Reserved): 237.0/898.0 MiB | Time: 858.7s
[ByzFL-SNN]   [Step 250/500] (50.0%) | Val Acc: 0.7974 | Test Acc: 0.7986 | VRAM (Alloc/Reserved): 236.7/898.0 MiB | Time: 1070.1s
[ByzFL-SNN]   [Step 300/500] (60.0%) | Val Acc: 0.7993 | Test Acc: 0.8018 | VRAM (Alloc/Reserved): 234.6/898.0 MiB | Time: 1281.9s
[ByzFL-SNN]   [Step 350/500] (70.0%) | Val Acc: 0.8003 | Test Acc: 0.8020 | VRAM (Alloc/Reserved): 234.4/898.0 MiB | Time: 1492.5s
[ByzFL-SNN]   [Step 400/500] (80.0%) | Val Acc: 0.8008 | Test Acc: 0.8027 | VRAM (Alloc/Reserved): 235.0/898.0 MiB | Time: 1704.4s
[ByzFL-SNN]   [Step 450/500] (90.0%) | Val Acc: 0.8015 | Test Acc: 0.8020 | VRAM (Alloc/Reserved): 238.3/898.0 MiB | Time: 1915.8s
[ByzFL-SNN] [Training Complete] Peak VRAM (Alloc/Reserved): 796.0/898.0 MiB | Total time: 2101.7s

Training 4 done

[ByzFL-SNN] [Training Start] Model: cnn_mnist_snn | Dataset: mnist
[ByzFL-SNN]   Clients: 10 honest, 0 byzantine | Algorithm: DSGD
[ByzFL-SNN]   Learning Rate: 0.05 | Steps: 500 | Device: cuda
[ByzFL-SNN]   Validation samples: 12000 | Test samples: 10000
[ByzFL-SNN] Initial VRAM (Alloc/Reserved): 36.2/42.0 MiB
[ByzFL-SNN]   [Step 0/500] (0.0%) | Val Acc: 0.1852 | Test Acc: 0.1865 | VRAM (Alloc/Reserved): 46.2/132.0 MiB | Time: 18.1s
[ByzFL-SNN]   [Step 50/500] (10.0%) | Val Acc: 0.8387 | Test Acc: 0.8449 | VRAM (Alloc/Reserved): 238.0/898.0 MiB | Time: 230.4s
[ByzFL-SNN]   [Step 100/500] (20.0%) | Val Acc: 0.8781 | Test Acc: 0.8798 | VRAM (Alloc/Reserved): 236.9/898.0 MiB | Time: 442.8s
[ByzFL-SNN]   [Step 150/500] (30.0%) | Val Acc: 0.8852 | Test Acc: 0.8871 | VRAM (Alloc/Reserved): 238.8/898.0 MiB | Time: 654.5s
[ByzFL-SNN]   [Step 200/500] (40.0%) | Val Acc: 0.8893 | Test Acc: 0.8918 | VRAM (Alloc/Reserved): 237.0/898.0 MiB | Time: 864.9s
[ByzFL-SNN]   [Step 250/500] (50.0%) | Val Acc: 0.8917 | Test Acc: 0.8931 | VRAM (Alloc/Reserved): 236.7/898.0 MiB | Time: 1077.0s
[ByzFL-SNN]   [Step 300/500] (60.0%) | Val Acc: 0.8940 | Test Acc: 0.8956 | VRAM (Alloc/Reserved): 234.6/898.0 MiB | Time: 1288.7s
[ByzFL-SNN]   [Step 350/500] (70.0%) | Val Acc: 0.8947 | Test Acc: 0.8949 | VRAM (Alloc/Reserved): 234.4/898.0 MiB | Time: 1498.3s
[ByzFL-SNN]   [Step 400/500] (80.0%) | Val Acc: 0.8963 | Test Acc: 0.8974 | VRAM (Alloc/Reserved): 235.0/898.0 MiB | Time: 1710.3s
[ByzFL-SNN]   [Step 450/500] (90.0%) | Val Acc: 0.8972 | Test Acc: 0.8969 | VRAM (Alloc/Reserved): 238.3/898.0 MiB | Time: 1922.1s
[ByzFL-SNN] [Training Complete] Peak VRAM (Alloc/Reserved): 796.0/898.0 MiB | Total time: 2108.1s

Training 5 done

[ByzFL-SNN] [Training Start] Model: cnn_mnist_snn | Dataset: mnist
[ByzFL-SNN]   Clients: 10 honest, 0 byzantine | Algorithm: DSGD
[ByzFL-SNN]   Learning Rate: 0.05 | Steps: 500 | Device: cuda
[ByzFL-SNN]   Validation samples: 12000 | Test samples: 10000
[ByzFL-SNN] Initial VRAM (Alloc/Reserved): 36.2/42.0 MiB
[ByzFL-SNN]   [Step 0/500] (0.0%) | Val Acc: 0.1852 | Test Acc: 0.1865 | VRAM (Alloc/Reserved): 46.2/132.0 MiB | Time: 19.3s
[ByzFL-SNN]   [Step 50/500] (10.0%) | Val Acc: 0.7687 | Test Acc: 0.7754 | VRAM (Alloc/Reserved): 238.0/898.0 MiB | Time: 232.1s
[ByzFL-SNN]   [Step 100/500] (20.0%) | Val Acc: 0.7873 | Test Acc: 0.7921 | VRAM (Alloc/Reserved): 236.9/898.0 MiB | Time: 444.3s
[ByzFL-SNN]   [Step 150/500] (30.0%) | Val Acc: 0.7923 | Test Acc: 0.7987 | VRAM (Alloc/Reserved): 238.8/898.0 MiB | Time: 656.4s
[ByzFL-SNN]   [Step 200/500] (40.0%) | Val Acc: 0.7958 | Test Acc: 0.8005 | VRAM (Alloc/Reserved): 237.0/898.0 MiB | Time: 866.8s
[ByzFL-SNN]   [Step 250/500] (50.0%) | Val Acc: 0.7997 | Test Acc: 0.8028 | VRAM (Alloc/Reserved): 236.7/898.0 MiB | Time: 1078.8s
[ByzFL-SNN]   [Step 300/500] (60.0%) | Val Acc: 0.8003 | Test Acc: 0.8029 | VRAM (Alloc/Reserved): 234.6/898.0 MiB | Time: 1291.1s
[ByzFL-SNN]   [Step 350/500] (70.0%) | Val Acc: 0.8020 | Test Acc: 0.8042 | VRAM (Alloc/Reserved): 234.4/898.0 MiB | Time: 1501.7s
[ByzFL-SNN]   [Step 400/500] (80.0%) | Val Acc: 0.8025 | Test Acc: 0.8042 | VRAM (Alloc/Reserved): 235.0/898.0 MiB | Time: 1713.8s
[ByzFL-SNN]   [Step 450/500] (90.0%) | Val Acc: 0.8028 | Test Acc: 0.8039 | VRAM (Alloc/Reserved): 238.3/898.0 MiB | Time: 1926.0s
[ByzFL-SNN] [Training Complete] Peak VRAM (Alloc/Reserved): 796.0/898.0 MiB | Total time: 2113.3s

Training 6 done

[ByzFL-SNN] [Training Start] Model: cnn_mnist_snn | Dataset: mnist
[ByzFL-SNN]   Clients: 10 honest, 0 byzantine | Algorithm: DSGD
[ByzFL-SNN]   Learning Rate: 0.05 | Steps: 500 | Device: cuda
[ByzFL-SNN]   Validation samples: 12000 | Test samples: 10000
[ByzFL-SNN] Initial VRAM (Alloc/Reserved): 36.2/42.0 MiB
[ByzFL-SNN]   [Step 0/500] (0.0%) | Val Acc: 0.1852 | Test Acc: 0.1865 | VRAM (Alloc/Reserved): 46.2/132.0 MiB | Time: 22.2s
[ByzFL-SNN]   [Step 50/500] (10.0%) | Val Acc: 0.7761 | Test Acc: 0.7771 | VRAM (Alloc/Reserved): 238.0/898.0 MiB | Time: 234.1s
[ByzFL-SNN]   [Step 100/500] (20.0%) | Val Acc: 0.7896 | Test Acc: 0.7902 | VRAM (Alloc/Reserved): 236.9/898.0 MiB | Time: 446.0s
[ByzFL-SNN]   [Step 150/500] (30.0%) | Val Acc: 0.7955 | Test Acc: 0.7963 | VRAM (Alloc/Reserved): 238.8/898.0 MiB | Time: 657.7s
[ByzFL-SNN]   [Step 200/500] (40.0%) | Val Acc: 0.7983 | Test Acc: 0.7972 | VRAM (Alloc/Reserved): 237.0/898.0 MiB | Time: 869.0s
[ByzFL-SNN]   [Step 250/500] (50.0%) | Val Acc: 0.8001 | Test Acc: 0.7996 | VRAM (Alloc/Reserved): 236.7/898.0 MiB | Time: 1080.9s
[ByzFL-SNN]   [Step 300/500] (60.0%) | Val Acc: 0.8026 | Test Acc: 0.8002 | VRAM (Alloc/Reserved): 234.6/898.0 MiB | Time: 1292.8s
[ByzFL-SNN]   [Step 350/500] (70.0%) | Val Acc: 0.8035 | Test Acc: 0.8010 | VRAM (Alloc/Reserved): 234.4/898.0 MiB | Time: 1503.7s
[ByzFL-SNN]   [Step 400/500] (80.0%) | Val Acc: 0.8041 | Test Acc: 0.8025 | VRAM (Alloc/Reserved): 235.0/898.0 MiB | Time: 1716.4s
[ByzFL-SNN]   [Step 450/500] (90.0%) | Val Acc: 0.8057 | Test Acc: 0.8036 | VRAM (Alloc/Reserved): 238.3/898.0 MiB | Time: 1928.4s
[ByzFL-SNN] [Training Complete] Peak VRAM (Alloc/Reserved): 796.0/898.0 MiB | Total time: 2114.4s

Training 7 done

[ByzFL-SNN] [Training Start] Model: cnn_mnist_snn | Dataset: mnist
[ByzFL-SNN]   Clients: 10 honest, 0 byzantine | Algorithm: DSGD
[ByzFL-SNN]   Learning Rate: 0.05 | Steps: 500 | Device: cuda
[ByzFL-SNN]   Validation samples: 12000 | Test samples: 10000
[ByzFL-SNN] Initial VRAM (Alloc/Reserved): 36.2/42.0 MiB
[ByzFL-SNN]   [Step 0/500] (0.0%) | Val Acc: 0.1852 | Test Acc: 0.1865 | VRAM (Alloc/Reserved): 46.2/132.0 MiB | Time: 23.5s
[ByzFL-SNN]   [Step 50/500] (10.0%) | Val Acc: 0.7691 | Test Acc: 0.7747 | VRAM (Alloc/Reserved): 238.0/898.0 MiB | Time: 235.7s
[ByzFL-SNN]   [Step 100/500] (20.0%) | Val Acc: 0.7853 | Test Acc: 0.7905 | VRAM (Alloc/Reserved): 236.9/898.0 MiB | Time: 448.5s
[ByzFL-SNN]   [Step 150/500] (30.0%) | Val Acc: 0.7937 | Test Acc: 0.7992 | VRAM (Alloc/Reserved): 238.8/898.0 MiB | Time: 661.0s
[ByzFL-SNN]   [Step 200/500] (40.0%) | Val Acc: 0.7962 | Test Acc: 0.8021 | VRAM (Alloc/Reserved): 237.0/898.0 MiB | Time: 872.3s
[ByzFL-SNN]   [Step 250/500] (50.0%) | Val Acc: 0.7984 | Test Acc: 0.8001 | VRAM (Alloc/Reserved): 236.7/898.0 MiB | Time: 1084.6s
[ByzFL-SNN]   [Step 300/500] (60.0%) | Val Acc: 0.7999 | Test Acc: 0.8030 | VRAM (Alloc/Reserved): 234.6/898.0 MiB | Time: 1296.8s
[ByzFL-SNN]   [Step 350/500] (70.0%) | Val Acc: 0.8024 | Test Acc: 0.8049 | VRAM (Alloc/Reserved): 234.4/898.0 MiB | Time: 1507.5s
[ByzFL-SNN]   [Step 400/500] (80.0%) | Val Acc: 0.8033 | Test Acc: 0.8061 | VRAM (Alloc/Reserved): 235.0/898.0 MiB | Time: 1719.3s
[ByzFL-SNN]   [Step 450/500] (90.0%) | Val Acc: 0.8031 | Test Acc: 0.8062 | VRAM (Alloc/Reserved): 238.3/898.0 MiB | Time: 1931.8s
[ByzFL-SNN] [Training Complete] Peak VRAM (Alloc/Reserved): 796.0/898.0 MiB | Total time: 2118.2s

Training 8 done

[ByzFL-SNN] [Training Start] Model: cnn_mnist_snn | Dataset: mnist
[ByzFL-SNN]   Clients: 10 honest, 0 byzantine | Algorithm: DSGD
[ByzFL-SNN]   Learning Rate: 0.05 | Steps: 500 | Device: cuda
[ByzFL-SNN]   Validation samples: 12000 | Test samples: 10000
[ByzFL-SNN] Initial VRAM (Alloc/Reserved): 36.2/42.0 MiB
[ByzFL-SNN]   [Step 0/500] (0.0%) | Val Acc: 0.1852 | Test Acc: 0.1865 | VRAM (Alloc/Reserved): 46.2/132.0 MiB | Time: 23.9s
[ByzFL-SNN]   [Step 50/500] (10.0%) | Val Acc: 0.8564 | Test Acc: 0.8616 | VRAM (Alloc/Reserved): 238.0/898.0 MiB | Time: 236.5s
[ByzFL-SNN]   [Step 100/500] (20.0%) | Val Acc: 0.8818 | Test Acc: 0.8833 | VRAM (Alloc/Reserved): 236.9/898.0 MiB | Time: 447.7s
[ByzFL-SNN]   [Step 150/500] (30.0%) | Val Acc: 0.8872 | Test Acc: 0.8904 | VRAM (Alloc/Reserved): 238.8/898.0 MiB | Time: 659.9s
[ByzFL-SNN]   [Step 200/500] (40.0%) | Val Acc: 0.8916 | Test Acc: 0.8927 | VRAM (Alloc/Reserved): 237.0/898.0 MiB | Time: 869.6s
[ByzFL-SNN]   [Step 250/500] (50.0%) | Val Acc: 0.8952 | Test Acc: 0.8950 | VRAM (Alloc/Reserved): 236.7/898.0 MiB | Time: 1081.6s
[ByzFL-SNN]   [Step 300/500] (60.0%) | Val Acc: 0.8968 | Test Acc: 0.8967 | VRAM (Alloc/Reserved): 234.6/898.0 MiB | Time: 1293.8s
[ByzFL-SNN]   [Step 350/500] (70.0%) | Val Acc: 0.8968 | Test Acc: 0.8965 | VRAM (Alloc/Reserved): 234.4/898.0 MiB | Time: 1504.7s
[ByzFL-SNN]   [Step 400/500] (80.0%) | Val Acc: 0.8997 | Test Acc: 0.8974 | VRAM (Alloc/Reserved): 235.0/898.0 MiB | Time: 1716.5s
[ByzFL-SNN]   [Step 450/500] (90.0%) | Val Acc: 0.8984 | Test Acc: 0.8972 | VRAM (Alloc/Reserved): 238.3/898.0 MiB | Time: 1928.4s
[ByzFL-SNN] [Training Complete] Peak VRAM (Alloc/Reserved): 796.0/898.0 MiB | Total time: 2115.0s

Training 9 done

[ByzFL-SNN] [Training Start] Model: cnn_mnist_snn | Dataset: mnist
[ByzFL-SNN]   Clients: 10 honest, 0 byzantine | Algorithm: DSGD
[ByzFL-SNN]   Learning Rate: 0.05 | Steps: 500 | Device: cuda
[ByzFL-SNN]   Validation samples: 12000 | Test samples: 10000
[ByzFL-SNN] Initial VRAM (Alloc/Reserved): 36.2/42.0 MiB
[ByzFL-SNN]   [Step 0/500] (0.0%) | Val Acc: 0.1852 | Test Acc: 0.1865 | VRAM (Alloc/Reserved): 46.2/132.0 MiB | Time: 19.2s
[ByzFL-SNN]   [Step 50/500] (10.0%) | Val Acc: 0.8599 | Test Acc: 0.8632 | VRAM (Alloc/Reserved): 238.0/898.0 MiB | Time: 231.5s
[ByzFL-SNN]   [Step 100/500] (20.0%) | Val Acc: 0.8821 | Test Acc: 0.8840 | VRAM (Alloc/Reserved): 236.9/898.0 MiB | Time: 443.2s
[ByzFL-SNN]   [Step 150/500] (30.0%) | Val Acc: 0.8868 | Test Acc: 0.8889 | VRAM (Alloc/Reserved): 238.8/898.0 MiB | Time: 655.5s
[ByzFL-SNN]   [Step 200/500] (40.0%) | Val Acc: 0.8919 | Test Acc: 0.8936 | VRAM (Alloc/Reserved): 237.0/898.0 MiB | Time: 866.1s
[ByzFL-SNN]   [Step 250/500] (50.0%) | Val Acc: 0.8923 | Test Acc: 0.8950 | VRAM (Alloc/Reserved): 236.7/898.0 MiB | Time: 1077.7s
[ByzFL-SNN]   [Step 300/500] (60.0%) | Val Acc: 0.8954 | Test Acc: 0.8966 | VRAM (Alloc/Reserved): 234.6/898.0 MiB | Time: 1289.1s
[ByzFL-SNN]   [Step 350/500] (70.0%) | Val Acc: 0.8987 | Test Acc: 0.8972 | VRAM (Alloc/Reserved): 234.4/898.0 MiB | Time: 1499.7s
[ByzFL-SNN]   [Step 400/500] (80.0%) | Val Acc: 0.8989 | Test Acc: 0.8985 | VRAM (Alloc/Reserved): 235.0/898.0 MiB | Time: 1711.0s
[ByzFL-SNN]   [Step 450/500] (90.0%) | Val Acc: 0.9000 | Test Acc: 0.8991 | VRAM (Alloc/Reserved): 238.3/898.0 MiB | Time: 1922.5s
[ByzFL-SNN] [Training Complete] Peak VRAM (Alloc/Reserved): 796.0/898.0 MiB | Total time: 2108.9s

Training 10 done

[ByzFL-SNN] [Training Start] Model: cnn_mnist_snn | Dataset: mnist
[ByzFL-SNN]   Clients: 10 honest, 0 byzantine | Algorithm: DSGD
[ByzFL-SNN]   Learning Rate: 0.05 | Steps: 500 | Device: cuda
[ByzFL-SNN]   Validation samples: 12000 | Test samples: 10000
[ByzFL-SNN] Initial VRAM (Alloc/Reserved): 36.2/42.0 MiB
[ByzFL-SNN]   [Step 0/500] (0.0%) | Val Acc: 0.1852 | Test Acc: 0.1865 | VRAM (Alloc/Reserved): 46.2/132.0 MiB | Time: 17.6s
[ByzFL-SNN]   [Step 50/500] (10.0%) | Val Acc: 0.8567 | Test Acc: 0.8591 | VRAM (Alloc/Reserved): 238.0/898.0 MiB | Time: 230.4s
[ByzFL-SNN]   [Step 100/500] (20.0%) | Val Acc: 0.8809 | Test Acc: 0.8829 | VRAM (Alloc/Reserved): 236.9/898.0 MiB | Time: 443.1s
[ByzFL-SNN]   [Step 150/500] (30.0%) | Val Acc: 0.8870 | Test Acc: 0.8902 | VRAM (Alloc/Reserved): 238.8/898.0 MiB | Time: 655.2s
[ByzFL-SNN]   [Step 200/500] (40.0%) | Val Acc: 0.8922 | Test Acc: 0.8937 | VRAM (Alloc/Reserved): 237.0/898.0 MiB | Time: 865.8s
[ByzFL-SNN]   [Step 250/500] (50.0%) | Val Acc: 0.8949 | Test Acc: 0.8953 | VRAM (Alloc/Reserved): 236.7/898.0 MiB | Time: 1078.2s
[ByzFL-SNN]   [Step 300/500] (60.0%) | Val Acc: 0.8956 | Test Acc: 0.8963 | VRAM (Alloc/Reserved): 234.6/898.0 MiB | Time: 1290.7s
[ByzFL-SNN]   [Step 350/500] (70.0%) | Val Acc: 0.8959 | Test Acc: 0.8972 | VRAM (Alloc/Reserved): 234.4/898.0 MiB | Time: 1501.2s
[ByzFL-SNN]   [Step 400/500] (80.0%) | Val Acc: 0.8979 | Test Acc: 0.8974 | VRAM (Alloc/Reserved): 235.0/898.0 MiB | Time: 1713.9s
[ByzFL-SNN]   [Step 450/500] (90.0%) | Val Acc: 0.8989 | Test Acc: 0.8988 | VRAM (Alloc/Reserved): 238.3/898.0 MiB | Time: 1926.8s
[ByzFL-SNN] [Training Complete] Peak VRAM (Alloc/Reserved): 796.0/898.0 MiB | Total time: 2113.6s

Training 11 done

[ByzFL-SNN] [Training Start] Model: cnn_mnist_snn | Dataset: mnist
[ByzFL-SNN]   Clients: 10 honest, 0 byzantine | Algorithm: DSGD
[ByzFL-SNN]   Learning Rate: 0.05 | Steps: 500 | Device: cuda
[ByzFL-SNN]   Validation samples: 12000 | Test samples: 10000
[ByzFL-SNN] Initial VRAM (Alloc/Reserved): 36.2/42.0 MiB
[ByzFL-SNN]   [Step 0/500] (0.0%) | Val Acc: 0.1852 | Test Acc: 0.1865 | VRAM (Alloc/Reserved): 46.2/132.0 MiB | Time: 24.4s
[ByzFL-SNN]   [Step 50/500] (10.0%) | Val Acc: 0.8520 | Test Acc: 0.8594 | VRAM (Alloc/Reserved): 238.0/898.0 MiB | Time: 235.6s
[ByzFL-SNN]   [Step 100/500] (20.0%) | Val Acc: 0.8792 | Test Acc: 0.8830 | VRAM (Alloc/Reserved): 236.9/898.0 MiB | Time: 446.2s
[ByzFL-SNN]   [Step 150/500] (30.0%) | Val Acc: 0.8878 | Test Acc: 0.8906 | VRAM (Alloc/Reserved): 238.8/898.0 MiB | Time: 657.4s
[ByzFL-SNN]   [Step 200/500] (40.0%) | Val Acc: 0.8928 | Test Acc: 0.8938 | VRAM (Alloc/Reserved): 237.0/898.0 MiB | Time: 866.4s
[ByzFL-SNN]   [Step 250/500] (50.0%) | Val Acc: 0.8951 | Test Acc: 0.8947 | VRAM (Alloc/Reserved): 236.7/898.0 MiB | Time: 1078.0s
[ByzFL-SNN]   [Step 300/500] (60.0%) | Val Acc: 0.8961 | Test Acc: 0.8965 | VRAM (Alloc/Reserved): 234.6/898.0 MiB | Time: 1289.6s
[ByzFL-SNN]   [Step 350/500] (70.0%) | Val Acc: 0.8977 | Test Acc: 0.8968 | VRAM (Alloc/Reserved): 234.4/898.0 MiB | Time: 1498.9s
[ByzFL-SNN]   [Step 400/500] (80.0%) | Val Acc: 0.8988 | Test Acc: 0.8983 | VRAM (Alloc/Reserved): 235.0/898.0 MiB | Time: 1709.8s
[ByzFL-SNN]   [Step 450/500] (90.0%) | Val Acc: 0.8998 | Test Acc: 0.8981 | VRAM (Alloc/Reserved): 238.3/898.0 MiB | Time: 1920.2s
[ByzFL-SNN] [Training Complete] Peak VRAM (Alloc/Reserved): 796.0/898.0 MiB | Total time: 2105.9s

Training 12 done

[ByzFL-SNN] [Training Start] Model: cnn_mnist_snn | Dataset: mnist
[ByzFL-SNN]   Clients: 10 honest, 0 byzantine | Algorithm: DSGD
[ByzFL-SNN]   Learning Rate: 0.05 | Steps: 500 | Device: cuda
[ByzFL-SNN]   Validation samples: 12000 | Test samples: 10000
[ByzFL-SNN] Initial VRAM (Alloc/Reserved): 36.2/42.0 MiB
[ByzFL-SNN]   [Step 0/500] (0.0%) | Val Acc: 0.1852 | Test Acc: 0.1865 | VRAM (Alloc/Reserved): 46.2/132.0 MiB | Time: 21.4s
[ByzFL-SNN]   [Step 50/500] (10.0%) | Val Acc: 0.8529 | Test Acc: 0.8598 | VRAM (Alloc/Reserved): 238.0/898.0 MiB | Time: 233.5s
[ByzFL-SNN]   [Step 100/500] (20.0%) | Val Acc: 0.8785 | Test Acc: 0.8830 | VRAM (Alloc/Reserved): 236.9/898.0 MiB | Time: 445.7s
[ByzFL-SNN]   [Step 150/500] (30.0%) | Val Acc: 0.8870 | Test Acc: 0.8903 | VRAM (Alloc/Reserved): 238.8/898.0 MiB | Time: 657.5s
[ByzFL-SNN]   [Step 200/500] (40.0%) | Val Acc: 0.8921 | Test Acc: 0.8935 | VRAM (Alloc/Reserved): 237.0/898.0 MiB | Time: 868.7s
[ByzFL-SNN]   [Step 250/500] (50.0%) | Val Acc: 0.8947 | Test Acc: 0.8957 | VRAM (Alloc/Reserved): 236.7/898.0 MiB | Time: 1080.8s
[ByzFL-SNN]   [Step 300/500] (60.0%) | Val Acc: 0.8972 | Test Acc: 0.8979 | VRAM (Alloc/Reserved): 234.6/898.0 MiB | Time: 1293.1s
[ByzFL-SNN]   [Step 350/500] (70.0%) | Val Acc: 0.8972 | Test Acc: 0.8977 | VRAM (Alloc/Reserved): 234.4/898.0 MiB | Time: 1504.0s
[ByzFL-SNN]   [Step 400/500] (80.0%) | Val Acc: 0.8981 | Test Acc: 0.8990 | VRAM (Alloc/Reserved): 235.0/898.0 MiB | Time: 1716.2s
[ByzFL-SNN]   [Step 450/500] (90.0%) | Val Acc: 0.8989 | Test Acc: 0.8997 | VRAM (Alloc/Reserved): 238.3/898.0 MiB | Time: 1928.0s
[ByzFL-SNN] [Training Complete] Peak VRAM (Alloc/Reserved): 796.0/898.0 MiB | Total time: 2115.3s

Training 13 done

[ByzFL-SNN] [Training Start] Model: cnn_mnist_snn | Dataset: mnist
[ByzFL-SNN]   Clients: 10 honest, 0 byzantine | Algorithm: DSGD
[ByzFL-SNN]   Learning Rate: 0.05 | Steps: 500 | Device: cuda
[ByzFL-SNN]   Validation samples: 12000 | Test samples: 10000
[ByzFL-SNN] Initial VRAM (Alloc/Reserved): 36.2/42.0 MiB
[ByzFL-SNN]   [Step 0/500] (0.0%) | Val Acc: 0.1852 | Test Acc: 0.1865 | VRAM (Alloc/Reserved): 46.2/132.0 MiB | Time: 24.1s
[ByzFL-SNN]   [Step 50/500] (10.0%) | Val Acc: 0.8592 | Test Acc: 0.8625 | VRAM (Alloc/Reserved): 238.0/898.0 MiB | Time: 236.3s
[ByzFL-SNN]   [Step 100/500] (20.0%) | Val Acc: 0.8802 | Test Acc: 0.8832 | VRAM (Alloc/Reserved): 236.9/898.0 MiB | Time: 447.7s
[ByzFL-SNN]   [Step 150/500] (30.0%) | Val Acc: 0.8875 | Test Acc: 0.8889 | VRAM (Alloc/Reserved): 238.8/898.0 MiB | Time: 659.8s
[ByzFL-SNN]   [Step 200/500] (40.0%) | Val Acc: 0.8926 | Test Acc: 0.8936 | VRAM (Alloc/Reserved): 237.0/898.0 MiB | Time: 870.3s
[ByzFL-SNN]   [Step 250/500] (50.0%) | Val Acc: 0.8942 | Test Acc: 0.8961 | VRAM (Alloc/Reserved): 236.7/898.0 MiB | Time: 1082.8s
[ByzFL-SNN]   [Step 300/500] (60.0%) | Val Acc: 0.8961 | Test Acc: 0.8959 | VRAM (Alloc/Reserved): 234.6/898.0 MiB | Time: 1294.3s
[ByzFL-SNN]   [Step 350/500] (70.0%) | Val Acc: 0.8982 | Test Acc: 0.8984 | VRAM (Alloc/Reserved): 234.4/898.0 MiB | Time: 1504.3s
[ByzFL-SNN]   [Step 400/500] (80.0%) | Val Acc: 0.8985 | Test Acc: 0.8979 | VRAM (Alloc/Reserved): 235.0/898.0 MiB | Time: 1716.4s
[ByzFL-SNN]   [Step 450/500] (90.0%) | Val Acc: 0.8995 | Test Acc: 0.8982 | VRAM (Alloc/Reserved): 238.3/898.0 MiB | Time: 1928.9s
[ByzFL-SNN] [Training Complete] Peak VRAM (Alloc/Reserved): 796.0/898.0 MiB | Total time: 2114.9s

Training 14 done
/usr/lib/python3.12/multiprocessing/resource_tracker.py:254: UserWarning: resource_tracker: There appear to be 7 leaked semaphore objects to clean up at shutdown
  warnings.warn('resource_tracker: There appear to be %d '
