This is pdfTeX, Version 3.141592653-2.6-1.40.29 (MiKTeX 26.5) (preloaded format=pdflatex 2026.6.22)  26 JUN 2026 18:08
entering extended mode
 restricted \write18 enabled.
 %&-line parsing enabled.
**./latex_plots/comparison_plots_alie_delta.tex
(latex_plots/comparison_plots_alie_delta.tex
LaTeX2e <2026-06-01>
L3 programming layer <2026-05-26>
(C:\Users\7430\AppData\Local\Programs\MiKTeX\tex/latex/base\article.cls
Document Class: article 2025/01/22 v1.4n Standard LaTeX document class
(C:\Users\7430\AppData\Local\Programs\MiKTeX\tex/latex/base\size10.clo
File: size10.clo 2025/01/22 v1.4n Standard LaTeX file (size option)
)
\c@part=\count276
\c@section=\count277
\c@subsection=\count278
\c@subsubsection=\count279
\c@paragraph=\count280
\c@subparagraph=\count281
\c@figure=\count282
\c@table=\count283
\abovecaptionskip=\skip49
\belowcaptionskip=\skip50
\bibindent=\dimen150
)
(C:\Users\7430\AppData\Local\Programs\MiKTeX\tex/latex/graphics\graphicx.sty
Package: graphicx 2026-05-17 v1.2e Enhanced LaTeX Graphics (DPC,SPQR)

(C:\Users\7430\AppData\Local\Programs\MiKTeX\tex/latex/graphics\keyval.sty
Package: keyval 2026-05-17 v1.15 key=value parser (DPC)
\KV@toks@=\toks17
)
(C:\Users\7430\AppData\Local\Programs\MiKTeX\tex/latex/graphics\graphics.sty
Package: graphics 2026-05-17 v1.4h Standard LaTeX Graphics (DPC,SPQR)

(C:\Users\7430\AppData\Local\Programs\MiKTeX\tex/latex/graphics\trig.sty
Package: trig 2023/12/02 v1.11 sin cos tan (DPC)
)
(C:\Users\7430\AppData\Local\Programs\MiKTeX\tex/latex/graphics-cfg\graphics.cf
g
File: graphics.cfg 2016/06/04 v1.11 sample graphics configuration
)
Package graphics Info: Driver file: pdftex.def on input line 106.

(C:\Users\7430\AppData\Local\Programs\MiKTeX\tex/latex/graphics-def\pdftex.def
File: pdftex.def 2025/09/29 v1.2d Graphics/color driver for pdftex
))
\Gin@req@height=\dimen151
\Gin@req@width=\dimen152
)
(C:\Users\7430\AppData\Local\Programs\MiKTeX\tex/latex/caption\subcaption.sty
Package: subcaption 2023/07/28 v1.6b Sub-captions (AR)

(C:\Users\7430\AppData\Local\Programs\MiKTeX\tex/latex/caption\caption.sty
Package: caption 2023/08/05 v3.6o Customizing captions (AR)

(C:\Users\7430\AppData\Local\Programs\MiKTeX\tex/latex/caption\caption3.sty
Package: caption3 2023/07/31 v2.4d caption3 kernel (AR)
\caption@tempdima=\dimen153
\captionmargin=\dimen154
\caption@leftmargin=\dimen155
\caption@rightmargin=\dimen156
\caption@width=\dimen157
\caption@indent=\dimen158
\caption@parindent=\dimen159
\caption@hangindent=\dimen160
Package caption Info: Standard document class detected.
)
\c@caption@flags=\count284
\c@continuedfloat=\count285
)
Package caption Info: New subtype `subfigure' on input line 238.
\c@subfigure=\count286
Package caption Info: New subtype `subtable' on input line 238.
\c@subtable=\count287
)
(C:\Users\7430\AppData\Local\Programs\MiKTeX\tex/latex/geometry\geometry.sty
Package: geometry 2026/03/07 v6.0 Page Geometry

(C:\Users\7430\AppData\Local\Programs\MiKTeX\tex/generic/iftex\ifvtex.sty
Package: ifvtex 2019/10/25 v1.7 ifvtex legacy package. Use iftex instead.

(C:\Users\7430\AppData\Local\Programs\MiKTeX\tex/generic/iftex\iftex.sty
Package: iftex 2024/12/12 v1.0g TeX engine tests
))
\Gm@cnth=\count288
\Gm@cntv=\count289
\c@Gm@tempcnt=\count290
\Gm@bindingoffset=\dimen161
\Gm@wd@mp=\dimen162
\Gm@odd@mp=\dimen163
\Gm@even@mp=\dimen164
\Gm@layoutwidth=\dimen165
\Gm@layoutheight=\dimen166
\Gm@layouthoffset=\dimen167
\Gm@layoutvoffset=\dimen168
\Gm@dimlist=\toks18

(C:\Users\7430\AppData\Local\Programs\MiKTeX\tex/latex/geometry\geometry.cfg))
(C:\Users\7430\AppData\Local\Programs\MiKTeX\tex/latex/hyperref\hyperref.sty
Package: hyperref 2026-04-24 v7.01q Hypertext links for LaTeX

(C:\Users\7430\AppData\Local\Programs\MiKTeX\tex/latex/kvsetkeys\kvsetkeys.sty
Package: kvsetkeys 2022-10-05 v1.19 Key value parser (HO)
)
(C:\Users\7430\AppData\Local\Programs\MiKTeX\tex/generic/kvdefinekeys\kvdefinek
eys.sty
Package: kvdefinekeys 2019-12-19 v1.6 Define keys (HO)
)
(C:\Users\7430\AppData\Local\Programs\MiKTeX\tex/generic/pdfescape\pdfescape.st
y
Package: pdfescape 2019/12/09 v1.15 Implements pdfTeX's escape features (HO)
 (C:\Users\7430\AppData\Local\Programs\MiKTeX\tex/generic/ltxcmds\ltxcmds.sty
Package: ltxcmds 2023-12-04 v1.26 LaTeX kernel commands for general use (HO)
)
(C:\Users\7430\AppData\Local\Programs\MiKTeX\tex/generic/pdftexcmds\pdftexcmds.
sty
Package: pdftexcmds 2020-06-27 v0.33 Utility functions of pdfTeX for LuaTeX (HO
)

(C:\Users\7430\AppData\Local\Programs\MiKTeX\tex/generic/infwarerr\infwarerr.st
y
Package: infwarerr 2019/12/03 v1.5 Providing info/warning/error messages (HO)
)
Package pdftexcmds Info: \pdf@primitive is available.
Package pdftexcmds Info: \pdf@ifprimitive is available.
Package pdftexcmds Info: \pdfdraftmode found.
)) (C:\Users\7430\AppData\Local\Programs\MiKTeX\tex/latex/hycolor\hycolor.sty
Package: hycolor 2020-01-27 v1.10 Color options for hyperref/bookmark (HO)
) (C:\Users\7430\AppData\Local\Programs\MiKTeX\tex/latex/hyperref\nameref.sty
Package: nameref 2026-01-29 v2.58 Cross-referencing by name of section

(C:\Users\7430\AppData\Local\Programs\MiKTeX\tex/latex/refcount\refcount.sty
Package: refcount 2019/12/15 v3.6 Data extraction from label references (HO)
)
(C:\Users\7430\AppData\Local\Programs\MiKTeX\tex/generic/gettitlestring\gettitl
estring.sty
Package: gettitlestring 2019/12/15 v1.6 Cleanup title references (HO)

(C:\Users\7430\AppData\Local\Programs\MiKTeX\tex/latex/kvoptions\kvoptions.sty
Package: kvoptions 2022-06-15 v3.15 Key value format for package options (HO)
))
\c@section@level=\count291
) (C:\Users\7430\AppData\Local\Programs\MiKTeX\tex/latex/etoolbox\etoolbox.sty
Package: etoolbox 2025/10/02 v2.5m e-TeX tools for LaTeX (JAW)
\etb@tempcnta=\count292
)
(C:\Users\7430\AppData\Local\Programs\MiKTeX\tex/generic/stringenc\stringenc.st
y
Package: stringenc 2019/11/29 v1.12 Convert strings between diff. encodings (HO
)
)
\@linkdim=\dimen169
\Hy@linkcounter=\count293
\Hy@pagecounter=\count294
 (C:\Users\7430\AppData\Local\Programs\MiKTeX\tex/latex/hyperref\pd1enc.def
File: pd1enc.def 2026-04-24 v7.01q Hyperref: PDFDocEncoding definition (HO)
Now handling font encoding PD1 ...
... no UTF-8 mapping file for font encoding PD1
)
(C:\Users\7430\AppData\Local\Programs\MiKTeX\tex/generic/intcalc\intcalc.sty
Package: intcalc 2019/12/15 v1.3 Expandable calculations with integers (HO)
)
\Hy@SavedSpaceFactor=\count295

(C:\Users\7430\AppData\Local\Programs\MiKTeX\tex/latex/hyperref\puenc.def
File: puenc.def 2026-04-24 v7.01q Hyperref: PDF Unicode definition (HO)
Now handling font encoding PU ...
... no UTF-8 mapping file for font encoding PU
)
Package hyperref Info: Hyper figures OFF on input line 4199.
Package hyperref Info: Link nesting OFF on input line 4204.
Package hyperref Info: Hyper index ON on input line 4207.
Package hyperref Info: Plain pages OFF on input line 4214.
Package hyperref Info: Backreferencing OFF on input line 4219.
Package hyperref Info: Implicit mode ON; LaTeX internals redefined.
Package hyperref Info: Bookmarks ON on input line 4466.
\c@Hy@tempcnt=\count296

(C:\Users\7430\AppData\Local\Programs\MiKTeX\tex/latex/url\url.sty
\Urlmuskip=\muskip17
Package: url 2013/09/16  ver 3.4  Verb mode for urls, etc.
)
LaTeX Info: Redefining \url on input line 4805.
\XeTeXLinkMargin=\dimen170

(C:\Users\7430\AppData\Local\Programs\MiKTeX\tex/generic/bitset\bitset.sty
Package: bitset 2019/12/09 v1.3 Handle bit-vector datatype (HO)

(C:\Users\7430\AppData\Local\Programs\MiKTeX\tex/generic/bigintcalc\bigintcalc.
sty
Package: bigintcalc 2019/12/15 v1.5 Expandable calculations on big integers (HO
)
))
\Fld@menulength=\count297
\Field@Width=\dimen171
\Fld@charsize=\dimen172
Package hyperref Info: Hyper figures OFF on input line 6091.
Package hyperref Info: Link nesting OFF on input line 6096.
Package hyperref Info: Hyper index ON on input line 6099.
Package hyperref Info: backreferencing OFF on input line 6106.
Package hyperref Info: Link coloring OFF on input line 6111.
Package hyperref Info: Link coloring with OCG OFF on input line 6116.
Package hyperref Info: PDF/A mode OFF on input line 6121.
\Hy@abspage=\count298
\c@Item=\count299
\c@Hfootnote=\count300
)
Package hyperref Info: Driver (autodetected): hpdftex.

(C:\Users\7430\AppData\Local\Programs\MiKTeX\tex/latex/hyperref\hpdftex.def
File: hpdftex.def 2026-04-24 v7.01q Hyperref driver for pdfTeX
\Fld@listcount=\count301
\c@bookmark@seq@number=\count302

(C:\Users\7430\AppData\Local\Programs\MiKTeX\tex/latex/rerunfilecheck\rerunfile
check.sty
Package: rerunfilecheck 2025-06-21 v1.11 Rerun checks for auxiliary files (HO)

(C:\Users\7430\AppData\Local\Programs\MiKTeX\tex/generic/uniquecounter\uniqueco
unter.sty
Package: uniquecounter 2019/12/15 v1.4 Provide unlimited unique counter (HO)
)
Package uniquecounter Info: New unique counter `rerunfilecheck' on input line 2
84.
)
\Hy@SectionHShift=\skip51
)
(C:\Users\7430\AppData\Local\Programs\MiKTeX\tex/latex/grffile\grffile.sty
Package: grffile 2019/11/11 v2.1 Extended file name support for graphics (legac
y)
Package grffile Info: This package is an empty stub for compatibility on input 
line 40.
)
Package hyperref Info: Option `colorlinks' set `true' on input line 18.

(C:\Users\7430\AppData\Local\Programs\MiKTeX\tex/latex/l3backend\l3backend-pdft
ex.def
File: l3backend-pdftex.def 2026-02-18 L3 backend support: PDF output (pdfTeX)
\l__color_backend_stack_int=\count303
)
(C:\Users\7430\Desktop\SummerIntheLab\ByzFL_SNN\latex_plots\comparison_plots_al
ie_delta.aux)
\openout1 = `comparison_plots_alie_delta.aux'.

LaTeX Font Info:    Checking defaults for OML/cmm/m/it on input line 24.
LaTeX Font Info:    ... okay on input line 24.
LaTeX Font Info:    Checking defaults for OMS/cmsy/m/n on input line 24.
LaTeX Font Info:    ... okay on input line 24.
LaTeX Font Info:    Checking defaults for OT1/cmr/m/n on input line 24.
LaTeX Font Info:    ... okay on input line 24.
LaTeX Font Info:    Checking defaults for T1/cmr/m/n on input line 24.
LaTeX Font Info:    ... okay on input line 24.
LaTeX Font Info:    Checking defaults for TS1/cmr/m/n on input line 24.
LaTeX Font Info:    ... okay on input line 24.
LaTeX Font Info:    Checking defaults for OMX/cmex/m/n on input line 24.
LaTeX Font Info:    ... okay on input line 24.
LaTeX Font Info:    Checking defaults for U/cmr/m/n on input line 24.
LaTeX Font Info:    ... okay on input line 24.
LaTeX Font Info:    Checking defaults for PD1/pdf/m/n on input line 24.
LaTeX Font Info:    ... okay on input line 24.
LaTeX Font Info:    Checking defaults for PU/pdf/m/n on input line 24.
LaTeX Font Info:    ... okay on input line 24.

(C:\Users\7430\AppData\Local\Programs\MiKTeX\tex/context/base/mkii\supp-pdf.mki
i
[Loading MPS to PDF converter (version 2006.09.02).]
\scratchcounter=\count304
\scratchdimen=\dimen173
\scratchbox=\box53
\nofMPsegments=\count305
\nofMParguments=\count306
\everyMPshowfont=\toks19
\MPscratchCnt=\count307
\MPscratchDim=\dimen174
\MPnumerator=\count308
\makeMPintoPDFobject=\count309
\everyMPtoPDFconversion=\toks20
)
(C:\Users\7430\AppData\Local\Programs\MiKTeX\tex/latex/epstopdf-pkg\epstopdf-ba
se.sty
Package: epstopdf-base 2020-01-24 v2.11 Base part for package epstopdf
Package epstopdf-base Info: Redefining graphics rule for `.eps' on input line 4
85.

(C:\Users\7430\AppData\Local\Programs\MiKTeX\tex/latex/00miktex\epstopdf-sys.cf
g
File: epstopdf-sys.cfg 2021/03/18 v2.0 Configuration of epstopdf for MiKTeX
))
Package caption Info: Begin \AtBeginDocument code.
Package caption Info: hyperref package is loaded.
Package caption Info: End \AtBeginDocument code.

*geometry* driver: auto-detecting
*geometry* detected driver: pdftex
*geometry* verbose mode - [ preamble ] result:
* driver: pdftex
* paper: a4paper
* layout: <same size as paper>
* layoutoffset:(h,v)=(0.0pt,0.0pt)
* modes: 
* h-part:(L,W,R)=(43.36243pt, 510.78302pt, 43.36243pt)
* v-part:(T,H,B)=(43.36243pt, 758.32199pt, 43.36243pt)
* \paperwidth=597.50787pt
* \paperheight=845.04684pt
* \textwidth=510.78302pt
* \textheight=758.32199pt
* \oddsidemargin=-28.90756pt
* \evensidemargin=-28.90756pt
* \topmargin=-65.90756pt
* \headheight=12.0pt
* \headsep=25.0pt
* \topskip=10.0pt
* \footskip=30.0pt
* \marginparwidth=65.0pt
* \marginparsep=11.0pt
* \columnsep=10.0pt
* \skip\footins=9.0pt plus 4.0pt minus 2.0pt
* \hoffset=0.0pt
* \voffset=0.0pt
* \mag=1000
* \@twocolumnfalse
* \@twosidefalse
* \@mparswitchfalse
* \@reversemarginfalse
* (1in=72.27pt=25.4mm, 1cm=28.453pt)

(C:\Users\7430\AppData\Local\Programs\MiKTeX\tex/latex/graphics\color.sty
Package: color 2026-05-17 v1.3f Standard LaTeX Color (DPC)

(C:\Users\7430\AppData\Local\Programs\MiKTeX\tex/latex/graphics-cfg\color.cfg
File: color.cfg 2016/01/02 v1.6 sample color configuration
)
Package color Info: Driver file: pdftex.def on input line 149.

(C:\Users\7430\AppData\Local\Programs\MiKTeX\tex/latex/graphics\mathcolor.ltx))
Package hyperref Info: Link coloring ON on input line 24.

(C:\Users\7430\Desktop\SummerIntheLab\ByzFL_SNN\latex_plots\comparison_plots_al
ie_delta.out)
(C:\Users\7430\Desktop\SummerIntheLab\ByzFL_SNN\latex_plots\comparison_plots_al
ie_delta.out)
\@outlinefile=\write3
\openout3 = `comparison_plots_alie_delta.out'.


(C:\Users\7430\Desktop\SummerIntheLab\ByzFL_SNN\latex_plots\comparison_plots_al
ie_delta.toc
LaTeX Font Info:    External font `cmex10' loaded for size
(Font)              <7> on input line 3.
LaTeX Font Info:    External font `cmex10' loaded for size
(Font)              <5> on input line 3.
)
\tf@toc=\write4
\openout4 = `comparison_plots_alie_delta.toc'.

 [1

{C:/Users/7430/AppData/Local/MiKTeX/fonts/map/pdftex/pdftex.map}] [2]
<cnn_simplest_plots/best_test_Optimal_ALittleIsEnough_mnist_cnn_mnist_gamma_sim
ilarity_niid_NNM_ARC_nb_honest_clients_10_tolerated_f_equal_real.pdf, id=101, 4
62.52798pt x 346.89601pt>
File: cnn_simplest_plots/best_test_Optimal_ALittleIsEnough_mnist_cnn_mnist_gamm
a_similarity_niid_NNM_ARC_nb_honest_clients_10_tolerated_f_equal_real.pdf Graph
ic file (type pdf)
<use cnn_simplest_plots/best_test_Optimal_ALittleIsEnough_mnist_cnn_mnist_gamma
_similarity_niid_NNM_ARC_nb_honest_clients_10_tolerated_f_equal_real.pdf>
Package pdftex.def Info: cnn_simplest_plots/best_test_Optimal_ALittleIsEnough_m
nist_cnn_mnist_gamma_similarity_niid_NNM_ARC_nb_honest_clients_10_tolerated_f_e
qual_real.pdf  used on input line 52.
(pdftex.def)             Requested size: 245.17366pt x 183.88046pt.
LaTeX Font Info:    External font `cmex10' loaded for size
(Font)              <9> on input line 53.
LaTeX Font Info:    External font `cmex10' loaded for size
(Font)              <6> on input line 53.
<cnn_simplest_plots/best_test_Optimal_ALittleIsEnough_pos1_mnist_cnn_mnist_gamm
a_similarity_niid_NNM_ARC_nb_honest_clients_10_tolerated_f_equal_real.pdf, id=1
02, 462.52798pt x 346.89601pt>
File: cnn_simplest_plots/best_test_Optimal_ALittleIsEnough_pos1_mnist_cnn_mnist
_gamma_similarity_niid_NNM_ARC_nb_honest_clients_10_tolerated_f_equal_real.pdf 
Graphic file (type pdf)
<use cnn_simplest_plots/best_test_Optimal_ALittleIsEnough_pos1_mnist_cnn_mnist_
gamma_similarity_niid_NNM_ARC_nb_honest_clients_10_tolerated_f_equal_real.pdf>
Package pdftex.def Info: cnn_simplest_plots/best_test_Optimal_ALittleIsEnough_p
os1_mnist_cnn_mnist_gamma_similarity_niid_NNM_ARC_nb_honest_clients_10_tolerate
d_f_equal_real.pdf  used on input line 59.
(pdftex.def)             Requested size: 245.17366pt x 183.88046pt.
<cnn_simplest_plots/best_test_Optimal_ALittleIsEnough_neg1_mnist_cnn_mnist_gamm
a_similarity_niid_NNM_ARC_nb_honest_clients_10_tolerated_f_equal_real.pdf, id=1
03, 462.52798pt x 346.89601pt>
File: cnn_simplest_plots/best_test_Optimal_ALittleIsEnough_neg1_mnist_cnn_mnist
_gamma_similarity_niid_NNM_ARC_nb_honest_clients_10_tolerated_f_equal_real.pdf 
Graphic file (type pdf)
<use cnn_simplest_plots/best_test_Optimal_ALittleIsEnough_neg1_mnist_cnn_mnist_
gamma_similarity_niid_NNM_ARC_nb_honest_clients_10_tolerated_f_equal_real.pdf>
Package pdftex.def Info: cnn_simplest_plots/best_test_Optimal_ALittleIsEnough_n
eg1_mnist_cnn_mnist_gamma_similarity_niid_NNM_ARC_nb_honest_clients_10_tolerate
d_f_equal_real.pdf  used on input line 68.
(pdftex.def)             Requested size: 245.17366pt x 183.88046pt.
<cnn_simplest_plots/best_test_Optimal_ALittleIsEnough_neg10_mnist_cnn_mnist_gam
ma_similarity_niid_NNM_ARC_nb_honest_clients_10_tolerated_f_equal_real.pdf, id=
104, 462.52798pt x 346.89601pt>
File: cnn_simplest_plots/best_test_Optimal_ALittleIsEnough_neg10_mnist_cnn_mnis
t_gamma_similarity_niid_NNM_ARC_nb_honest_clients_10_tolerated_f_equal_real.pdf
 Graphic file (type pdf)
<use cnn_simplest_plots/best_test_Optimal_ALittleIsEnough_neg10_mnist_cnn_mnist
_gamma_similarity_niid_NNM_ARC_nb_honest_clients_10_tolerated_f_equal_real.pdf>

Package pdftex.def Info: cnn_simplest_plots/best_test_Optimal_ALittleIsEnough_n
eg10_mnist_cnn_mnist_gamma_similarity_niid_NNM_ARC_nb_honest_clients_10_tolerat
ed_f_equal_real.pdf  used on input line 75.
(pdftex.def)             Requested size: 245.17366pt x 183.88046pt.
 [3 <./cnn_simplest_plots/best_test_Optimal_ALittleIsEnough_mnist_cnn_mnist_gam
ma_similarity_niid_NNM_ARC_nb_honest_clients_10_tolerated_f_equal_real.pdf> <./
cnn_simplest_plots/best_test_Optimal_ALittleIsEnough_pos1_mnist_cnn_mnist_gamma
_similarity_niid_NNM_ARC_nb_honest_clients_10_tolerated_f_equal_real.pdf> <./cn
n_simplest_plots/best_test_Optimal_ALittleIsEnough_neg1_mnist_cnn_mnist_gamma_s
imilarity_niid_NNM_ARC_nb_honest_clients_10_tolerated_f_equal_real.pdf> <./cnn_
simplest_plots/best_test_Optimal_ALittleIsEnough_neg10_mnist_cnn_mnist_gamma_si
milarity_niid_NNM_ARC_nb_honest_clients_10_tolerated_f_equal_real.pdf>]
<snn_simplest_plots/best_test_Optimal_ALittleIsEnough_mnist_cnn_mnist_snn_gamma
_similarity_niid_NNM_ARC_nb_honest_clients_10_tolerated_f_equal_real.pdf, id=31
3, 462.52798pt x 346.89601pt>
File: snn_simplest_plots/best_test_Optimal_ALittleIsEnough_mnist_cnn_mnist_snn_
gamma_similarity_niid_NNM_ARC_nb_honest_clients_10_tolerated_f_equal_real.pdf G
raphic file (type pdf)
<use snn_simplest_plots/best_test_Optimal_ALittleIsEnough_mnist_cnn_mnist_snn_g
amma_similarity_niid_NNM_ARC_nb_honest_clients_10_tolerated_f_equal_real.pdf>
Package pdftex.def Info: snn_simplest_plots/best_test_Optimal_ALittleIsEnough_m
nist_cnn_mnist_snn_gamma_similarity_niid_NNM_ARC_nb_honest_clients_10_tolerated
_f_equal_real.pdf  used on input line 90.
(pdftex.def)             Requested size: 245.17366pt x 183.88046pt.
<snn_simplest_plots/best_test_Optimal_ALittleIsEnough_pos1_mnist_cnn_mnist_snn_
gamma_similarity_niid_NNM_ARC_nb_honest_clients_10_tolerated_f_equal_real.pdf, 
id=314, 462.52798pt x 346.89601pt>
File: snn_simplest_plots/best_test_Optimal_ALittleIsEnough_pos1_mnist_cnn_mnist
_snn_gamma_similarity_niid_NNM_ARC_nb_honest_clients_10_tolerated_f_equal_real.
pdf Graphic file (type pdf)
<use snn_simplest_plots/best_test_Optimal_ALittleIsEnough_pos1_mnist_cnn_mnist_
snn_gamma_similarity_niid_NNM_ARC_nb_honest_clients_10_tolerated_f_equal_real.p
df>
Package pdftex.def Info: snn_simplest_plots/best_test_Optimal_ALittleIsEnough_p
os1_mnist_cnn_mnist_snn_gamma_similarity_niid_NNM_ARC_nb_honest_clients_10_tole
rated_f_equal_real.pdf  used on input line 97.
(pdftex.def)             Requested size: 245.17366pt x 183.88046pt.
<snn_simplest_plots/best_test_Optimal_ALittleIsEnough_neg1_mnist_cnn_mnist_snn_
gamma_similarity_niid_NNM_ARC_nb_honest_clients_10_tolerated_f_equal_real.pdf, 
id=315, 462.52798pt x 346.89601pt>
File: snn_simplest_plots/best_test_Optimal_ALittleIsEnough_neg1_mnist_cnn_mnist
_snn_gamma_similarity_niid_NNM_ARC_nb_honest_clients_10_tolerated_f_equal_real.
pdf Graphic file (type pdf)
<use snn_simplest_plots/best_test_Optimal_ALittleIsEnough_neg1_mnist_cnn_mnist_
snn_gamma_similarity_niid_NNM_ARC_nb_honest_clients_10_tolerated_f_equal_real.p
df>
Package pdftex.def Info: snn_simplest_plots/best_test_Optimal_ALittleIsEnough_n
eg1_mnist_cnn_mnist_snn_gamma_similarity_niid_NNM_ARC_nb_honest_clients_10_tole
rated_f_equal_real.pdf  used on input line 106.
(pdftex.def)             Requested size: 245.17366pt x 183.88046pt.
<snn_simplest_plots/best_test_Optimal_ALittleIsEnough_neg10_mnist_cnn_mnist_snn
_gamma_similarity_niid_NNM_ARC_nb_honest_clients_10_tolerated_f_equal_real.pdf,
 id=316, 462.52798pt x 346.89601pt>
File: snn_simplest_plots/best_test_Optimal_ALittleIsEnough_neg10_mnist_cnn_mnis
t_snn_gamma_similarity_niid_NNM_ARC_nb_honest_clients_10_tolerated_f_equal_real
.pdf Graphic file (type pdf)
<use snn_simplest_plots/best_test_Optimal_ALittleIsEnough_neg10_mnist_cnn_mnist
_snn_gamma_similarity_niid_NNM_ARC_nb_honest_clients_10_tolerated_f_equal_real.
pdf>
Package pdftex.def Info: snn_simplest_plots/best_test_Optimal_ALittleIsEnough_n
eg10_mnist_cnn_mnist_snn_gamma_similarity_niid_NNM_ARC_nb_honest_clients_10_tol
erated_f_equal_real.pdf  used on input line 113.
(pdftex.def)             Requested size: 245.17366pt x 183.88046pt.

[4

 <./snn_simplest_plots/best_test_Optimal_ALittleIsEnough_mnist_cnn_mnist_snn_ga
mma_similarity_niid_NNM_ARC_nb_honest_clients_10_tolerated_f_equal_real.pdf> <.
/snn_simplest_plots/best_test_Optimal_ALittleIsEnough_pos1_mnist_cnn_mnist_snn_
gamma_similarity_niid_NNM_ARC_nb_honest_clients_10_tolerated_f_equal_real.pdf> 
<./snn_simplest_plots/best_test_Optimal_ALittleIsEnough_neg1_mnist_cnn_mnist_sn
n_gamma_similarity_niid_NNM_ARC_nb_honest_clients_10_tolerated_f_equal_real.pdf
> <./snn_simplest_plots/best_test_Optimal_ALittleIsEnough_neg10_mnist_cnn_mnist
_snn_gamma_similarity_niid_NNM_ARC_nb_honest_clients_10_tolerated_f_equal_real.
pdf>]
<cnn_simplest_plots/test_Optimal_ALittleIsEnough_mnist_cnn_mnist_gamma_similari
ty_niid_NNM_ARC_CenteredClipping_nb_honest_clients_10_tolerated_f_equal_real.pd
f, id=520, 462.52798pt x 346.89601pt>
File: cnn_simplest_plots/test_Optimal_ALittleIsEnough_mnist_cnn_mnist_gamma_sim
ilarity_niid_NNM_ARC_CenteredClipping_nb_honest_clients_10_tolerated_f_equal_re
al.pdf Graphic file (type pdf)
<use cnn_simplest_plots/test_Optimal_ALittleIsEnough_mnist_cnn_mnist_gamma_simi
larity_niid_NNM_ARC_CenteredClipping_nb_honest_clients_10_tolerated_f_equal_rea
l.pdf>
Package pdftex.def Info: cnn_simplest_plots/test_Optimal_ALittleIsEnough_mnist_
cnn_mnist_gamma_similarity_niid_NNM_ARC_CenteredClipping_nb_honest_clients_10_t
olerated_f_equal_real.pdf  used on input line 131.
(pdftex.def)             Requested size: 245.17366pt x 183.88046pt.
<cnn_simplest_plots/test_Optimal_ALittleIsEnough_pos1_mnist_cnn_mnist_gamma_sim
ilarity_niid_NNM_ARC_CenteredClipping_nb_honest_clients_10_tolerated_f_equal_re
al.pdf, id=521, 462.52798pt x 346.89601pt>
File: cnn_simplest_plots/test_Optimal_ALittleIsEnough_pos1_mnist_cnn_mnist_gamm
a_similarity_niid_NNM_ARC_CenteredClipping_nb_honest_clients_10_tolerated_f_equ
al_real.pdf Graphic file (type pdf)
<use cnn_simplest_plots/test_Optimal_ALittleIsEnough_pos1_mnist_cnn_mnist_gamma
_similarity_niid_NNM_ARC_CenteredClipping_nb_honest_clients_10_tolerated_f_equa
l_real.pdf>
Package pdftex.def Info: cnn_simplest_plots/test_Optimal_ALittleIsEnough_pos1_m
nist_cnn_mnist_gamma_similarity_niid_NNM_ARC_CenteredClipping_nb_honest_clients
_10_tolerated_f_equal_real.pdf  used on input line 138.
(pdftex.def)             Requested size: 245.17366pt x 183.88046pt.
<cnn_simplest_plots/test_Optimal_ALittleIsEnough_neg1_mnist_cnn_mnist_gamma_sim
ilarity_niid_NNM_ARC_CenteredClipping_nb_honest_clients_10_tolerated_f_equal_re
al.pdf, id=522, 462.52798pt x 346.89601pt>
File: cnn_simplest_plots/test_Optimal_ALittleIsEnough_neg1_mnist_cnn_mnist_gamm
a_similarity_niid_NNM_ARC_CenteredClipping_nb_honest_clients_10_tolerated_f_equ
al_real.pdf Graphic file (type pdf)
<use cnn_simplest_plots/test_Optimal_ALittleIsEnough_neg1_mnist_cnn_mnist_gamma
_similarity_niid_NNM_ARC_CenteredClipping_nb_honest_clients_10_tolerated_f_equa
l_real.pdf>
Package pdftex.def Info: cnn_simplest_plots/test_Optimal_ALittleIsEnough_neg1_m
nist_cnn_mnist_gamma_similarity_niid_NNM_ARC_CenteredClipping_nb_honest_clients
_10_tolerated_f_equal_real.pdf  used on input line 147.
(pdftex.def)             Requested size: 245.17366pt x 183.88046pt.
<cnn_simplest_plots/test_Optimal_ALittleIsEnough_neg10_mnist_cnn_mnist_gamma_si
milarity_niid_NNM_ARC_CenteredClipping_nb_honest_clients_10_tolerated_f_equal_r
eal.pdf, id=523, 462.52798pt x 346.89601pt>
File: cnn_simplest_plots/test_Optimal_ALittleIsEnough_neg10_mnist_cnn_mnist_gam
ma_similarity_niid_NNM_ARC_CenteredClipping_nb_honest_clients_10_tolerated_f_eq
ual_real.pdf Graphic file (type pdf)
<use cnn_simplest_plots/test_Optimal_ALittleIsEnough_neg10_mnist_cnn_mnist_gamm
a_similarity_niid_NNM_ARC_CenteredClipping_nb_honest_clients_10_tolerated_f_equ
al_real.pdf>
Package pdftex.def Info: cnn_simplest_plots/test_Optimal_ALittleIsEnough_neg10_
mnist_cnn_mnist_gamma_similarity_niid_NNM_ARC_CenteredClipping_nb_honest_client
s_10_tolerated_f_equal_real.pdf  used on input line 154.
(pdftex.def)             Requested size: 245.17366pt x 183.88046pt.
 [5

 <./cnn_simplest_plots/test_Optimal_ALittleIsEnough_mnist_cnn_mnist_gamma_simil
arity_niid_NNM_ARC_CenteredClipping_nb_honest_clients_10_tolerated_f_equal_real
.pdf> <./cnn_simplest_plots/test_Optimal_ALittleIsEnough_pos1_mnist_cnn_mnist_g
amma_similarity_niid_NNM_ARC_CenteredClipping_nb_honest_clients_10_tolerated_f_
equal_real.pdf> <./cnn_simplest_plots/test_Optimal_ALittleIsEnough_neg1_mnist_c
nn_mnist_gamma_similarity_niid_NNM_ARC_CenteredClipping_nb_honest_clients_10_to
lerated_f_equal_real.pdf> <./cnn_simplest_plots/test_Optimal_ALittleIsEnough_ne
g10_mnist_cnn_mnist_gamma_similarity_niid_NNM_ARC_CenteredClipping_nb_honest_cl
ients_10_tolerated_f_equal_real.pdf>]
<snn_simplest_plots/test_Optimal_ALittleIsEnough_mnist_cnn_mnist_snn_gamma_simi
larity_niid_NNM_ARC_CenteredClipping_nb_honest_clients_10_tolerated_f_equal_rea
l.pdf, id=729, 462.52798pt x 346.89601pt>
File: snn_simplest_plots/test_Optimal_ALittleIsEnough_mnist_cnn_mnist_snn_gamma
_similarity_niid_NNM_ARC_CenteredClipping_nb_honest_clients_10_tolerated_f_equa
l_real.pdf Graphic file (type pdf)
<use snn_simplest_plots/test_Optimal_ALittleIsEnough_mnist_cnn_mnist_snn_gamma_
similarity_niid_NNM_ARC_CenteredClipping_nb_honest_clients_10_tolerated_f_equal
_real.pdf>
Package pdftex.def Info: snn_simplest_plots/test_Optimal_ALittleIsEnough_mnist_
cnn_mnist_snn_gamma_similarity_niid_NNM_ARC_CenteredClipping_nb_honest_clients_
10_tolerated_f_equal_real.pdf  used on input line 169.
(pdftex.def)             Requested size: 245.17366pt x 183.88046pt.
<snn_simplest_plots/test_Optimal_ALittleIsEnough_pos1_mnist_cnn_mnist_snn_gamma
_similarity_niid_NNM_ARC_CenteredClipping_nb_honest_clients_10_tolerated_f_equa
l_real.pdf, id=730, 462.52798pt x 346.89601pt>
File: snn_simplest_plots/test_Optimal_ALittleIsEnough_pos1_mnist_cnn_mnist_snn_
gamma_similarity_niid_NNM_ARC_CenteredClipping_nb_honest_clients_10_tolerated_f
_equal_real.pdf Graphic file (type pdf)
<use snn_simplest_plots/test_Optimal_ALittleIsEnough_pos1_mnist_cnn_mnist_snn_g
amma_similarity_niid_NNM_ARC_CenteredClipping_nb_honest_clients_10_tolerated_f_
equal_real.pdf>
Package pdftex.def Info: snn_simplest_plots/test_Optimal_ALittleIsEnough_pos1_m
nist_cnn_mnist_snn_gamma_similarity_niid_NNM_ARC_CenteredClipping_nb_honest_cli
ents_10_tolerated_f_equal_real.pdf  used on input line 176.
(pdftex.def)             Requested size: 245.17366pt x 183.88046pt.
<snn_simplest_plots/test_Optimal_ALittleIsEnough_neg1_mnist_cnn_mnist_snn_gamma
_similarity_niid_NNM_ARC_CenteredClipping_nb_honest_clients_10_tolerated_f_equa
l_real.pdf, id=731, 462.52798pt x 346.89601pt>
File: snn_simplest_plots/test_Optimal_ALittleIsEnough_neg1_mnist_cnn_mnist_snn_
gamma_similarity_niid_NNM_ARC_CenteredClipping_nb_honest_clients_10_tolerated_f
_equal_real.pdf Graphic file (type pdf)
<use snn_simplest_plots/test_Optimal_ALittleIsEnough_neg1_mnist_cnn_mnist_snn_g
amma_similarity_niid_NNM_ARC_CenteredClipping_nb_honest_clients_10_tolerated_f_
equal_real.pdf>
Package pdftex.def Info: snn_simplest_plots/test_Optimal_ALittleIsEnough_neg1_m
nist_cnn_mnist_snn_gamma_similarity_niid_NNM_ARC_CenteredClipping_nb_honest_cli
ents_10_tolerated_f_equal_real.pdf  used on input line 185.
(pdftex.def)             Requested size: 245.17366pt x 183.88046pt.
<snn_simplest_plots/test_Optimal_ALittleIsEnough_neg10_mnist_cnn_mnist_snn_gamm
a_similarity_niid_NNM_ARC_CenteredClipping_nb_honest_clients_10_tolerated_f_equ
al_real.pdf, id=732, 462.52798pt x 346.89601pt>
File: snn_simplest_plots/test_Optimal_ALittleIsEnough_neg10_mnist_cnn_mnist_snn
_gamma_similarity_niid_NNM_ARC_CenteredClipping_nb_honest_clients_10_tolerated_
f_equal_real.pdf Graphic file (type pdf)
<use snn_simplest_plots/test_Optimal_ALittleIsEnough_neg10_mnist_cnn_mnist_snn_
gamma_similarity_niid_NNM_ARC_CenteredClipping_nb_honest_clients_10_tolerated_f
_equal_real.pdf>
Package pdftex.def Info: snn_simplest_plots/test_Optimal_ALittleIsEnough_neg10_
mnist_cnn_mnist_snn_gamma_similarity_niid_NNM_ARC_CenteredClipping_nb_honest_cl
ients_10_tolerated_f_equal_real.pdf  used on input line 192.
(pdftex.def)             Requested size: 245.17366pt x 183.88046pt.
 [6

 <./snn_simplest_plots/test_Optimal_ALittleIsEnough_mnist_cnn_mnist_snn_gamma_s
imilarity_niid_NNM_ARC_CenteredClipping_nb_honest_clients_10_tolerated_f_equal_
real.pdf> <./snn_simplest_plots/test_Optimal_ALittleIsEnough_pos1_mnist_cnn_mni
st_snn_gamma_similarity_niid_NNM_ARC_CenteredClipping_nb_honest_clients_10_tole
rated_f_equal_real.pdf> <./snn_simplest_plots/test_Optimal_ALittleIsEnough_neg1
_mnist_cnn_mnist_snn_gamma_similarity_niid_NNM_ARC_CenteredClipping_nb_honest_c
lients_10_tolerated_f_equal_real.pdf> <./snn_simplest_plots/test_Optimal_ALittl
eIsEnough_neg10_mnist_cnn_mnist_snn_gamma_similarity_niid_NNM_ARC_CenteredClipp
ing_nb_honest_clients_10_tolerated_f_equal_real.pdf>]
<cnn_simplest_plots/test_Optimal_ALittleIsEnough_mnist_cnn_mnist_gamma_similari
ty_niid_NNM_ARC_GeometricMedian_nb_honest_clients_10_tolerated_f_equal_real.pdf
, id=936, 462.52798pt x 346.89601pt>
File: cnn_simplest_plots/test_Optimal_ALittleIsEnough_mnist_cnn_mnist_gamma_sim
ilarity_niid_NNM_ARC_GeometricMedian_nb_honest_clients_10_tolerated_f_equal_rea
l.pdf Graphic file (type pdf)
<use cnn_simplest_plots/test_Optimal_ALittleIsEnough_mnist_cnn_mnist_gamma_simi
larity_niid_NNM_ARC_GeometricMedian_nb_honest_clients_10_tolerated_f_equal_real
.pdf>
Package pdftex.def Info: cnn_simplest_plots/test_Optimal_ALittleIsEnough_mnist_
cnn_mnist_gamma_similarity_niid_NNM_ARC_GeometricMedian_nb_honest_clients_10_to
lerated_f_equal_real.pdf  used on input line 210.
(pdftex.def)             Requested size: 245.17366pt x 183.88046pt.
<cnn_simplest_plots/test_Optimal_ALittleIsEnough_pos1_mnist_cnn_mnist_gamma_sim
ilarity_niid_NNM_ARC_GeometricMedian_nb_honest_clients_10_tolerated_f_equal_rea
l.pdf, id=937, 462.52798pt x 346.89601pt>
File: cnn_simplest_plots/test_Optimal_ALittleIsEnough_pos1_mnist_cnn_mnist_gamm
a_similarity_niid_NNM_ARC_GeometricMedian_nb_honest_clients_10_tolerated_f_equa
l_real.pdf Graphic file (type pdf)
<use cnn_simplest_plots/test_Optimal_ALittleIsEnough_pos1_mnist_cnn_mnist_gamma
_similarity_niid_NNM_ARC_GeometricMedian_nb_honest_clients_10_tolerated_f_equal
_real.pdf>
Package pdftex.def Info: cnn_simplest_plots/test_Optimal_ALittleIsEnough_pos1_m
nist_cnn_mnist_gamma_similarity_niid_NNM_ARC_GeometricMedian_nb_honest_clients_
10_tolerated_f_equal_real.pdf  used on input line 217.
(pdftex.def)             Requested size: 245.17366pt x 183.88046pt.
<cnn_simplest_plots/test_Optimal_ALittleIsEnough_neg1_mnist_cnn_mnist_gamma_sim
ilarity_niid_NNM_ARC_GeometricMedian_nb_honest_clients_10_tolerated_f_equal_rea
l.pdf, id=938, 462.52798pt x 346.89601pt>
File: cnn_simplest_plots/test_Optimal_ALittleIsEnough_neg1_mnist_cnn_mnist_gamm
a_similarity_niid_NNM_ARC_GeometricMedian_nb_honest_clients_10_tolerated_f_equa
l_real.pdf Graphic file (type pdf)
<use cnn_simplest_plots/test_Optimal_ALittleIsEnough_neg1_mnist_cnn_mnist_gamma
_similarity_niid_NNM_ARC_GeometricMedian_nb_honest_clients_10_tolerated_f_equal
_real.pdf>
Package pdftex.def Info: cnn_simplest_plots/test_Optimal_ALittleIsEnough_neg1_m
nist_cnn_mnist_gamma_similarity_niid_NNM_ARC_GeometricMedian_nb_honest_clients_
10_tolerated_f_equal_real.pdf  used on input line 226.
(pdftex.def)             Requested size: 245.17366pt x 183.88046pt.
<cnn_simplest_plots/test_Optimal_ALittleIsEnough_neg10_mnist_cnn_mnist_gamma_si
milarity_niid_NNM_ARC_GeometricMedian_nb_honest_clients_10_tolerated_f_equal_re
al.pdf, id=939, 462.52798pt x 346.89601pt>
File: cnn_simplest_plots/test_Optimal_ALittleIsEnough_neg10_mnist_cnn_mnist_gam
ma_similarity_niid_NNM_ARC_GeometricMedian_nb_honest_clients_10_tolerated_f_equ
al_real.pdf Graphic file (type pdf)
<use cnn_simplest_plots/test_Optimal_ALittleIsEnough_neg10_mnist_cnn_mnist_gamm
a_similarity_niid_NNM_ARC_GeometricMedian_nb_honest_clients_10_tolerated_f_equa
l_real.pdf>
Package pdftex.def Info: cnn_simplest_plots/test_Optimal_ALittleIsEnough_neg10_
mnist_cnn_mnist_gamma_similarity_niid_NNM_ARC_GeometricMedian_nb_honest_clients
_10_tolerated_f_equal_real.pdf  used on input line 233.
(pdftex.def)             Requested size: 245.17366pt x 183.88046pt.
 [7

 <./cnn_simplest_plots/test_Optimal_ALittleIsEnough_mnist_cnn_mnist_gamma_simil
arity_niid_NNM_ARC_GeometricMedian_nb_honest_clients_10_tolerated_f_equal_real.
pdf> <./cnn_simplest_plots/test_Optimal_ALittleIsEnough_pos1_mnist_cnn_mnist_ga
mma_similarity_niid_NNM_ARC_GeometricMedian_nb_honest_clients_10_tolerated_f_eq
ual_real.pdf> <./cnn_simplest_plots/test_Optimal_ALittleIsEnough_neg1_mnist_cnn
_mnist_gamma_similarity_niid_NNM_ARC_GeometricMedian_nb_honest_clients_10_toler
ated_f_equal_real.pdf> <./cnn_simplest_plots/test_Optimal_ALittleIsEnough_neg10
_mnist_cnn_mnist_gamma_similarity_niid_NNM_ARC_GeometricMedian_nb_honest_client
s_10_tolerated_f_equal_real.pdf>]
<snn_simplest_plots/test_Optimal_ALittleIsEnough_mnist_cnn_mnist_snn_gamma_simi
larity_niid_NNM_ARC_GeometricMedian_nb_honest_clients_10_tolerated_f_equal_real
.pdf, id=1146, 462.52798pt x 346.89601pt>
File: snn_simplest_plots/test_Optimal_ALittleIsEnough_mnist_cnn_mnist_snn_gamma
_similarity_niid_NNM_ARC_GeometricMedian_nb_honest_clients_10_tolerated_f_equal
_real.pdf Graphic file (type pdf)
<use snn_simplest_plots/test_Optimal_ALittleIsEnough_mnist_cnn_mnist_snn_gamma_
similarity_niid_NNM_ARC_GeometricMedian_nb_honest_clients_10_tolerated_f_equal_
real.pdf>
Package pdftex.def Info: snn_simplest_plots/test_Optimal_ALittleIsEnough_mnist_
cnn_mnist_snn_gamma_similarity_niid_NNM_ARC_GeometricMedian_nb_honest_clients_1
0_tolerated_f_equal_real.pdf  used on input line 248.
(pdftex.def)             Requested size: 245.17366pt x 183.88046pt.
<snn_simplest_plots/test_Optimal_ALittleIsEnough_pos1_mnist_cnn_mnist_snn_gamma
_similarity_niid_NNM_ARC_GeometricMedian_nb_honest_clients_10_tolerated_f_equal
_real.pdf, id=1147, 462.52798pt x 346.89601pt>
File: snn_simplest_plots/test_Optimal_ALittleIsEnough_pos1_mnist_cnn_mnist_snn_
gamma_similarity_niid_NNM_ARC_GeometricMedian_nb_honest_clients_10_tolerated_f_
equal_real.pdf Graphic file (type pdf)
<use snn_simplest_plots/test_Optimal_ALittleIsEnough_pos1_mnist_cnn_mnist_snn_g
amma_similarity_niid_NNM_ARC_GeometricMedian_nb_honest_clients_10_tolerated_f_e
qual_real.pdf>
Package pdftex.def Info: snn_simplest_plots/test_Optimal_ALittleIsEnough_pos1_m
nist_cnn_mnist_snn_gamma_similarity_niid_NNM_ARC_GeometricMedian_nb_honest_clie
nts_10_tolerated_f_equal_real.pdf  used on input line 255.
(pdftex.def)             Requested size: 245.17366pt x 183.88046pt.
<snn_simplest_plots/test_Optimal_ALittleIsEnough_neg1_mnist_cnn_mnist_snn_gamma
_similarity_niid_NNM_ARC_GeometricMedian_nb_honest_clients_10_tolerated_f_equal
_real.pdf, id=1148, 462.52798pt x 346.89601pt>
File: snn_simplest_plots/test_Optimal_ALittleIsEnough_neg1_mnist_cnn_mnist_snn_
gamma_similarity_niid_NNM_ARC_GeometricMedian_nb_honest_clients_10_tolerated_f_
equal_real.pdf Graphic file (type pdf)
<use snn_simplest_plots/test_Optimal_ALittleIsEnough_neg1_mnist_cnn_mnist_snn_g
amma_similarity_niid_NNM_ARC_GeometricMedian_nb_honest_clients_10_tolerated_f_e
qual_real.pdf>
Package pdftex.def Info: snn_simplest_plots/test_Optimal_ALittleIsEnough_neg1_m
nist_cnn_mnist_snn_gamma_similarity_niid_NNM_ARC_GeometricMedian_nb_honest_clie
nts_10_tolerated_f_equal_real.pdf  used on input line 264.
(pdftex.def)             Requested size: 245.17366pt x 183.88046pt.
<snn_simplest_plots/test_Optimal_ALittleIsEnough_neg10_mnist_cnn_mnist_snn_gamm
a_similarity_niid_NNM_ARC_GeometricMedian_nb_honest_clients_10_tolerated_f_equa
l_real.pdf, id=1149, 462.52798pt x 346.89601pt>
File: snn_simplest_plots/test_Optimal_ALittleIsEnough_neg10_mnist_cnn_mnist_snn
_gamma_similarity_niid_NNM_ARC_GeometricMedian_nb_honest_clients_10_tolerated_f
_equal_real.pdf Graphic file (type pdf)
<use snn_simplest_plots/test_Optimal_ALittleIsEnough_neg10_mnist_cnn_mnist_snn_
gamma_similarity_niid_NNM_ARC_GeometricMedian_nb_honest_clients_10_tolerated_f_
equal_real.pdf>
Package pdftex.def Info: snn_simplest_plots/test_Optimal_ALittleIsEnough_neg10_
mnist_cnn_mnist_snn_gamma_similarity_niid_NNM_ARC_GeometricMedian_nb_honest_cli
ents_10_tolerated_f_equal_real.pdf  used on input line 271.
(pdftex.def)             Requested size: 245.17366pt x 183.88046pt.
 [8

 <./snn_simplest_plots/test_Optimal_ALittleIsEnough_mnist_cnn_mnist_snn_gamma_s
imilarity_niid_NNM_ARC_GeometricMedian_nb_honest_clients_10_tolerated_f_equal_r
eal.pdf> <./snn_simplest_plots/test_Optimal_ALittleIsEnough_pos1_mnist_cnn_mnis
t_snn_gamma_similarity_niid_NNM_ARC_GeometricMedian_nb_honest_clients_10_tolera
ted_f_equal_real.pdf> <./snn_simplest_plots/test_Optimal_ALittleIsEnough_neg1_m
nist_cnn_mnist_snn_gamma_similarity_niid_NNM_ARC_GeometricMedian_nb_honest_clie
nts_10_tolerated_f_equal_real.pdf> <./snn_simplest_plots/test_Optimal_ALittleIs
Enough_neg10_mnist_cnn_mnist_snn_gamma_similarity_niid_NNM_ARC_GeometricMedian_
nb_honest_clients_10_tolerated_f_equal_real.pdf>]
<cnn_simplest_plots/test_Optimal_ALittleIsEnough_mnist_cnn_mnist_gamma_similari
ty_niid_NNM_ARC_MultiKrum_nb_honest_clients_10_tolerated_f_equal_real.pdf, id=1
353, 462.52798pt x 346.89601pt>
File: cnn_simplest_plots/test_Optimal_ALittleIsEnough_mnist_cnn_mnist_gamma_sim
ilarity_niid_NNM_ARC_MultiKrum_nb_honest_clients_10_tolerated_f_equal_real.pdf 
Graphic file (type pdf)
<use cnn_simplest_plots/test_Optimal_ALittleIsEnough_mnist_cnn_mnist_gamma_simi
larity_niid_NNM_ARC_MultiKrum_nb_honest_clients_10_tolerated_f_equal_real.pdf>
Package pdftex.def Info: cnn_simplest_plots/test_Optimal_ALittleIsEnough_mnist_
cnn_mnist_gamma_similarity_niid_NNM_ARC_MultiKrum_nb_honest_clients_10_tolerate
d_f_equal_real.pdf  used on input line 289.
(pdftex.def)             Requested size: 245.17366pt x 183.88046pt.
<cnn_simplest_plots/test_Optimal_ALittleIsEnough_pos1_mnist_cnn_mnist_gamma_sim
ilarity_niid_NNM_ARC_MultiKrum_nb_honest_clients_10_tolerated_f_equal_real.pdf,
 id=1354, 462.52798pt x 346.89601pt>
File: cnn_simplest_plots/test_Optimal_ALittleIsEnough_pos1_mnist_cnn_mnist_gamm
a_similarity_niid_NNM_ARC_MultiKrum_nb_honest_clients_10_tolerated_f_equal_real
.pdf Graphic file (type pdf)
<use cnn_simplest_plots/test_Optimal_ALittleIsEnough_pos1_mnist_cnn_mnist_gamma
_similarity_niid_NNM_ARC_MultiKrum_nb_honest_clients_10_tolerated_f_equal_real.
pdf>
Package pdftex.def Info: cnn_simplest_plots/test_Optimal_ALittleIsEnough_pos1_m
nist_cnn_mnist_gamma_similarity_niid_NNM_ARC_MultiKrum_nb_honest_clients_10_tol
erated_f_equal_real.pdf  used on input line 296.
(pdftex.def)             Requested size: 245.17366pt x 183.88046pt.
<cnn_simplest_plots/test_Optimal_ALittleIsEnough_neg1_mnist_cnn_mnist_gamma_sim
ilarity_niid_NNM_ARC_MultiKrum_nb_honest_clients_10_tolerated_f_equal_real.pdf,
 id=1355, 462.52798pt x 346.89601pt>
File: cnn_simplest_plots/test_Optimal_ALittleIsEnough_neg1_mnist_cnn_mnist_gamm
a_similarity_niid_NNM_ARC_MultiKrum_nb_honest_clients_10_tolerated_f_equal_real
.pdf Graphic file (type pdf)
<use cnn_simplest_plots/test_Optimal_ALittleIsEnough_neg1_mnist_cnn_mnist_gamma
_similarity_niid_NNM_ARC_MultiKrum_nb_honest_clients_10_tolerated_f_equal_real.
pdf>
Package pdftex.def Info: cnn_simplest_plots/test_Optimal_ALittleIsEnough_neg1_m
nist_cnn_mnist_gamma_similarity_niid_NNM_ARC_MultiKrum_nb_honest_clients_10_tol
erated_f_equal_real.pdf  used on input line 305.
(pdftex.def)             Requested size: 245.17366pt x 183.88046pt.
<cnn_simplest_plots/test_Optimal_ALittleIsEnough_neg10_mnist_cnn_mnist_gamma_si
milarity_niid_NNM_ARC_MultiKrum_nb_honest_clients_10_tolerated_f_equal_real.pdf
, id=1356, 462.52798pt x 346.89601pt>
File: cnn_simplest_plots/test_Optimal_ALittleIsEnough_neg10_mnist_cnn_mnist_gam
ma_similarity_niid_NNM_ARC_MultiKrum_nb_honest_clients_10_tolerated_f_equal_rea
l.pdf Graphic file (type pdf)
<use cnn_simplest_plots/test_Optimal_ALittleIsEnough_neg10_mnist_cnn_mnist_gamm
a_similarity_niid_NNM_ARC_MultiKrum_nb_honest_clients_10_tolerated_f_equal_real
.pdf>
Package pdftex.def Info: cnn_simplest_plots/test_Optimal_ALittleIsEnough_neg10_
mnist_cnn_mnist_gamma_similarity_niid_NNM_ARC_MultiKrum_nb_honest_clients_10_to
lerated_f_equal_real.pdf  used on input line 312.
(pdftex.def)             Requested size: 245.17366pt x 183.88046pt.
 [9

 <./cnn_simplest_plots/test_Optimal_ALittleIsEnough_mnist_cnn_mnist_gamma_simil
arity_niid_NNM_ARC_MultiKrum_nb_honest_clients_10_tolerated_f_equal_real.pdf> <
./cnn_simplest_plots/test_Optimal_ALittleIsEnough_pos1_mnist_cnn_mnist_gamma_si
milarity_niid_NNM_ARC_MultiKrum_nb_honest_clients_10_tolerated_f_equal_real.pdf
> <./cnn_simplest_plots/test_Optimal_ALittleIsEnough_neg1_mnist_cnn_mnist_gamma
_similarity_niid_NNM_ARC_MultiKrum_nb_honest_clients_10_tolerated_f_equal_real.
pdf> <./cnn_simplest_plots/test_Optimal_ALittleIsEnough_neg10_mnist_cnn_mnist_g
amma_similarity_niid_NNM_ARC_MultiKrum_nb_honest_clients_10_tolerated_f_equal_r
eal.pdf>]
<snn_simplest_plots/test_Optimal_ALittleIsEnough_mnist_cnn_mnist_snn_gamma_simi
larity_niid_NNM_ARC_MultiKrum_nb_honest_clients_10_tolerated_f_equal_real.pdf, 
id=1562, 462.52798pt x 346.89601pt>
File: snn_simplest_plots/test_Optimal_ALittleIsEnough_mnist_cnn_mnist_snn_gamma
_similarity_niid_NNM_ARC_MultiKrum_nb_honest_clients_10_tolerated_f_equal_real.
pdf Graphic file (type pdf)
<use snn_simplest_plots/test_Optimal_ALittleIsEnough_mnist_cnn_mnist_snn_gamma_
similarity_niid_NNM_ARC_MultiKrum_nb_honest_clients_10_tolerated_f_equal_real.p
df>
Package pdftex.def Info: snn_simplest_plots/test_Optimal_ALittleIsEnough_mnist_
cnn_mnist_snn_gamma_similarity_niid_NNM_ARC_MultiKrum_nb_honest_clients_10_tole
rated_f_equal_real.pdf  used on input line 327.
(pdftex.def)             Requested size: 245.17366pt x 183.88046pt.
<snn_simplest_plots/test_Optimal_ALittleIsEnough_pos1_mnist_cnn_mnist_snn_gamma
_similarity_niid_NNM_ARC_MultiKrum_nb_honest_clients_10_tolerated_f_equal_real.
pdf, id=1563, 462.52798pt x 346.89601pt>
File: snn_simplest_plots/test_Optimal_ALittleIsEnough_pos1_mnist_cnn_mnist_snn_
gamma_similarity_niid_NNM_ARC_MultiKrum_nb_honest_clients_10_tolerated_f_equal_
real.pdf Graphic file (type pdf)
<use snn_simplest_plots/test_Optimal_ALittleIsEnough_pos1_mnist_cnn_mnist_snn_g
amma_similarity_niid_NNM_ARC_MultiKrum_nb_honest_clients_10_tolerated_f_equal_r
eal.pdf>
Package pdftex.def Info: snn_simplest_plots/test_Optimal_ALittleIsEnough_pos1_m
nist_cnn_mnist_snn_gamma_similarity_niid_NNM_ARC_MultiKrum_nb_honest_clients_10
_tolerated_f_equal_real.pdf  used on input line 334.
(pdftex.def)             Requested size: 245.17366pt x 183.88046pt.
<snn_simplest_plots/test_Optimal_ALittleIsEnough_neg1_mnist_cnn_mnist_snn_gamma
_similarity_niid_NNM_ARC_MultiKrum_nb_honest_clients_10_tolerated_f_equal_real.
pdf, id=1564, 462.52798pt x 346.89601pt>
File: snn_simplest_plots/test_Optimal_ALittleIsEnough_neg1_mnist_cnn_mnist_snn_
gamma_similarity_niid_NNM_ARC_MultiKrum_nb_honest_clients_10_tolerated_f_equal_
real.pdf Graphic file (type pdf)
<use snn_simplest_plots/test_Optimal_ALittleIsEnough_neg1_mnist_cnn_mnist_snn_g
amma_similarity_niid_NNM_ARC_MultiKrum_nb_honest_clients_10_tolerated_f_equal_r
eal.pdf>
Package pdftex.def Info: snn_simplest_plots/test_Optimal_ALittleIsEnough_neg1_m
nist_cnn_mnist_snn_gamma_similarity_niid_NNM_ARC_MultiKrum_nb_honest_clients_10
_tolerated_f_equal_real.pdf  used on input line 343.
(pdftex.def)             Requested size: 245.17366pt x 183.88046pt.
<snn_simplest_plots/test_Optimal_ALittleIsEnough_neg10_mnist_cnn_mnist_snn_gamm
a_similarity_niid_NNM_ARC_MultiKrum_nb_honest_clients_10_tolerated_f_equal_real
.pdf, id=1565, 462.52798pt x 346.89601pt>
File: snn_simplest_plots/test_Optimal_ALittleIsEnough_neg10_mnist_cnn_mnist_snn
_gamma_similarity_niid_NNM_ARC_MultiKrum_nb_honest_clients_10_tolerated_f_equal
_real.pdf Graphic file (type pdf)
<use snn_simplest_plots/test_Optimal_ALittleIsEnough_neg10_mnist_cnn_mnist_snn_
gamma_similarity_niid_NNM_ARC_MultiKrum_nb_honest_clients_10_tolerated_f_equal_
real.pdf>
Package pdftex.def Info: snn_simplest_plots/test_Optimal_ALittleIsEnough_neg10_
mnist_cnn_mnist_snn_gamma_similarity_niid_NNM_ARC_MultiKrum_nb_honest_clients_1
0_tolerated_f_equal_real.pdf  used on input line 350.
(pdftex.def)             Requested size: 245.17366pt x 183.88046pt.
 [10

 <./snn_simplest_plots/test_Optimal_ALittleIsEnough_mnist_cnn_mnist_snn_gamma_s
imilarity_niid_NNM_ARC_MultiKrum_nb_honest_clients_10_tolerated_f_equal_real.pd
f> <./snn_simplest_plots/test_Optimal_ALittleIsEnough_pos1_mnist_cnn_mnist_snn_
gamma_similarity_niid_NNM_ARC_MultiKrum_nb_honest_clients_10_tolerated_f_equal_
real.pdf> <./snn_simplest_plots/test_Optimal_ALittleIsEnough_neg1_mnist_cnn_mni
st_snn_gamma_similarity_niid_NNM_ARC_MultiKrum_nb_honest_clients_10_tolerated_f
_equal_real.pdf> <./snn_simplest_plots/test_Optimal_ALittleIsEnough_neg10_mnist
_cnn_mnist_snn_gamma_similarity_niid_NNM_ARC_MultiKrum_nb_honest_clients_10_tol
erated_f_equal_real.pdf>]
<cnn_simplest_plots/test_Optimal_ALittleIsEnough_mnist_cnn_mnist_gamma_similari
ty_niid_NNM_ARC_TrMean_nb_honest_clients_10_tolerated_f_equal_real.pdf, id=1767
, 462.52798pt x 346.89601pt>
File: cnn_simplest_plots/test_Optimal_ALittleIsEnough_mnist_cnn_mnist_gamma_sim
ilarity_niid_NNM_ARC_TrMean_nb_honest_clients_10_tolerated_f_equal_real.pdf Gra
phic file (type pdf)
<use cnn_simplest_plots/test_Optimal_ALittleIsEnough_mnist_cnn_mnist_gamma_simi
larity_niid_NNM_ARC_TrMean_nb_honest_clients_10_tolerated_f_equal_real.pdf>
Package pdftex.def Info: cnn_simplest_plots/test_Optimal_ALittleIsEnough_mnist_
cnn_mnist_gamma_similarity_niid_NNM_ARC_TrMean_nb_honest_clients_10_tolerated_f
_equal_real.pdf  used on input line 368.
(pdftex.def)             Requested size: 245.17366pt x 183.88046pt.
<cnn_simplest_plots/test_Optimal_ALittleIsEnough_pos1_mnist_cnn_mnist_gamma_sim
ilarity_niid_NNM_ARC_TrMean_nb_honest_clients_10_tolerated_f_equal_real.pdf, id
=1768, 462.52798pt x 346.89601pt>
File: cnn_simplest_plots/test_Optimal_ALittleIsEnough_pos1_mnist_cnn_mnist_gamm
a_similarity_niid_NNM_ARC_TrMean_nb_honest_clients_10_tolerated_f_equal_real.pd
f Graphic file (type pdf)
<use cnn_simplest_plots/test_Optimal_ALittleIsEnough_pos1_mnist_cnn_mnist_gamma
_similarity_niid_NNM_ARC_TrMean_nb_honest_clients_10_tolerated_f_equal_real.pdf
>
Package pdftex.def Info: cnn_simplest_plots/test_Optimal_ALittleIsEnough_pos1_m
nist_cnn_mnist_gamma_similarity_niid_NNM_ARC_TrMean_nb_honest_clients_10_tolera
ted_f_equal_real.pdf  used on input line 375.
(pdftex.def)             Requested size: 245.17366pt x 183.88046pt.
<cnn_simplest_plots/test_Optimal_ALittleIsEnough_neg1_mnist_cnn_mnist_gamma_sim
ilarity_niid_NNM_ARC_TrMean_nb_honest_clients_10_tolerated_f_equal_real.pdf, id
=1769, 462.52798pt x 346.89601pt>
File: cnn_simplest_plots/test_Optimal_ALittleIsEnough_neg1_mnist_cnn_mnist_gamm
a_similarity_niid_NNM_ARC_TrMean_nb_honest_clients_10_tolerated_f_equal_real.pd
f Graphic file (type pdf)
<use cnn_simplest_plots/test_Optimal_ALittleIsEnough_neg1_mnist_cnn_mnist_gamma
_similarity_niid_NNM_ARC_TrMean_nb_honest_clients_10_tolerated_f_equal_real.pdf
>
Package pdftex.def Info: cnn_simplest_plots/test_Optimal_ALittleIsEnough_neg1_m
nist_cnn_mnist_gamma_similarity_niid_NNM_ARC_TrMean_nb_honest_clients_10_tolera
ted_f_equal_real.pdf  used on input line 384.
(pdftex.def)             Requested size: 245.17366pt x 183.88046pt.
<cnn_simplest_plots/test_Optimal_ALittleIsEnough_neg10_mnist_cnn_mnist_gamma_si
milarity_niid_NNM_ARC_TrMean_nb_honest_clients_10_tolerated_f_equal_real.pdf, i
d=1770, 462.52798pt x 346.89601pt>
File: cnn_simplest_plots/test_Optimal_ALittleIsEnough_neg10_mnist_cnn_mnist_gam
ma_similarity_niid_NNM_ARC_TrMean_nb_honest_clients_10_tolerated_f_equal_real.p
df Graphic file (type pdf)
<use cnn_simplest_plots/test_Optimal_ALittleIsEnough_neg10_mnist_cnn_mnist_gamm
a_similarity_niid_NNM_ARC_TrMean_nb_honest_clients_10_tolerated_f_equal_real.pd
f>
Package pdftex.def Info: cnn_simplest_plots/test_Optimal_ALittleIsEnough_neg10_
mnist_cnn_mnist_gamma_similarity_niid_NNM_ARC_TrMean_nb_honest_clients_10_toler
ated_f_equal_real.pdf  used on input line 391.
(pdftex.def)             Requested size: 245.17366pt x 183.88046pt.

[11

 <./cnn_simplest_plots/test_Optimal_ALittleIsEnough_mnist_cnn_mnist_gamma_simil
arity_niid_NNM_ARC_TrMean_nb_honest_clients_10_tolerated_f_equal_real.pdf> <./c
nn_simplest_plots/test_Optimal_ALittleIsEnough_pos1_mnist_cnn_mnist_gamma_simil
arity_niid_NNM_ARC_TrMean_nb_honest_clients_10_tolerated_f_equal_real.pdf> <./c
nn_simplest_plots/test_Optimal_ALittleIsEnough_neg1_mnist_cnn_mnist_gamma_simil
arity_niid_NNM_ARC_TrMean_nb_honest_clients_10_tolerated_f_equal_real.pdf> <./c
nn_simplest_plots/test_Optimal_ALittleIsEnough_neg10_mnist_cnn_mnist_gamma_simi
larity_niid_NNM_ARC_TrMean_nb_honest_clients_10_tolerated_f_equal_real.pdf>]
<snn_simplest_plots/test_Optimal_ALittleIsEnough_mnist_cnn_mnist_snn_gamma_simi
larity_niid_NNM_ARC_TrMean_nb_honest_clients_10_tolerated_f_equal_real.pdf, id=
1976, 462.52798pt x 346.89601pt>
File: snn_simplest_plots/test_Optimal_ALittleIsEnough_mnist_cnn_mnist_snn_gamma
_similarity_niid_NNM_ARC_TrMean_nb_honest_clients_10_tolerated_f_equal_real.pdf
 Graphic file (type pdf)
<use snn_simplest_plots/test_Optimal_ALittleIsEnough_mnist_cnn_mnist_snn_gamma_
similarity_niid_NNM_ARC_TrMean_nb_honest_clients_10_tolerated_f_equal_real.pdf>

Package pdftex.def Info: snn_simplest_plots/test_Optimal_ALittleIsEnough_mnist_
cnn_mnist_snn_gamma_similarity_niid_NNM_ARC_TrMean_nb_honest_clients_10_tolerat
ed_f_equal_real.pdf  used on input line 406.
(pdftex.def)             Requested size: 245.17366pt x 183.88046pt.
<snn_simplest_plots/test_Optimal_ALittleIsEnough_pos1_mnist_cnn_mnist_snn_gamma
_similarity_niid_NNM_ARC_TrMean_nb_honest_clients_10_tolerated_f_equal_real.pdf
, id=1977, 462.52798pt x 346.89601pt>
File: snn_simplest_plots/test_Optimal_ALittleIsEnough_pos1_mnist_cnn_mnist_snn_
gamma_similarity_niid_NNM_ARC_TrMean_nb_honest_clients_10_tolerated_f_equal_rea
l.pdf Graphic file (type pdf)
<use snn_simplest_plots/test_Optimal_ALittleIsEnough_pos1_mnist_cnn_mnist_snn_g
amma_similarity_niid_NNM_ARC_TrMean_nb_honest_clients_10_tolerated_f_equal_real
.pdf>
Package pdftex.def Info: snn_simplest_plots/test_Optimal_ALittleIsEnough_pos1_m
nist_cnn_mnist_snn_gamma_similarity_niid_NNM_ARC_TrMean_nb_honest_clients_10_to
lerated_f_equal_real.pdf  used on input line 413.
(pdftex.def)             Requested size: 245.17366pt x 183.88046pt.
<snn_simplest_plots/test_Optimal_ALittleIsEnough_neg1_mnist_cnn_mnist_snn_gamma
_similarity_niid_NNM_ARC_TrMean_nb_honest_clients_10_tolerated_f_equal_real.pdf
, id=1978, 462.52798pt x 346.89601pt>
File: snn_simplest_plots/test_Optimal_ALittleIsEnough_neg1_mnist_cnn_mnist_snn_
gamma_similarity_niid_NNM_ARC_TrMean_nb_honest_clients_10_tolerated_f_equal_rea
l.pdf Graphic file (type pdf)
<use snn_simplest_plots/test_Optimal_ALittleIsEnough_neg1_mnist_cnn_mnist_snn_g
amma_similarity_niid_NNM_ARC_TrMean_nb_honest_clients_10_tolerated_f_equal_real
.pdf>
Package pdftex.def Info: snn_simplest_plots/test_Optimal_ALittleIsEnough_neg1_m
nist_cnn_mnist_snn_gamma_similarity_niid_NNM_ARC_TrMean_nb_honest_clients_10_to
lerated_f_equal_real.pdf  used on input line 422.
(pdftex.def)             Requested size: 245.17366pt x 183.88046pt.
<snn_simplest_plots/test_Optimal_ALittleIsEnough_neg10_mnist_cnn_mnist_snn_gamm
a_similarity_niid_NNM_ARC_TrMean_nb_honest_clients_10_tolerated_f_equal_real.pd
f, id=1979, 462.52798pt x 346.89601pt>
File: snn_simplest_plots/test_Optimal_ALittleIsEnough_neg10_mnist_cnn_mnist_snn
_gamma_similarity_niid_NNM_ARC_TrMean_nb_honest_clients_10_tolerated_f_equal_re
al.pdf Graphic file (type pdf)
<use snn_simplest_plots/test_Optimal_ALittleIsEnough_neg10_mnist_cnn_mnist_snn_
gamma_similarity_niid_NNM_ARC_TrMean_nb_honest_clients_10_tolerated_f_equal_rea
l.pdf>
Package pdftex.def Info: snn_simplest_plots/test_Optimal_ALittleIsEnough_neg10_
mnist_cnn_mnist_snn_gamma_similarity_niid_NNM_ARC_TrMean_nb_honest_clients_10_t
olerated_f_equal_real.pdf  used on input line 429.
(pdftex.def)             Requested size: 245.17366pt x 183.88046pt.
[12

 <./snn_simplest_plots/test_Optimal_ALittleIsEnough_mnist_cnn_mnist_snn_gamma_s
imilarity_niid_NNM_ARC_TrMean_nb_honest_clients_10_tolerated_f_equal_real.pdf> 
<./snn_simplest_plots/test_Optimal_ALittleIsEnough_pos1_mnist_cnn_mnist_snn_gam
ma_similarity_niid_NNM_ARC_TrMean_nb_honest_clients_10_tolerated_f_equal_real.p
df> <./snn_simplest_plots/test_Optimal_ALittleIsEnough_neg1_mnist_cnn_mnist_snn
_gamma_similarity_niid_NNM_ARC_TrMean_nb_honest_clients_10_tolerated_f_equal_re
al.pdf> <./snn_simplest_plots/test_Optimal_ALittleIsEnough_neg10_mnist_cnn_mnis
t_snn_gamma_similarity_niid_NNM_ARC_TrMean_nb_honest_clients_10_tolerated_f_equ
al_real.pdf>]
(C:\Users\7430\Desktop\SummerIntheLab\ByzFL_SNN\latex_plots\comparison_plots_al
ie_delta.aux)
 ***********
LaTeX2e <2026-06-01>
L3 programming layer <2026-05-26>
 ***********
Package rerunfilecheck Info: File `comparison_plots_alie_delta.out' has not cha
nged.
(rerunfilecheck)             Checksum: EFE9E5621B45888779CA3E038461C148;3350.
 ) 
Here is how much of TeX's memory you used:
 10865 strings out of 467509
 221234 string characters out of 5409266
 596814 words of memory out of 5000000
 39971 multiletter control sequences out of 15000+600000
 631696 words of font info for 53 fonts, out of 8000000 for 9000
 1141 hyphenation exceptions out of 8191
 74i,8n,79p,444b,587s stack positions out of 10000i,1000n,20000p,200000b,200000s
 <C:\Users\7430\AppData\Local\MiKTeX\fonts/pk/ljfour/jknappen/ec/dpi600\tcrm1
000.pk><C:/Users/7430/AppData/Local/Programs/MiKTeX/fonts/type1/public/amsfonts
/cm/cmbx10.pfb><C:/Users/7430/AppData/Local/Programs/MiKTeX/fonts/type1/public/
amsfonts/cm/cmbx12.pfb><C:/Users/7430/AppData/Local/Programs/MiKTeX/fonts/type1
/public/amsfonts/cm/cmmi10.pfb><C:/Users/7430/AppData/Local/Programs/MiKTeX/fon
ts/type1/public/amsfonts/cm/cmmi9.pfb><C:/Users/7430/AppData/Local/Programs/MiK
TeX/fonts/type1/public/amsfonts/cm/cmr10.pfb><C:/Users/7430/AppData/Local/Progr
ams/MiKTeX/fonts/type1/public/amsfonts/cm/cmr12.pfb><C:/Users/7430/AppData/Loca
l/Programs/MiKTeX/fonts/type1/public/amsfonts/cm/cmr17.pfb><C:/Users/7430/AppDa
ta/Local/Programs/MiKTeX/fonts/type1/public/amsfonts/cm/cmr9.pfb><C:/Users/7430
/AppData/Local/Programs/MiKTeX/fonts/type1/public/amsfonts/cm/cmsy10.pfb><C:/Us
ers/7430/AppData/Local/Programs/MiKTeX/fonts/type1/public/amsfonts/cm/cmsy9.pfb
>
Output written on C:\Users\7430\Desktop\SummerIntheLab\ByzFL_SNN\latex_plots\co
mparison_plots_alie_delta.pdf (12 pages, 922588 bytes).
PDF statistics:
 2241 PDF objects out of 2487 (max. 8388607)
 40 named destinations out of 1000 (max. 500000)
 329 words of extra memory for PDF output out of 10000 (max. 10000000)

